This is pdfTeX, Version 3.141592653-2.6-1.40.25 (TeX Live 2023) (preloaded format=pdflatex 2023.5.16)  25 JAN 2024 10:48
entering extended mode
 restricted \write18 enabled.
 %&-line parsing enabled.
**CSSR4Africa_Deliverable_D7.1.tex
(./CSSR4Africa_Deliverable_D7.1.tex
LaTeX2e <2022-11-01> patch level 1
L3 programming layer <2023-02-22> (./CSSRforAfrica.cls
Document Class: CSSRforAfrica 2023/06/28 v1.0 
 
CSSRforAfrica Deliverable Style 

(/usr/local/texlive/2023/texmf-dist/tex/latex/base/article.cls
Document Class: article 2022/07/02 v1.4n Standard LaTeX document class
(/usr/local/texlive/2023/texmf-dist/tex/latex/base/size11.clo
File: size11.clo 2022/07/02 v1.4n Standard LaTeX file (size option)
)
\c@part=\count185
\c@section=\count186
\c@subsection=\count187
\c@subsubsection=\count188
\c@paragraph=\count189
\c@subparagraph=\count190
\c@figure=\count191
\c@table=\count192
\abovecaptionskip=\skip48
\belowcaptionskip=\skip49
\bibindent=\dimen140
)
(/usr/local/texlive/2023/texmf-dist/tex/latex/psnfss/times.sty
Package: times 2020/03/25 PSNFSS-v9.3 (SPQR) 
)
(/usr/local/texlive/2023/texmf-dist/tex/latex/a4wide/a4wide.sty
Package: a4wide 1994/08/30

(/usr/local/texlive/2023/texmf-dist/tex/latex/ntgclass/a4.sty
Package: a4 2023/01/10 v1.2g A4 based page layout
))
(/usr/local/texlive/2023/texmf-dist/tex/latex/tools/array.sty
Package: array 2022/09/04 v2.5g Tabular extension package (FMi)
\col@sep=\dimen141
\ar@mcellbox=\box51
\extrarowheight=\dimen142
\NC@list=\toks16
\extratabsurround=\skip50
\backup@length=\skip51
\ar@cellbox=\box52
)
(/usr/local/texlive/2023/texmf-dist/tex/latex/graphics/graphicx.sty
Package: graphicx 2021/09/16 v1.2d Enhanced LaTeX Graphics (DPC,SPQR)

(/usr/local/texlive/2023/texmf-dist/tex/latex/graphics/keyval.sty
Package: keyval 2022/05/29 v1.15 key=value parser (DPC)
\KV@toks@=\toks17
)
(/usr/local/texlive/2023/texmf-dist/tex/latex/graphics/graphics.sty
Package: graphics 2022/03/10 v1.4e Standard LaTeX Graphics (DPC,SPQR)

(/usr/local/texlive/2023/texmf-dist/tex/latex/graphics/trig.sty
Package: trig 2021/08/11 v1.11 sin cos tan (DPC)
)
(/usr/local/texlive/2023/texmf-dist/tex/latex/graphics-cfg/graphics.cfg
File: graphics.cfg 2016/06/04 v1.11 sample graphics configuration
)
Package graphics Info: Driver file: dvips.def on input line 107.

(/usr/local/texlive/2023/texmf-dist/tex/latex/graphics-def/dvips.def
File: dvips.def 2022/09/22 v3.1e Graphics/color driver for dvips
))
\Gin@req@height=\dimen143
\Gin@req@width=\dimen144
)
(/usr/local/texlive/2023/texmf-dist/tex/latex/graphics/color.sty
Package: color 2022/01/06 v1.3d Standard LaTeX Color (DPC)

(/usr/local/texlive/2023/texmf-dist/tex/latex/graphics-cfg/color.cfg
File: color.cfg 2016/01/02 v1.6 sample color configuration
)
Package color Info: Driver file: pdftex.def on input line 149.

(/usr/local/texlive/2023/texmf-dist/tex/latex/graphics-def/pdftex.def
File: pdftex.def 2022/09/22 v1.2b Graphics/color driver for pdftex
)
(/usr/local/texlive/2023/texmf-dist/tex/latex/graphics/mathcolor.ltx))
(/usr/local/texlive/2023/texmf-dist/tex/generic/ulem/ulem.sty
\UL@box=\box53
\UL@hyphenbox=\box54
\UL@skip=\skip52
\UL@hook=\toks18
\UL@height=\dimen145
\UL@pe=\count193
\UL@pixel=\dimen146
\ULC@box=\box55
Package: ulem 2019/11/18
\ULdepth=\dimen147
)
(/usr/local/texlive/2023/texmf-dist/tex/latex/tools/calc.sty
Package: calc 2017/05/25 v4.3 Infix arithmetic (KKT,FJ)
\calc@Acount=\count194
\calc@Bcount=\count195
\calc@Adimen=\dimen148
\calc@Bdimen=\dimen149
\calc@Askip=\skip53
\calc@Bskip=\skip54
LaTeX Info: Redefining \setlength on input line 80.
LaTeX Info: Redefining \addtolength on input line 81.
\calc@Ccount=\count196
\calc@Cskip=\skip55
)
\headrulewidth=\dimen150
\footrulewidth=\dimen151
\plainheadrulewidth=\dimen152
\plainfootrulewidth=\dimen153
\headwidth=\dimen154
\footruleskip=\dimen155
\@sbpartners=\box56
\contrib=\box57
)
(/usr/local/texlive/2023/texmf-dist/tex/latex/hyperref/hyperref.sty
Package: hyperref 2023-02-07 v7.00v Hypertext links for LaTeX

(/usr/local/texlive/2023/texmf-dist/tex/generic/ltxcmds/ltxcmds.sty
Package: ltxcmds 2020-05-10 v1.25 LaTeX kernel commands for general use (HO)
)
(/usr/local/texlive/2023/texmf-dist/tex/generic/iftex/iftex.sty
Package: iftex 2022/02/03 v1.0f TeX engine tests
)
(/usr/local/texlive/2023/texmf-dist/tex/generic/pdftexcmds/pdftexcmds.sty
Package: pdftexcmds 2020-06-27 v0.33 Utility functions of pdfTeX for LuaTeX (HO
)

(/usr/local/texlive/2023/texmf-dist/tex/generic/infwarerr/infwarerr.sty
Package: infwarerr 2019/12/03 v1.5 Providing info/warning/error messages (HO)
)
Package pdftexcmds Info: \pdf@primitive is available.
Package pdftexcmds Info: \pdf@ifprimitive is available.
Package pdftexcmds Info: \pdfdraftmode found.
)
(/usr/local/texlive/2023/texmf-dist/tex/latex/kvsetkeys/kvsetkeys.sty
Package: kvsetkeys 2022-10-05 v1.19 Key value parser (HO)
)
(/usr/local/texlive/2023/texmf-dist/tex/generic/kvdefinekeys/kvdefinekeys.sty
Package: kvdefinekeys 2019-12-19 v1.6 Define keys (HO)
)
(/usr/local/texlive/2023/texmf-dist/tex/generic/pdfescape/pdfescape.sty
Package: pdfescape 2019/12/09 v1.15 Implements pdfTeX's escape features (HO)
)
(/usr/local/texlive/2023/texmf-dist/tex/latex/hycolor/hycolor.sty
Package: hycolor 2020-01-27 v1.10 Color options for hyperref/bookmark (HO)
)
(/usr/local/texlive/2023/texmf-dist/tex/latex/letltxmacro/letltxmacro.sty
Package: letltxmacro 2019/12/03 v1.6 Let assignment for LaTeX macros (HO)
)
(/usr/local/texlive/2023/texmf-dist/tex/latex/auxhook/auxhook.sty
Package: auxhook 2019-12-17 v1.6 Hooks for auxiliary files (HO)
)
(/usr/local/texlive/2023/texmf-dist/tex/latex/hyperref/nameref.sty
Package: nameref 2022-05-17 v2.50 Cross-referencing by name of section

(/usr/local/texlive/2023/texmf-dist/tex/latex/refcount/refcount.sty
Package: refcount 2019/12/15 v3.6 Data extraction from label references (HO)
)
(/usr/local/texlive/2023/texmf-dist/tex/generic/gettitlestring/gettitlestring.s
ty
Package: gettitlestring 2019/12/15 v1.6 Cleanup title references (HO)
 (/usr/local/texlive/2023/texmf-dist/tex/latex/kvoptions/kvoptions.sty
Package: kvoptions 2022-06-15 v3.15 Key value format for package options (HO)
))
\c@section@level=\count197
)
\@linkdim=\dimen156
\Hy@linkcounter=\count198
\Hy@pagecounter=\count199

(/usr/local/texlive/2023/texmf-dist/tex/latex/hyperref/pd1enc.def
File: pd1enc.def 2023-02-07 v7.00v Hyperref: PDFDocEncoding definition (HO)
Now handling font encoding PD1 ...
... no UTF-8 mapping file for font encoding PD1
)
(/usr/local/texlive/2023/texmf-dist/tex/generic/intcalc/intcalc.sty
Package: intcalc 2019/12/15 v1.3 Expandable calculations with integers (HO)
)
(/usr/local/texlive/2023/texmf-dist/tex/generic/etexcmds/etexcmds.sty
Package: etexcmds 2019/12/15 v1.7 Avoid name clashes with e-TeX commands (HO)
)
\Hy@SavedSpaceFactor=\count266

(/usr/local/texlive/2023/texmf-dist/tex/latex/hyperref/puenc.def
File: puenc.def 2023-02-07 v7.00v Hyperref: PDF Unicode definition (HO)
Now handling font encoding PU ...
... no UTF-8 mapping file for font encoding PU
)
Package hyperref Info: Option `colorlinks' set `false' on input line 4060.
Package hyperref Info: Hyper figures OFF on input line 4177.
Package hyperref Info: Link nesting OFF on input line 4182.
Package hyperref Info: Hyper index ON on input line 4185.
Package hyperref Info: Plain pages OFF on input line 4192.
Package hyperref Info: Backreferencing OFF on input line 4197.
Package hyperref Info: Implicit mode ON; LaTeX internals redefined.
Package hyperref Info: Bookmarks ON on input line 4425.
\c@Hy@tempcnt=\count267

(/usr/local/texlive/2023/texmf-dist/tex/latex/url/url.sty
\Urlmuskip=\muskip16
Package: url 2013/09/16  ver 3.4  Verb mode for urls, etc.
)
LaTeX Info: Redefining \url on input line 4763.
\XeTeXLinkMargin=\dimen157

(/usr/local/texlive/2023/texmf-dist/tex/generic/bitset/bitset.sty
Package: bitset 2019/12/09 v1.3 Handle bit-vector datatype (HO)

(/usr/local/texlive/2023/texmf-dist/tex/generic/bigintcalc/bigintcalc.sty
Package: bigintcalc 2019/12/15 v1.5 Expandable calculations on big integers (HO
)
))
\Fld@menulength=\count268
\Field@Width=\dimen158
\Fld@charsize=\dimen159
Package hyperref Info: Hyper figures OFF on input line 6042.
Package hyperref Info: Link nesting OFF on input line 6047.
Package hyperref Info: Hyper index ON on input line 6050.
Package hyperref Info: backreferencing OFF on input line 6057.
Package hyperref Info: Link coloring OFF on input line 6062.
Package hyperref Info: Link coloring with OCG OFF on input line 6067.
Package hyperref Info: PDF/A mode OFF on input line 6072.

(/usr/local/texlive/2023/texmf-dist/tex/latex/base/atbegshi-ltx.sty
Package: atbegshi-ltx 2021/01/10 v1.0c Emulation of the original atbegshi
package with kernel methods
)
\Hy@abspage=\count269
\c@Item=\count270
\c@Hfootnote=\count271
)
Package hyperref Info: Driver (autodetected): hpdftex.

(/usr/local/texlive/2023/texmf-dist/tex/latex/hyperref/hpdftex.def
File: hpdftex.def 2023-02-07 v7.00v Hyperref driver for pdfTeX

(/usr/local/texlive/2023/texmf-dist/tex/latex/base/atveryend-ltx.sty
Package: atveryend-ltx 2020/08/19 v1.0a Emulation of the original atveryend pac
kage
with kernel methods
)
\Fld@listcount=\count272
\c@bookmark@seq@number=\count273

(/usr/local/texlive/2023/texmf-dist/tex/latex/rerunfilecheck/rerunfilecheck.sty
Package: rerunfilecheck 2022-07-10 v1.10 Rerun checks for auxiliary files (HO)

(/usr/local/texlive/2023/texmf-dist/tex/generic/uniquecounter/uniquecounter.sty
Package: uniquecounter 2019/12/15 v1.4 Provide unlimited unique counter (HO)
)
Package uniquecounter Info: New unique counter `rerunfilecheck' on input line 2
85.
)
\Hy@SectionHShift=\skip56
) (/usr/local/texlive/2023/texmf-dist/tex/latex/appendix/appendix.sty
Package: appendix 2020/02/08 v1.2c extra appendix facilities
\c@@pps=\count274
\c@@ppsavesec=\count275
\c@@ppsaveapp=\count276
)
(/usr/local/texlive/2023/texmf-dist/tex/latex/base/latexsym.sty
Package: latexsym 1998/08/17 v2.2e Standard LaTeX package (lasy symbols)
\symlasy=\mathgroup4
LaTeX Font Info:    Overwriting symbol font `lasy' in version `bold'
(Font)                  U/lasy/m/n --> U/lasy/b/n on input line 52.
)
(/usr/local/texlive/2023/texmf-dist/tex/generic/dirtree/dirtree.sty
Package: dirtree 2012/12/11 v0.32 package wrapper for dirtree

(/usr/local/texlive/2023/texmf-dist/tex/generic/dirtree/dirtree.tex
`dirtree' v0.32, 2012/12/11 (jcc)
\DT@offset=\dimen160
\DT@width=\dimen161
\DT@sep=\dimen162
\DT@all=\dimen163
\DT@rulewidth=\dimen164
\DT@dotwidth=\dimen165
\DTbaselineskip=\dimen166
\DT@counti=\count277
\DT@countii=\count278
\DT@countiii=\count279
\DT@countiv=\count280
\DT@indent=\dimen167
\DT@parskip=\dimen168
\DT@baselineskip=\dimen169
)
File: dirtree.tex 2012/12/11 v0.32 `dirtree' (jcc)
)
(/usr/local/texlive/2023/texmf-dist/tex/latex/listings/listings.sty
\lst@mode=\count281
\lst@gtempboxa=\box58
\lst@token=\toks19
\lst@length=\count282
\lst@currlwidth=\dimen170
\lst@column=\count283
\lst@pos=\count284
\lst@lostspace=\dimen171
\lst@width=\dimen172
\lst@newlines=\count285
\lst@lineno=\count286
\lst@maxwidth=\dimen173

(/usr/local/texlive/2023/texmf-dist/tex/latex/listings/lstmisc.sty
File: lstmisc.sty 2023/02/27 1.9 (Carsten Heinz)
\c@lstnumber=\count287
\lst@skipnumbers=\count288
\lst@framebox=\box59
)
(/usr/local/texlive/2023/texmf-dist/tex/latex/listings/listings.cfg
File: listings.cfg 2023/02/27 1.9 listings configuration
))
Package: listings 2023/02/27 1.9 (Carsten Heinz)

(/usr/local/texlive/2023/texmf-dist/tex/latex/caption/subcaption.sty
Package: subcaption 2023/02/19 v1.6 Sub-captions (AR)

(/usr/local/texlive/2023/texmf-dist/tex/latex/caption/caption.sty
Package: caption 2023/03/12 v3.6j Customizing captions (AR)

(/usr/local/texlive/2023/texmf-dist/tex/latex/caption/caption3.sty
Package: caption3 2023/03/12 v2.4 caption3 kernel (AR)
\caption@tempdima=\dimen174
\captionmargin=\dimen175
\caption@leftmargin=\dimen176
\caption@rightmargin=\dimen177
\caption@width=\dimen178
\caption@indent=\dimen179
\caption@parindent=\dimen180
\caption@hangindent=\dimen181
Package caption Info: Standard document class detected.
)
\c@caption@flags=\count289
\c@continuedfloat=\count290
Package caption Info: hyperref package is loaded.
Package caption Info: listings package is loaded.
)
Package caption Info: New subtype `subfigure' on input line 239.
\c@subfigure=\count291
Package caption Info: New subtype `subtable' on input line 239.
\c@subtable=\count292
)
(/usr/local/texlive/2023/texmf-dist/tex/latex/xcolor/xcolor.sty
Package: xcolor 2022/06/12 v2.14 LaTeX color extensions (UK)

(/usr/local/texlive/2023/texmf-dist/tex/latex/graphics-cfg/color.cfg
File: color.cfg 2016/01/02 v1.6 sample color configuration
)
Package xcolor Info: Driver file: pdftex.def on input line 227.
LaTeX Info: Redefining \color on input line 711.

(/usr/local/texlive/2023/texmf-dist/tex/latex/graphics/mathcolor.ltx)
Package xcolor Info: Model `cmy' substituted by `cmy0' on input line 1353.
Package xcolor Info: Model `RGB' extended on input line 1369.
Package xcolor Info: Model `HTML' substituted by `rgb' on input line 1371.
Package xcolor Info: Model `Hsb' substituted by `hsb' on input line 1372.
Package xcolor Info: Model `tHsb' substituted by `hsb' on input line 1373.
Package xcolor Info: Model `HSB' substituted by `hsb' on input line 1374.
Package xcolor Info: Model `Gray' substituted by `gray' on input line 1375.
Package xcolor Info: Model `wave' substituted by `hsb' on input line 1376.
)
LaTeX Font Info:    Trying to load font information for OT1+ptm on input line 6
6.

(/usr/local/texlive/2023/texmf-dist/tex/latex/psnfss/ot1ptm.fd
File: ot1ptm.fd 2001/06/04 font definitions for OT1/ptm.
)
(/usr/local/texlive/2023/texmf-dist/tex/latex/l3backend/l3backend-pdftex.def
File: l3backend-pdftex.def 2023-01-16 L3 backend support: PDF output (pdfTeX)
\l__color_backend_stack_int=\count293
\l__pdf_internal_box=\box60
)
(./CSSR4Africa_Deliverable_D7.1.aux)
\openout1 = `CSSR4Africa_Deliverable_D7.1.aux'.

LaTeX Font Info:    Checking defaults for OML/cmm/m/it on input line 66.
LaTeX Font Info:    ... okay on input line 66.
LaTeX Font Info:    Checking defaults for OMS/cmsy/m/n on input line 66.
LaTeX Font Info:    ... okay on input line 66.
LaTeX Font Info:    Checking defaults for OT1/cmr/m/n on input line 66.
LaTeX Font Info:    ... okay on input line 66.
LaTeX Font Info:    Checking defaults for T1/cmr/m/n on input line 66.
LaTeX Font Info:    ... okay on input line 66.
LaTeX Font Info:    Checking defaults for TS1/cmr/m/n on input line 66.
LaTeX Font Info:    ... okay on input line 66.
LaTeX Font Info:    Checking defaults for OMX/cmex/m/n on input line 66.
LaTeX Font Info:    ... okay on input line 66.
LaTeX Font Info:    Checking defaults for U/cmr/m/n on input line 66.
LaTeX Font Info:    ... okay on input line 66.
LaTeX Font Info:    Checking defaults for PD1/pdf/m/n on input line 66.
LaTeX Font Info:    ... okay on input line 66.
LaTeX Font Info:    Checking defaults for PU/pdf/m/n on input line 66.
LaTeX Font Info:    ... okay on input line 66.

(/usr/local/texlive/2023/texmf-dist/tex/context/base/mkii/supp-pdf.mkii
[Loading MPS to PDF converter (version 2006.09.02).]
\scratchcounter=\count294
\scratchdimen=\dimen182
\scratchbox=\box61
\nofMPsegments=\count295
\nofMParguments=\count296
\everyMPshowfont=\toks20
\MPscratchCnt=\count297
\MPscratchDim=\dimen183
\MPnumerator=\count298
\makeMPintoPDFobject=\count299
\everyMPtoPDFconversion=\toks21
) (/usr/local/texlive/2023/texmf-dist/tex/latex/epstopdf-pkg/epstopdf-base.sty
Package: epstopdf-base 2020-01-24 v2.11 Base part for package epstopdf
Package epstopdf-base Info: Redefining graphics rule for `.eps' on input line 4
85.

(/usr/local/texlive/2023/texmf-dist/tex/latex/latexconfig/epstopdf-sys.cfg
File: epstopdf-sys.cfg 2010/07/13 v1.3 Configuration of (r)epstopdf for TeX Liv
e
))
Package hyperref Info: Link coloring OFF on input line 66.

(./CSSR4Africa_Deliverable_D7.1.out) (./CSSR4Africa_Deliverable_D7.1.out)
\@outlinefile=\write3
\openout3 = `CSSR4Africa_Deliverable_D7.1.out'.

\c@lstlisting=\count300
Package caption Info: Begin \AtBeginDocument code.
Package caption Info: End \AtBeginDocument code.

(/usr/local/texlive/2023/texmf-dist/tex/generic/epsf/epsf.tex
This is `epsf.tex' v2.7.4 <14 February 2011>
\epsffilein=\read2
\epsfframemargin=\dimen184
\epsfframethickness=\dimen185
\epsfrsize=\dimen186
\epsftmp=\dimen187
\epsftsize=\dimen188
\epsfxsize=\dimen189
\epsfysize=\dimen190
\pspoints=\dimen191
)
<CSSRforAfrica_logo_red.pdf, id=63, 487.7245pt x 117.52507pt>
File: CSSRforAfrica_logo_red.pdf Graphic file (type pdf)
<use CSSRforAfrica_logo_red.pdf>
Package pdftex.def Info: CSSRforAfrica_logo_red.pdf  used on input line 93.
(pdftex.def)             Requested size: 99.58464pt x 23.99594pt.
LaTeX Font Info:    Trying to load font information for OT1+phv on input line 9
3.
 (/usr/local/texlive/2023/texmf-dist/tex/latex/psnfss/ot1phv.fd
File: ot1phv.fd 2020/03/25 scalable font definitions for OT1/phv.
)
LaTeX Font Info:    External font `cmex10' loaded for size
(Font)              <10.95> on input line 93.
LaTeX Font Info:    External font `cmex10' loaded for size
(Font)              <8> on input line 93.
LaTeX Font Info:    External font `cmex10' loaded for size
(Font)              <6> on input line 93.
LaTeX Font Info:    Trying to load font information for U+lasy on input line 93
.

(/usr/local/texlive/2023/texmf-dist/tex/latex/base/ulasy.fd
File: ulasy.fd 1998/08/17 v2.2e LaTeX symbol font definitions
)
LaTeX Font Info:    External font `cmex10' loaded for size
(Font)              <12> on input line 93.
 [1
Non-PDF special ignored!
<special> papersize=597.50787pt,845.04684pt

{/usr/local/texlive/2023/texmf-var/fonts/map/pdftex/updmap/pdftex.map}{/usr/loc
al/texlive/2023/texmf-dist/fonts/enc/dvips/base/8r.enc} <./CSSRforAfrica_logo_r
ed.pdf>]
LaTeX Font Info:    Trying to load font information for OT1+pcr on input line 1
05.
 (/usr/local/texlive/2023/texmf-dist/tex/latex/psnfss/ot1pcr.fd
File: ot1pcr.fd 2001/06/04 font definitions for OT1/pcr.
)
LaTeX Font Info:    External font `cmex10' loaded for size
(Font)              <7> on input line 105.
LaTeX Font Info:    External font `cmex10' loaded for size
(Font)              <5> on input line 105.
<CSSRforAfrica_logo_grey.pdf, id=80, 487.63818pt x 125.159pt>
File: CSSRforAfrica_logo_grey.pdf Graphic file (type pdf)
<use CSSRforAfrica_logo_grey.pdf>
Package pdftex.def Info: CSSRforAfrica_logo_grey.pdf  used on input line 108.
(pdftex.def)             Requested size: 71.13188pt x 18.25548pt.
LaTeX Font Info:    External font `cmex10' loaded for size
(Font)              <9> on input line 108.


Package xcolor Warning: Incompatible color definition on input line 108.

LaTeX Font Info:    Calculating math sizes for size <14> on input line 108.
LaTeX Font Info:    External font `cmex10' loaded for size
(Font)              <14> on input line 108.
LaTeX Font Info:    External font `cmex10' loaded for size
(Font)              <9.79996> on input line 108.

Overfull \vbox (11.7075pt too high) has occurred while \output is active []



Package xcolor Warning: Incompatible color definition on input line 108.

[2 <./CSSRforAfrica_logo_grey.pdf>] (./CSSR4Africa_Deliverable_D7.1.toc)
\tf@toc=\write4
\openout4 = `CSSR4Africa_Deliverable_D7.1.toc'.

File: CSSRforAfrica_logo_grey.pdf Graphic file (type pdf)
<use CSSRforAfrica_logo_grey.pdf>
Package pdftex.def Info: CSSRforAfrica_logo_grey.pdf  used on input line 116.
(pdftex.def)             Requested size: 71.13188pt x 18.25548pt.


Package xcolor Warning: Incompatible color definition on input line 116.


Overfull \vbox (11.7075pt too high) has occurred while \output is active []



Package xcolor Warning: Incompatible color definition on input line 116.

[3]
<./images/CSSR4Africa_website.png, id=119, 1341.01pt x 758.835pt>
File: ./images/CSSR4Africa_website.png Graphic file (type png)
<use ./images/CSSR4Africa_website.png>
Package pdftex.def Info: ./images/CSSR4Africa_website.png  used on input line 1
40.
(pdftex.def)             Requested size: 398.33858pt x 225.40596pt.
File: CSSRforAfrica_logo_grey.pdf Graphic file (type pdf)
<use CSSRforAfrica_logo_grey.pdf>
Package pdftex.def Info: CSSRforAfrica_logo_grey.pdf  used on input line 150.
(pdftex.def)             Requested size: 71.13188pt x 18.25548pt.


Package xcolor Warning: Incompatible color definition on input line 150.


Overfull \vbox (11.7075pt too high) has occurred while \output is active []



Package xcolor Warning: Incompatible color definition on input line 150.

[4 <./images/CSSR4Africa_website.png>]
Overfull \hbox (10.06863pt too wide) in paragraph at lines 171--172
[]\OT1/ptm/m/n/10.95 This page lists all the pa-pers that have been pub-lished 
in con-nec-tion with the CSSR4Africa
 []

File: CSSRforAfrica_logo_grey.pdf Graphic file (type pdf)
<use CSSRforAfrica_logo_grey.pdf>
Package pdftex.def Info: CSSRforAfrica_logo_grey.pdf  used on input line 230.
(pdftex.def)             Requested size: 71.13188pt x 18.25548pt.

Package xcolor Warning: Incompatible color definition on input line 230.


Overfull \vbox (11.7075pt too high) has occurred while \output is active []



Package xcolor Warning: Incompatible color definition on input line 230.

[5]
Overfull \hbox (0.1306pt too wide) in paragraph at lines 232--233
[]\OT1/ptm/m/n/10.95 The \OT1/pcr/m/n/10 references \OT1/ptm/m/n/10.95 di-rec-t
ory con-tains copies of key pa-pers in the area of cul-tur-ally sen-si-tive rob
otics
 []


Overfull \hbox (5.85258pt too wide) in paragraph at lines 232--233
\OT1/ptm/m/n/10.95 that are not pub-licly avail-able. This ma-te-rial is linked
 from the CSSR4Africa wiki, not the CSSR4Africa
 []

File: CSSRforAfrica_logo_grey.pdf Graphic file (type pdf)
<use CSSRforAfrica_logo_grey.pdf>
Package pdftex.def Info: CSSRforAfrica_logo_grey.pdf  used on input line 247.
(pdftex.def)             Requested size: 71.13188pt x 18.25548pt.

Package xcolor Warning: Incompatible color definition on input line 247.


Overfull \vbox (11.7075pt too high) has occurred while \output is active []



Package xcolor Warning: Incompatible color definition on input line 247.

[6] (/usr/local/texlive/2023/texmf-dist/tex/latex/listings/lstlang1.sty
File: lstlang1.sty 2023/02/27 1.9 listings language file
)
(/usr/local/texlive/2023/texmf-dist/tex/latex/listings/lstlang1.sty
File: lstlang1.sty 2023/02/27 1.9 listings language file
)
File: CSSRforAfrica_logo_grey.pdf Graphic file (type pdf)
<use CSSRforAfrica_logo_grey.pdf>
Package pdftex.def Info: CSSRforAfrica_logo_grey.pdf  used on input line 269.
(pdftex.def)             Requested size: 71.13188pt x 18.25548pt.


Package xcolor Warning: Incompatible color definition on input line 269.


Overfull \vbox (11.7075pt too high) has occurred while \output is active []



Package xcolor Warning: Incompatible color definition on input line 269.

[7]
<./images/CSSR4Africa_wiki.png, id=162, 1656.1875pt x 877.2775pt>
File: ./images/CSSR4Africa_wiki.png Graphic file (type png)
<use ./images/CSSR4Africa_wiki.png>
Package pdftex.def Info: ./images/CSSR4Africa_wiki.png  used on input line 286.

(pdftex.def)             Requested size: 455.24408pt x 241.13828pt.

Overfull \hbox (12.59033pt too wide) in paragraph at lines 286--287
 [] 
 []

File: CSSRforAfrica_logo_grey.pdf Graphic file (type pdf)
<use CSSRforAfrica_logo_grey.pdf>
Package pdftex.def Info: CSSRforAfrica_logo_grey.pdf  used on input line 318.
(pdftex.def)             Requested size: 71.13188pt x 18.25548pt.

Package xcolor Warning: Incompatible color definition on input line 318.


Overfull \vbox (11.7075pt too high) has occurred while \output is active []



Package xcolor Warning: Incompatible color definition on input line 318.

[8 <./images/CSSR4Africa_wiki.png>]
File: CSSRforAfrica_logo_grey.pdf Graphic file (type pdf)
<use CSSRforAfrica_logo_grey.pdf>
Package pdftex.def Info: CSSRforAfrica_logo_grey.pdf  used on input line 324.
(pdftex.def)             Requested size: 71.13188pt x 18.25548pt.


Package xcolor Warning: Incompatible color definition on input line 324.


Overfull \vbox (11.7075pt too high) has occurred while \output is active []



Package xcolor Warning: Incompatible color definition on input line 324.

[9]
No file CSSR4Africa_Deliverable_D7.1.bbl.

Underfull \hbox (badness 10000) in paragraph at lines 337--343

 []


Underfull \hbox (badness 10000) in paragraph at lines 337--343

 []

File: CSSRforAfrica_logo_grey.pdf Graphic file (type pdf)
<use CSSRforAfrica_logo_grey.pdf>
Package pdftex.def Info: CSSRforAfrica_logo_grey.pdf  used on input line 346.
(pdftex.def)             Requested size: 71.13188pt x 18.25548pt.

Package xcolor Warning: Incompatible color definition on input line 346.


Overfull \vbox (11.7075pt too high) has occurred while \output is active []



Package xcolor Warning: Incompatible color definition on input line 346.

[10]
File: CSSRforAfrica_logo_grey.pdf Graphic file (type pdf)
<use CSSRforAfrica_logo_grey.pdf>
Package pdftex.def Info: CSSRforAfrica_logo_grey.pdf  used on input line 366.
(pdftex.def)             Requested size: 71.13188pt x 18.25548pt.


Package xcolor Warning: Incompatible color definition on input line 366.


Overfull \vbox (11.7075pt too high) has occurred while \output is active []



Package xcolor Warning: Incompatible color definition on input line 366.

[11] (./CSSR4Africa_Deliverable_D7.1.aux)
Package rerunfilecheck Info: File `CSSR4Africa_Deliverable_D7.1.out' has not ch
anged.
(rerunfilecheck)             Checksum: B8B72C4ADCF3C9ACDB57D7FA1A6EFB44;2312.
 ) 
Here is how much of TeX's memory you used:
 12908 strings out of 476025
 206197 string characters out of 5790017
 1947388 words of memory out of 5000000
 33106 multiletter control sequences out of 15000+600000
 551468 words of font info for 106 fonts, out of 8000000 for 9000
 1141 hyphenation exceptions out of 8191
 75i,18n,77p,604b,1272s stack positions out of 10000i,1000n,20000p,200000b,200000s
</usr/local/texlive/2023/texmf-dist/fonts/type1/urw/courier/ucrr8a.pfb></usr/
local/texlive/2023/texmf-dist/fonts/type1/urw/helvetic/uhvb8a.pfb></usr/local/t
exlive/2023/texmf-dist/fonts/type1/urw/helvetic/uhvr8a.pfb></usr/local/texlive/
2023/texmf-dist/fonts/type1/urw/times/utmb8a.pfb></usr/local/texlive/2023/texmf
-dist/fonts/type1/urw/times/utmr8a.pfb>
Output written on CSSR4Africa_Deliverable_D7.1.pdf (11 pages, 1091007 bytes).
PDF statistics:
 224 PDF objects out of 1000 (max. 8388607)
 187 compressed objects within 2 object streams
 46 named destinations out of 1000 (max. 500000)
 141 words of extra memory for PDF output out of 10000 (max. 10000000)

