\BOOKMARK [1][-]{section.1}{\376\377\000I\000n\000t\000r\000o\000d\000u\000c\000t\000i\000o\000n}{}% 1
\BOOKMARK [1][-]{section.2}{\376\377\000R\000e\000q\000u\000i\000r\000e\000m\000e\000n\000t\000s\000\040\000D\000e\000f\000i\000n\000i\000t\000i\000o\000n}{}% 2
\BOOKMARK [1][-]{section.3}{\376\377\000M\000o\000d\000u\000l\000e\000\040\000S\000p\000e\000c\000i\000f\000i\000c\000a\000t\000i\000o\000n}{}% 3
\BOOKMARK [1][-]{section.4}{\376\377\000I\000n\000t\000e\000r\000f\000a\000c\000e\000\040\000D\000e\000s\000i\000g\000n}{}% 4
\BOOKMARK [2][-]{subsection.4.1}{\376\377\000S\000o\000u\000r\000c\000e\000\040\000C\000o\000d\000e}{section.4}% 5
\BOOKMARK [2][-]{subsection.4.2}{\376\377\000C\000o\000n\000f\000i\000g\000u\000r\000a\000t\000i\000o\000n\000\040\000F\000i\000l\000e\000s}{section.4}% 6
\BOOKMARK [2][-]{subsection.4.3}{\376\377\000D\000a\000t\000a\000\040\000F\000i\000l\000e\000s}{section.4}% 7
\BOOKMARK [2][-]{subsection.4.4}{\376\377\000T\000o\000p\000i\000c\000s\000\040\000S\000u\000b\000s\000c\000r\000i\000b\000i\000n\000g\000\040\000T\000o}{section.4}% 8
\BOOKMARK [2][-]{subsection.4.5}{\376\377\000T\000o\000p\000i\000c\000s\000\040\000P\000u\000b\000l\000i\000s\000h\000i\000n\000g\000\040\000T\000o}{section.4}% 9
\BOOKMARK [2][-]{subsection.4.6}{\376\377\000S\000e\000r\000v\000i\000c\000e\000s\000\040\000S\000u\000p\000p\000o\000r\000t\000e\000d}{section.4}% 10
\BOOKMARK [1][-]{section.5}{\376\377\000M\000o\000d\000u\000l\000e\000\040\000D\000e\000s\000i\000g\000n}{}% 11
\BOOKMARK [2][-]{subsection.5.1}{\376\377\000M\000o\000d\000e\000l\000\040\000A\000r\000c\000h\000i\000t\000e\000c\000t\000u\000r\000e}{section.5}% 12
\BOOKMARK [3][-]{subsubsection.5.1.1}{\376\377\000P\000r\000e\000p\000r\000o\000c\000e\000s\000s\000o\000r}{subsection.5.1}% 13
\BOOKMARK [3][-]{subsubsection.5.1.2}{\376\377\000E\000n\000c\000o\000d\000e\000r\000\040\000A\000r\000c\000h\000i\000t\000e\000c\000t\000u\000r\000e}{subsection.5.1}% 14
\BOOKMARK [3][-]{subsubsection.5.1.3}{\376\377\000D\000e\000c\000o\000d\000e\000r\000/\000P\000r\000e\000d\000i\000c\000t\000o\000r\000\040\000A\000r\000c\000h\000i\000t\000e\000c\000t\000u\000r\000e}{subsection.5.1}% 15
\BOOKMARK [3][-]{subsubsection.5.1.4}{\376\377\000J\000o\000i\000n\000t\000\040\000N\000e\000t\000w\000o\000r\000k\000\040\000A\000r\000c\000h\000i\000t\000e\000c\000t\000u\000r\000e}{subsection.5.1}% 16
\BOOKMARK [3][-]{subsubsection.5.1.5}{\376\377\000C\000o\000m\000b\000i\000n\000e\000d\000\040\000M\000o\000d\000e\000l\000\040\000A\000r\000c\000h\000i\000t\000e\000c\000t\000u\000r\000e}{subsection.5.1}% 17
\BOOKMARK [1][-]{section.6}{\376\377\000T\000e\000s\000t\000i\000n\000g}{}% 18
\BOOKMARK [1][-]{section.7}{\376\377\000U\000s\000e\000r\000\040\000M\000a\000n\000u\000a\000l}{}% 19
\BOOKMARK [2][-]{subsection.7.1}{\376\377\000I\000n\000s\000t\000a\000l\000l\000a\000t\000i\000o\000n}{section.7}% 20
\BOOKMARK [2][-]{subsection.7.2}{\376\377\000U\000s\000a\000g\000e}{section.7}% 21
\BOOKMARK [2][-]{subsection.7.3}{\376\377\000D\000r\000i\000v\000e\000r\000\040\000R\000O\000S\000\040\000N\000o\000d\000e}{section.7}% 22
\BOOKMARK [1][-]{section*.3}{\376\377\000R\000e\000f\000e\000r\000e\000n\000c\000e\000s}{}% 23
\BOOKMARK [1][-]{section*.4}{\376\377\000P\000r\000i\000n\000c\000i\000p\000a\000l\000\040\000C\000o\000n\000t\000r\000i\000b\000u\000t\000o\000r\000s}{}% 24
\BOOKMARK [1][-]{section*.5}{\376\377\000D\000o\000c\000u\000m\000e\000n\000t\000\040\000H\000i\000s\000t\000o\000r\000y}{}% 25
