This is pdfTeX, Version 3.141592653-2.6-1.40.26 (MiKTeX 24.4) (preloaded format=pdflatex 2024.12.23)  25 JUN 2025 21:52
entering extended mode
 restricted \write18 enabled.
 file:line:error style messages enabled.
 %&-line parsing enabled.
**"c:/Users/yohat/Desktop/Pepper Related/Deliverables/Deliverables/D5.4.2 Robot Mission Language/CSSR4Africa_Deliverable_D5.4.2.tex"
(c:/Users/yohat/Desktop/Pepper Related/Deliverables/Deliverables/D5.4.2 Robot Mission Language/CSSR4Africa_Deliverable_D5.4.2.tex
LaTeX2e <2024-11-01> patch level 1
L3 programming layer <2024-11-02>
(CSSRforAfrica.cls
Document Class: CSSRforAfrica 2023/06/28 v1.0 
 
CSSRforAfrica Deliverable Style 

(C:\Users\yohat\AppData\Local\Programs\MiKTeX\tex/latex/base\article.cls
Document Class: article 2024/06/29 v1.4n Standard LaTeX document class
(C:\Users\yohat\AppData\Local\Programs\MiKTeX\tex/latex/base\size11.clo
File: size11.clo 2024/06/29 v1.4n Standard LaTeX file (size option)
)
\c@part=\count196
\c@section=\count197
\c@subsection=\count198
\c@subsubsection=\count199
\c@paragraph=\count266
\c@subparagraph=\count267
\c@figure=\count268
\c@table=\count269
\abovecaptionskip=\skip49
\belowcaptionskip=\skip50
\bibindent=\dimen141
) (C:\Users\yohat\AppData\Local\Programs\MiKTeX\tex/latex/psnfss\times.sty
Package: times 2020/03/25 PSNFSS-v9.3 (SPQR) 
) (C:\Users\yohat\AppData\Local\Programs\MiKTeX\tex/latex/a4wide\a4wide.sty
Package: a4wide 1994/08/30
 (C:\Users\yohat\AppData\Local\Programs\MiKTeX\tex/latex/ntgclass\a4.sty
Package: a4 2023/01/10 v1.2g A4 based page layout
)) (C:\Users\yohat\AppData\Local\Programs\MiKTeX\tex/latex/tools\array.sty
Package: array 2024/10/17 v2.6g Tabular extension package (FMi)
\col@sep=\dimen142
\ar@mcellbox=\box52
\extrarowheight=\dimen143
\NC@list=\toks17
\extratabsurround=\skip51
\backup@length=\skip52
\ar@cellbox=\box53
) (C:\Users\yohat\AppData\Local\Programs\MiKTeX\tex/latex/graphics\graphicx.sty
Package: graphicx 2021/09/16 v1.2d Enhanced LaTeX Graphics (DPC,SPQR)
 (C:\Users\yohat\AppData\Local\Programs\MiKTeX\tex/latex/graphics\keyval.sty
Package: keyval 2022/05/29 v1.15 key=value parser (DPC)
\KV@toks@=\toks18
) (C:\Users\yohat\AppData\Local\Programs\MiKTeX\tex/latex/graphics\graphics.sty
Package: graphics 2024/08/06 v1.4g Standard LaTeX Graphics (DPC,SPQR)
 (C:\Users\yohat\AppData\Local\Programs\MiKTeX\tex/latex/graphics\trig.sty
Package: trig 2023/12/02 v1.11 sin cos tan (DPC)
) (C:\Users\yohat\AppData\Local\Programs\MiKTeX\tex/latex/graphics-cfg\graphics.cfg
File: graphics.cfg 2016/06/04 v1.11 sample graphics configuration
)
Package graphics Info: Driver file: dvips.def on input line 106.
 (C:\Users\yohat\AppData\Local\Programs\MiKTeX\tex/latex/graphics-def\dvips.def
File: dvips.def 2022/09/22 v3.1e Graphics/color driver for dvips
))
\Gin@req@height=\dimen144
\Gin@req@width=\dimen145
) (C:\Users\yohat\AppData\Local\Programs\MiKTeX\tex/latex/graphics\color.sty
Package: color 2024/06/23 v1.3e Standard LaTeX Color (DPC)
 (C:\Users\yohat\AppData\Local\Programs\MiKTeX\tex/latex/graphics-cfg\color.cfg
File: color.cfg 2016/01/02 v1.6 sample color configuration
)
Package color Info: Driver file: pdftex.def on input line 149.
 (C:\Users\yohat\AppData\Local\Programs\MiKTeX\tex/latex/graphics-def\pdftex.def
File: pdftex.def 2024/04/13 v1.2c Graphics/color driver for pdftex
) (C:\Users\yohat\AppData\Local\Programs\MiKTeX\tex/latex/graphics\mathcolor.ltx)) (C:\Users\yohat\AppData\Local\Programs\MiKTeX\tex/latex/ulem\ulem.sty
\UL@box=\box54
\UL@hyphenbox=\box55
\UL@skip=\skip53
\UL@hook=\toks19
\UL@height=\dimen146
\UL@pe=\count270
\UL@pixel=\dimen147
\ULC@box=\box56
Package: ulem 2019/11/18
\ULdepth=\dimen148
) (C:\Users\yohat\AppData\Local\Programs\MiKTeX\tex/latex/tools\calc.sty
Package: calc 2023/07/08 v4.3 Infix arithmetic (KKT,FJ)
\calc@Acount=\count271
\calc@Bcount=\count272
\calc@Adimen=\dimen149
\calc@Bdimen=\dimen150
\calc@Askip=\skip54
\calc@Bskip=\skip55
LaTeX Info: Redefining \setlength on input line 80.
LaTeX Info: Redefining \addtolength on input line 81.
\calc@Ccount=\count273
\calc@Cskip=\skip56
)
\headrulewidth=\dimen151
\footrulewidth=\dimen152
\plainheadrulewidth=\dimen153
\plainfootrulewidth=\dimen154
\headwidth=\dimen155
\footruleskip=\dimen156
\@sbpartners=\box57
\contrib=\box58
) (C:\Users\yohat\AppData\Local\Programs\MiKTeX\tex/latex/caption\caption.sty
Package: caption 2023/08/05 v3.6o Customizing captions (AR)
 (C:\Users\yohat\AppData\Local\Programs\MiKTeX\tex/latex/caption\caption3.sty
Package: caption3 2023/07/31 v2.4d caption3 kernel (AR)
\caption@tempdima=\dimen157
\captionmargin=\dimen158
\caption@leftmargin=\dimen159
\caption@rightmargin=\dimen160
\caption@width=\dimen161
\caption@indent=\dimen162
\caption@parindent=\dimen163
\caption@hangindent=\dimen164
Package caption Info: Standard document class detected.
)
\c@caption@flags=\count274
\c@continuedfloat=\count275
) (C:\Users\yohat\AppData\Local\Programs\MiKTeX\tex/latex/dirtree\dirtree.sty
Package: dirtree 2012/12/11 v0.32 package wrapper for dirtree
 (C:\Users\yohat\AppData\Local\Programs\MiKTeX\tex/generic/dirtree\dirtree.tex `dirtree' v0.32, 2012/12/11 (jcc)
\DT@offset=\dimen165
\DT@width=\dimen166
\DT@sep=\dimen167
\DT@all=\dimen168
\DT@rulewidth=\dimen169
\DT@dotwidth=\dimen170
\DTbaselineskip=\dimen171
\DT@counti=\count276
\DT@countii=\count277
\DT@countiii=\count278
\DT@countiv=\count279
\DT@indent=\dimen172
\DT@parskip=\dimen173
\DT@baselineskip=\dimen174
)
File: dirtree.tex 2012/12/11 v0.32 `dirtree' (jcc)
) (C:\Users\yohat\AppData\Local\Programs\MiKTeX\tex/latex/float\float.sty
Package: float 2001/11/08 v1.3d Float enhancements (AL)
\c@float@type=\count280
\float@exts=\toks20
\float@box=\box59
\@float@everytoks=\toks21
\@floatcapt=\box60
) (C:\Users\yohat\AppData\Local\Programs\MiKTeX\tex/latex/base\fontenc.sty
Package: fontenc 2021/04/29 v2.0v Standard LaTeX package
LaTeX Font Info:    Trying to load font information for OT1+ptm on input line 116.
 (C:\Users\yohat\AppData\Local\Programs\MiKTeX\tex/latex/psnfss\ot1ptm.fd
File: ot1ptm.fd 2001/06/04 font definitions for OT1/ptm.
)) (C:\Users\yohat\AppData\Local\Programs\MiKTeX\tex/latex/base\latexsym.sty
Package: latexsym 1998/08/17 v2.2e Standard LaTeX package (lasy symbols)
\symlasy=\mathgroup4
LaTeX Font Info:    Overwriting symbol font `lasy' in version `bold'
(Font)                  U/lasy/m/n --> U/lasy/b/n on input line 52.
) (C:\Users\yohat\AppData\Local\Programs\MiKTeX\tex/latex/listings\listings.sty
\lst@mode=\count281
\lst@gtempboxa=\box61
\lst@token=\toks22
\lst@length=\count282
\lst@currlwidth=\dimen175
\lst@column=\count283
\lst@pos=\count284
\lst@lostspace=\dimen176
\lst@width=\dimen177
\lst@newlines=\count285
\lst@lineno=\count286
\lst@maxwidth=\dimen178
 (C:\Users\yohat\AppData\Local\Programs\MiKTeX\tex/latex/listings\lstpatch.sty
File: lstpatch.sty 2024/09/23 1.10c (Carsten Heinz)
) (C:\Users\yohat\AppData\Local\Programs\MiKTeX\tex/latex/listings\lstmisc.sty
File: lstmisc.sty 2024/09/23 1.10c (Carsten Heinz)
\c@lstnumber=\count287
\lst@skipnumbers=\count288
\lst@framebox=\box62
) (C:\Users\yohat\AppData\Local\Programs\MiKTeX\tex/latex/listings\listings.cfg
File: listings.cfg 2024/09/23 1.10c listings configuration
))
Package: listings 2024/09/23 1.10c (Carsten Heinz)
 (C:\Users\yohat\AppData\Local\Programs\MiKTeX\tex/latex/tools\longtable.sty
Package: longtable 2024-10-27 v4.22 Multi-page Table package (DPC)
\LTleft=\skip57
\LTright=\skip58
\LTpre=\skip59
\LTpost=\skip60
\LTchunksize=\count289
\LTcapwidth=\dimen179
\LT@head=\box63
\LT@firsthead=\box64
\LT@foot=\box65
\LT@lastfoot=\box66
\LT@gbox=\box67
\LT@cols=\count290
\LT@rows=\count291
\c@LT@tables=\count292
\c@LT@chunks=\count293
\LT@p@ftn=\toks23
) (C:\Users\yohat\AppData\Local\Programs\MiKTeX\tex/latex/pdflscape\pdflscape.sty
Package: pdflscape 2022-10-27 v0.13 Display of landscape pages in PDF
 (C:\Users\yohat\AppData\Local\Programs\MiKTeX\tex/latex/pdflscape\pdflscape-nometadata.sty
Package: pdflscape-nometadata 2022-10-28 v0.13 Display of landscape pages in PDF (HO)
 (C:\Users\yohat\AppData\Local\Programs\MiKTeX\tex/generic/iftex\iftex.sty
Package: iftex 2024/12/12 v1.0g TeX engine tests
) (C:\Users\yohat\AppData\Local\Programs\MiKTeX\tex/latex/graphics\lscape.sty
Package: lscape 2020/05/28 v3.02 Landscape Pages (DPC)
)
Package pdflscape Info: Auto-detected driver: pdftex on input line 81.
)) (C:\Users\yohat\AppData\Local\Programs\MiKTeX\tex/latex/pdfpages\pdfpages.sty
Package: pdfpages 2024/10/28 v0.6c Insert pages of external PDF documents (AM)
 (C:\Users\yohat\AppData\Local\Programs\MiKTeX\tex/latex/base\ifthen.sty
Package: ifthen 2024/03/16 v1.1e Standard LaTeX ifthen package (DPC)
) (C:\Users\yohat\AppData\Local\Programs\MiKTeX\tex/latex/eso-pic\eso-pic.sty
Package: eso-pic 2023/05/03 v3.0c eso-pic (RN)
\ESO@tempdima=\dimen180
\ESO@tempdimb=\dimen181
)
\AM@pagewidth=\dimen182
\AM@pageheight=\dimen183
\AM@fboxrule=\dimen184
 (C:\Users\yohat\AppData\Local\Programs\MiKTeX\tex/latex/pdfpages\pppdftex.def
File: pppdftex.def 2024/10/28 v0.6c Pdfpages driver for pdfTeX (AM)
)
\pdfpages@includegraphics@status=\count294
\AM@pagebox=\box68
\AM@global@opts=\toks24
\AM@pagecnt=\count295
\AM@toc@title=\toks25
\AM@lof@heading=\toks26
\c@AM@survey=\count296
\AM@templatesizebox=\box69
) (C:\Users\yohat\AppData\Local\Programs\MiKTeX\tex/latex/xcolor\xcolor.sty
Package: xcolor 2024/09/29 v3.02 LaTeX color extensions (UK)
 (C:\Users\yohat\AppData\Local\Programs\MiKTeX\tex/latex/graphics-cfg\color.cfg
File: color.cfg 2016/01/02 v1.6 sample color configuration
)
Package xcolor Info: Driver file: pdftex.def on input line 274.
LaTeX Info: Redefining \color on input line 762.
 (C:\Users\yohat\AppData\Local\Programs\MiKTeX\tex/latex/graphics\mathcolor.ltx)
Package xcolor Info: Model `cmy' substituted by `cmy0' on input line 1349.
Package xcolor Info: Model `RGB' extended on input line 1365.
Package xcolor Info: Model `HTML' substituted by `rgb' on input line 1367.
Package xcolor Info: Model `Hsb' substituted by `hsb' on input line 1368.
Package xcolor Info: Model `tHsb' substituted by `hsb' on input line 1369.
Package xcolor Info: Model `HSB' substituted by `hsb' on input line 1370.
Package xcolor Info: Model `Gray' substituted by `gray' on input line 1371.
Package xcolor Info: Model `wave' substituted by `hsb' on input line 1372.
) (C:\Users\yohat\AppData\Local\Programs\MiKTeX\tex/latex/colortbl\colortbl.sty
Package: colortbl 2024/07/06 v1.0i Color table columns (DPC)
\everycr=\toks27
\minrowclearance=\skip61
\rownum=\count297
) (C:\Users\yohat\AppData\Local\Programs\MiKTeX\tex/latex/graphics\dvipsnam.def
File: dvipsnam.def 2016/06/17 v3.0m Driver-dependent file (DPC,SPQR)
) (C:\Users\yohat\AppData\Local\Programs\MiKTeX\tex/latex/xcolor\svgnam.def
File: svgnam.def 2024/09/29 v3.02 Predefined colors according to SVG 1.1 (UK)
) (C:\Users\yohat\AppData\Local\Programs\MiKTeX\tex/latex/pgf/frontendlayer\tikz.sty (C:\Users\yohat\AppData\Local\Programs\MiKTeX\tex/latex/pgf/basiclayer\pgf.sty (C:\Users\yohat\AppData\Local\Programs\MiKTeX\tex/latex/pgf/utilities\pgfrcs.sty (C:\Users\yohat\AppData\Local\Programs\MiKTeX\tex/generic/pgf/utilities\pgfutil-common.tex
\pgfutil@everybye=\toks28
\pgfutil@tempdima=\dimen185
\pgfutil@tempdimb=\dimen186
) (C:\Users\yohat\AppData\Local\Programs\MiKTeX\tex/generic/pgf/utilities\pgfutil-latex.def
\pgfutil@abb=\box70
) (C:\Users\yohat\AppData\Local\Programs\MiKTeX\tex/generic/pgf/utilities\pgfrcs.code.tex (C:\Users\yohat\AppData\Local\Programs\MiKTeX\tex/generic/pgf\pgf.revision.tex)
Package: pgfrcs 2023-01-15 v3.1.10 (3.1.10)
))
Package: pgf 2023-01-15 v3.1.10 (3.1.10)
 (C:\Users\yohat\AppData\Local\Programs\MiKTeX\tex/latex/pgf/basiclayer\pgfcore.sty (C:\Users\yohat\AppData\Local\Programs\MiKTeX\tex/latex/pgf/systemlayer\pgfsys.sty (C:\Users\yohat\AppData\Local\Programs\MiKTeX\tex/generic/pgf/systemlayer\pgfsys.code.tex
Package: pgfsys 2023-01-15 v3.1.10 (3.1.10)
 (C:\Users\yohat\AppData\Local\Programs\MiKTeX\tex/generic/pgf/utilities\pgfkeys.code.tex
\pgfkeys@pathtoks=\toks29
\pgfkeys@temptoks=\toks30
 (C:\Users\yohat\AppData\Local\Programs\MiKTeX\tex/generic/pgf/utilities\pgfkeyslibraryfiltered.code.tex
\pgfkeys@tmptoks=\toks31
))
\pgf@x=\dimen187
\pgf@y=\dimen188
\pgf@xa=\dimen189
\pgf@ya=\dimen190
\pgf@xb=\dimen191
\pgf@yb=\dimen192
\pgf@xc=\dimen193
\pgf@yc=\dimen194
\pgf@xd=\dimen195
\pgf@yd=\dimen196
\w@pgf@writea=\write3
\r@pgf@reada=\read2
\c@pgf@counta=\count298
\c@pgf@countb=\count299
\c@pgf@countc=\count300
\c@pgf@countd=\count301
\t@pgf@toka=\toks32
\t@pgf@tokb=\toks33
\t@pgf@tokc=\toks34
\pgf@sys@id@count=\count302
 (C:\Users\yohat\AppData\Local\Programs\MiKTeX\tex/generic/pgf/systemlayer\pgf.cfg
File: pgf.cfg 2023-01-15 v3.1.10 (3.1.10)
)
Driver file for pgf: pgfsys-pdftex.def
 (C:\Users\yohat\AppData\Local\Programs\MiKTeX\tex/generic/pgf/systemlayer\pgfsys-pdftex.def
File: pgfsys-pdftex.def 2023-01-15 v3.1.10 (3.1.10)
 (C:\Users\yohat\AppData\Local\Programs\MiKTeX\tex/generic/pgf/systemlayer\pgfsys-common-pdf.def
File: pgfsys-common-pdf.def 2023-01-15 v3.1.10 (3.1.10)
))) (C:\Users\yohat\AppData\Local\Programs\MiKTeX\tex/generic/pgf/systemlayer\pgfsyssoftpath.code.tex
File: pgfsyssoftpath.code.tex 2023-01-15 v3.1.10 (3.1.10)
\pgfsyssoftpath@smallbuffer@items=\count303
\pgfsyssoftpath@bigbuffer@items=\count304
) (C:\Users\yohat\AppData\Local\Programs\MiKTeX\tex/generic/pgf/systemlayer\pgfsysprotocol.code.tex
File: pgfsysprotocol.code.tex 2023-01-15 v3.1.10 (3.1.10)
)) (C:\Users\yohat\AppData\Local\Programs\MiKTeX\tex/generic/pgf/basiclayer\pgfcore.code.tex
Package: pgfcore 2023-01-15 v3.1.10 (3.1.10)
 (C:\Users\yohat\AppData\Local\Programs\MiKTeX\tex/generic/pgf/math\pgfmath.code.tex (C:\Users\yohat\AppData\Local\Programs\MiKTeX\tex/generic/pgf/math\pgfmathutil.code.tex) (C:\Users\yohat\AppData\Local\Programs\MiKTeX\tex/generic/pgf/math\pgfmathparser.code.tex
\pgfmath@dimen=\dimen197
\pgfmath@count=\count305
\pgfmath@box=\box71
\pgfmath@toks=\toks35
\pgfmath@stack@operand=\toks36
\pgfmath@stack@operation=\toks37
) (C:\Users\yohat\AppData\Local\Programs\MiKTeX\tex/generic/pgf/math\pgfmathfunctions.code.tex) (C:\Users\yohat\AppData\Local\Programs\MiKTeX\tex/generic/pgf/math\pgfmathfunctions.basic.code.tex) (C:\Users\yohat\AppData\Local\Programs\MiKTeX\tex/generic/pgf/math\pgfmathfunctions.trigonometric.code.tex) (C:\Users\yohat\AppData\Local\Programs\MiKTeX\tex/generic/pgf/math\pgfmathfunctions.random.code.tex) (C:\Users\yohat\AppData\Local\Programs\MiKTeX\tex/generic/pgf/math\pgfmathfunctions.comparison.code.tex) (C:\Users\yohat\AppData\Local\Programs\MiKTeX\tex/generic/pgf/math\pgfmathfunctions.base.code.tex) (C:\Users\yohat\AppData\Local\Programs\MiKTeX\tex/generic/pgf/math\pgfmathfunctions.round.code.tex) (C:\Users\yohat\AppData\Local\Programs\MiKTeX\tex/generic/pgf/math\pgfmathfunctions.misc.code.tex) (C:\Users\yohat\AppData\Local\Programs\MiKTeX\tex/generic/pgf/math\pgfmathfunctions.integerarithmetics.code.tex) (C:\Users\yohat\AppData\Local\Programs\MiKTeX\tex/generic/pgf/math\pgfmathcalc.code.tex) (C:\Users\yohat\AppData\Local\Programs\MiKTeX\tex/generic/pgf/math\pgfmathfloat.code.tex
\c@pgfmathroundto@lastzeros=\count306
)) (C:\Users\yohat\AppData\Local\Programs\MiKTeX\tex/generic/pgf/math\pgfint.code.tex) (C:\Users\yohat\AppData\Local\Programs\MiKTeX\tex/generic/pgf/basiclayer\pgfcorepoints.code.tex
File: pgfcorepoints.code.tex 2023-01-15 v3.1.10 (3.1.10)
\pgf@picminx=\dimen198
\pgf@picmaxx=\dimen199
\pgf@picminy=\dimen256
\pgf@picmaxy=\dimen257
\pgf@pathminx=\dimen258
\pgf@pathmaxx=\dimen259
\pgf@pathminy=\dimen260
\pgf@pathmaxy=\dimen261
\pgf@xx=\dimen262
\pgf@xy=\dimen263
\pgf@yx=\dimen264
\pgf@yy=\dimen265
\pgf@zx=\dimen266
\pgf@zy=\dimen267
) (C:\Users\yohat\AppData\Local\Programs\MiKTeX\tex/generic/pgf/basiclayer\pgfcorepathconstruct.code.tex
File: pgfcorepathconstruct.code.tex 2023-01-15 v3.1.10 (3.1.10)
\pgf@path@lastx=\dimen268
\pgf@path@lasty=\dimen269
) (C:\Users\yohat\AppData\Local\Programs\MiKTeX\tex/generic/pgf/basiclayer\pgfcorepathusage.code.tex
File: pgfcorepathusage.code.tex 2023-01-15 v3.1.10 (3.1.10)
\pgf@shorten@end@additional=\dimen270
\pgf@shorten@start@additional=\dimen271
) (C:\Users\yohat\AppData\Local\Programs\MiKTeX\tex/generic/pgf/basiclayer\pgfcorescopes.code.tex
File: pgfcorescopes.code.tex 2023-01-15 v3.1.10 (3.1.10)
\pgfpic=\box72
\pgf@hbox=\box73
\pgf@layerbox@main=\box74
\pgf@picture@serial@count=\count307
) (C:\Users\yohat\AppData\Local\Programs\MiKTeX\tex/generic/pgf/basiclayer\pgfcoregraphicstate.code.tex
File: pgfcoregraphicstate.code.tex 2023-01-15 v3.1.10 (3.1.10)
\pgflinewidth=\dimen272
) (C:\Users\yohat\AppData\Local\Programs\MiKTeX\tex/generic/pgf/basiclayer\pgfcoretransformations.code.tex
File: pgfcoretransformations.code.tex 2023-01-15 v3.1.10 (3.1.10)
\pgf@pt@x=\dimen273
\pgf@pt@y=\dimen274
\pgf@pt@temp=\dimen275
) (C:\Users\yohat\AppData\Local\Programs\MiKTeX\tex/generic/pgf/basiclayer\pgfcorequick.code.tex
File: pgfcorequick.code.tex 2023-01-15 v3.1.10 (3.1.10)
) (C:\Users\yohat\AppData\Local\Programs\MiKTeX\tex/generic/pgf/basiclayer\pgfcoreobjects.code.tex
File: pgfcoreobjects.code.tex 2023-01-15 v3.1.10 (3.1.10)
) (C:\Users\yohat\AppData\Local\Programs\MiKTeX\tex/generic/pgf/basiclayer\pgfcorepathprocessing.code.tex
File: pgfcorepathprocessing.code.tex 2023-01-15 v3.1.10 (3.1.10)
) (C:\Users\yohat\AppData\Local\Programs\MiKTeX\tex/generic/pgf/basiclayer\pgfcorearrows.code.tex
File: pgfcorearrows.code.tex 2023-01-15 v3.1.10 (3.1.10)
\pgfarrowsep=\dimen276
) (C:\Users\yohat\AppData\Local\Programs\MiKTeX\tex/generic/pgf/basiclayer\pgfcoreshade.code.tex
File: pgfcoreshade.code.tex 2023-01-15 v3.1.10 (3.1.10)
\pgf@max=\dimen277
\pgf@sys@shading@range@num=\count308
\pgf@shadingcount=\count309
) (C:\Users\yohat\AppData\Local\Programs\MiKTeX\tex/generic/pgf/basiclayer\pgfcoreimage.code.tex
File: pgfcoreimage.code.tex 2023-01-15 v3.1.10 (3.1.10)
) (C:\Users\yohat\AppData\Local\Programs\MiKTeX\tex/generic/pgf/basiclayer\pgfcoreexternal.code.tex
File: pgfcoreexternal.code.tex 2023-01-15 v3.1.10 (3.1.10)
\pgfexternal@startupbox=\box75
) (C:\Users\yohat\AppData\Local\Programs\MiKTeX\tex/generic/pgf/basiclayer\pgfcorelayers.code.tex
File: pgfcorelayers.code.tex 2023-01-15 v3.1.10 (3.1.10)
) (C:\Users\yohat\AppData\Local\Programs\MiKTeX\tex/generic/pgf/basiclayer\pgfcoretransparency.code.tex
File: pgfcoretransparency.code.tex 2023-01-15 v3.1.10 (3.1.10)
) (C:\Users\yohat\AppData\Local\Programs\MiKTeX\tex/generic/pgf/basiclayer\pgfcorepatterns.code.tex
File: pgfcorepatterns.code.tex 2023-01-15 v3.1.10 (3.1.10)
) (C:\Users\yohat\AppData\Local\Programs\MiKTeX\tex/generic/pgf/basiclayer\pgfcorerdf.code.tex
File: pgfcorerdf.code.tex 2023-01-15 v3.1.10 (3.1.10)
))) (C:\Users\yohat\AppData\Local\Programs\MiKTeX\tex/generic/pgf/modules\pgfmoduleshapes.code.tex
File: pgfmoduleshapes.code.tex 2023-01-15 v3.1.10 (3.1.10)
\pgfnodeparttextbox=\box76
) (C:\Users\yohat\AppData\Local\Programs\MiKTeX\tex/generic/pgf/modules\pgfmoduleplot.code.tex
File: pgfmoduleplot.code.tex 2023-01-15 v3.1.10 (3.1.10)
) (C:\Users\yohat\AppData\Local\Programs\MiKTeX\tex/latex/pgf/compatibility\pgfcomp-version-0-65.sty
Package: pgfcomp-version-0-65 2023-01-15 v3.1.10 (3.1.10)
\pgf@nodesepstart=\dimen278
\pgf@nodesepend=\dimen279
) (C:\Users\yohat\AppData\Local\Programs\MiKTeX\tex/latex/pgf/compatibility\pgfcomp-version-1-18.sty
Package: pgfcomp-version-1-18 2023-01-15 v3.1.10 (3.1.10)
)) (C:\Users\yohat\AppData\Local\Programs\MiKTeX\tex/latex/pgf/utilities\pgffor.sty (C:\Users\yohat\AppData\Local\Programs\MiKTeX\tex/latex/pgf/utilities\pgfkeys.sty (C:\Users\yohat\AppData\Local\Programs\MiKTeX\tex/generic/pgf/utilities\pgfkeys.code.tex)) (C:\Users\yohat\AppData\Local\Programs\MiKTeX\tex/latex/pgf/math\pgfmath.sty (C:\Users\yohat\AppData\Local\Programs\MiKTeX\tex/generic/pgf/math\pgfmath.code.tex)) (C:\Users\yohat\AppData\Local\Programs\MiKTeX\tex/generic/pgf/utilities\pgffor.code.tex
Package: pgffor 2023-01-15 v3.1.10 (3.1.10)
\pgffor@iter=\dimen280
\pgffor@skip=\dimen281
\pgffor@stack=\toks38
\pgffor@toks=\toks39
)) (C:\Users\yohat\AppData\Local\Programs\MiKTeX\tex/generic/pgf/frontendlayer/tikz\tikz.code.tex
Package: tikz 2023-01-15 v3.1.10 (3.1.10)
 (C:\Users\yohat\AppData\Local\Programs\MiKTeX\tex/generic/pgf/libraries\pgflibraryplothandlers.code.tex
File: pgflibraryplothandlers.code.tex 2023-01-15 v3.1.10 (3.1.10)
\pgf@plot@mark@count=\count310
\pgfplotmarksize=\dimen282
)
\tikz@lastx=\dimen283
\tikz@lasty=\dimen284
\tikz@lastxsaved=\dimen285
\tikz@lastysaved=\dimen286
\tikz@lastmovetox=\dimen287
\tikz@lastmovetoy=\dimen288
\tikzleveldistance=\dimen289
\tikzsiblingdistance=\dimen290
\tikz@figbox=\box77
\tikz@figbox@bg=\box78
\tikz@tempbox=\box79
\tikz@tempbox@bg=\box80
\tikztreelevel=\count311
\tikznumberofchildren=\count312
\tikznumberofcurrentchild=\count313
\tikz@fig@count=\count314
 (C:\Users\yohat\AppData\Local\Programs\MiKTeX\tex/generic/pgf/modules\pgfmodulematrix.code.tex
File: pgfmodulematrix.code.tex 2023-01-15 v3.1.10 (3.1.10)
\pgfmatrixcurrentrow=\count315
\pgfmatrixcurrentcolumn=\count316
\pgf@matrix@numberofcolumns=\count317
)
\tikz@expandcount=\count318
 (C:\Users\yohat\AppData\Local\Programs\MiKTeX\tex/generic/pgf/frontendlayer/tikz/libraries\tikzlibrarytopaths.code.tex
File: tikzlibrarytopaths.code.tex 2023-01-15 v3.1.10 (3.1.10)
))) (C:\Users\yohat\AppData\Local\Programs\MiKTeX\tex/latex/appendix\appendix.sty
Package: appendix 2020/02/08 v1.2c extra appendix facilities
\c@@pps=\count319
\c@@ppsavesec=\count320
\c@@ppsaveapp=\count321
) (C:\Users\yohat\AppData\Local\Programs\MiKTeX\tex/latex/url\url.sty
\Urlmuskip=\muskip17
Package: url 2013/09/16  ver 3.4  Verb mode for urls, etc.
) (C:\Users\yohat\AppData\Local\Programs\MiKTeX\tex/latex/tools\tabularx.sty
Package: tabularx 2023/12/11 v2.12a `tabularx' package (DPC)
\TX@col@width=\dimen291
\TX@old@table=\dimen292
\TX@old@col=\dimen293
\TX@target=\dimen294
\TX@delta=\dimen295
\TX@cols=\count322
\TX@ftn=\toks40
) (C:\Users\yohat\AppData\Local\Programs\MiKTeX\tex/latex/tools\verbatim.sty
Package: verbatim 2024-01-22 v1.5x LaTeX2e package for verbatim enhancements
\every@verbatim=\toks41
\verbatim@line=\toks42
\verbatim@in@stream=\read3
) (C:\Users\yohat\AppData\Local\Programs\MiKTeX\tex/latex/caption\subcaption.sty
Package: subcaption 2023/07/28 v1.6b Sub-captions (AR)
Package caption Info: New subtype `subfigure' on input line 238.
\c@subfigure=\count323
Package caption Info: New subtype `subtable' on input line 238.
\c@subtable=\count324
) (C:\Users\yohat\AppData\Local\Programs\MiKTeX\tex/latex/tools\multicol.sty
Package: multicol 2024/09/14 v1.9i multicolumn formatting (FMi)
\c@tracingmulticols=\count325
\mult@box=\box81
\multicol@leftmargin=\dimen296
\c@unbalance=\count326
\c@collectmore=\count327
\doublecol@number=\count328
\multicoltolerance=\count329
\multicolpretolerance=\count330
\full@width=\dimen297
\page@free=\dimen298
\premulticols=\dimen299
\postmulticols=\dimen300
\multicolsep=\skip62
\multicolbaselineskip=\skip63
\partial@page=\box82
\last@line=\box83
\mc@boxedresult=\box84
\maxbalancingoverflow=\dimen301
\mult@rightbox=\box85
\mult@grightbox=\box86
\mult@firstbox=\box87
\mult@gfirstbox=\box88
\@tempa=\box89
\@tempa=\box90
\@tempa=\box91
\@tempa=\box92
\@tempa=\box93
\@tempa=\box94
\@tempa=\box95
\@tempa=\box96
\@tempa=\box97
\@tempa=\box98
\@tempa=\box99
\@tempa=\box100
\@tempa=\box101
\@tempa=\box102
\@tempa=\box103
\@tempa=\box104
\@tempa=\box105
\@tempa=\box106
\@tempa=\box107
\@tempa=\box108
\@tempa=\box109
\@tempa=\box110
\@tempa=\box111
\@tempa=\box112
\@tempa=\box113
\@tempa=\box114
\@tempa=\box115
\@tempa=\box116
\@tempa=\box117
\@tempa=\box118
\@tempa=\box119
\@tempa=\box120
\@tempa=\box121
\@tempa=\box122
\@tempa=\box123
\@tempa=\box124
\c@minrows=\count331
\c@columnbadness=\count332
\c@finalcolumnbadness=\count333
\last@try=\dimen302
\multicolovershoot=\dimen303
\multicolundershoot=\dimen304
\mult@nat@firstbox=\box125
\colbreak@box=\box126
\mc@col@check@num=\count334
)
(C:\Users\yohat\AppData\Local\Programs\MiKTeX\tex/latex/hyperref\hyperref.sty
Package: hyperref 2024-11-05 v7.01l Hypertext links for LaTeX
 (C:\Users\yohat\AppData\Local\Programs\MiKTeX\tex/latex/kvsetkeys\kvsetkeys.sty
Package: kvsetkeys 2022-10-05 v1.19 Key value parser (HO)
) (C:\Users\yohat\AppData\Local\Programs\MiKTeX\tex/generic/kvdefinekeys\kvdefinekeys.sty
Package: kvdefinekeys 2019-12-19 v1.6 Define keys (HO)
) (C:\Users\yohat\AppData\Local\Programs\MiKTeX\tex/generic/pdfescape\pdfescape.sty
Package: pdfescape 2019/12/09 v1.15 Implements pdfTeX's escape features (HO)
 (C:\Users\yohat\AppData\Local\Programs\MiKTeX\tex/generic/ltxcmds\ltxcmds.sty
Package: ltxcmds 2023-12-04 v1.26 LaTeX kernel commands for general use (HO)
) (C:\Users\yohat\AppData\Local\Programs\MiKTeX\tex/generic/pdftexcmds\pdftexcmds.sty
Package: pdftexcmds 2020-06-27 v0.33 Utility functions of pdfTeX for LuaTeX (HO)
 (C:\Users\yohat\AppData\Local\Programs\MiKTeX\tex/generic/infwarerr\infwarerr.sty
Package: infwarerr 2019/12/03 v1.5 Providing info/warning/error messages (HO)
)
Package pdftexcmds Info: \pdf@primitive is available.
Package pdftexcmds Info: \pdf@ifprimitive is available.
Package pdftexcmds Info: \pdfdraftmode found.
)) (C:\Users\yohat\AppData\Local\Programs\MiKTeX\tex/latex/hycolor\hycolor.sty
Package: hycolor 2020-01-27 v1.10 Color options for hyperref/bookmark (HO)
) (C:\Users\yohat\AppData\Local\Programs\MiKTeX\tex/latex/hyperref\nameref.sty
Package: nameref 2023-11-26 v2.56 Cross-referencing by name of section
 (C:\Users\yohat\AppData\Local\Programs\MiKTeX\tex/latex/refcount\refcount.sty
Package: refcount 2019/12/15 v3.6 Data extraction from label references (HO)
) (C:\Users\yohat\AppData\Local\Programs\MiKTeX\tex/generic/gettitlestring\gettitlestring.sty
Package: gettitlestring 2019/12/15 v1.6 Cleanup title references (HO)
 (C:\Users\yohat\AppData\Local\Programs\MiKTeX\tex/latex/kvoptions\kvoptions.sty
Package: kvoptions 2022-06-15 v3.15 Key value format for package options (HO)
))
\c@section@level=\count335
) (C:\Users\yohat\AppData\Local\Programs\MiKTeX\tex/latex/etoolbox\etoolbox.sty
Package: etoolbox 2020/10/05 v2.5k e-TeX tools for LaTeX (JAW)
\etb@tempcnta=\count336
) (C:\Users\yohat\AppData\Local\Programs\MiKTeX\tex/generic/stringenc\stringenc.sty
Package: stringenc 2019/11/29 v1.12 Convert strings between diff. encodings (HO)
)
\@linkdim=\dimen305
\Hy@linkcounter=\count337
\Hy@pagecounter=\count338
 (C:\Users\yohat\AppData\Local\Programs\MiKTeX\tex/latex/hyperref\pd1enc.def
File: pd1enc.def 2024-11-05 v7.01l Hyperref: PDFDocEncoding definition (HO)
Now handling font encoding PD1 ...
... no UTF-8 mapping file for font encoding PD1
) (C:\Users\yohat\AppData\Local\Programs\MiKTeX\tex/generic/intcalc\intcalc.sty
Package: intcalc 2019/12/15 v1.3 Expandable calculations with integers (HO)
)
\Hy@SavedSpaceFactor=\count339
 (C:\Users\yohat\AppData\Local\Programs\MiKTeX\tex/latex/hyperref\puenc.def
File: puenc.def 2024-11-05 v7.01l Hyperref: PDF Unicode definition (HO)
Now handling font encoding PU ...
... no UTF-8 mapping file for font encoding PU
)
Package hyperref Info: Option `colorlinks' set `false' on input line 4040.
Package hyperref Info: Hyper figures OFF on input line 4157.
Package hyperref Info: Link nesting OFF on input line 4162.
Package hyperref Info: Hyper index ON on input line 4165.
Package hyperref Info: Plain pages OFF on input line 4172.
Package hyperref Info: Backreferencing OFF on input line 4177.
Package hyperref Info: Implicit mode ON; LaTeX internals redefined.
Package hyperref Info: Bookmarks ON on input line 4424.
\c@Hy@tempcnt=\count340
LaTeX Info: Redefining \url on input line 4763.
\XeTeXLinkMargin=\dimen306
 (C:\Users\yohat\AppData\Local\Programs\MiKTeX\tex/generic/bitset\bitset.sty
Package: bitset 2019/12/09 v1.3 Handle bit-vector datatype (HO)
 (C:\Users\yohat\AppData\Local\Programs\MiKTeX\tex/generic/bigintcalc\bigintcalc.sty
Package: bigintcalc 2019/12/15 v1.5 Expandable calculations on big integers (HO)
))
\Fld@menulength=\count341
\Field@Width=\dimen307
\Fld@charsize=\dimen308
Package hyperref Info: Hyper figures OFF on input line 6042.
Package hyperref Info: Link nesting OFF on input line 6047.
Package hyperref Info: Hyper index ON on input line 6050.
Package hyperref Info: backreferencing OFF on input line 6057.
Package hyperref Info: Link coloring OFF on input line 6062.
Package hyperref Info: Link coloring with OCG OFF on input line 6067.
Package hyperref Info: PDF/A mode OFF on input line 6072.
 (C:\Users\yohat\AppData\Local\Programs\MiKTeX\tex/latex/base\atbegshi-ltx.sty
Package: atbegshi-ltx 2021/01/10 v1.0c Emulation of the original atbegshi
package with kernel methods
)
\Hy@abspage=\count342
\c@Item=\count343
\c@Hfootnote=\count344
)
Package hyperref Info: Driver (autodetected): hpdftex.
 (C:\Users\yohat\AppData\Local\Programs\MiKTeX\tex/latex/hyperref\hpdftex.def
File: hpdftex.def 2024-11-05 v7.01l Hyperref driver for pdfTeX
 (C:\Users\yohat\AppData\Local\Programs\MiKTeX\tex/latex/base\atveryend-ltx.sty
Package: atveryend-ltx 2020/08/19 v1.0a Emulation of the original atveryend package
with kernel methods
)
\Fld@listcount=\count345
\c@bookmark@seq@number=\count346
 (C:\Users\yohat\AppData\Local\Programs\MiKTeX\tex/latex/rerunfilecheck\rerunfilecheck.sty
Package: rerunfilecheck 2022-07-10 v1.10 Rerun checks for auxiliary files (HO)
 (C:\Users\yohat\AppData\Local\Programs\MiKTeX\tex/generic/uniquecounter\uniquecounter.sty
Package: uniquecounter 2019/12/15 v1.4 Provide unlimited unique counter (HO)
)
Package uniquecounter Info: New unique counter `rerunfilecheck' on input line 285.
)
\Hy@SectionHShift=\skip64
) (C:\Users\yohat\AppData\Local\Programs\MiKTeX\tex/generic/pgf/frontendlayer/tikz/libraries\tikzlibraryshapes.geometric.code.tex
File: tikzlibraryshapes.geometric.code.tex 2023-01-15 v3.1.10 (3.1.10)
 (C:\Users\yohat\AppData\Local\Programs\MiKTeX\tex/generic/pgf/libraries/shapes\pgflibraryshapes.geometric.code.tex
File: pgflibraryshapes.geometric.code.tex 2023-01-15 v3.1.10 (3.1.10)
)) (C:\Users\yohat\AppData\Local\Programs\MiKTeX\tex/generic/pgf/frontendlayer/tikz/libraries\tikzlibrarypositioning.code.tex
File: tikzlibrarypositioning.code.tex 2023-01-15 v3.1.10 (3.1.10)
) (C:\Users\yohat\AppData\Local\Programs\MiKTeX\tex/generic/pgf/libraries\pgflibraryarrows.meta.code.tex
File: pgflibraryarrows.meta.code.tex 2023-01-15 v3.1.10 (3.1.10)
\pgfarrowinset=\dimen309
\pgfarrowlength=\dimen310
\pgfarrowwidth=\dimen311
\pgfarrowlinewidth=\dimen312
) (C:\Users\yohat\AppData\Local\Programs\MiKTeX\tex/generic/pgf/frontendlayer/tikz/libraries\tikzlibraryshapes.code.tex
File: tikzlibraryshapes.code.tex 2023-01-15 v3.1.10 (3.1.10)
 (C:\Users\yohat\AppData\Local\Programs\MiKTeX\tex/generic/pgf/frontendlayer/tikz/libraries\tikzlibraryshapes.misc.code.tex
File: tikzlibraryshapes.misc.code.tex 2023-01-15 v3.1.10 (3.1.10)
 (C:\Users\yohat\AppData\Local\Programs\MiKTeX\tex/generic/pgf/libraries/shapes\pgflibraryshapes.misc.code.tex
File: pgflibraryshapes.misc.code.tex 2023-01-15 v3.1.10 (3.1.10)
)) (C:\Users\yohat\AppData\Local\Programs\MiKTeX\tex/generic/pgf/frontendlayer/tikz/libraries\tikzlibraryshapes.symbols.code.tex
File: tikzlibraryshapes.symbols.code.tex 2023-01-15 v3.1.10 (3.1.10)
 (C:\Users\yohat\AppData\Local\Programs\MiKTeX\tex/generic/pgf/libraries/shapes\pgflibraryshapes.symbols.code.tex
File: pgflibraryshapes.symbols.code.tex 2023-01-15 v3.1.10 (3.1.10)
)) (C:\Users\yohat\AppData\Local\Programs\MiKTeX\tex/generic/pgf/frontendlayer/tikz/libraries\tikzlibraryshapes.arrows.code.tex
File: tikzlibraryshapes.arrows.code.tex 2023-01-15 v3.1.10 (3.1.10)
 (C:\Users\yohat\AppData\Local\Programs\MiKTeX\tex/generic/pgf/libraries/shapes\pgflibraryshapes.arrows.code.tex
File: pgflibraryshapes.arrows.code.tex 2023-01-15 v3.1.10 (3.1.10)
)) (C:\Users\yohat\AppData\Local\Programs\MiKTeX\tex/generic/pgf/frontendlayer/tikz/libraries\tikzlibraryshapes.callouts.code.tex (C:\Users\yohat\AppData\Local\Programs\MiKTeX\tex/generic/pgf/libraries/shapes\pgflibraryshapes.callouts.code.tex)) (C:\Users\yohat\AppData\Local\Programs\MiKTeX\tex/generic/pgf/frontendlayer/tikz/libraries\tikzlibraryshapes.multipart.code.tex
File: tikzlibraryshapes.multipart.code.tex 2023-01-15 v3.1.10 (3.1.10)
 (C:\Users\yohat\AppData\Local\Programs\MiKTeX\tex/generic/pgf/libraries/shapes\pgflibraryshapes.multipart.code.tex
File: pgflibraryshapes.multipart.code.tex 2023-01-15 v3.1.10 (3.1.10)
\pgfnodepartlowerbox=\box127
\pgfnodeparttwobox=\box128
\pgfnodepartthreebox=\box129
\pgfnodepartfourbox=\box130
\pgfnodeparttwentybox=\box131
\pgfnodepartnineteenbox=\box132
\pgfnodeparteighteenbox=\box133
\pgfnodepartseventeenbox=\box134
\pgfnodepartsixteenbox=\box135
\pgfnodepartfifteenbox=\box136
\pgfnodepartfourteenbox=\box137
\pgfnodepartthirteenbox=\box138
\pgfnodeparttwelvebox=\box139
\pgfnodepartelevenbox=\box140
\pgfnodeparttenbox=\box141
\pgfnodepartninebox=\box142
\pgfnodeparteightbox=\box143
\pgfnodepartsevenbox=\box144
\pgfnodepartsixbox=\box145
\pgfnodepartfivebox=\box146
))) (C:\Users\yohat\AppData\Local\Programs\MiKTeX\tex/generic/pgf/frontendlayer/tikz/libraries\tikzlibraryarrows.code.tex
File: tikzlibraryarrows.code.tex 2023-01-15 v3.1.10 (3.1.10)
 (C:\Users\yohat\AppData\Local\Programs\MiKTeX\tex/generic/pgf/libraries\pgflibraryarrows.code.tex
File: pgflibraryarrows.code.tex 2023-01-15 v3.1.10 (3.1.10)
\arrowsize=\dimen313
)) (C:\Users\yohat\AppData\Local\Programs\MiKTeX\tex/generic/pgf/frontendlayer/tikz/libraries\tikzlibrarycalc.code.tex
File: tikzlibrarycalc.code.tex 2023-01-15 v3.1.10 (3.1.10)
)
Package hyperref Info: Option `colorlinks' set `true' on input line 106.
 (C:\Users\yohat\AppData\Local\Programs\MiKTeX\tex/latex/l3backend\l3backend-pdftex.def
File: l3backend-pdftex.def 2024-05-08 L3 backend support: PDF output (pdfTeX)
\l__color_backend_stack_int=\count347
\l__pdf_internal_box=\box147
) (CSSR4Africa_Deliverable_D5.4.2.aux)
\openout1 = `CSSR4Africa_Deliverable_D5.4.2.aux'.

LaTeX Font Info:    Checking defaults for OML/cmm/m/it on input line 132.
LaTeX Font Info:    ... okay on input line 132.
LaTeX Font Info:    Checking defaults for OMS/cmsy/m/n on input line 132.
LaTeX Font Info:    ... okay on input line 132.
LaTeX Font Info:    Checking defaults for OT1/cmr/m/n on input line 132.
LaTeX Font Info:    ... okay on input line 132.
LaTeX Font Info:    Checking defaults for T1/cmr/m/n on input line 132.
LaTeX Font Info:    ... okay on input line 132.
LaTeX Font Info:    Checking defaults for TS1/cmr/m/n on input line 132.
LaTeX Font Info:    ... okay on input line 132.
LaTeX Font Info:    Checking defaults for OMX/cmex/m/n on input line 132.
LaTeX Font Info:    ... okay on input line 132.
LaTeX Font Info:    Checking defaults for U/cmr/m/n on input line 132.
LaTeX Font Info:    ... okay on input line 132.
LaTeX Font Info:    Checking defaults for PD1/pdf/m/n on input line 132.
LaTeX Font Info:    ... okay on input line 132.
LaTeX Font Info:    Checking defaults for PU/pdf/m/n on input line 132.
LaTeX Font Info:    ... okay on input line 132.
 (C:\Users\yohat\AppData\Local\Programs\MiKTeX\tex/context/base/mkii\supp-pdf.mkii
[Loading MPS to PDF converter (version 2006.09.02).]
\scratchcounter=\count348
\scratchdimen=\dimen314
\scratchbox=\box148
\nofMPsegments=\count349
\nofMParguments=\count350
\everyMPshowfont=\toks43
\MPscratchCnt=\count351
\MPscratchDim=\dimen315
\MPnumerator=\count352
\makeMPintoPDFobject=\count353
\everyMPtoPDFconversion=\toks44
) (C:\Users\yohat\AppData\Local\Programs\MiKTeX\tex/latex/epstopdf-pkg\epstopdf-base.sty
Package: epstopdf-base 2020-01-24 v2.11 Base part for package epstopdf
Package epstopdf-base Info: Redefining graphics rule for `.eps' on input line 485.
 (C:\Users\yohat\AppData\Local\Programs\MiKTeX\tex/latex/00miktex\epstopdf-sys.cfg
File: epstopdf-sys.cfg 2021/03/18 v2.0 Configuration of epstopdf for MiKTeX
))
Package caption Info: Begin \AtBeginDocument code.
Package caption Info: float package is loaded.
Package caption Info: hyperref package is loaded.
Package caption Info: listings package is loaded.
Package caption Info: longtable package is loaded.
 (C:\Users\yohat\AppData\Local\Programs\MiKTeX\tex/latex/caption\ltcaption.sty
Package: ltcaption 2021/01/08 v1.4c longtable captions (AR)
)
Package caption Info: End \AtBeginDocument code.
\c@lstlisting=\count354
Package hyperref Info: Link coloring ON on input line 132.
 (CSSR4Africa_Deliverable_D5.4.2.out) (CSSR4Africa_Deliverable_D5.4.2.out)
\@outlinefile=\write4
\openout4 = `CSSR4Africa_Deliverable_D5.4.2.out'.

 (C:\Users\yohat\AppData\Local\Programs\MiKTeX\tex/generic/epsf\epsf.tex
This is `epsf.tex' v2.7.4 <14 February 2011>
\epsffilein=\read4
\epsfframemargin=\dimen316
\epsfframethickness=\dimen317
\epsfrsize=\dimen318
\epsftmp=\dimen319
\epsftsize=\dimen320
\epsfxsize=\dimen321
\epsfysize=\dimen322
\pspoints=\dimen323
)
<CSSRforAfrica_logo_red.pdf, id=102, 487.7245pt x 117.52507pt>
File: CSSRforAfrica_logo_red.pdf Graphic file (type pdf)
<use CSSRforAfrica_logo_red.pdf>
Package pdftex.def Info: CSSRforAfrica_logo_red.pdf  used on input line 159.
(pdftex.def)             Requested size: 99.58464pt x 23.99594pt.
LaTeX Font Info:    Trying to load font information for OT1+phv on input line 159.
 (C:\Users\yohat\AppData\Local\Programs\MiKTeX\tex/latex/psnfss\ot1phv.fd
File: ot1phv.fd 2020/03/25 scalable font definitions for OT1/phv.
)
LaTeX Font Info:    External font `cmex10' loaded for size
(Font)              <10.95> on input line 159.
LaTeX Font Info:    External font `cmex10' loaded for size
(Font)              <8> on input line 159.
LaTeX Font Info:    External font `cmex10' loaded for size
(Font)              <6> on input line 159.
LaTeX Font Info:    Trying to load font information for U+lasy on input line 159.
 (C:\Users\yohat\AppData\Local\Programs\MiKTeX\tex/latex/base\ulasy.fd
File: ulasy.fd 1998/08/17 v2.2e LaTeX symbol font definitions
)
LaTeX Font Info:    External font `cmex10' loaded for size
(Font)              <12> on input line 159.


[1
Non-PDF special ignored!
<special> papersize=597.50787pt,845.04684pt

{C:/Users/yohat/AppData/Local/MiKTeX/fonts/map/pdftex/pdftex.map}{C:/Users/yohat/AppData/Local/Programs/MiKTeX/fonts/enc/dvips/base/8r.enc} <./CSSRforAfrica_logo_red.pdf>]
LaTeX Font Info:    Trying to load font information for OT1+pcr on input line 169.
 (C:\Users\yohat\AppData\Local\Programs\MiKTeX\tex/latex/psnfss\ot1pcr.fd
File: ot1pcr.fd 2001/06/04 font definitions for OT1/pcr.
)

<CSSRforAfrica_logo_grey.pdf, id=118, 487.63818pt x 125.159pt>
File: CSSRforAfrica_logo_grey.pdf Graphic file (type pdf)
<use CSSRforAfrica_logo_grey.pdf>
Package pdftex.def Info: CSSRforAfrica_logo_grey.pdf  used on input line 186.
(pdftex.def)             Requested size: 71.13188pt x 18.25548pt.
LaTeX Font Info:    External font `cmex10' loaded for size
(Font)              <9> on input line 186.
LaTeX Font Info:    External font `cmex10' loaded for size
(Font)              <5> on input line 186.

Package xcolor Warning: Incompatible color definition on input line 186.

LaTeX Font Info:    Calculating math sizes for size <14> on input line 186.
LaTeX Font Info:    External font `cmex10' loaded for size
(Font)              <14> on input line 186.
LaTeX Font Info:    External font `cmex10' loaded for size
(Font)              <9.79996> on input line 186.
LaTeX Font Info:    External font `cmex10' loaded for size
(Font)              <7> on input line 186.

Overfull \vbox (11.7075pt too high) has occurred while \output is active []



Package xcolor Warning: Incompatible color definition on input line 186.

[2 <./CSSRforAfrica_logo_grey.pdf>] (CSSR4Africa_Deliverable_D5.4.2.toc)
\tf@toc=\write5
\openout5 = `CSSR4Africa_Deliverable_D5.4.2.toc'.



File: CSSRforAfrica_logo_grey.pdf Graphic file (type pdf)
<use CSSRforAfrica_logo_grey.pdf>
Package pdftex.def Info: CSSRforAfrica_logo_grey.pdf  used on input line 187.
(pdftex.def)             Requested size: 71.13188pt x 18.25548pt.

Package xcolor Warning: Incompatible color definition on input line 187.


Overfull \vbox (11.7075pt too high) has occurred while \output is active []



Package xcolor Warning: Incompatible color definition on input line 187.

[3]

File: CSSRforAfrica_logo_grey.pdf Graphic file (type pdf)
<use CSSRforAfrica_logo_grey.pdf>
Package pdftex.def Info: CSSRforAfrica_logo_grey.pdf  used on input line 221.
(pdftex.def)             Requested size: 71.13188pt x 18.25548pt.

Package xcolor Warning: Incompatible color definition on input line 221.


Overfull \vbox (11.7075pt too high) has occurred while \output is active []



Package xcolor Warning: Incompatible color definition on input line 221.

[4]

File: CSSRforAfrica_logo_grey.pdf Graphic file (type pdf)
<use CSSRforAfrica_logo_grey.pdf>
Package pdftex.def Info: CSSRforAfrica_logo_grey.pdf  used on input line 233.
(pdftex.def)             Requested size: 71.13188pt x 18.25548pt.

Package xcolor Warning: Incompatible color definition on input line 233.


Overfull \vbox (11.7075pt too high) has occurred while \output is active []



Package xcolor Warning: Incompatible color definition on input line 233.

[5]
LaTeX Font Info:    Trying to load font information for TS1+ptm on input line 262.
 (C:\Users\yohat\AppData\Local\Programs\MiKTeX\tex/latex/psnfss\ts1ptm.fd
File: ts1ptm.fd 2001/06/04 font definitions for TS1/ptm.
)
LaTeX Info: Symbol \textrightarrow not provided by
            font family pcr in TS1 encoding.
            Default family used instead on input line 267.

Underfull \hbox (badness 10000) in paragraph at lines 285--287

 []



File: CSSRforAfrica_logo_grey.pdf Graphic file (type pdf)
<use CSSRforAfrica_logo_grey.pdf>
Package pdftex.def Info: CSSRforAfrica_logo_grey.pdf  used on input line 292.
(pdftex.def)             Requested size: 71.13188pt x 18.25548pt.

Package xcolor Warning: Incompatible color definition on input line 292.


Overfull \vbox (11.7075pt too high) has occurred while \output is active []



Package xcolor Warning: Incompatible color definition on input line 292.

[6{C:/Users/yohat/AppData/Local/Programs/MiKTeX/fonts/enc/dvips/cm-super/cm-super-ts1.enc}]

File: CSSRforAfrica_logo_grey.pdf Graphic file (type pdf)
<use CSSRforAfrica_logo_grey.pdf>
Package pdftex.def Info: CSSRforAfrica_logo_grey.pdf  used on input line 344.
(pdftex.def)             Requested size: 71.13188pt x 18.25548pt.

Package xcolor Warning: Incompatible color definition on input line 344.


Overfull \vbox (11.7075pt too high) has occurred while \output is active []



Package xcolor Warning: Incompatible color definition on input line 344.

[7]
LaTeX Font Info:    External font `cmex10' loaded for size
(Font)              <14.4> on input line 353.


File: CSSRforAfrica_logo_grey.pdf Graphic file (type pdf)
<use CSSRforAfrica_logo_grey.pdf>
Package pdftex.def Info: CSSRforAfrica_logo_grey.pdf  used on input line 371.
(pdftex.def)             Requested size: 71.13188pt x 18.25548pt.

Package xcolor Warning: Incompatible color definition on input line 371.


Overfull \vbox (11.7075pt too high) has occurred while \output is active []



Package xcolor Warning: Incompatible color definition on input line 371.

[8]
Overfull \hbox (4.80281pt too wide) in paragraph at lines 378--379
[]\OT1/ptm/b/n/10.95 Failure: \OT1/ptm/m/n/10.95 Re-turned if the com-mand en-coun-ters er-rors or the de-sired out-come is not achieved. 
 []



File: CSSRforAfrica_logo_grey.pdf Graphic file (type pdf)
<use CSSRforAfrica_logo_grey.pdf>
Package pdftex.def Info: CSSRforAfrica_logo_grey.pdf  used on input line 425.
(pdftex.def)             Requested size: 71.13188pt x 18.25548pt.

Package xcolor Warning: Incompatible color definition on input line 425.


Overfull \vbox (11.7075pt too high) has occurred while \output is active []



Package xcolor Warning: Incompatible color definition on input line 425.

[9]
<images/groot2_start.png, id=243, 1029.09468pt x 542.77782pt>
File: images/groot2_start.png Graphic file (type png)
<use images/groot2_start.png>
Package pdftex.def Info: images/groot2_start.png  used on input line 433.
(pdftex.def)             Requested size: 341.43306pt x 180.08623pt.


File: CSSRforAfrica_logo_grey.pdf Graphic file (type pdf)
<use CSSRforAfrica_logo_grey.pdf>
Package pdftex.def Info: CSSRforAfrica_logo_grey.pdf  used on input line 503.
(pdftex.def)             Requested size: 71.13188pt x 18.25548pt.

Package xcolor Warning: Incompatible color definition on input line 503.


Overfull \vbox (11.7075pt too high) has occurred while \output is active []



Package xcolor Warning: Incompatible color definition on input line 503.

[10 <./images/groot2_start.png>]
<images/groot2_newtree.png, id=256, 1017.04968pt x 537.50812pt>
File: images/groot2_newtree.png Graphic file (type png)
<use images/groot2_newtree.png>
Package pdftex.def Info: images/groot2_newtree.png  used on input line 513.
(pdftex.def)             Requested size: 341.43306pt x 180.44566pt.


File: CSSRforAfrica_logo_grey.pdf Graphic file (type pdf)
<use CSSRforAfrica_logo_grey.pdf>
Package pdftex.def Info: CSSRforAfrica_logo_grey.pdf  used on input line 521.
(pdftex.def)             Requested size: 71.13188pt x 18.25548pt.

Package xcolor Warning: Incompatible color definition on input line 521.


Overfull \vbox (11.7075pt too high) has occurred while \output is active []



Package xcolor Warning: Incompatible color definition on input line 521.

[11 <./images/groot2_newtree.png>]
<images/groot2_nodesdefined.png, id=264, 1028.34187pt x 540.51938pt>
File: images/groot2_nodesdefined.png Graphic file (type png)
<use images/groot2_nodesdefined.png>
Package pdftex.def Info: images/groot2_nodesdefined.png  used on input line 526.
(pdftex.def)             Requested size: 341.43306pt x 179.46887pt.
<images/groot2_newnode.png, id=266, 1026.08344pt x 539.01375pt>
File: images/groot2_newnode.png Graphic file (type png)
<use images/groot2_newnode.png>
Package pdftex.def Info: images/groot2_newnode.png  used on input line 541.
(pdftex.def)             Requested size: 341.43306pt x 179.35551pt.
<images/groot2_tree_complete.png, id=268, 1027.58907pt x 544.28343pt>
File: images/groot2_tree_complete.png Graphic file (type png)
<use images/groot2_tree_complete.png>
Package pdftex.def Info: images/groot2_tree_complete.png  used on input line 552.
(pdftex.def)             Requested size: 341.43306pt x 180.84323pt.


File: CSSRforAfrica_logo_grey.pdf Graphic file (type pdf)
<use CSSRforAfrica_logo_grey.pdf>
Package pdftex.def Info: CSSRforAfrica_logo_grey.pdf  used on input line 556.
(pdftex.def)             Requested size: 71.13188pt x 18.25548pt.

Package xcolor Warning: Incompatible color definition on input line 556.


Overfull \vbox (11.7075pt too high) has occurred while \output is active []



Package xcolor Warning: Incompatible color definition on input line 556.

[12 <./images/groot2_nodesdefined.png> <./images/groot2_newnode.png>]

File: CSSRforAfrica_logo_grey.pdf Graphic file (type pdf)
<use CSSRforAfrica_logo_grey.pdf>
Package pdftex.def Info: CSSRforAfrica_logo_grey.pdf  used on input line 561.
(pdftex.def)             Requested size: 71.13188pt x 18.25548pt.

Package xcolor Warning: Incompatible color definition on input line 561.


Overfull \vbox (11.7075pt too high) has occurred while \output is active []



Package xcolor Warning: Incompatible color definition on input line 561.

[13 <./images/groot2_tree_complete.png>]
Overfull \hbox (17.77664pt too wide) in paragraph at lines 581--600
 [] 
 []



File: CSSRforAfrica_logo_grey.pdf Graphic file (type pdf)
<use CSSRforAfrica_logo_grey.pdf>
Package pdftex.def Info: CSSRforAfrica_logo_grey.pdf  used on input line 655.
(pdftex.def)             Requested size: 71.13188pt x 18.25548pt.

Package xcolor Warning: Incompatible color definition on input line 655.


Overfull \vbox (11.7075pt too high) has occurred while \output is active []



Package xcolor Warning: Incompatible color definition on input line 655.

[14]

File: CSSRforAfrica_logo_grey.pdf Graphic file (type pdf)
<use CSSRforAfrica_logo_grey.pdf>
Package pdftex.def Info: CSSRforAfrica_logo_grey.pdf  used on input line 656.
(pdftex.def)             Requested size: 71.13188pt x 18.25548pt.

Package xcolor Warning: Incompatible color definition on input line 656.


Overfull \vbox (11.7075pt too high) has occurred while \output is active []



Package xcolor Warning: Incompatible color definition on input line 656.

[15]
Overfull \hbox (36.0224pt too wide) in paragraph at lines 677--678
\OT1/ptm/m/n/10.95 be in-te-grated in the \OT1/pcr/m/n/10 behaviorController \OT1/ptm/m/n/10.95 ROS node files. The rel-e-vant parts of the \OT1/pcr/m/n/10 behaviorController
 []


Overfull \hbox (113.92499pt too wide) in paragraph at lines 708--711
\OT1/ptm/m/n/10.95 The pop-u-la-tion of the knowl-edge base is de-ter-mined by the con-tents of a con-fig-u-ra-tion file \OT1/pcr/m/n/10 environmentKnowledgeBase.ini
 []



File: CSSRforAfrica_logo_grey.pdf Graphic file (type pdf)
<use CSSRforAfrica_logo_grey.pdf>
Package pdftex.def Info: CSSRforAfrica_logo_grey.pdf  used on input line 711.
(pdftex.def)             Requested size: 71.13188pt x 18.25548pt.

Package xcolor Warning: Incompatible color definition on input line 711.


Overfull \vbox (11.7075pt too high) has occurred while \output is active []



Package xcolor Warning: Incompatible color definition on input line 711.

[16]

File: CSSRforAfrica_logo_grey.pdf Graphic file (type pdf)
<use CSSRforAfrica_logo_grey.pdf>
Package pdftex.def Info: CSSRforAfrica_logo_grey.pdf  used on input line 728.
(pdftex.def)             Requested size: 71.13188pt x 18.25548pt.

Package xcolor Warning: Incompatible color definition on input line 728.


Overfull \vbox (11.7075pt too high) has occurred while \output is active []



Package xcolor Warning: Incompatible color definition on input line 728.

[17] (C:\Users\yohat\AppData\Local\Programs\MiKTeX\tex/latex/listings\lstlang1.sty
File: lstlang1.sty 2024/09/23 1.10c listings language file
) (C:\Users\yohat\AppData\Local\Programs\MiKTeX\tex/latex/listings\lstlang1.sty
File: lstlang1.sty 2024/09/23 1.10c listings language file
)

File: CSSRforAfrica_logo_grey.pdf Graphic file (type pdf)
<use CSSRforAfrica_logo_grey.pdf>
Package pdftex.def Info: CSSRforAfrica_logo_grey.pdf  used on input line 834.
(pdftex.def)             Requested size: 71.13188pt x 18.25548pt.

Package xcolor Warning: Incompatible color definition on input line 834.


Overfull \vbox (11.7075pt too high) has occurred while \output is active []



Package xcolor Warning: Incompatible color definition on input line 834.

[18

]
Overfull \hbox (22.51956pt too wide) in paragraph at lines 845--846
\OT1/ptm/m/n/10.95 The dic-tio-nary is im-ple-mented us-ing a bi-nary search tree with an el-e-ment of type \OT1/pcr/m/n/10 struct KeyValueType\OT1/ptm/m/n/10.95 ,
 []


Underfull \hbox (badness 10000) in paragraph at lines 896--912

 []


Underfull \hbox (badness 10000) in paragraph at lines 896--912

 []


Underfull \hbox (badness 10000) in paragraph at lines 896--912

 []


Underfull \hbox (badness 10000) in paragraph at lines 896--912

 []


Underfull \hbox (badness 10000) in paragraph at lines 896--912

 []


Underfull \hbox (badness 10000) in paragraph at lines 896--912

 []


Underfull \hbox (badness 10000) in paragraph at lines 896--912

 []



File: CSSRforAfrica_logo_grey.pdf Graphic file (type pdf)
<use CSSRforAfrica_logo_grey.pdf>
Package pdftex.def Info: CSSRforAfrica_logo_grey.pdf  used on input line 912.
(pdftex.def)             Requested size: 71.13188pt x 18.25548pt.

Package xcolor Warning: Incompatible color definition on input line 912.


Overfull \vbox (11.7075pt too high) has occurred while \output is active []



Package xcolor Warning: Incompatible color definition on input line 912.

[19]

File: CSSRforAfrica_logo_grey.pdf Graphic file (type pdf)
<use CSSRforAfrica_logo_grey.pdf>
Package pdftex.def Info: CSSRforAfrica_logo_grey.pdf  used on input line 941.
(pdftex.def)             Requested size: 71.13188pt x 18.25548pt.

Package xcolor Warning: Incompatible color definition on input line 941.


Overfull \vbox (11.7075pt too high) has occurred while \output is active []



Package xcolor Warning: Incompatible color definition on input line 941.

[20]
Underfull \hbox (badness 10000) in paragraph at lines 944--949

 []


Underfull \hbox (badness 10000) in paragraph at lines 944--949

 []


Underfull \hbox (badness 10000) in paragraph at lines 954--957

 []



File: CSSRforAfrica_logo_grey.pdf Graphic file (type pdf)
<use CSSRforAfrica_logo_grey.pdf>
Package pdftex.def Info: CSSRforAfrica_logo_grey.pdf  used on input line 965.
(pdftex.def)             Requested size: 71.13188pt x 18.25548pt.

Package xcolor Warning: Incompatible color definition on input line 965.


Overfull \vbox (11.7075pt too high) has occurred while \output is active []



Package xcolor Warning: Incompatible color definition on input line 965.

[21]
Underfull \hbox (badness 10000) in paragraph at lines 1077--1079

 []



File: CSSRforAfrica_logo_grey.pdf Graphic file (type pdf)
<use CSSRforAfrica_logo_grey.pdf>
Package pdftex.def Info: CSSRforAfrica_logo_grey.pdf  used on input line 1080.
(pdftex.def)             Requested size: 71.13188pt x 18.25548pt.

Package xcolor Warning: Incompatible color definition on input line 1080.


Overfull \vbox (11.7075pt too high) has occurred while \output is active []



Package xcolor Warning: Incompatible color definition on input line 1080.

[22]
<screenshot1.png, id=507, 633.36626pt x 575.14874pt>
File: screenshot1.png Graphic file (type png)
<use screenshot1.png>
Package pdftex.def Info: screenshot1.png  used on input line 1084.
(pdftex.def)             Requested size: 442.65375pt x 401.97827pt.

Underfull \hbox (badness 10000) in paragraph at lines 1087--1087
[][]|\OT1/ptm/m/n/10.95 Screen-shot of the out-put of run-ning the ex-am-ple ap-pli-ca-tion: in-vok-ing
 []

<screenshot2.png, id=508, 634.37pt x 614.295pt>
File: screenshot2.png Graphic file (type png)
<use screenshot2.png>
Package pdftex.def Info: screenshot2.png  used on input line 1094.
(pdftex.def)             Requested size: 442.65375pt x 428.6538pt.


File: CSSRforAfrica_logo_grey.pdf Graphic file (type pdf)
<use CSSRforAfrica_logo_grey.pdf>
Package pdftex.def Info: CSSRforAfrica_logo_grey.pdf  used on input line 1100.
(pdftex.def)             Requested size: 71.13188pt x 18.25548pt.

Package xcolor Warning: Incompatible color definition on input line 1100.


Overfull \vbox (11.7075pt too high) has occurred while \output is active []



Package xcolor Warning: Incompatible color definition on input line 1100.

[23 <./screenshot1.png>]

File: CSSRforAfrica_logo_grey.pdf Graphic file (type pdf)
<use CSSRforAfrica_logo_grey.pdf>
Package pdftex.def Info: CSSRforAfrica_logo_grey.pdf  used on input line 1102.
(pdftex.def)             Requested size: 71.13188pt x 18.25548pt.

Package xcolor Warning: Incompatible color definition on input line 1102.


Overfull \vbox (11.7075pt too high) has occurred while \output is active []



Package xcolor Warning: Incompatible color definition on input line 1102.

[24 <./screenshot2.png>]

File: CSSRforAfrica_logo_grey.pdf Graphic file (type pdf)
<use CSSRforAfrica_logo_grey.pdf>
Package pdftex.def Info: CSSRforAfrica_logo_grey.pdf  used on input line 1219.
(pdftex.def)             Requested size: 71.13188pt x 18.25548pt.

Package xcolor Warning: Incompatible color definition on input line 1219.


Overfull \vbox (11.7075pt too high) has occurred while \output is active []



Package xcolor Warning: Incompatible color definition on input line 1219.

[25]

File: CSSRforAfrica_logo_grey.pdf Graphic file (type pdf)
<use CSSRforAfrica_logo_grey.pdf>
Package pdftex.def Info: CSSRforAfrica_logo_grey.pdf  used on input line 1231.
(pdftex.def)             Requested size: 71.13188pt x 18.25548pt.

Package xcolor Warning: Incompatible color definition on input line 1231.


Overfull \vbox (11.7075pt too high) has occurred while \output is active []



Package xcolor Warning: Incompatible color definition on input line 1231.

[26] (CSSR4Africa_Deliverable_D5.4.2.bbl
Underfull \hbox (badness 10000) in paragraph at lines 28--32
[]\OT1/ptm/m/n/10.95 Unreal En-gine.  Be-hav-ior Tree Overview.  [][]$\OT1/pcr/m/n/10.95 https : / / dev .
 []


Underfull \hbox (badness 10000) in paragraph at lines 28--32
\OT1/pcr/m/n/10.95 epicgames . com / documentation / en-[]us / unreal-[]engine /
 []

)

File: CSSRforAfrica_logo_grey.pdf Graphic file (type pdf)
<use CSSRforAfrica_logo_grey.pdf>
Package pdftex.def Info: CSSRforAfrica_logo_grey.pdf  used on input line 1241.
(pdftex.def)             Requested size: 71.13188pt x 18.25548pt.

Package xcolor Warning: Incompatible color definition on input line 1241.


Overfull \vbox (11.7075pt too high) has occurred while \output is active []



Package xcolor Warning: Incompatible color definition on input line 1241.

[27]
Underfull \hbox (badness 10000) in paragraph at lines 1245--1252

 []


Underfull \hbox (badness 10000) in paragraph at lines 1245--1252

 []



File: CSSRforAfrica_logo_grey.pdf Graphic file (type pdf)
<use CSSRforAfrica_logo_grey.pdf>
Package pdftex.def Info: CSSRforAfrica_logo_grey.pdf  used on input line 1254.
(pdftex.def)             Requested size: 71.13188pt x 18.25548pt.

Package xcolor Warning: Incompatible color definition on input line 1254.


Overfull \vbox (11.7075pt too high) has occurred while \output is active []



Package xcolor Warning: Incompatible color definition on input line 1254.

[28]

LaTeX Warning: Reference `section:background_information' on page 29 undefined on input line 1288.


LaTeX Warning: Reference `section:bt_implementation' on page 29 undefined on input line 1288.



File: CSSRforAfrica_logo_grey.pdf Graphic file (type pdf)
<use CSSRforAfrica_logo_grey.pdf>
Package pdftex.def Info: CSSRforAfrica_logo_grey.pdf  used on input line 1298.
(pdftex.def)             Requested size: 71.13188pt x 18.25548pt.

Package xcolor Warning: Incompatible color definition on input line 1298.


Overfull \vbox (11.7075pt too high) has occurred while \output is active []



Package xcolor Warning: Incompatible color definition on input line 1298.

[29]

File: CSSRforAfrica_logo_grey.pdf Graphic file (type pdf)
<use CSSRforAfrica_logo_grey.pdf>
Package pdftex.def Info: CSSRforAfrica_logo_grey.pdf  used on input line 1317.
(pdftex.def)             Requested size: 71.13188pt x 18.25548pt.

Package xcolor Warning: Incompatible color definition on input line 1317.


Overfull \vbox (11.7075pt too high) has occurred while \output is active []



Package xcolor Warning: Incompatible color definition on input line 1317.

[30] (CSSR4Africa_Deliverable_D5.4.2.aux)
 ***********
LaTeX2e <2024-11-01> patch level 1
L3 programming layer <2024-11-02>
 ***********


LaTeX Warning: There were undefined references.

Package rerunfilecheck Info: File `CSSR4Africa_Deliverable_D5.4.2.out' has not changed.
(rerunfilecheck)             Checksum: 53E1C703A50EC05DE625B876852C17A4;3831.
 ) 
Here is how much of TeX's memory you used:
 28526 strings out of 473650
 555162 string characters out of 5717934
 1699245 words of memory out of 5000000
 50758 multiletter control sequences out of 15000+600000
 602154 words of font info for 120 fonts, out of 8000000 for 9000
 1141 hyphenation exceptions out of 8191
 84i,18n,87p,1129b,2067s stack positions out of 10000i,1000n,20000p,200000b,200000s
<C:/Users/yohat/AppData/Local/Programs/MiKTeX/fonts/type1/public/amsfonts/cm/cmmi10.pfb><C:/Users/yohat/AppData/Local/Programs/MiKTeX/fonts/type1/public/amsfonts/cm/cmmi12.pfb><C:/Users/yohat/AppData/Local/Programs/MiKTeX/fonts/type1/public/amsfonts/cm/cmr10.pfb><C:/Users/yohat/AppData/Local/Programs/MiKTeX/fonts/type1/public/amsfonts/cm/cmsy10.pfb><C:/Users/yohat/AppData/Local/Programs/MiKTeX/fonts/type1/public/cm-super/sftt1095.pfb><C:/Users/yohat/AppData/Local/Programs/MiKTeX/fonts/type1/urw/courier/ucrr8a.pfb><C:/Users/yohat/AppData/Local/Programs/MiKTeX/fonts/type1/urw/helvetic/uhvb8a.pfb><C:/Users/yohat/AppData/Local/Programs/MiKTeX/fonts/type1/urw/helvetic/uhvr8a.pfb><C:/Users/yohat/AppData/Local/Programs/MiKTeX/fonts/type1/urw/times/utmb8a.pfb><C:/Users/yohat/AppData/Local/Programs/MiKTeX/fonts/type1/urw/times/utmr8a.pfb><C:/Users/yohat/AppData/Local/Programs/MiKTeX/fonts/type1/urw/times/utmri8a.pfb>
Output written on CSSR4Africa_Deliverable_D5.4.2.pdf (30 pages, 937092 bytes).
PDF statistics:
 763 PDF objects out of 1000 (max. 8388607)
 349 named destinations out of 1000 (max. 500000)
 250 words of extra memory for PDF output out of 10000 (max. 10000000)

