\BOOKMARK [1][-]{section.1}{\376\377\000I\000n\000t\000r\000o\000d\000u\000c\000t\000i\000o\000n}{}% 1
\BOOKMARK [1][-]{section.2}{\376\377\000S\000p\000e\000c\000i\000f\000i\000c\000a\000t\000i\000o\000n\000\040\000o\000f\000\040\000R\000o\000b\000o\000t\000\040\000M\000i\000s\000s\000i\000o\000n\000s\000\040\000w\000i\000t\000h\000\040\000B\000e\000h\000a\000v\000i\000o\000r\000\040\000T\000r\000e\000e\000s}{}% 2
\BOOKMARK [2][-]{subsection.2.1}{\376\377\000B\000e\000h\000a\000v\000i\000o\000r\000\040\000T\000r\000e\000e\000s}{section.2}% 3
\BOOKMARK [2][-]{subsection.2.2}{\376\377\000F\000l\000o\000w\000\040\000o\000f\000\040\000E\000x\000e\000c\000u\000t\000i\000o\000n}{section.2}% 4
\BOOKMARK [2][-]{subsection.2.3}{\376\377\000S\000t\000r\000u\000c\000t\000u\000r\000e}{section.2}% 5
\BOOKMARK [3][-]{subsubsection.2.3.1}{\376\377\000C\000o\000m\000p\000o\000s\000i\000t\000e\000\040\000N\000o\000d\000e\000s}{subsection.2.3}% 6
\BOOKMARK [3][-]{subsubsection.2.3.2}{\376\377\000L\000e\000a\000f\000\040\000N\000o\000d\000e\000s}{subsection.2.3}% 7
\BOOKMARK [2][-]{subsection.2.4}{\376\377\000G\000r\000o\000o\000t\0002}{section.2}% 8
\BOOKMARK [1][-]{section.3}{\376\377\000E\000n\000v\000i\000r\000o\000n\000m\000e\000n\000t\000\040\000K\000n\000o\000w\000l\000e\000d\000g\000e\000\040\000O\000n\000t\000o\000l\000o\000g\000y\000\040\000a\000n\000d\000\040\000K\000n\000o\000w\000l\000e\000d\000g\000e\000\040\000B\000a\000s\000e}{}% 9
\BOOKMARK [1][-]{section.4}{\376\377\000E\000n\000v\000i\000r\000o\000n\000m\000e\000n\000t\000\040\000K\000n\000o\000w\000l\000e\000d\000g\000e\000\040\000B\000a\000s\000e\000\040\000I\000m\000p\000l\000e\000m\000e\000n\000t\000a\000t\000i\000o\000n}{}% 10
\BOOKMARK [2][-]{subsection.4.1}{\376\377\000F\000i\000l\000e\000\040\000O\000r\000g\000a\000n\000i\000z\000a\000t\000i\000o\000n}{section.4}% 11
\BOOKMARK [2][-]{subsection.4.2}{\376\377\000C\000o\000n\000f\000i\000g\000u\000r\000a\000t\000i\000o\000n\000\040\000F\000i\000l\000e}{section.4}% 12
\BOOKMARK [2][-]{subsection.4.3}{\376\377\000E\000n\000v\000i\000r\000o\000n\000m\000e\000n\000t\000\040\000K\000n\000o\000w\000l\000e\000g\000e\000\040\000B\000a\000s\000e}{section.4}% 13
\BOOKMARK [2][-]{subsection.4.4}{\376\377\000O\000u\000t\000p\000u\000t\000\040\000D\000a\000t\000a\000\040\000F\000i\000l\000e}{section.4}% 14
\BOOKMARK [2][-]{subsection.4.5}{\376\377\000C\000l\000a\000s\000s\000\040\000D\000e\000f\000i\000n\000i\000t\000i\000o\000n}{section.4}% 15
\BOOKMARK [3][-]{subsubsection.4.5.1}{\376\377\000C\000o\000n\000s\000t\000r\000u\000c\000t\000o\000r}{subsection.4.5}% 16
\BOOKMARK [3][-]{subsubsection.4.5.2}{\376\377\000D\000e\000s\000t\000r\000u\000c\000t\000o\000r}{subsection.4.5}% 17
\BOOKMARK [3][-]{subsubsection.4.5.3}{\376\377\000P\000r\000i\000v\000a\000t\000e\000\040\000D\000a\000t\000a}{subsection.4.5}% 18
\BOOKMARK [3][-]{subsubsection.4.5.4}{\376\377\000P\000u\000b\000l\000i\000c\000\040\000A\000c\000c\000e\000s\000s\000\040\000M\000e\000t\000h\000o\000d\000s}{subsection.4.5}% 19
\BOOKMARK [1][-]{section.5}{\376\377\000E\000x\000a\000m\000p\000l\000e\000\040\000A\000p\000p\000l\000i\000c\000a\000t\000i\000o\000n}{}% 20
\BOOKMARK [1][-]{appendix.1.A}{\376\377\000A\000p\000p\000e\000n\000d\000i\000x\000\040\000T\000h\000e\000\040\000E\000n\000v\000i\000r\000o\000n\000m\000e\000n\000t\000K\000n\000o\000w\000l\000e\000d\000g\000e\000B\000a\000s\000e\000\040\000C\000l\000a\000s\000s}{}% 21
\BOOKMARK [1][-]{section*.30}{\376\377\000R\000e\000f\000e\000r\000e\000n\000c\000e\000s}{}% 22
\BOOKMARK [1][-]{section*.31}{\376\377\000P\000r\000i\000n\000c\000i\000p\000a\000l\000\040\000C\000o\000n\000t\000r\000i\000b\000u\000t\000o\000r\000s}{}% 23
\BOOKMARK [1][-]{section*.32}{\376\377\000D\000o\000c\000u\000m\000e\000n\000t\000\040\000H\000i\000s\000t\000o\000r\000y}{}% 24
