This is pdfTeX, Version 3.141592653-2.6-1.40.25 (TeX Live 2023) (preloaded format=pdflatex 2023.5.16)  9 JUN 2025 07:41
entering extended mode
 restricted \write18 enabled.
 %&-line parsing enabled.
**CSSR4Africa_Deliverable_D5.4.3.tex
(./CSSR4Africa_Deliverable_D5.4.3.tex
LaTeX2e <2022-11-01> patch level 1
L3 programming layer <2023-02-22> (./CSSRforAfrica.cls
Document Class: CSSRforAfrica 2023/06/28 v1.0 
 
CSSRforAfrica Deliverable Style 

(/usr/local/texlive/2023/texmf-dist/tex/latex/base/article.cls
Document Class: article 2022/07/02 v1.4n Standard LaTeX document class
(/usr/local/texlive/2023/texmf-dist/tex/latex/base/size11.clo
File: size11.clo 2022/07/02 v1.4n Standard LaTeX file (size option)
)
\c@part=\count185
\c@section=\count186
\c@subsection=\count187
\c@subsubsection=\count188
\c@paragraph=\count189
\c@subparagraph=\count190
\c@figure=\count191
\c@table=\count192
\abovecaptionskip=\skip48
\belowcaptionskip=\skip49
\bibindent=\dimen140
)
(/usr/local/texlive/2023/texmf-dist/tex/latex/psnfss/times.sty
Package: times 2020/03/25 PSNFSS-v9.3 (SPQR) 
)
(/usr/local/texlive/2023/texmf-dist/tex/latex/a4wide/a4wide.sty
Package: a4wide 1994/08/30

(/usr/local/texlive/2023/texmf-dist/tex/latex/ntgclass/a4.sty
Package: a4 2023/01/10 v1.2g A4 based page layout
))
(/usr/local/texlive/2023/texmf-dist/tex/latex/tools/array.sty
Package: array 2022/09/04 v2.5g Tabular extension package (FMi)
\col@sep=\dimen141
\ar@mcellbox=\box51
\extrarowheight=\dimen142
\NC@list=\toks16
\extratabsurround=\skip50
\backup@length=\skip51
\ar@cellbox=\box52
)
(/usr/local/texlive/2023/texmf-dist/tex/latex/graphics/graphicx.sty
Package: graphicx 2021/09/16 v1.2d Enhanced LaTeX Graphics (DPC,SPQR)

(/usr/local/texlive/2023/texmf-dist/tex/latex/graphics/keyval.sty
Package: keyval 2022/05/29 v1.15 key=value parser (DPC)
\KV@toks@=\toks17
)
(/usr/local/texlive/2023/texmf-dist/tex/latex/graphics/graphics.sty
Package: graphics 2022/03/10 v1.4e Standard LaTeX Graphics (DPC,SPQR)

(/usr/local/texlive/2023/texmf-dist/tex/latex/graphics/trig.sty
Package: trig 2021/08/11 v1.11 sin cos tan (DPC)
)
(/usr/local/texlive/2023/texmf-dist/tex/latex/graphics-cfg/graphics.cfg
File: graphics.cfg 2016/06/04 v1.11 sample graphics configuration
)
Package graphics Info: Driver file: dvips.def on input line 107.

(/usr/local/texlive/2023/texmf-dist/tex/latex/graphics-def/dvips.def
File: dvips.def 2022/09/22 v3.1e Graphics/color driver for dvips
))
\Gin@req@height=\dimen143
\Gin@req@width=\dimen144
)
(/usr/local/texlive/2023/texmf-dist/tex/latex/graphics/color.sty
Package: color 2022/01/06 v1.3d Standard LaTeX Color (DPC)

(/usr/local/texlive/2023/texmf-dist/tex/latex/graphics-cfg/color.cfg
File: color.cfg 2016/01/02 v1.6 sample color configuration
)
Package color Info: Driver file: pdftex.def on input line 149.

(/usr/local/texlive/2023/texmf-dist/tex/latex/graphics-def/pdftex.def
File: pdftex.def 2022/09/22 v1.2b Graphics/color driver for pdftex
)
(/usr/local/texlive/2023/texmf-dist/tex/latex/graphics/mathcolor.ltx))
(/usr/local/texlive/2023/texmf-dist/tex/generic/ulem/ulem.sty
\UL@box=\box53
\UL@hyphenbox=\box54
\UL@skip=\skip52
\UL@hook=\toks18
\UL@height=\dimen145
\UL@pe=\count193
\UL@pixel=\dimen146
\ULC@box=\box55
Package: ulem 2019/11/18
\ULdepth=\dimen147
)
(/usr/local/texlive/2023/texmf-dist/tex/latex/tools/calc.sty
Package: calc 2017/05/25 v4.3 Infix arithmetic (KKT,FJ)
\calc@Acount=\count194
\calc@Bcount=\count195
\calc@Adimen=\dimen148
\calc@Bdimen=\dimen149
\calc@Askip=\skip53
\calc@Bskip=\skip54
LaTeX Info: Redefining \setlength on input line 80.
LaTeX Info: Redefining \addtolength on input line 81.
\calc@Ccount=\count196
\calc@Cskip=\skip55
)
(/usr/local/texlive/2023/texmf-dist/tex/latex/base/ifthen.sty
Package: ifthen 2022/04/13 v1.1d Standard LaTeX ifthen package (DPC)
)
\headrulewidth=\dimen150
\footrulewidth=\dimen151
\plainheadrulewidth=\dimen152
\plainfootrulewidth=\dimen153
\headwidth=\dimen154
\footruleskip=\dimen155
\@sbpartners=\box56
\contrib=\box57
)
(/usr/local/texlive/2023/texmf-dist/tex/latex/hyperref/hyperref.sty
Package: hyperref 2023-02-07 v7.00v Hypertext links for LaTeX

(/usr/local/texlive/2023/texmf-dist/tex/generic/ltxcmds/ltxcmds.sty
Package: ltxcmds 2020-05-10 v1.25 LaTeX kernel commands for general use (HO)
)
(/usr/local/texlive/2023/texmf-dist/tex/generic/iftex/iftex.sty
Package: iftex 2022/02/03 v1.0f TeX engine tests
)
(/usr/local/texlive/2023/texmf-dist/tex/generic/pdftexcmds/pdftexcmds.sty
Package: pdftexcmds 2020-06-27 v0.33 Utility functions of pdfTeX for LuaTeX (HO
)

(/usr/local/texlive/2023/texmf-dist/tex/generic/infwarerr/infwarerr.sty
Package: infwarerr 2019/12/03 v1.5 Providing info/warning/error messages (HO)
)
Package pdftexcmds Info: \pdf@primitive is available.
Package pdftexcmds Info: \pdf@ifprimitive is available.
Package pdftexcmds Info: \pdfdraftmode found.
)
(/usr/local/texlive/2023/texmf-dist/tex/latex/kvsetkeys/kvsetkeys.sty
Package: kvsetkeys 2022-10-05 v1.19 Key value parser (HO)
)
(/usr/local/texlive/2023/texmf-dist/tex/generic/kvdefinekeys/kvdefinekeys.sty
Package: kvdefinekeys 2019-12-19 v1.6 Define keys (HO)
)
(/usr/local/texlive/2023/texmf-dist/tex/generic/pdfescape/pdfescape.sty
Package: pdfescape 2019/12/09 v1.15 Implements pdfTeX's escape features (HO)
)
(/usr/local/texlive/2023/texmf-dist/tex/latex/hycolor/hycolor.sty
Package: hycolor 2020-01-27 v1.10 Color options for hyperref/bookmark (HO)
)
(/usr/local/texlive/2023/texmf-dist/tex/latex/letltxmacro/letltxmacro.sty
Package: letltxmacro 2019/12/03 v1.6 Let assignment for LaTeX macros (HO)
)
(/usr/local/texlive/2023/texmf-dist/tex/latex/auxhook/auxhook.sty
Package: auxhook 2019-12-17 v1.6 Hooks for auxiliary files (HO)
)
(/usr/local/texlive/2023/texmf-dist/tex/latex/hyperref/nameref.sty
Package: nameref 2022-05-17 v2.50 Cross-referencing by name of section

(/usr/local/texlive/2023/texmf-dist/tex/latex/refcount/refcount.sty
Package: refcount 2019/12/15 v3.6 Data extraction from label references (HO)
)
(/usr/local/texlive/2023/texmf-dist/tex/generic/gettitlestring/gettitlestring.s
ty
Package: gettitlestring 2019/12/15 v1.6 Cleanup title references (HO)
 (/usr/local/texlive/2023/texmf-dist/tex/latex/kvoptions/kvoptions.sty
Package: kvoptions 2022-06-15 v3.15 Key value format for package options (HO)
))
\c@section@level=\count197
)
\@linkdim=\dimen156
\Hy@linkcounter=\count198
\Hy@pagecounter=\count199

(/usr/local/texlive/2023/texmf-dist/tex/latex/hyperref/pd1enc.def
File: pd1enc.def 2023-02-07 v7.00v Hyperref: PDFDocEncoding definition (HO)
Now handling font encoding PD1 ...
... no UTF-8 mapping file for font encoding PD1
)
(/usr/local/texlive/2023/texmf-dist/tex/generic/intcalc/intcalc.sty
Package: intcalc 2019/12/15 v1.3 Expandable calculations with integers (HO)
)
(/usr/local/texlive/2023/texmf-dist/tex/generic/etexcmds/etexcmds.sty
Package: etexcmds 2019/12/15 v1.7 Avoid name clashes with e-TeX commands (HO)
)
\Hy@SavedSpaceFactor=\count266

(/usr/local/texlive/2023/texmf-dist/tex/latex/hyperref/puenc.def
File: puenc.def 2023-02-07 v7.00v Hyperref: PDF Unicode definition (HO)
Now handling font encoding PU ...
... no UTF-8 mapping file for font encoding PU
)
Package hyperref Info: Option `colorlinks' set `false' on input line 4060.
Package hyperref Info: Hyper figures OFF on input line 4177.
Package hyperref Info: Link nesting OFF on input line 4182.
Package hyperref Info: Hyper index ON on input line 4185.
Package hyperref Info: Plain pages OFF on input line 4192.
Package hyperref Info: Backreferencing OFF on input line 4197.
Package hyperref Info: Implicit mode ON; LaTeX internals redefined.
Package hyperref Info: Bookmarks ON on input line 4425.
\c@Hy@tempcnt=\count267

(/usr/local/texlive/2023/texmf-dist/tex/latex/url/url.sty
\Urlmuskip=\muskip16
Package: url 2013/09/16  ver 3.4  Verb mode for urls, etc.
)
LaTeX Info: Redefining \url on input line 4763.
\XeTeXLinkMargin=\dimen157

(/usr/local/texlive/2023/texmf-dist/tex/generic/bitset/bitset.sty
Package: bitset 2019/12/09 v1.3 Handle bit-vector datatype (HO)

(/usr/local/texlive/2023/texmf-dist/tex/generic/bigintcalc/bigintcalc.sty
Package: bigintcalc 2019/12/15 v1.5 Expandable calculations on big integers (HO
)
))
\Fld@menulength=\count268
\Field@Width=\dimen158
\Fld@charsize=\dimen159
Package hyperref Info: Hyper figures OFF on input line 6042.
Package hyperref Info: Link nesting OFF on input line 6047.
Package hyperref Info: Hyper index ON on input line 6050.
Package hyperref Info: backreferencing OFF on input line 6057.
Package hyperref Info: Link coloring OFF on input line 6062.
Package hyperref Info: Link coloring with OCG OFF on input line 6067.
Package hyperref Info: PDF/A mode OFF on input line 6072.

(/usr/local/texlive/2023/texmf-dist/tex/latex/base/atbegshi-ltx.sty
Package: atbegshi-ltx 2021/01/10 v1.0c Emulation of the original atbegshi
package with kernel methods
)
\Hy@abspage=\count269
\c@Item=\count270
\c@Hfootnote=\count271
)
Package hyperref Info: Driver (autodetected): hpdftex.

(/usr/local/texlive/2023/texmf-dist/tex/latex/hyperref/hpdftex.def
File: hpdftex.def 2023-02-07 v7.00v Hyperref driver for pdfTeX

(/usr/local/texlive/2023/texmf-dist/tex/latex/base/atveryend-ltx.sty
Package: atveryend-ltx 2020/08/19 v1.0a Emulation of the original atveryend pac
kage
with kernel methods
)
\Fld@listcount=\count272
\c@bookmark@seq@number=\count273

(/usr/local/texlive/2023/texmf-dist/tex/latex/rerunfilecheck/rerunfilecheck.sty
Package: rerunfilecheck 2022-07-10 v1.10 Rerun checks for auxiliary files (HO)

(/usr/local/texlive/2023/texmf-dist/tex/generic/uniquecounter/uniquecounter.sty
Package: uniquecounter 2019/12/15 v1.4 Provide unlimited unique counter (HO)
)
Package uniquecounter Info: New unique counter `rerunfilecheck' on input line 2
85.
)
\Hy@SectionHShift=\skip56
) (/usr/local/texlive/2023/texmf-dist/tex/latex/appendix/appendix.sty
Package: appendix 2020/02/08 v1.2c extra appendix facilities
\c@@pps=\count274
\c@@ppsavesec=\count275
\c@@ppsaveapp=\count276
)
(/usr/local/texlive/2023/texmf-dist/tex/latex/base/latexsym.sty
Package: latexsym 1998/08/17 v2.2e Standard LaTeX package (lasy symbols)
\symlasy=\mathgroup4
LaTeX Font Info:    Overwriting symbol font `lasy' in version `bold'
(Font)                  U/lasy/m/n --> U/lasy/b/n on input line 52.
)
(/usr/local/texlive/2023/texmf-dist/tex/latex/pdflscape/pdflscape.sty
Package: pdflscape 2022-10-27 v0.13 Display of landscape pages in PDF

(/usr/local/texlive/2023/texmf-dist/tex/latex/pdflscape/pdflscape-nometadata.st
y
Package: pdflscape-nometadata 2022-10-28 v0.13 Display of landscape pages in PD
F (HO)
 (/usr/local/texlive/2023/texmf-dist/tex/latex/graphics/lscape.sty
Package: lscape 2020/05/28 v3.02 Landscape Pages (DPC)
)
Package pdflscape Info: Auto-detected driver: pdftex on input line 81.
))
(/usr/local/texlive/2023/texmf-dist/tex/latex/xcolor/xcolor.sty
Package: xcolor 2022/06/12 v2.14 LaTeX color extensions (UK)

(/usr/local/texlive/2023/texmf-dist/tex/latex/graphics-cfg/color.cfg
File: color.cfg 2016/01/02 v1.6 sample color configuration
)
Package xcolor Info: Driver file: pdftex.def on input line 227.

(/usr/local/texlive/2023/texmf-dist/tex/latex/colortbl/colortbl.sty
Package: colortbl 2022/06/20 v1.0f Color table columns (DPC)
\everycr=\toks19
\minrowclearance=\skip57
\rownum=\count277
)
LaTeX Info: Redefining \color on input line 711.

(/usr/local/texlive/2023/texmf-dist/tex/latex/graphics/mathcolor.ltx)
Package xcolor Info: Model `cmy' substituted by `cmy0' on input line 1353.
Package xcolor Info: Model `RGB' extended on input line 1369.
Package xcolor Info: Model `HTML' substituted by `rgb' on input line 1371.
Package xcolor Info: Model `Hsb' substituted by `hsb' on input line 1372.
Package xcolor Info: Model `tHsb' substituted by `hsb' on input line 1373.
Package xcolor Info: Model `HSB' substituted by `hsb' on input line 1374.
Package xcolor Info: Model `Gray' substituted by `gray' on input line 1375.
Package xcolor Info: Model `wave' substituted by `hsb' on input line 1376.
)
(/usr/local/texlive/2023/texmf-dist/tex/latex/tools/longtable.sty
Package: longtable 2021-09-01 v4.17 Multi-page Table package (DPC)
\LTleft=\skip58
\LTright=\skip59
\LTpre=\skip60
\LTpost=\skip61
\LTchunksize=\count278
\LTcapwidth=\dimen160
\LT@head=\box58
\LT@firsthead=\box59
\LT@foot=\box60
\LT@lastfoot=\box61
\LT@gbox=\box62
\LT@cols=\count279
\LT@rows=\count280
\c@LT@tables=\count281
\c@LT@chunks=\count282
\LT@p@ftn=\toks20
)
(/usr/local/texlive/2023/texmf-dist/tex/latex/base/fontenc.sty
Package: fontenc 2021/04/29 v2.0v Standard LaTeX package
LaTeX Font Info:    Trying to load font information for OT1+ptm on input line 1
12.

(/usr/local/texlive/2023/texmf-dist/tex/latex/psnfss/ot1ptm.fd
File: ot1ptm.fd 2001/06/04 font definitions for OT1/ptm.
))
(/usr/local/texlive/2023/texmf-dist/tex/latex/caption/caption.sty
Package: caption 2023/03/12 v3.6j Customizing captions (AR)

(/usr/local/texlive/2023/texmf-dist/tex/latex/caption/caption3.sty
Package: caption3 2023/03/12 v2.4 caption3 kernel (AR)
\caption@tempdima=\dimen161
\captionmargin=\dimen162
\caption@leftmargin=\dimen163
\caption@rightmargin=\dimen164
\caption@width=\dimen165
\caption@indent=\dimen166
\caption@parindent=\dimen167
\caption@hangindent=\dimen168
Package caption Info: Standard document class detected.
)
\c@caption@flags=\count283
\c@continuedfloat=\count284
Package caption Info: hyperref package is loaded.
Package caption Info: longtable package is loaded.

(/usr/local/texlive/2023/texmf-dist/tex/latex/caption/ltcaption.sty
Package: ltcaption 2021/01/08 v1.4c longtable captions (AR)
))
(/usr/local/texlive/2023/texmf-dist/tex/generic/dirtree/dirtree.sty
Package: dirtree 2012/12/11 v0.32 package wrapper for dirtree

(/usr/local/texlive/2023/texmf-dist/tex/generic/dirtree/dirtree.tex
`dirtree' v0.32, 2012/12/11 (jcc)
\DT@offset=\dimen169
\DT@width=\dimen170
\DT@sep=\dimen171
\DT@all=\dimen172
\DT@rulewidth=\dimen173
\DT@dotwidth=\dimen174
\DTbaselineskip=\dimen175
\DT@counti=\count285
\DT@countii=\count286
\DT@countiii=\count287
\DT@countiv=\count288
\DT@indent=\dimen176
\DT@parskip=\dimen177
\DT@baselineskip=\dimen178
)
File: dirtree.tex 2012/12/11 v0.32 `dirtree' (jcc)
)
(/usr/local/texlive/2023/texmf-dist/tex/latex/listings/listings.sty
\lst@mode=\count289
\lst@gtempboxa=\box63
\lst@token=\toks21
\lst@length=\count290
\lst@currlwidth=\dimen179
\lst@column=\count291
\lst@pos=\count292
\lst@lostspace=\dimen180
\lst@width=\dimen181
\lst@newlines=\count293
\lst@lineno=\count294
\lst@maxwidth=\dimen182

(/usr/local/texlive/2023/texmf-dist/tex/latex/listings/lstmisc.sty
File: lstmisc.sty 2023/02/27 1.9 (Carsten Heinz)
\c@lstnumber=\count295
\lst@skipnumbers=\count296
\lst@framebox=\box64
)
(/usr/local/texlive/2023/texmf-dist/tex/latex/listings/listings.cfg
File: listings.cfg 2023/02/27 1.9 listings configuration
))
Package: listings 2023/02/27 1.9 (Carsten Heinz)

(/usr/local/texlive/2023/texmf-dist/tex/latex/float/float.sty
Package: float 2001/11/08 v1.3d Float enhancements (AL)
\c@float@type=\count297
\float@exts=\toks22
\float@box=\box65
\@float@everytoks=\toks23
\@floatcapt=\box66
)
(/usr/local/texlive/2023/texmf-dist/tex/latex/pgf/frontendlayer/tikz.sty
(/usr/local/texlive/2023/texmf-dist/tex/latex/pgf/basiclayer/pgf.sty
(/usr/local/texlive/2023/texmf-dist/tex/latex/pgf/utilities/pgfrcs.sty
(/usr/local/texlive/2023/texmf-dist/tex/generic/pgf/utilities/pgfutil-common.te
x
\pgfutil@everybye=\toks24
\pgfutil@tempdima=\dimen183
\pgfutil@tempdimb=\dimen184
)
(/usr/local/texlive/2023/texmf-dist/tex/generic/pgf/utilities/pgfutil-latex.def
\pgfutil@abb=\box67
) (/usr/local/texlive/2023/texmf-dist/tex/generic/pgf/utilities/pgfrcs.code.tex
(/usr/local/texlive/2023/texmf-dist/tex/generic/pgf/pgf.revision.tex)
Package: pgfrcs 2023-01-15 v3.1.10 (3.1.10)
))
Package: pgf 2023-01-15 v3.1.10 (3.1.10)

(/usr/local/texlive/2023/texmf-dist/tex/latex/pgf/basiclayer/pgfcore.sty
(/usr/local/texlive/2023/texmf-dist/tex/latex/pgf/systemlayer/pgfsys.sty
(/usr/local/texlive/2023/texmf-dist/tex/generic/pgf/systemlayer/pgfsys.code.tex
Package: pgfsys 2023-01-15 v3.1.10 (3.1.10)
(/usr/local/texlive/2023/texmf-dist/tex/generic/pgf/utilities/pgfkeys.code.tex
\pgfkeys@pathtoks=\toks25
\pgfkeys@temptoks=\toks26

(/usr/local/texlive/2023/texmf-dist/tex/generic/pgf/utilities/pgfkeyslibraryfil
tered.code.tex
\pgfkeys@tmptoks=\toks27
))
\pgf@x=\dimen185
\pgf@y=\dimen186
\pgf@xa=\dimen187
\pgf@ya=\dimen188
\pgf@xb=\dimen189
\pgf@yb=\dimen190
\pgf@xc=\dimen191
\pgf@yc=\dimen192
\pgf@xd=\dimen193
\pgf@yd=\dimen194
\w@pgf@writea=\write3
\r@pgf@reada=\read2
\c@pgf@counta=\count298
\c@pgf@countb=\count299
\c@pgf@countc=\count300
\c@pgf@countd=\count301
\t@pgf@toka=\toks28
\t@pgf@tokb=\toks29
\t@pgf@tokc=\toks30
\pgf@sys@id@count=\count302

(/usr/local/texlive/2023/texmf-dist/tex/generic/pgf/systemlayer/pgf.cfg
File: pgf.cfg 2023-01-15 v3.1.10 (3.1.10)
)
Driver file for pgf: pgfsys-pdftex.def

(/usr/local/texlive/2023/texmf-dist/tex/generic/pgf/systemlayer/pgfsys-pdftex.d
ef
File: pgfsys-pdftex.def 2023-01-15 v3.1.10 (3.1.10)

(/usr/local/texlive/2023/texmf-dist/tex/generic/pgf/systemlayer/pgfsys-common-p
df.def
File: pgfsys-common-pdf.def 2023-01-15 v3.1.10 (3.1.10)
)))
(/usr/local/texlive/2023/texmf-dist/tex/generic/pgf/systemlayer/pgfsyssoftpath.
code.tex
File: pgfsyssoftpath.code.tex 2023-01-15 v3.1.10 (3.1.10)
\pgfsyssoftpath@smallbuffer@items=\count303
\pgfsyssoftpath@bigbuffer@items=\count304
)
(/usr/local/texlive/2023/texmf-dist/tex/generic/pgf/systemlayer/pgfsysprotocol.
code.tex
File: pgfsysprotocol.code.tex 2023-01-15 v3.1.10 (3.1.10)
))
(/usr/local/texlive/2023/texmf-dist/tex/generic/pgf/basiclayer/pgfcore.code.tex
Package: pgfcore 2023-01-15 v3.1.10 (3.1.10)
(/usr/local/texlive/2023/texmf-dist/tex/generic/pgf/math/pgfmath.code.tex
(/usr/local/texlive/2023/texmf-dist/tex/generic/pgf/math/pgfmathutil.code.tex)
(/usr/local/texlive/2023/texmf-dist/tex/generic/pgf/math/pgfmathparser.code.tex
\pgfmath@dimen=\dimen195
\pgfmath@count=\count305
\pgfmath@box=\box68
\pgfmath@toks=\toks31
\pgfmath@stack@operand=\toks32
\pgfmath@stack@operation=\toks33
)
(/usr/local/texlive/2023/texmf-dist/tex/generic/pgf/math/pgfmathfunctions.code.
tex)
(/usr/local/texlive/2023/texmf-dist/tex/generic/pgf/math/pgfmathfunctions.basic
.code.tex)
(/usr/local/texlive/2023/texmf-dist/tex/generic/pgf/math/pgfmathfunctions.trigo
nometric.code.tex)
(/usr/local/texlive/2023/texmf-dist/tex/generic/pgf/math/pgfmathfunctions.rando
m.code.tex)
(/usr/local/texlive/2023/texmf-dist/tex/generic/pgf/math/pgfmathfunctions.compa
rison.code.tex)
(/usr/local/texlive/2023/texmf-dist/tex/generic/pgf/math/pgfmathfunctions.base.
code.tex)
(/usr/local/texlive/2023/texmf-dist/tex/generic/pgf/math/pgfmathfunctions.round
.code.tex)
(/usr/local/texlive/2023/texmf-dist/tex/generic/pgf/math/pgfmathfunctions.misc.
code.tex)
(/usr/local/texlive/2023/texmf-dist/tex/generic/pgf/math/pgfmathfunctions.integ
erarithmetics.code.tex)
(/usr/local/texlive/2023/texmf-dist/tex/generic/pgf/math/pgfmathcalc.code.tex)
(/usr/local/texlive/2023/texmf-dist/tex/generic/pgf/math/pgfmathfloat.code.tex
\c@pgfmathroundto@lastzeros=\count306
)) (/usr/local/texlive/2023/texmf-dist/tex/generic/pgf/math/pgfint.code.tex)
(/usr/local/texlive/2023/texmf-dist/tex/generic/pgf/basiclayer/pgfcorepoints.co
de.tex
File: pgfcorepoints.code.tex 2023-01-15 v3.1.10 (3.1.10)
\pgf@picminx=\dimen196
\pgf@picmaxx=\dimen197
\pgf@picminy=\dimen198
\pgf@picmaxy=\dimen199
\pgf@pathminx=\dimen256
\pgf@pathmaxx=\dimen257
\pgf@pathminy=\dimen258
\pgf@pathmaxy=\dimen259
\pgf@xx=\dimen260
\pgf@xy=\dimen261
\pgf@yx=\dimen262
\pgf@yy=\dimen263
\pgf@zx=\dimen264
\pgf@zy=\dimen265
)
(/usr/local/texlive/2023/texmf-dist/tex/generic/pgf/basiclayer/pgfcorepathconst
ruct.code.tex
File: pgfcorepathconstruct.code.tex 2023-01-15 v3.1.10 (3.1.10)
\pgf@path@lastx=\dimen266
\pgf@path@lasty=\dimen267
)
(/usr/local/texlive/2023/texmf-dist/tex/generic/pgf/basiclayer/pgfcorepathusage
.code.tex
File: pgfcorepathusage.code.tex 2023-01-15 v3.1.10 (3.1.10)
\pgf@shorten@end@additional=\dimen268
\pgf@shorten@start@additional=\dimen269
)
(/usr/local/texlive/2023/texmf-dist/tex/generic/pgf/basiclayer/pgfcorescopes.co
de.tex
File: pgfcorescopes.code.tex 2023-01-15 v3.1.10 (3.1.10)
\pgfpic=\box69
\pgf@hbox=\box70
\pgf@layerbox@main=\box71
\pgf@picture@serial@count=\count307
)
(/usr/local/texlive/2023/texmf-dist/tex/generic/pgf/basiclayer/pgfcoregraphicst
ate.code.tex
File: pgfcoregraphicstate.code.tex 2023-01-15 v3.1.10 (3.1.10)
\pgflinewidth=\dimen270
)
(/usr/local/texlive/2023/texmf-dist/tex/generic/pgf/basiclayer/pgfcoretransform
ations.code.tex
File: pgfcoretransformations.code.tex 2023-01-15 v3.1.10 (3.1.10)
\pgf@pt@x=\dimen271
\pgf@pt@y=\dimen272
\pgf@pt@temp=\dimen273
)
(/usr/local/texlive/2023/texmf-dist/tex/generic/pgf/basiclayer/pgfcorequick.cod
e.tex
File: pgfcorequick.code.tex 2023-01-15 v3.1.10 (3.1.10)
)
(/usr/local/texlive/2023/texmf-dist/tex/generic/pgf/basiclayer/pgfcoreobjects.c
ode.tex
File: pgfcoreobjects.code.tex 2023-01-15 v3.1.10 (3.1.10)
)
(/usr/local/texlive/2023/texmf-dist/tex/generic/pgf/basiclayer/pgfcorepathproce
ssing.code.tex
File: pgfcorepathprocessing.code.tex 2023-01-15 v3.1.10 (3.1.10)
)
(/usr/local/texlive/2023/texmf-dist/tex/generic/pgf/basiclayer/pgfcorearrows.co
de.tex
File: pgfcorearrows.code.tex 2023-01-15 v3.1.10 (3.1.10)
\pgfarrowsep=\dimen274
)
(/usr/local/texlive/2023/texmf-dist/tex/generic/pgf/basiclayer/pgfcoreshade.cod
e.tex
File: pgfcoreshade.code.tex 2023-01-15 v3.1.10 (3.1.10)
\pgf@max=\dimen275
\pgf@sys@shading@range@num=\count308
\pgf@shadingcount=\count309
)
(/usr/local/texlive/2023/texmf-dist/tex/generic/pgf/basiclayer/pgfcoreimage.cod
e.tex
File: pgfcoreimage.code.tex 2023-01-15 v3.1.10 (3.1.10)
)
(/usr/local/texlive/2023/texmf-dist/tex/generic/pgf/basiclayer/pgfcoreexternal.
code.tex
File: pgfcoreexternal.code.tex 2023-01-15 v3.1.10 (3.1.10)
\pgfexternal@startupbox=\box72
)
(/usr/local/texlive/2023/texmf-dist/tex/generic/pgf/basiclayer/pgfcorelayers.co
de.tex
File: pgfcorelayers.code.tex 2023-01-15 v3.1.10 (3.1.10)
)
(/usr/local/texlive/2023/texmf-dist/tex/generic/pgf/basiclayer/pgfcoretranspare
ncy.code.tex
File: pgfcoretransparency.code.tex 2023-01-15 v3.1.10 (3.1.10)
)
(/usr/local/texlive/2023/texmf-dist/tex/generic/pgf/basiclayer/pgfcorepatterns.
code.tex
File: pgfcorepatterns.code.tex 2023-01-15 v3.1.10 (3.1.10)
)
(/usr/local/texlive/2023/texmf-dist/tex/generic/pgf/basiclayer/pgfcorerdf.code.
tex
File: pgfcorerdf.code.tex 2023-01-15 v3.1.10 (3.1.10)
)))
(/usr/local/texlive/2023/texmf-dist/tex/generic/pgf/modules/pgfmoduleshapes.cod
e.tex
File: pgfmoduleshapes.code.tex 2023-01-15 v3.1.10 (3.1.10)
\pgfnodeparttextbox=\box73
)
(/usr/local/texlive/2023/texmf-dist/tex/generic/pgf/modules/pgfmoduleplot.code.
tex
File: pgfmoduleplot.code.tex 2023-01-15 v3.1.10 (3.1.10)
)
(/usr/local/texlive/2023/texmf-dist/tex/latex/pgf/compatibility/pgfcomp-version
-0-65.sty
Package: pgfcomp-version-0-65 2023-01-15 v3.1.10 (3.1.10)
\pgf@nodesepstart=\dimen276
\pgf@nodesepend=\dimen277
)
(/usr/local/texlive/2023/texmf-dist/tex/latex/pgf/compatibility/pgfcomp-version
-1-18.sty
Package: pgfcomp-version-1-18 2023-01-15 v3.1.10 (3.1.10)
))
(/usr/local/texlive/2023/texmf-dist/tex/latex/pgf/utilities/pgffor.sty
(/usr/local/texlive/2023/texmf-dist/tex/latex/pgf/utilities/pgfkeys.sty
(/usr/local/texlive/2023/texmf-dist/tex/generic/pgf/utilities/pgfkeys.code.tex)
) (/usr/local/texlive/2023/texmf-dist/tex/latex/pgf/math/pgfmath.sty
(/usr/local/texlive/2023/texmf-dist/tex/generic/pgf/math/pgfmath.code.tex))
(/usr/local/texlive/2023/texmf-dist/tex/generic/pgf/utilities/pgffor.code.tex
Package: pgffor 2023-01-15 v3.1.10 (3.1.10)
\pgffor@iter=\dimen278
\pgffor@skip=\dimen279
\pgffor@stack=\toks34
\pgffor@toks=\toks35
))
(/usr/local/texlive/2023/texmf-dist/tex/generic/pgf/frontendlayer/tikz/tikz.cod
e.tex
Package: tikz 2023-01-15 v3.1.10 (3.1.10)

(/usr/local/texlive/2023/texmf-dist/tex/generic/pgf/libraries/pgflibraryplothan
dlers.code.tex
File: pgflibraryplothandlers.code.tex 2023-01-15 v3.1.10 (3.1.10)
\pgf@plot@mark@count=\count310
\pgfplotmarksize=\dimen280
)
\tikz@lastx=\dimen281
\tikz@lasty=\dimen282
\tikz@lastxsaved=\dimen283
\tikz@lastysaved=\dimen284
\tikz@lastmovetox=\dimen285
\tikz@lastmovetoy=\dimen286
\tikzleveldistance=\dimen287
\tikzsiblingdistance=\dimen288
\tikz@figbox=\box74
\tikz@figbox@bg=\box75
\tikz@tempbox=\box76
\tikz@tempbox@bg=\box77
\tikztreelevel=\count311
\tikznumberofchildren=\count312
\tikznumberofcurrentchild=\count313
\tikz@fig@count=\count314

(/usr/local/texlive/2023/texmf-dist/tex/generic/pgf/modules/pgfmodulematrix.cod
e.tex
File: pgfmodulematrix.code.tex 2023-01-15 v3.1.10 (3.1.10)
\pgfmatrixcurrentrow=\count315
\pgfmatrixcurrentcolumn=\count316
\pgf@matrix@numberofcolumns=\count317
)
\tikz@expandcount=\count318

(/usr/local/texlive/2023/texmf-dist/tex/generic/pgf/frontendlayer/tikz/librarie
s/tikzlibrarytopaths.code.tex
File: tikzlibrarytopaths.code.tex 2023-01-15 v3.1.10 (3.1.10)
)))
(/usr/local/texlive/2023/texmf-dist/tex/generic/pgf/frontendlayer/tikz/librarie
s/tikzlibrarypositioning.code.tex
File: tikzlibrarypositioning.code.tex 2023-01-15 v3.1.10 (3.1.10)
)
(/usr/local/texlive/2023/texmf-dist/tex/latex/l3backend/l3backend-pdftex.def
File: l3backend-pdftex.def 2023-01-16 L3 backend support: PDF output (pdfTeX)
\l__color_backend_stack_int=\count319
\l__pdf_internal_box=\box78
)
(./CSSR4Africa_Deliverable_D5.4.3.aux

LaTeX Warning: Label `tab:config_file' multiply defined.

)
\openout1 = `CSSR4Africa_Deliverable_D5.4.3.aux'.

LaTeX Font Info:    Checking defaults for OML/cmm/m/it on input line 104.
LaTeX Font Info:    ... okay on input line 104.
LaTeX Font Info:    Checking defaults for OMS/cmsy/m/n on input line 104.
LaTeX Font Info:    ... okay on input line 104.
LaTeX Font Info:    Checking defaults for OT1/cmr/m/n on input line 104.
LaTeX Font Info:    ... okay on input line 104.
LaTeX Font Info:    Checking defaults for T1/cmr/m/n on input line 104.
LaTeX Font Info:    ... okay on input line 104.
LaTeX Font Info:    Checking defaults for TS1/cmr/m/n on input line 104.
LaTeX Font Info:    ... okay on input line 104.
LaTeX Font Info:    Checking defaults for OMX/cmex/m/n on input line 104.
LaTeX Font Info:    ... okay on input line 104.
LaTeX Font Info:    Checking defaults for U/cmr/m/n on input line 104.
LaTeX Font Info:    ... okay on input line 104.
LaTeX Font Info:    Checking defaults for PD1/pdf/m/n on input line 104.
LaTeX Font Info:    ... okay on input line 104.
LaTeX Font Info:    Checking defaults for PU/pdf/m/n on input line 104.
LaTeX Font Info:    ... okay on input line 104.
 (/usr/local/texlive/2023/texmf-dist/tex/context/base/mkii/supp-pdf.mkii
[Loading MPS to PDF converter (version 2006.09.02).]
\scratchcounter=\count320
\scratchdimen=\dimen289
\scratchbox=\box79
\nofMPsegments=\count321
\nofMParguments=\count322
\everyMPshowfont=\toks36
\MPscratchCnt=\count323
\MPscratchDim=\dimen290
\MPnumerator=\count324
\makeMPintoPDFobject=\count325
\everyMPtoPDFconversion=\toks37
) (/usr/local/texlive/2023/texmf-dist/tex/latex/epstopdf-pkg/epstopdf-base.sty
Package: epstopdf-base 2020-01-24 v2.11 Base part for package epstopdf
Package epstopdf-base Info: Redefining graphics rule for `.eps' on input line 4
85.

(/usr/local/texlive/2023/texmf-dist/tex/latex/latexconfig/epstopdf-sys.cfg
File: epstopdf-sys.cfg 2010/07/13 v1.3 Configuration of (r)epstopdf for TeX Liv
e
))
Package hyperref Info: Link coloring OFF on input line 104.

(./CSSR4Africa_Deliverable_D5.4.3.out) (./CSSR4Africa_Deliverable_D5.4.3.out)
\@outlinefile=\write4
\openout4 = `CSSR4Africa_Deliverable_D5.4.3.out'.

Package caption Info: Begin \AtBeginDocument code.
Package caption Info: float package is loaded.
Package caption Info: listings package is loaded.
Package caption Info: End \AtBeginDocument code.
\c@lstlisting=\count326

(/usr/local/texlive/2023/texmf-dist/tex/generic/epsf/epsf.tex
This is `epsf.tex' v2.7.4 <14 February 2011>
\epsffilein=\read3
\epsfframemargin=\dimen291
\epsfframethickness=\dimen292
\epsfrsize=\dimen293
\epsftmp=\dimen294
\epsftsize=\dimen295
\epsfxsize=\dimen296
\epsfysize=\dimen297
\pspoints=\dimen298
)
<CSSRforAfrica_logo_red.pdf, id=171, 487.7245pt x 117.52507pt>
File: CSSRforAfrica_logo_red.pdf Graphic file (type pdf)
<use CSSRforAfrica_logo_red.pdf>
Package pdftex.def Info: CSSRforAfrica_logo_red.pdf  used on input line 131.
(pdftex.def)             Requested size: 99.58464pt x 23.99594pt.
LaTeX Font Info:    Trying to load font information for OT1+phv on input line 1
31.
 (/usr/local/texlive/2023/texmf-dist/tex/latex/psnfss/ot1phv.fd
File: ot1phv.fd 2020/03/25 scalable font definitions for OT1/phv.
)
LaTeX Font Info:    External font `cmex10' loaded for size
(Font)              <10.95> on input line 131.
LaTeX Font Info:    External font `cmex10' loaded for size
(Font)              <8> on input line 131.
LaTeX Font Info:    External font `cmex10' loaded for size
(Font)              <6> on input line 131.
LaTeX Font Info:    Trying to load font information for U+lasy on input line 13
1.

(/usr/local/texlive/2023/texmf-dist/tex/latex/base/ulasy.fd
File: ulasy.fd 1998/08/17 v2.2e LaTeX symbol font definitions
)
LaTeX Font Info:    External font `cmex10' loaded for size
(Font)              <12> on input line 131.
 [1
Non-PDF special ignored!
<special> papersize=597.50787pt,845.04684pt

{/usr/local/texlive/2023/texmf-var/fonts/map/pdftex/updmap/pdftex.map}{/usr/loc
al/texlive/2023/texmf-dist/fonts/enc/dvips/base/8r.enc} <./CSSRforAfrica_logo_r
ed.pdf>]
LaTeX Font Info:    Trying to load font information for OT1+pcr on input line 1
39.
 (/usr/local/texlive/2023/texmf-dist/tex/latex/psnfss/ot1pcr.fd
File: ot1pcr.fd 2001/06/04 font definitions for OT1/pcr.
)
<CSSRforAfrica_logo_grey.pdf, id=187, 487.63818pt x 125.159pt>
File: CSSRforAfrica_logo_grey.pdf Graphic file (type pdf)
<use CSSRforAfrica_logo_grey.pdf>
Package pdftex.def Info: CSSRforAfrica_logo_grey.pdf  used on input line 146.
(pdftex.def)             Requested size: 71.13188pt x 18.25548pt.
LaTeX Font Info:    External font `cmex10' loaded for size
(Font)              <9> on input line 146.
LaTeX Font Info:    External font `cmex10' loaded for size
(Font)              <5> on input line 146.


Package xcolor Warning: Incompatible color definition on input line 146.

LaTeX Font Info:    Calculating math sizes for size <14> on input line 146.
LaTeX Font Info:    External font `cmex10' loaded for size
(Font)              <14> on input line 146.
LaTeX Font Info:    External font `cmex10' loaded for size
(Font)              <9.79996> on input line 146.
LaTeX Font Info:    External font `cmex10' loaded for size
(Font)              <7> on input line 146.

Overfull \vbox (11.7075pt too high) has occurred while \output is active []



Package xcolor Warning: Incompatible color definition on input line 146.

[2 <./CSSRforAfrica_logo_grey.pdf>] (./CSSR4Africa_Deliverable_D5.4.3.toc)
\tf@toc=\write5
\openout5 = `CSSR4Africa_Deliverable_D5.4.3.toc'.

File: CSSRforAfrica_logo_grey.pdf Graphic file (type pdf)
<use CSSRforAfrica_logo_grey.pdf>
Package pdftex.def Info: CSSRforAfrica_logo_grey.pdf  used on input line 153.
(pdftex.def)             Requested size: 71.13188pt x 18.25548pt.


Package xcolor Warning: Incompatible color definition on input line 153.


Overfull \vbox (11.7075pt too high) has occurred while \output is active []



Package xcolor Warning: Incompatible color definition on input line 153.

[3]
File: CSSRforAfrica_logo_grey.pdf Graphic file (type pdf)
<use CSSRforAfrica_logo_grey.pdf>
Package pdftex.def Info: CSSRforAfrica_logo_grey.pdf  used on input line 153.
(pdftex.def)             Requested size: 71.13188pt x 18.25548pt.


Package xcolor Warning: Incompatible color definition on input line 153.


Overfull \vbox (11.7075pt too high) has occurred while \output is active []



Package xcolor Warning: Incompatible color definition on input line 153.

[4]
File: CSSRforAfrica_logo_grey.pdf Graphic file (type pdf)
<use CSSRforAfrica_logo_grey.pdf>
Package pdftex.def Info: CSSRforAfrica_logo_grey.pdf  used on input line 211.
(pdftex.def)             Requested size: 71.13188pt x 18.25548pt.


Package xcolor Warning: Incompatible color definition on input line 211.


Overfull \vbox (11.7075pt too high) has occurred while \output is active []



Package xcolor Warning: Incompatible color definition on input line 211.

[5]
File: CSSRforAfrica_logo_grey.pdf Graphic file (type pdf)
<use CSSRforAfrica_logo_grey.pdf>
Package pdftex.def Info: CSSRforAfrica_logo_grey.pdf  used on input line 215.
(pdftex.def)             Requested size: 71.13188pt x 18.25548pt.


Package xcolor Warning: Incompatible color definition on input line 215.


Overfull \vbox (11.7075pt too high) has occurred while \output is active []



Package xcolor Warning: Incompatible color definition on input line 215.

[6]
File: CSSRforAfrica_logo_grey.pdf Graphic file (type pdf)
<use CSSRforAfrica_logo_grey.pdf>
Package pdftex.def Info: CSSRforAfrica_logo_grey.pdf  used on input line 233.
(pdftex.def)             Requested size: 71.13188pt x 18.25548pt.


Package xcolor Warning: Incompatible color definition on input line 233.


Overfull \vbox (11.7075pt too high) has occurred while \output is active []



Package xcolor Warning: Incompatible color definition on input line 233.

[7]
Overfull \hbox (2.49707pt too wide) in paragraph at lines 249--250
[]\OT1/pcr/m/n/10 tabletEvent\OT1/ptm/m/n/10.95 : Trig-gers the dis-play of con
-tex-tu-ally ap-pro-pri-ate in-ter-ac-tion menus on the robot's
 []


Overfull \hbox (64.76715pt too wide) in paragraph at lines 253--254
\OT1/ptm/m/n/10.95 phys-i-cal in-puts. These op-er-a-tional modes are con-fig-u
red through the \OT1/pcr/m/n/10 behaviorControllerConfiguration.ini
 []

File: CSSRforAfrica_logo_grey.pdf Graphic file (type pdf)
<use CSSRforAfrica_logo_grey.pdf>
Package pdftex.def Info: CSSRforAfrica_logo_grey.pdf  used on input line 265.
(pdftex.def)             Requested size: 71.13188pt x 18.25548pt.

Package xcolor Warning: Incompatible color definition on input line 265.


Overfull \vbox (11.7075pt too high) has occurred while \output is active []



Package xcolor Warning: Incompatible color definition on input line 265.

[8]
File: CSSRforAfrica_logo_grey.pdf Graphic file (type pdf)
<use CSSRforAfrica_logo_grey.pdf>
Package pdftex.def Info: CSSRforAfrica_logo_grey.pdf  used on input line 282.
(pdftex.def)             Requested size: 71.13188pt x 18.25548pt.


Package xcolor Warning: Incompatible color definition on input line 282.


Overfull \vbox (11.7075pt too high) has occurred while \output is active []



Package xcolor Warning: Incompatible color definition on input line 282.

[9]
Underfull \hbox (badness 10000) in paragraph at lines 308--310

 []

File: CSSRforAfrica_logo_grey.pdf Graphic file (type pdf)
<use CSSRforAfrica_logo_grey.pdf>
Package pdftex.def Info: CSSRforAfrica_logo_grey.pdf  used on input line 312.
(pdftex.def)             Requested size: 71.13188pt x 18.25548pt.

Package xcolor Warning: Incompatible color definition on input line 312.


Overfull \vbox (11.7075pt too high) has occurred while \output is active []



Package xcolor Warning: Incompatible color definition on input line 312.

[10] (/usr/local/texlive/2023/texmf-dist/tex/latex/listings/lstlang1.sty
File: lstlang1.sty 2023/02/27 1.9 listings language file
)
(/usr/local/texlive/2023/texmf-dist/tex/latex/listings/lstlang1.sty
File: lstlang1.sty 2023/02/27 1.9 listings language file
)
(/usr/local/texlive/2023/texmf-dist/tex/latex/listings/lstmisc.sty
File: lstmisc.sty 2023/02/27 1.9 (Carsten Heinz)
)
LaTeX Font Info:    Trying to load font information for OT1+DejaVuSansMono-TLF 
on input line 321.

(/usr/local/texlive/2023/texmf-dist/tex/latex/dejavu/OT1DejaVuSansMono-TLF.fd
File: OT1DejaVuSansMono-TLF.fd 2011/06/01 Font definitions for OT1/DejaVuSansMo
no-TLF.
)
File: CSSRforAfrica_logo_grey.pdf Graphic file (type pdf)
<use CSSRforAfrica_logo_grey.pdf>
Package pdftex.def Info: CSSRforAfrica_logo_grey.pdf  used on input line 333.
(pdftex.def)             Requested size: 71.13188pt x 18.25548pt.


Package xcolor Warning: Incompatible color definition on input line 333.


Overfull \vbox (11.7075pt too high) has occurred while \output is active []



Package xcolor Warning: Incompatible color definition on input line 333.

[11{/usr/local/texlive/2023/texmf-dist/fonts/enc/dvips/dejavu/dejavumono_ot1.en
c}]
Overfull \hbox (1.33354pt too wide) in paragraph at lines 342--343
\OT1/ptm/m/n/10.95 The func-tion \OT1/pcr/m/n/10 BT::Tree initializeTree(std::s
tring missionSpecification) \OT1/ptm/m/n/10.95 is re-spon-
 []

LaTeX Font Info:    Trying to load font information for OML+DejaVuSansMono-TLF 
on input line 349.
LaTeX Font Info:    No file OMLDejaVuSansMono-TLF.fd. on input line 349.

LaTeX Font Warning: Font shape `OML/DejaVuSansMono-TLF/m/n' undefined
(Font)              using `OML/cmm/m/it' instead
(Font)              for symbol `textless' on input line 349.

File: CSSRforAfrica_logo_grey.pdf Graphic file (type pdf)
<use CSSRforAfrica_logo_grey.pdf>
Package pdftex.def Info: CSSRforAfrica_logo_grey.pdf  used on input line 370.
(pdftex.def)             Requested size: 71.13188pt x 18.25548pt.

Package xcolor Warning: Incompatible color definition on input line 370.


Overfull \vbox (11.7075pt too high) has occurred while \output is active []



Package xcolor Warning: Incompatible color definition on input line 370.

[12]
Underfull \hbox (badness 10000) in paragraph at lines 380--382

 []

LaTeX Font Info:    Trying to load font information for TS1+ptm on input line 4
11.
(/usr/local/texlive/2023/texmf-dist/tex/latex/psnfss/ts1ptm.fd
File: ts1ptm.fd 2001/06/04 font definitions for TS1/ptm.
)
File: CSSRforAfrica_logo_grey.pdf Graphic file (type pdf)
<use CSSRforAfrica_logo_grey.pdf>
Package pdftex.def Info: CSSRforAfrica_logo_grey.pdf  used on input line 423.
(pdftex.def)             Requested size: 71.13188pt x 18.25548pt.


Package xcolor Warning: Incompatible color definition on input line 423.


Overfull \vbox (11.7075pt too high) has occurred while \output is active []



Package xcolor Warning: Incompatible color definition on input line 423.

[13]
File: CSSRforAfrica_logo_grey.pdf Graphic file (type pdf)
<use CSSRforAfrica_logo_grey.pdf>
Package pdftex.def Info: CSSRforAfrica_logo_grey.pdf  used on input line 436.
(pdftex.def)             Requested size: 71.13188pt x 18.25548pt.


Package xcolor Warning: Incompatible color definition on input line 436.


Overfull \vbox (11.7075pt too high) has occurred while \output is active []



Package xcolor Warning: Incompatible color definition on input line 436.

[14]
File: CSSRforAfrica_logo_grey.pdf Graphic file (type pdf)
<use CSSRforAfrica_logo_grey.pdf>
Package pdftex.def Info: CSSRforAfrica_logo_grey.pdf  used on input line 494.
(pdftex.def)             Requested size: 71.13188pt x 18.25548pt.


Package xcolor Warning: Incompatible color definition on input line 494.


Overfull \vbox (11.7075pt too high) has occurred while \output is active []



Package xcolor Warning: Incompatible color definition on input line 494.

[15]
File: CSSRforAfrica_logo_grey.pdf Graphic file (type pdf)
<use CSSRforAfrica_logo_grey.pdf>
Package pdftex.def Info: CSSRforAfrica_logo_grey.pdf  used on input line 494.
(pdftex.def)             Requested size: 71.13188pt x 18.25548pt.


Package xcolor Warning: Incompatible color definition on input line 494.


Overfull \vbox (11.7075pt too high) has occurred while \output is active []



Package xcolor Warning: Incompatible color definition on input line 494.

[16]
Overfull \hbox (14.36006pt too wide) in paragraph at lines 510--511
\OT1/pcr/m/n/10 src/\OT1/ptm/m/n/10 environmentKnowledgeBaseImplementation.cpp\
OT1/ptm/m/n/10.95 : Source files that im-ple-ment the Cul-ture Knowl-
 []


Overfull \hbox (18.19261pt too wide) in paragraph at lines 522--523
[]\OT1/pcr/m/n/10 config/\OT1/ptm/m/n/10 environmentKnowledgeBaseConfiguration.
ini\OT1/ptm/m/n/10.95 : Con-fig-u-ra-tion file for the En-vi-ron-ment Knowl-
 []

File: CSSRforAfrica_logo_grey.pdf Graphic file (type pdf)
<use CSSRforAfrica_logo_grey.pdf>
Package pdftex.def Info: CSSRforAfrica_logo_grey.pdf  used on input line 534.
(pdftex.def)             Requested size: 71.13188pt x 18.25548pt.

Package xcolor Warning: Incompatible color definition on input line 534.


Overfull \vbox (11.7075pt too high) has occurred while \output is active []



Package xcolor Warning: Incompatible color definition on input line 534.

[17]
Overfull \hbox (39.06021pt too wide) in paragraph at lines 543--544
[]\OT1/pcr/m/n/10 srv/\OT1/ptm/m/n/10 animateBehaviorSetActivation.srv\OT1/ptm/
m/n/10.95 : Ser-vice def-i-ni-tion for the \OT1/pcr/m/n/10 animateBehavior/set[
]activation
 []


Overfull \hbox (8.76302pt too wide) in paragraph at lines 548--549
[]\OT1/pcr/m/n/10 srv/\OT1/ptm/m/n/10 robotNavigationSetGoal.srv\OT1/ptm/m/n/10
.95 : Ser-vice def-i-ni-tion for the \OT1/pcr/m/n/10 robotNavigation/set[]goal 
\OT1/ptm/m/n/10.95 server. 
 []


Overfull \hbox (13.84317pt too wide) in paragraph at lines 549--550
[]\OT1/pcr/m/n/10 srv/\OT1/ptm/m/n/10 speechEventSetLanguage.srv\OT1/ptm/m/n/10
.95 : Ser-vice def-i-ni-tion for the \OT1/pcr/m/n/10 speechEvent/set[]language 
\OT1/ptm/m/n/10.95 server. 
 []

File: CSSRforAfrica_logo_grey.pdf Graphic file (type pdf)
<use CSSRforAfrica_logo_grey.pdf>
Package pdftex.def Info: CSSRforAfrica_logo_grey.pdf  used on input line 572.
(pdftex.def)             Requested size: 71.13188pt x 18.25548pt.

Package xcolor Warning: Incompatible color definition on input line 572.


Overfull \vbox (11.7075pt too high) has occurred while \output is active []



Package xcolor Warning: Incompatible color definition on input line 572.

[18]
Overfull \hbox (5.66275pt too wide) in alignment at lines 579--584
 [] [] [] 
 []


Overfull \hbox (5.66275pt too wide) in alignment at lines 584--589
 [] [] [] 
 []


Underfull \hbox (badness 10000) in paragraph at lines 594--594
[]|\OT1/ptm/m/n/10 Specifies whether Au-to-matic Speech
 []


Overfull \hbox (5.66275pt too wide) in alignment at lines 589--596
 [] [] [] 
 []


Overfull \hbox (7.25464pt too wide) in paragraph at lines 600--602
\OT1/pcr/m/n/10 cultureKnowledgeBaseInput.dat \OT1/ptm/m/n/10.95 and \OT1/pcr/m
/n/10 environmentKnowledgeBaseInput.dat \OT1/ptm/m/n/10.95 files are used
 []

File: CSSRforAfrica_logo_grey.pdf Graphic file (type pdf)
<use CSSRforAfrica_logo_grey.pdf>
Package pdftex.def Info: CSSRforAfrica_logo_grey.pdf  used on input line 613.
(pdftex.def)             Requested size: 71.13188pt x 18.25548pt.

Package xcolor Warning: Incompatible color definition on input line 613.


Overfull \vbox (11.7075pt too high) has occurred while \output is active []



Package xcolor Warning: Incompatible color definition on input line 613.

[19]
Underfull \hbox (badness 1292) in paragraph at lines 633--633
\OT1/ptm/m/n/10 and ad-di-tional sta-tus for the
 []

File: CSSRforAfrica_logo_grey.pdf Graphic file (type pdf)
<use CSSRforAfrica_logo_grey.pdf>
Package pdftex.def Info: CSSRforAfrica_logo_grey.pdf  used on input line 647.
(pdftex.def)             Requested size: 71.13188pt x 18.25548pt.

Package xcolor Warning: Incompatible color definition on input line 647.


Overfull \vbox (11.7075pt too high) has occurred while \output is active []



Package xcolor Warning: Incompatible color definition on input line 647.

[20]
Overfull \hbox (1.79082pt too wide) in paragraph at lines 656--656
[]|\OT1/ptm/m/n/9 Deliverable| 
 []


Underfull \hbox (badness 10000) in paragraph at lines 665--665
\OT1/ptm/m/n/9 An-i-mate Be-hav-ior
 []


Underfull \hbox (badness 10000) in paragraph at lines 666--666
[]|\OT1/pcr/m/n/9 gesture[]type,
 []


Underfull \hbox (badness 10000) in paragraph at lines 666--666
\OT1/pcr/m/n/9 gesture[]id,
 []


Overfull \hbox (7.12709pt too wide) in paragraph at lines 666--666
\OT1/pcr/m/n/9 gesture[]duration,
 []


Underfull \hbox (badness 10000) in paragraph at lines 666--666
\OT1/pcr/m/n/9 bow[]nod[]angle,
 []


Underfull \hbox (badness 10000) in paragraph at lines 666--666
\OT1/pcr/m/n/9 location[]x,
 []


Underfull \hbox (badness 10000) in paragraph at lines 666--666
\OT1/pcr/m/n/9 location[]y,
 []


Underfull \hbox (badness 10000) in paragraph at lines 666--666
[]|\OT1/ptm/m/n/9 Invokes the ges-ture
 []


Underfull \hbox (badness 2027) in paragraph at lines 666--666
\OT1/ptm/m/n/9 sub-sys-tem to per-form
 []


Underfull \hbox (badness 10000) in paragraph at lines 666--666
\OT1/ptm/m/n/9 spec-i-fied co-or-di-nates.
 []


Underfull \hbox (badness 10000) in paragraph at lines 666--666
\OT1/ptm/m/n/9 The co-or-di-nates are
 []


Underfull \hbox (badness 2065) in paragraph at lines 666--666
\OT1/ptm/m/n/9 only nec-es-sary if the
 []


Underfull \hbox (badness 10000) in paragraph at lines 666--666
\OT1/pcr/m/n/9 gesture[]type \OT1/ptm/m/n/9 is
 []


Underfull \hbox (badness 10000) in paragraph at lines 667--667
[]|\OT1/pcr/m/n/9 state,
 []


Underfull \hbox (badness 10000) in paragraph at lines 667--667
\OT1/pcr/m/n/9 location[]x,
 []


Underfull \hbox (badness 10000) in paragraph at lines 667--667
\OT1/pcr/m/n/9 location[]y,
 []


Underfull \hbox (badness 10000) in paragraph at lines 669--669
[]|\OT1/pcr/m/n/9 goal[]x, goal[]y,
 []


Underfull \hbox (badness 10000) in paragraph at lines 669--669
[]|\OT1/ptm/m/n/9 Invokes the nav-i-ga-
 []


Underfull \hbox (badness 10000) in paragraph at lines 669--669
\OT1/ptm/m/n/9 tion sub-sys-tem to
 []


Underfull \hbox (badness 1052) in paragraph at lines 669--669
\OT1/ptm/m/n/9 move to the spec-i-fied
 []


Underfull \hbox (badness 2980) in paragraph at lines 670--670
[]|\OT1/ptm/m/n/9 Enables and Dis-ables
 []


Underfull \hbox (badness 1337) in paragraph at lines 671--671
[]|\OT1/ptm/m/n/9 Sets the lan-guage for
 []


Underfull \hbox (badness 2134) in paragraph at lines 672--672
[]|\OT1/ptm/m/n/9 Sends the text to be
 []


Underfull \hbox (badness 10000) in paragraph at lines 673--673
[]|\OT1/pcr/m/n/9 message,
 []


Underfull \hbox (badness 2134) in paragraph at lines 673--673
[]|\OT1/ptm/m/n/9 Sends the text to be
 []


Underfull \hbox (badness 6910) in paragraph at lines 673--673
\OT1/ptm/m/n/9 con-verted to an au-
 []


Underfull \hbox (badness 1337) in paragraph at lines 673--673
\OT1/ptm/m/n/9 played on the robot's
 []

File: CSSRforAfrica_logo_grey.pdf Graphic file (type pdf)
<use CSSRforAfrica_logo_grey.pdf>
Package pdftex.def Info: CSSRforAfrica_logo_grey.pdf  used on input line 679.
(pdftex.def)             Requested size: 71.13188pt x 18.25548pt.

Package xcolor Warning: Incompatible color definition on input line 679.


Overfull \vbox (11.7075pt too high) has occurred while \output is active []



Package xcolor Warning: Incompatible color definition on input line 679.

[21]
File: CSSRforAfrica_logo_grey.pdf Graphic file (type pdf)
<use CSSRforAfrica_logo_grey.pdf>
Package pdftex.def Info: CSSRforAfrica_logo_grey.pdf  used on input line 700.
(pdftex.def)             Requested size: 71.13188pt x 18.25548pt.


Package xcolor Warning: Incompatible color definition on input line 700.


Overfull \vbox (11.7075pt too high) has occurred while \output is active []



Package xcolor Warning: Incompatible color definition on input line 700.

[22]
Underfull \hbox (badness 1675) in paragraph at lines 715--715
[]|\OT1/ptm/m/n/9 Sends the de-scrip-tion of the
 []


Underfull \hbox (badness 5147) in paragraph at lines 715--715
\OT1/ptm/m/n/9 cur-rent ex-hibit to the text-
 []


Underfull \hbox (badness 1005) in paragraph at lines 718--718
[]|\OT1/ptm/m/n/9 Checks if the vis-i-tor has re-
 []


Underfull \hbox (badness 2495) in paragraph at lines 721--721
[]|\OT1/ptm/m/n/9 Checks if the over-tAt-ten-tion
 []


Underfull \hbox (badness 2495) in paragraph at lines 722--722
[]|\OT1/ptm/m/n/9 Checks if the over-tAt-ten-tion
 []


Underfull \hbox (badness 2495) in paragraph at lines 723--723
[]|\OT1/ptm/m/n/9 Checks if the over-tAt-ten-tion
 []


Underfull \hbox (badness 2277) in paragraph at lines 725--725
[]|\OT1/ptm/m/n/9 Sends the co-or-di-nates to be
 []


Underfull \hbox (badness 1824) in paragraph at lines 726--726
[]|\OT1/ptm/m/n/9 Retrieves the co-or-di-nate val-
 []


Underfull \hbox (badness 1314) in paragraph at lines 726--726
\OT1/ptm/m/n/9 to the ges-ture-Ex-e-cu-tion ROS
 []


Underfull \hbox (badness 10000) in paragraph at lines 728--728
[]|\OT1/ptm/m/n/9 Sends a mes-sage to the
 []


Overfull \hbox (1.85294pt too wide) in paragraph at lines 729--729
[]|\OT1/pcr/m/n/9 RetrieveInitialLocation| 
 []


Underfull \hbox (badness 10000) in paragraph at lines 729--729
[]|\OT1/ptm/m/n/9 Retrieves the co-or-di-nates
 []


Underfull \hbox (badness 10000) in paragraph at lines 729--729
\OT1/ptm/m/n/9 of start lo-ca-tion from the
 []


Underfull \hbox (badness 10000) in paragraph at lines 729--729
\OT1/pcr/m/n/9 Environment Knowledge
 []


Underfull \hbox (badness 2343) in paragraph at lines 731--731
[]|\OT1/ptm/m/n/9 Sends a text to the text-to-
 []


Underfull \hbox (badness 6859) in paragraph at lines 733--733
[]|\OT1/ptm/m/n/9 Sets the an-i-mate pa-ram-e-ter
 []


Underfull \hbox (badness 1194) in paragraph at lines 733--733
\OT1/ptm/m/n/9 ``state'' to ``en-abled'' or ``dis-
 []


Underfull \hbox (badness 3758) in paragraph at lines 734--734
[]|\OT1/ptm/m/n/9 Sets the at-ten-tion pa-ram-e-ter
 []


Underfull \hbox (badness 3590) in paragraph at lines 735--735
[]|\OT1/ptm/m/n/9 Sends the start lo-ca-tion re-
 []

File: CSSRforAfrica_logo_grey.pdf Graphic file (type pdf)
<use CSSRforAfrica_logo_grey.pdf>
Package pdftex.def Info: CSSRforAfrica_logo_grey.pdf  used on input line 738.
(pdftex.def)             Requested size: 71.13188pt x 18.25548pt.

Package xcolor Warning: Incompatible color definition on input line 738.


Overfull \vbox (11.7075pt too high) has occurred while \output is active []



Package xcolor Warning: Incompatible color definition on input line 738.

[23

]
File: CSSRforAfrica_logo_grey.pdf Graphic file (type pdf)
<use CSSRforAfrica_logo_grey.pdf>
Package pdftex.def Info: CSSRforAfrica_logo_grey.pdf  used on input line 738.
(pdftex.def)             Requested size: 71.13188pt x 18.25548pt.


Package xcolor Warning: Incompatible color definition on input line 738.


Overfull \vbox (11.7075pt too high) has occurred while \output is active []



Package xcolor Warning: Incompatible color definition on input line 738.

[24]
File: CSSRforAfrica_logo_grey.pdf Graphic file (type pdf)
<use CSSRforAfrica_logo_grey.pdf>
Package pdftex.def Info: CSSRforAfrica_logo_grey.pdf  used on input line 740.
(pdftex.def)             Requested size: 71.13188pt x 18.25548pt.


Package xcolor Warning: Incompatible color definition on input line 740.


Overfull \vbox (11.7075pt too high) has occurred while \output is active []



Package xcolor Warning: Incompatible color definition on input line 740.

[25] (/usr/local/texlive/2023/texmf-dist/tex/latex/listings/lstlang1.sty
File: lstlang1.sty 2023/02/27 1.9 listings language file
)
(/usr/local/texlive/2023/texmf-dist/tex/latex/listings/lstlang1.sty
File: lstlang1.sty 2023/02/27 1.9 listings language file
)
LaTeX Font Info:    Trying to load font information for TS1+DejaVuSansMono-TLF 
on input line 763.

(/usr/local/texlive/2023/texmf-dist/tex/latex/dejavu/TS1DejaVuSansMono-TLF.fd
File: TS1DejaVuSansMono-TLF.fd 2011/06/01 Font definitions for TS1/DejaVuSansMo
no-TLF.
)
File: CSSRforAfrica_logo_grey.pdf Graphic file (type pdf)
<use CSSRforAfrica_logo_grey.pdf>
Package pdftex.def Info: CSSRforAfrica_logo_grey.pdf  used on input line 784.
(pdftex.def)             Requested size: 71.13188pt x 18.25548pt.


Package xcolor Warning: Incompatible color definition on input line 784.


Overfull \vbox (11.7075pt too high) has occurred while \output is active []



Package xcolor Warning: Incompatible color definition on input line 784.

[26

{/usr/local/texlive/2023/texmf-dist/fonts/enc/dvips/dejavu/dejavumono_ts1.enc}]
File: CSSRforAfrica_logo_grey.pdf Graphic file (type pdf)
<use CSSRforAfrica_logo_grey.pdf>
Package pdftex.def Info: CSSRforAfrica_logo_grey.pdf  used on input line 837.
(pdftex.def)             Requested size: 71.13188pt x 18.25548pt.


Package xcolor Warning: Incompatible color definition on input line 837.


Overfull \vbox (11.7075pt too high) has occurred while \output is active []



Package xcolor Warning: Incompatible color definition on input line 837.

[27]
Overfull \hbox (3.89822pt too wide) in alignment at lines 840--845
 [] [] [] 
 []


Overfull \hbox (3.89822pt too wide) in alignment at lines 845--856
 [] [] [] 
 []


Overfull \hbox (8.56827pt too wide) in alignment at lines 864--870
 [] [] [] 
 []


Overfull \hbox (8.56827pt too wide) in alignment at lines 870--877
 [] [] [] 
 []

File: CSSRforAfrica_logo_grey.pdf Graphic file (type pdf)
<use CSSRforAfrica_logo_grey.pdf>
Package pdftex.def Info: CSSRforAfrica_logo_grey.pdf  used on input line 882.
(pdftex.def)             Requested size: 71.13188pt x 18.25548pt.

Package xcolor Warning: Incompatible color definition on input line 882.


Overfull \vbox (11.7075pt too high) has occurred while \output is active []



Package xcolor Warning: Incompatible color definition on input line 882.

[28]
LaTeX Font Info:    Trying to load font information for OMS+DejaVuSansMono-TLF 
on input line 891.
LaTeX Font Info:    No file OMSDejaVuSansMono-TLF.fd. on input line 891.


LaTeX Font Warning: Font shape `OMS/DejaVuSansMono-TLF/m/n' undefined
(Font)              using `OMS/cmsy/m/n' instead
(Font)              for symbol `textbackslash' on input line 891.


Overfull \hbox (18.67525pt too wide) in paragraph at lines 906--908
[]\OT1/ptm/m/n/10.95 The above com-mand will launch all eight sim-u-lated ROS n
odes along with the \OT1/pcr/m/n/10 behaviorController
 []

File: CSSRforAfrica_logo_grey.pdf Graphic file (type pdf)
<use CSSRforAfrica_logo_grey.pdf>
Package pdftex.def Info: CSSRforAfrica_logo_grey.pdf  used on input line 938.
(pdftex.def)             Requested size: 71.13188pt x 18.25548pt.

Package xcolor Warning: Incompatible color definition on input line 938.


Overfull \vbox (11.7075pt too high) has occurred while \output is active []



Package xcolor Warning: Incompatible color definition on input line 938.

[29] (./CSSR4Africa_Deliverable_D5.4.3.bbl
Underfull \hbox (badness 10000) in paragraph at lines 34--37
[]\OT1/ptm/m/n/10.95 Behaviortree.cpp github repos-i-tory.  []$\OT1/pcr/m/n/10.
95 https : / / github . com / BehaviorTree /
 []

)
File: CSSRforAfrica_logo_grey.pdf Graphic file (type pdf)
<use CSSRforAfrica_logo_grey.pdf>
Package pdftex.def Info: CSSRforAfrica_logo_grey.pdf  used on input line 947.
(pdftex.def)             Requested size: 71.13188pt x 18.25548pt.


Package xcolor Warning: Incompatible color definition on input line 947.


Overfull \vbox (11.7075pt too high) has occurred while \output is active []



Package xcolor Warning: Incompatible color definition on input line 947.

[30]
Underfull \hbox (badness 10000) in paragraph at lines 951--957

 []


Underfull \hbox (badness 10000) in paragraph at lines 951--957

 []

File: CSSRforAfrica_logo_grey.pdf Graphic file (type pdf)
<use CSSRforAfrica_logo_grey.pdf>
Package pdftex.def Info: CSSRforAfrica_logo_grey.pdf  used on input line 959.
(pdftex.def)             Requested size: 71.13188pt x 18.25548pt.

Package xcolor Warning: Incompatible color definition on input line 959.


Overfull \vbox (11.7075pt too high) has occurred while \output is active []



Package xcolor Warning: Incompatible color definition on input line 959.

[31]
File: CSSRforAfrica_logo_grey.pdf Graphic file (type pdf)
<use CSSRforAfrica_logo_grey.pdf>
Package pdftex.def Info: CSSRforAfrica_logo_grey.pdf  used on input line 1002.
(pdftex.def)             Requested size: 71.13188pt x 18.25548pt.


Package xcolor Warning: Incompatible color definition on input line 1002.


Overfull \vbox (11.7075pt too high) has occurred while \output is active []



Package xcolor Warning: Incompatible color definition on input line 1002.

[32]
File: CSSRforAfrica_logo_grey.pdf Graphic file (type pdf)
<use CSSRforAfrica_logo_grey.pdf>
Package pdftex.def Info: CSSRforAfrica_logo_grey.pdf  used on input line 1029.
(pdftex.def)             Requested size: 71.13188pt x 18.25548pt.


Package xcolor Warning: Incompatible color definition on input line 1029.


Overfull \vbox (11.7075pt too high) has occurred while \output is active []



Package xcolor Warning: Incompatible color definition on input line 1029.

[33] (./CSSR4Africa_Deliverable_D5.4.3.aux)

LaTeX Font Warning: Some font shapes were not available, defaults substituted.


LaTeX Warning: There were multiply-defined labels.

Package rerunfilecheck Info: File `CSSR4Africa_Deliverable_D5.4.3.out' has not 
changed.
(rerunfilecheck)             Checksum: 8752C155B2B65F2C2CB7D96FDA86D09D;5906.
 ) 
Here is how much of TeX's memory you used:
 24293 strings out of 476025
 450593 string characters out of 5790017
 2072388 words of memory out of 5000000
 44099 multiletter control sequences out of 15000+600000
 554422 words of font info for 114 fonts, out of 8000000 for 9000
 1141 hyphenation exceptions out of 8191
 84i,18n,80p,1161b,1431s stack positions out of 10000i,1000n,20000p,200000b,200000s
</usr/local/texlive/2023/texmf-dist/fonts/type1/public/dejavu/DejaVuSansMono-
Bold.pfb></usr/local/texlive/2023/texmf-dist/fonts/type1/public/dejavu/DejaVuSa
nsMono.pfb></usr/local/texlive/2023/texmf-dist/fonts/type1/public/amsfonts/cm/c
mmi10.pfb></usr/local/texlive/2023/texmf-dist/fonts/type1/public/amsfonts/cm/cm
sy10.pfb></usr/local/texlive/2023/texmf-dist/fonts/type1/urw/courier/ucrb8a.pfb
></usr/local/texlive/2023/texmf-dist/fonts/type1/urw/courier/ucrr8a.pfb></usr/l
ocal/texlive/2023/texmf-dist/fonts/type1/urw/helvetic/uhvb8a.pfb></usr/local/te
xlive/2023/texmf-dist/fonts/type1/urw/helvetic/uhvr8a.pfb></usr/local/texlive/2
023/texmf-dist/fonts/type1/urw/times/utmb8a.pfb></usr/local/texlive/2023/texmf-
dist/fonts/type1/urw/times/utmr8a.pfb></usr/local/texlive/2023/texmf-dist/fonts
/type1/urw/times/utmri8a.pfb>
Output written on CSSR4Africa_Deliverable_D5.4.3.pdf (33 pages, 291399 bytes).
PDF statistics:
 595 PDF objects out of 1000 (max. 8388607)
 523 compressed objects within 6 object streams
 175 named destinations out of 1000 (max. 500000)
 351 words of extra memory for PDF output out of 10000 (max. 10000000)

