This is pdfTeX, Version 3.141592653-2.6-1.40.26 (MiKTeX 24.4) (preloaded format=pdflatex 2024.12.23)  21 JUN 2025 13:47
entering extended mode
 restricted \write18 enabled.
 %&-line parsing enabled.
**./CSSR4Africa_Deliverable_D3.1.tex
(CSSR4Africa_Deliverable_D3.1.tex
LaTeX2e <2024-11-01> patch level 1
L3 programming layer <2024-11-02>
(CSSRforAfrica.cls
Document Class: CSSRforAfrica 2023/06/28 v1.0 
 
CSSRforAfrica Deliverable Style 

(C:\Users\yohat\AppData\Local\Programs\MiKTeX\tex/latex/base\article.cls
Document Class: article 2024/06/29 v1.4n Standard LaTeX document class
(C:\Users\yohat\AppData\Local\Programs\MiKTeX\tex/latex/base\size11.clo
File: size11.clo 2024/06/29 v1.4n Standard LaTeX file (size option)
)
\c@part=\count196
\c@section=\count197
\c@subsection=\count198
\c@subsubsection=\count199
\c@paragraph=\count266
\c@subparagraph=\count267
\c@figure=\count268
\c@table=\count269
\abovecaptionskip=\skip49
\belowcaptionskip=\skip50
\bibindent=\dimen141
)
(C:\Users\yohat\AppData\Local\Programs\MiKTeX\tex/latex/psnfss\times.sty
Package: times 2020/03/25 PSNFSS-v9.3 (SPQR) 
)
(C:\Users\yohat\AppData\Local\Programs\MiKTeX\tex/latex/a4wide\a4wide.sty
Package: a4wide 1994/08/30

(C:\Users\yohat\AppData\Local\Programs\MiKTeX\tex/latex/ntgclass\a4.sty
Package: a4 2023/01/10 v1.2g A4 based page layout
))
(C:\Users\yohat\AppData\Local\Programs\MiKTeX\tex/latex/tools\array.sty
Package: array 2024/10/17 v2.6g Tabular extension package (FMi)
\col@sep=\dimen142
\ar@mcellbox=\box52
\extrarowheight=\dimen143
\NC@list=\toks17
\extratabsurround=\skip51
\backup@length=\skip52
\ar@cellbox=\box53
)
(C:\Users\yohat\AppData\Local\Programs\MiKTeX\tex/latex/graphics\graphicx.sty
Package: graphicx 2021/09/16 v1.2d Enhanced LaTeX Graphics (DPC,SPQR)

(C:\Users\yohat\AppData\Local\Programs\MiKTeX\tex/latex/graphics\keyval.sty
Package: keyval 2022/05/29 v1.15 key=value parser (DPC)
\KV@toks@=\toks18
)
(C:\Users\yohat\AppData\Local\Programs\MiKTeX\tex/latex/graphics\graphics.sty
Package: graphics 2024/08/06 v1.4g Standard LaTeX Graphics (DPC,SPQR)

(C:\Users\yohat\AppData\Local\Programs\MiKTeX\tex/latex/graphics\trig.sty
Package: trig 2023/12/02 v1.11 sin cos tan (DPC)
)
(C:\Users\yohat\AppData\Local\Programs\MiKTeX\tex/latex/graphics-cfg\graphics.c
fg
File: graphics.cfg 2016/06/04 v1.11 sample graphics configuration
)
Package graphics Info: Driver file: dvips.def on input line 106.

(C:\Users\yohat\AppData\Local\Programs\MiKTeX\tex/latex/graphics-def\dvips.def
File: dvips.def 2022/09/22 v3.1e Graphics/color driver for dvips
))
\Gin@req@height=\dimen144
\Gin@req@width=\dimen145
) (C:\Users\yohat\AppData\Local\Programs\MiKTeX\tex/latex/graphics\color.sty
Package: color 2024/06/23 v1.3e Standard LaTeX Color (DPC)

(C:\Users\yohat\AppData\Local\Programs\MiKTeX\tex/latex/graphics-cfg\color.cfg
File: color.cfg 2016/01/02 v1.6 sample color configuration
)
Package color Info: Driver file: pdftex.def on input line 149.

(C:\Users\yohat\AppData\Local\Programs\MiKTeX\tex/latex/graphics-def\pdftex.def
File: pdftex.def 2024/04/13 v1.2c Graphics/color driver for pdftex
)
(C:\Users\yohat\AppData\Local\Programs\MiKTeX\tex/latex/graphics\mathcolor.ltx)
) (C:\Users\yohat\AppData\Local\Programs\MiKTeX\tex/latex/ulem\ulem.sty
\UL@box=\box54
\UL@hyphenbox=\box55
\UL@skip=\skip53
\UL@hook=\toks19
\UL@height=\dimen146
\UL@pe=\count270
\UL@pixel=\dimen147
\ULC@box=\box56
Package: ulem 2019/11/18
\ULdepth=\dimen148
)
(C:\Users\yohat\AppData\Local\Programs\MiKTeX\tex/latex/tools\calc.sty
Package: calc 2023/07/08 v4.3 Infix arithmetic (KKT,FJ)
\calc@Acount=\count271
\calc@Bcount=\count272
\calc@Adimen=\dimen149
\calc@Bdimen=\dimen150
\calc@Askip=\skip54
\calc@Bskip=\skip55
LaTeX Info: Redefining \setlength on input line 80.
LaTeX Info: Redefining \addtolength on input line 81.
\calc@Ccount=\count273
\calc@Cskip=\skip56
)
\headrulewidth=\dimen151
\footrulewidth=\dimen152
\plainheadrulewidth=\dimen153
\plainfootrulewidth=\dimen154
\headwidth=\dimen155
\footruleskip=\dimen156
\@sbpartners=\box57
\contrib=\box58
)
(C:\Users\yohat\AppData\Local\Programs\MiKTeX\tex/latex/hyperref\hyperref.sty
Package: hyperref 2024-11-05 v7.01l Hypertext links for LaTeX

(C:\Users\yohat\AppData\Local\Programs\MiKTeX\tex/generic/iftex\iftex.sty
Package: iftex 2024/12/12 v1.0g TeX engine tests
)
(C:\Users\yohat\AppData\Local\Programs\MiKTeX\tex/latex/kvsetkeys\kvsetkeys.sty
Package: kvsetkeys 2022-10-05 v1.19 Key value parser (HO)
)
(C:\Users\yohat\AppData\Local\Programs\MiKTeX\tex/generic/kvdefinekeys\kvdefine
keys.sty
Package: kvdefinekeys 2019-12-19 v1.6 Define keys (HO)
)
(C:\Users\yohat\AppData\Local\Programs\MiKTeX\tex/generic/pdfescape\pdfescape.s
ty
Package: pdfescape 2019/12/09 v1.15 Implements pdfTeX's escape features (HO)

(C:\Users\yohat\AppData\Local\Programs\MiKTeX\tex/generic/ltxcmds\ltxcmds.sty
Package: ltxcmds 2023-12-04 v1.26 LaTeX kernel commands for general use (HO)
)
(C:\Users\yohat\AppData\Local\Programs\MiKTeX\tex/generic/pdftexcmds\pdftexcmds
.sty
Package: pdftexcmds 2020-06-27 v0.33 Utility functions of pdfTeX for LuaTeX (HO
)

(C:\Users\yohat\AppData\Local\Programs\MiKTeX\tex/generic/infwarerr\infwarerr.s
ty
Package: infwarerr 2019/12/03 v1.5 Providing info/warning/error messages (HO)
)
Package pdftexcmds Info: \pdf@primitive is available.
Package pdftexcmds Info: \pdf@ifprimitive is available.
Package pdftexcmds Info: \pdfdraftmode found.
))
(C:\Users\yohat\AppData\Local\Programs\MiKTeX\tex/latex/hycolor\hycolor.sty
Package: hycolor 2020-01-27 v1.10 Color options for hyperref/bookmark (HO)
)
(C:\Users\yohat\AppData\Local\Programs\MiKTeX\tex/latex/hyperref\nameref.sty
Package: nameref 2023-11-26 v2.56 Cross-referencing by name of section

(C:\Users\yohat\AppData\Local\Programs\MiKTeX\tex/latex/refcount\refcount.sty
Package: refcount 2019/12/15 v3.6 Data extraction from label references (HO)
)
(C:\Users\yohat\AppData\Local\Programs\MiKTeX\tex/generic/gettitlestring\gettit
lestring.sty
Package: gettitlestring 2019/12/15 v1.6 Cleanup title references (HO)

(C:\Users\yohat\AppData\Local\Programs\MiKTeX\tex/latex/kvoptions\kvoptions.sty
Package: kvoptions 2022-06-15 v3.15 Key value format for package options (HO)
))
\c@section@level=\count274
)
(C:\Users\yohat\AppData\Local\Programs\MiKTeX\tex/latex/etoolbox\etoolbox.sty
Package: etoolbox 2020/10/05 v2.5k e-TeX tools for LaTeX (JAW)
\etb@tempcnta=\count275
)
(C:\Users\yohat\AppData\Local\Programs\MiKTeX\tex/generic/stringenc\stringenc.s
ty
Package: stringenc 2019/11/29 v1.12 Convert strings between diff. encodings (HO
)
)
\@linkdim=\dimen157
\Hy@linkcounter=\count276
\Hy@pagecounter=\count277
 (C:\Users\yohat\AppData\Local\Programs\MiKTeX\tex/latex/hyperref\pd1enc.def
File: pd1enc.def 2024-11-05 v7.01l Hyperref: PDFDocEncoding definition (HO)
Now handling font encoding PD1 ...
... no UTF-8 mapping file for font encoding PD1
) (C:\Users\yohat\AppData\Local\Programs\MiKTeX\tex/generic/intcalc\intcalc.sty
Package: intcalc 2019/12/15 v1.3 Expandable calculations with integers (HO)
)
\Hy@SavedSpaceFactor=\count278
 (C:\Users\yohat\AppData\Local\Programs\MiKTeX\tex/latex/hyperref\puenc.def
File: puenc.def 2024-11-05 v7.01l Hyperref: PDF Unicode definition (HO)
Now handling font encoding PU ...
... no UTF-8 mapping file for font encoding PU
)
Package hyperref Info: Option `colorlinks' set `false' on input line 4040.
Package hyperref Info: Hyper figures OFF on input line 4157.
Package hyperref Info: Link nesting OFF on input line 4162.
Package hyperref Info: Hyper index ON on input line 4165.
Package hyperref Info: Plain pages OFF on input line 4172.
Package hyperref Info: Backreferencing OFF on input line 4177.
Package hyperref Info: Implicit mode ON; LaTeX internals redefined.
Package hyperref Info: Bookmarks ON on input line 4424.
\c@Hy@tempcnt=\count279

(C:\Users\yohat\AppData\Local\Programs\MiKTeX\tex/latex/url\url.sty
\Urlmuskip=\muskip17
Package: url 2013/09/16  ver 3.4  Verb mode for urls, etc.
)
LaTeX Info: Redefining \url on input line 4763.
\XeTeXLinkMargin=\dimen158

(C:\Users\yohat\AppData\Local\Programs\MiKTeX\tex/generic/bitset\bitset.sty
Package: bitset 2019/12/09 v1.3 Handle bit-vector datatype (HO)

(C:\Users\yohat\AppData\Local\Programs\MiKTeX\tex/generic/bigintcalc\bigintcalc
.sty
Package: bigintcalc 2019/12/15 v1.5 Expandable calculations on big integers (HO
)
))
\Fld@menulength=\count280
\Field@Width=\dimen159
\Fld@charsize=\dimen160
Package hyperref Info: Hyper figures OFF on input line 6042.
Package hyperref Info: Link nesting OFF on input line 6047.
Package hyperref Info: Hyper index ON on input line 6050.
Package hyperref Info: backreferencing OFF on input line 6057.
Package hyperref Info: Link coloring OFF on input line 6062.
Package hyperref Info: Link coloring with OCG OFF on input line 6067.
Package hyperref Info: PDF/A mode OFF on input line 6072.

(C:\Users\yohat\AppData\Local\Programs\MiKTeX\tex/latex/base\atbegshi-ltx.sty
Package: atbegshi-ltx 2021/01/10 v1.0c Emulation of the original atbegshi
package with kernel methods
)
\Hy@abspage=\count281
\c@Item=\count282
\c@Hfootnote=\count283
)
Package hyperref Info: Driver (autodetected): hpdftex.
(C:\Users\yohat\AppData\Local\Programs\MiKTeX\tex/latex/hyperref\hpdftex.def
File: hpdftex.def 2024-11-05 v7.01l Hyperref driver for pdfTeX

(C:\Users\yohat\AppData\Local\Programs\MiKTeX\tex/latex/base\atveryend-ltx.sty
Package: atveryend-ltx 2020/08/19 v1.0a Emulation of the original atveryend pac
kage
with kernel methods
)
\Fld@listcount=\count284
\c@bookmark@seq@number=\count285

(C:\Users\yohat\AppData\Local\Programs\MiKTeX\tex/latex/rerunfilecheck\rerunfil
echeck.sty
Package: rerunfilecheck 2022-07-10 v1.10 Rerun checks for auxiliary files (HO)

(C:\Users\yohat\AppData\Local\Programs\MiKTeX\tex/generic/uniquecounter\uniquec
ounter.sty
Package: uniquecounter 2019/12/15 v1.4 Provide unlimited unique counter (HO)
)
Package uniquecounter Info: New unique counter `rerunfilecheck' on input line 2
85.
)
\Hy@SectionHShift=\skip57
)
(C:\Users\yohat\AppData\Local\Programs\MiKTeX\tex/latex/appendix\appendix.sty
Package: appendix 2020/02/08 v1.2c extra appendix facilities
\c@@pps=\count286
\c@@ppsavesec=\count287
\c@@ppsaveapp=\count288
)
(C:\Users\yohat\AppData\Local\Programs\MiKTeX\tex/latex/base\latexsym.sty
Package: latexsym 1998/08/17 v2.2e Standard LaTeX package (lasy symbols)
\symlasy=\mathgroup4
LaTeX Font Info:    Overwriting symbol font `lasy' in version `bold'
(Font)                  U/lasy/m/n --> U/lasy/b/n on input line 52.
)
(C:\Users\yohat\AppData\Local\Programs\MiKTeX\tex/latex/tools\tabularx.sty
Package: tabularx 2023/12/11 v2.12a `tabularx' package (DPC)
\TX@col@width=\dimen161
\TX@old@table=\dimen162
\TX@old@col=\dimen163
\TX@target=\dimen164
\TX@delta=\dimen165
\TX@cols=\count289
\TX@ftn=\toks20
)
(C:\Users\yohat\AppData\Local\Programs\MiKTeX\tex/latex/colortbl\colortbl.sty
Package: colortbl 2024/07/06 v1.0i Color table columns (DPC)
\everycr=\toks21
\minrowclearance=\skip58
\rownum=\count290
)
(C:\Users\yohat\AppData\Local\Programs\MiKTeX\tex/latex/tools\verbatim.sty
Package: verbatim 2024-01-22 v1.5x LaTeX2e package for verbatim enhancements
\every@verbatim=\toks22
\verbatim@line=\toks23
\verbatim@in@stream=\read2
)
(C:\Users\yohat\AppData\Local\Programs\MiKTeX\tex/latex/makecell\makecell.sty
Package: makecell 2009/08/03 V0.1e Managing of Tab Column Heads and Cells
\rotheadsize=\dimen166
\c@nlinenum=\count291
\TeXr@lab=\toks24
)
LaTeX Font Info:    Trying to load font information for OT1+ptm on input line 2
0.

(C:\Users\yohat\AppData\Local\Programs\MiKTeX\tex/latex/psnfss\ot1ptm.fd
File: ot1ptm.fd 2001/06/04 font definitions for OT1/ptm.
)
(C:\Users\yohat\AppData\Local\Programs\MiKTeX\tex/latex/l3backend\l3backend-pdf
tex.def
File: l3backend-pdftex.def 2024-05-08 L3 backend support: PDF output (pdfTeX)
\l__color_backend_stack_int=\count292
\l__pdf_internal_box=\box59
) (CSSR4Africa_Deliverable_D3.1.aux)
\openout1 = `CSSR4Africa_Deliverable_D3.1.aux'.

LaTeX Font Info:    Checking defaults for OML/cmm/m/it on input line 20.
LaTeX Font Info:    ... okay on input line 20.
LaTeX Font Info:    Checking defaults for OMS/cmsy/m/n on input line 20.
LaTeX Font Info:    ... okay on input line 20.
LaTeX Font Info:    Checking defaults for OT1/cmr/m/n on input line 20.
LaTeX Font Info:    ... okay on input line 20.
LaTeX Font Info:    Checking defaults for T1/cmr/m/n on input line 20.
LaTeX Font Info:    ... okay on input line 20.
LaTeX Font Info:    Checking defaults for TS1/cmr/m/n on input line 20.
LaTeX Font Info:    ... okay on input line 20.
LaTeX Font Info:    Checking defaults for OMX/cmex/m/n on input line 20.
LaTeX Font Info:    ... okay on input line 20.
LaTeX Font Info:    Checking defaults for U/cmr/m/n on input line 20.
LaTeX Font Info:    ... okay on input line 20.
LaTeX Font Info:    Checking defaults for PD1/pdf/m/n on input line 20.
LaTeX Font Info:    ... okay on input line 20.
LaTeX Font Info:    Checking defaults for PU/pdf/m/n on input line 20.
LaTeX Font Info:    ... okay on input line 20.

(C:\Users\yohat\AppData\Local\Programs\MiKTeX\tex/context/base/mkii\supp-pdf.mk
ii
[Loading MPS to PDF converter (version 2006.09.02).]
\scratchcounter=\count293
\scratchdimen=\dimen167
\scratchbox=\box60
\nofMPsegments=\count294
\nofMParguments=\count295
\everyMPshowfont=\toks25
\MPscratchCnt=\count296
\MPscratchDim=\dimen168
\MPnumerator=\count297
\makeMPintoPDFobject=\count298
\everyMPtoPDFconversion=\toks26
)
(C:\Users\yohat\AppData\Local\Programs\MiKTeX\tex/latex/epstopdf-pkg\epstopdf-b
ase.sty
Package: epstopdf-base 2020-01-24 v2.11 Base part for package epstopdf
Package epstopdf-base Info: Redefining graphics rule for `.eps' on input line 4
85.

(C:\Users\yohat\AppData\Local\Programs\MiKTeX\tex/latex/00miktex\epstopdf-sys.c
fg
File: epstopdf-sys.cfg 2021/03/18 v2.0 Configuration of epstopdf for MiKTeX
))
Package hyperref Info: Link coloring OFF on input line 20.
 (CSSR4Africa_Deliverable_D3.1.out) (CSSR4Africa_Deliverable_D3.1.out)
\@outlinefile=\write3
\openout3 = `CSSR4Africa_Deliverable_D3.1.out'.


(C:\Users\yohat\AppData\Local\Programs\MiKTeX\tex/generic/epsf\epsf.tex
This is `epsf.tex' v2.7.4 <14 February 2011>
\epsffilein=\read3
\epsfframemargin=\dimen169
\epsfframethickness=\dimen170
\epsfrsize=\dimen171
\epsftmp=\dimen172
\epsftsize=\dimen173
\epsfxsize=\dimen174
\epsfysize=\dimen175
\pspoints=\dimen176
)
<CSSRforAfrica_logo_red.pdf, id=79, 487.7245pt x 117.52507pt>
File: CSSRforAfrica_logo_red.pdf Graphic file (type pdf)
<use CSSRforAfrica_logo_red.pdf>
Package pdftex.def Info: CSSRforAfrica_logo_red.pdf  used on input line 47.
(pdftex.def)             Requested size: 99.58464pt x 23.99594pt.
LaTeX Font Info:    Trying to load font information for OT1+phv on input line 4
7.
 (C:\Users\yohat\AppData\Local\Programs\MiKTeX\tex/latex/psnfss\ot1phv.fd
File: ot1phv.fd 2020/03/25 scalable font definitions for OT1/phv.
)
LaTeX Font Info:    External font `cmex10' loaded for size
(Font)              <10.95> on input line 47.
LaTeX Font Info:    External font `cmex10' loaded for size
(Font)              <8> on input line 47.
LaTeX Font Info:    External font `cmex10' loaded for size
(Font)              <6> on input line 47.
LaTeX Font Info:    Trying to load font information for U+lasy on input line 47
.

(C:\Users\yohat\AppData\Local\Programs\MiKTeX\tex/latex/base\ulasy.fd
File: ulasy.fd 1998/08/17 v2.2e LaTeX symbol font definitions
)
LaTeX Font Info:    External font `cmex10' loaded for size
(Font)              <12> on input line 47.


[1
Non-PDF special ignored!
<special> papersize=597.50787pt,845.04684pt

{C:/Users/yohat/AppData/Local/MiKTeX/fonts/map/pdftex/pdftex.map}{C:/Users/yoha
t/AppData/Local/Programs/MiKTeX/fonts/enc/dvips/base/8r.enc} <./CSSRforAfrica_l
ogo_red.pdf>]

<CSSRforAfrica_logo_grey.pdf, id=95, 487.63818pt x 125.159pt>
File: CSSRforAfrica_logo_grey.pdf Graphic file (type pdf)
<use CSSRforAfrica_logo_grey.pdf>
Package pdftex.def Info: CSSRforAfrica_logo_grey.pdf  used on input line 58.
(pdftex.def)             Requested size: 71.13188pt x 18.25548pt.
LaTeX Font Info:    External font `cmex10' loaded for size
(Font)              <9> on input line 58.
LaTeX Font Info:    External font `cmex10' loaded for size
(Font)              <5> on input line 58.
LaTeX Font Info:    Calculating math sizes for size <14> on input line 58.
LaTeX Font Info:    External font `cmex10' loaded for size
(Font)              <14> on input line 58.
LaTeX Font Info:    External font `cmex10' loaded for size
(Font)              <9.79996> on input line 58.
LaTeX Font Info:    External font `cmex10' loaded for size
(Font)              <7> on input line 58.

Overfull \vbox (11.7075pt too high) has occurred while \output is active []


[2 <./CSSRforAfrica_logo_grey.pdf>] (CSSR4Africa_Deliverable_D3.1.toc)
\tf@toc=\write4
\openout4 = `CSSR4Africa_Deliverable_D3.1.toc'.



File: CSSRforAfrica_logo_grey.pdf Graphic file (type pdf)
<use CSSRforAfrica_logo_grey.pdf>
Package pdftex.def Info: CSSRforAfrica_logo_grey.pdf  used on input line 64.
(pdftex.def)             Requested size: 71.13188pt x 18.25548pt.

Overfull \vbox (11.7075pt too high) has occurred while \output is active []


[3]
LaTeX Font Info:    Trying to load font information for OT1+pcr on input line 7
9.
 (C:\Users\yohat\AppData\Local\Programs\MiKTeX\tex/latex/psnfss\ot1pcr.fd
File: ot1pcr.fd 2001/06/04 font definitions for OT1/pcr.
)
<System_Architecture.png, id=135, 1288.815pt x 597.23125pt>
File: System_Architecture.png Graphic file (type png)
<use System_Architecture.png>
Package pdftex.def Info: System_Architecture.png  used on input line 86.
(pdftex.def)             Requested size: 455.24408pt x 210.95691pt.

Overfull \hbox (12.59033pt too wide) in paragraph at lines 86--87
 [] 
 []



File: CSSRforAfrica_logo_grey.pdf Graphic file (type pdf)
<use CSSRforAfrica_logo_grey.pdf>
Package pdftex.def Info: CSSRforAfrica_logo_grey.pdf  used on input line 99.
(pdftex.def)             Requested size: 71.13188pt x 18.25548pt.

Overfull \vbox (11.7075pt too high) has occurred while \output is active []


[4 <./System_Architecture.png>]

File: CSSRforAfrica_logo_grey.pdf Graphic file (type pdf)
<use CSSRforAfrica_logo_grey.pdf>
Package pdftex.def Info: CSSRforAfrica_logo_grey.pdf  used on input line 147.
(pdftex.def)             Requested size: 71.13188pt x 18.25548pt.

Overfull \vbox (11.7075pt too high) has occurred while \output is active []


[5]

LaTeX Warning: \verb may be unreliable inside tabularx on input line 197.



File: CSSRforAfrica_logo_grey.pdf Graphic file (type pdf)
<use CSSRforAfrica_logo_grey.pdf>
Package pdftex.def Info: CSSRforAfrica_logo_grey.pdf  used on input line 198.
(pdftex.def)             Requested size: 71.13188pt x 18.25548pt.

Overfull \vbox (11.7075pt too high) has occurred while \output is active []


[6]
Overfull \hbox (7.32573pt too wide) in paragraph at lines 217--219
\OT1/ptm/m/n/10.95 This node pub-lishes on sev-eral ac-tu-a-tor top-ics which a
re iden-ti-fied in the file given by the [][]\OT1/pcr/m/n/10 robotTopics
 []



File: CSSRforAfrica_logo_grey.pdf Graphic file (type pdf)
<use CSSRforAfrica_logo_grey.pdf>
Package pdftex.def Info: CSSRforAfrica_logo_grey.pdf  used on input line 254.
(pdftex.def)             Requested size: 71.13188pt x 18.25548pt.

Overfull \vbox (11.7075pt too high) has occurred while \output is active []


[7]

File: CSSRforAfrica_logo_grey.pdf Graphic file (type pdf)
<use CSSRforAfrica_logo_grey.pdf>
Package pdftex.def Info: CSSRforAfrica_logo_grey.pdf  used on input line 281.
(pdftex.def)             Requested size: 71.13188pt x 18.25548pt.

Overfull \vbox (11.7075pt too high) has occurred while \output is active []


[8]

File: CSSRforAfrica_logo_grey.pdf Graphic file (type pdf)
<use CSSRforAfrica_logo_grey.pdf>
Package pdftex.def Info: CSSRforAfrica_logo_grey.pdf  used on input line 342.
(pdftex.def)             Requested size: 71.13188pt x 18.25548pt.

Overfull \vbox (11.7075pt too high) has occurred while \output is active []


[9]

File: CSSRforAfrica_logo_grey.pdf Graphic file (type pdf)
<use CSSRforAfrica_logo_grey.pdf>
Package pdftex.def Info: CSSRforAfrica_logo_grey.pdf  used on input line 409.
(pdftex.def)             Requested size: 71.13188pt x 18.25548pt.

Overfull \vbox (11.7075pt too high) has occurred while \output is active []


[10]

File: CSSRforAfrica_logo_grey.pdf Graphic file (type pdf)
<use CSSRforAfrica_logo_grey.pdf>
Package pdftex.def Info: CSSRforAfrica_logo_grey.pdf  used on input line 438.
(pdftex.def)             Requested size: 71.13188pt x 18.25548pt.

Overfull \vbox (11.7075pt too high) has occurred while \output is active []


[11]
Underfull \hbox (badness 1603) in paragraph at lines 481--481
[]|\OT1/ptm/m/n/10 Specifies whether di-ag-nos-tic data is to be
 []



File: CSSRforAfrica_logo_grey.pdf Graphic file (type pdf)
<use CSSRforAfrica_logo_grey.pdf>
Package pdftex.def Info: CSSRforAfrica_logo_grey.pdf  used on input line 500.
(pdftex.def)             Requested size: 71.13188pt x 18.25548pt.

Overfull \vbox (11.7075pt too high) has occurred while \output is active []


[12]

File: CSSRforAfrica_logo_grey.pdf Graphic file (type pdf)
<use CSSRforAfrica_logo_grey.pdf>
Package pdftex.def Info: CSSRforAfrica_logo_grey.pdf  used on input line 558.
(pdftex.def)             Requested size: 71.13188pt x 18.25548pt.

Overfull \vbox (11.7075pt too high) has occurred while \output is active []


[13]

File: CSSRforAfrica_logo_grey.pdf Graphic file (type pdf)
<use CSSRforAfrica_logo_grey.pdf>
Package pdftex.def Info: CSSRforAfrica_logo_grey.pdf  used on input line 599.
(pdftex.def)             Requested size: 71.13188pt x 18.25548pt.

Overfull \vbox (11.7075pt too high) has occurred while \output is active []


[14]
Underfull \hbox (badness 1424) in paragraph at lines 627--627
[]|\OT1/ptm/m/n/10 Specifies whether di-ag-nos-tic data is to be
 []



File: CSSRforAfrica_logo_grey.pdf Graphic file (type pdf)
<use CSSRforAfrica_logo_grey.pdf>
Package pdftex.def Info: CSSRforAfrica_logo_grey.pdf  used on input line 640.
(pdftex.def)             Requested size: 71.13188pt x 18.25548pt.

Overfull \vbox (11.7075pt too high) has occurred while \output is active []


[15]

File: CSSRforAfrica_logo_grey.pdf Graphic file (type pdf)
<use CSSRforAfrica_logo_grey.pdf>
Package pdftex.def Info: CSSRforAfrica_logo_grey.pdf  used on input line 751.
(pdftex.def)             Requested size: 71.13188pt x 18.25548pt.

Overfull \vbox (11.7075pt too high) has occurred while \output is active []


[16]

File: CSSRforAfrica_logo_grey.pdf Graphic file (type pdf)
<use CSSRforAfrica_logo_grey.pdf>
Package pdftex.def Info: CSSRforAfrica_logo_grey.pdf  used on input line 762.
(pdftex.def)             Requested size: 71.13188pt x 18.25548pt.

Overfull \vbox (11.7075pt too high) has occurred while \output is active []


[17]

File: CSSRforAfrica_logo_grey.pdf Graphic file (type pdf)
<use CSSRforAfrica_logo_grey.pdf>
Package pdftex.def Info: CSSRforAfrica_logo_grey.pdf  used on input line 792.
(pdftex.def)             Requested size: 71.13188pt x 18.25548pt.

Overfull \vbox (11.7075pt too high) has occurred while \output is active []


[18]

File: CSSRforAfrica_logo_grey.pdf Graphic file (type pdf)
<use CSSRforAfrica_logo_grey.pdf>
Package pdftex.def Info: CSSRforAfrica_logo_grey.pdf  used on input line 836.
(pdftex.def)             Requested size: 71.13188pt x 18.25548pt.

Overfull \vbox (11.7075pt too high) has occurred while \output is active []


[19]

File: CSSRforAfrica_logo_grey.pdf Graphic file (type pdf)
<use CSSRforAfrica_logo_grey.pdf>
Package pdftex.def Info: CSSRforAfrica_logo_grey.pdf  used on input line 933.
(pdftex.def)             Requested size: 71.13188pt x 18.25548pt.

Overfull \vbox (11.7075pt too high) has occurred while \output is active []


[20]

File: CSSRforAfrica_logo_grey.pdf Graphic file (type pdf)
<use CSSRforAfrica_logo_grey.pdf>
Package pdftex.def Info: CSSRforAfrica_logo_grey.pdf  used on input line 958.
(pdftex.def)             Requested size: 71.13188pt x 18.25548pt.

Overfull \vbox (11.7075pt too high) has occurred while \output is active []


[21]

File: CSSRforAfrica_logo_grey.pdf Graphic file (type pdf)
<use CSSRforAfrica_logo_grey.pdf>
Package pdftex.def Info: CSSRforAfrica_logo_grey.pdf  used on input line 987.
(pdftex.def)             Requested size: 71.13188pt x 18.25548pt.

Overfull \vbox (11.7075pt too high) has occurred while \output is active []


[22]

File: CSSRforAfrica_logo_grey.pdf Graphic file (type pdf)
<use CSSRforAfrica_logo_grey.pdf>
Package pdftex.def Info: CSSRforAfrica_logo_grey.pdf  used on input line 1073.
(pdftex.def)             Requested size: 71.13188pt x 18.25548pt.

Overfull \vbox (11.7075pt too high) has occurred while \output is active []


[23]

File: CSSRforAfrica_logo_grey.pdf Graphic file (type pdf)
<use CSSRforAfrica_logo_grey.pdf>
Package pdftex.def Info: CSSRforAfrica_logo_grey.pdf  used on input line 1089.
(pdftex.def)             Requested size: 71.13188pt x 18.25548pt.

Overfull \vbox (11.7075pt too high) has occurred while \output is active []


[24]

File: CSSRforAfrica_logo_grey.pdf Graphic file (type pdf)
<use CSSRforAfrica_logo_grey.pdf>
Package pdftex.def Info: CSSRforAfrica_logo_grey.pdf  used on input line 1143.
(pdftex.def)             Requested size: 71.13188pt x 18.25548pt.

Overfull \vbox (11.7075pt too high) has occurred while \output is active []


[25]

File: CSSRforAfrica_logo_grey.pdf Graphic file (type pdf)
<use CSSRforAfrica_logo_grey.pdf>
Package pdftex.def Info: CSSRforAfrica_logo_grey.pdf  used on input line 1233.
(pdftex.def)             Requested size: 71.13188pt x 18.25548pt.

Overfull \vbox (11.7075pt too high) has occurred while \output is active []


[26]
Overfull \hbox (27.09355pt too wide) in paragraph at lines 1248--1249
\OT1/ptm/m/n/10 spond-ing to the lo-ca-tion of any hu-mans that have been de-te
cted in the robot's field of view by the [][]\OT1/pcr/m/n/10 personDetection
 []



File: CSSRforAfrica_logo_grey.pdf Graphic file (type pdf)
<use CSSRforAfrica_logo_grey.pdf>
Package pdftex.def Info: CSSRforAfrica_logo_grey.pdf  used on input line 1287.
(pdftex.def)             Requested size: 71.13188pt x 18.25548pt.

Overfull \vbox (11.7075pt too high) has occurred while \output is active []


[27]

File: CSSRforAfrica_logo_grey.pdf Graphic file (type pdf)
<use CSSRforAfrica_logo_grey.pdf>
Package pdftex.def Info: CSSRforAfrica_logo_grey.pdf  used on input line 1377.
(pdftex.def)             Requested size: 71.13188pt x 18.25548pt.

Overfull \vbox (11.7075pt too high) has occurred while \output is active []


[28]
Overfull \hbox (7.5331pt too wide) in paragraph at lines 1396--1397
\OT1/ptm/m/n/10 sig-nal that is cap-tured by the front left mi-cro-phone is pub
-lished to a topic named [][]\OT1/pcr/m/n/10 /soundDetection/signal[]\OT1/ptm/m
/n/10 .
 []



File: CSSRforAfrica_logo_grey.pdf Graphic file (type pdf)
<use CSSRforAfrica_logo_grey.pdf>
Package pdftex.def Info: CSSRforAfrica_logo_grey.pdf  used on input line 1444.
(pdftex.def)             Requested size: 71.13188pt x 18.25548pt.

Overfull \vbox (11.7075pt too high) has occurred while \output is active []


[29]

File: CSSRforAfrica_logo_grey.pdf Graphic file (type pdf)
<use CSSRforAfrica_logo_grey.pdf>
Package pdftex.def Info: CSSRforAfrica_logo_grey.pdf  used on input line 1490.
(pdftex.def)             Requested size: 71.13188pt x 18.25548pt.

Overfull \vbox (11.7075pt too high) has occurred while \output is active []


[30]

File: CSSRforAfrica_logo_grey.pdf Graphic file (type pdf)
<use CSSRforAfrica_logo_grey.pdf>
Package pdftex.def Info: CSSRforAfrica_logo_grey.pdf  used on input line 1552.
(pdftex.def)             Requested size: 71.13188pt x 18.25548pt.

Overfull \vbox (11.7075pt too high) has occurred while \output is active []


[31]

File: CSSRforAfrica_logo_grey.pdf Graphic file (type pdf)
<use CSSRforAfrica_logo_grey.pdf>
Package pdftex.def Info: CSSRforAfrica_logo_grey.pdf  used on input line 1612.
(pdftex.def)             Requested size: 71.13188pt x 18.25548pt.

Overfull \vbox (11.7075pt too high) has occurred while \output is active []


[32]
Overfull \hbox (18.673pt too wide) in paragraph at lines 1679--1681
[]\OT1/ptm/m/n/10 to seek in-put from the vis-i-tor. It uses a package-specific
 msg, [][]\OT1/pcr/m/n/10 Prompt.msg []\OT1/ptm/m/n/10 with just one field [][]
\OT1/pcr/m/n/10 string message[]\OT1/ptm/m/n/10 .
 []



File: CSSRforAfrica_logo_grey.pdf Graphic file (type pdf)
<use CSSRforAfrica_logo_grey.pdf>
Package pdftex.def Info: CSSRforAfrica_logo_grey.pdf  used on input line 1682.
(pdftex.def)             Requested size: 71.13188pt x 18.25548pt.

Overfull \vbox (11.7075pt too high) has occurred while \output is active []


[33]

File: CSSRforAfrica_logo_grey.pdf Graphic file (type pdf)
<use CSSRforAfrica_logo_grey.pdf>
Package pdftex.def Info: CSSRforAfrica_logo_grey.pdf  used on input line 1706.
(pdftex.def)             Requested size: 71.13188pt x 18.25548pt.

Overfull \vbox (11.7075pt too high) has occurred while \output is active []


[34]
Underfull \hbox (badness 2134) in paragraph at lines 1752--1752
[]|\OT1/ptm/m/n/10 Specifies whether di-ag-nos-tic data is to be
 []


Underfull \hbox (badness 1917) in paragraph at lines 1752--1752
[]|\OT1/ptm/m/n/10 Specifies a vir-tual com-mu-ni-ca-tion end-point
 []



File: CSSRforAfrica_logo_grey.pdf Graphic file (type pdf)
<use CSSRforAfrica_logo_grey.pdf>
Package pdftex.def Info: CSSRforAfrica_logo_grey.pdf  used on input line 1783.
(pdftex.def)             Requested size: 71.13188pt x 18.25548pt.

Overfull \vbox (11.7075pt too high) has occurred while \output is active []


[35]
Underfull \hbox (badness 10000) in paragraph at lines 1789--1791

 []



File: CSSRforAfrica_logo_grey.pdf Graphic file (type pdf)
<use CSSRforAfrica_logo_grey.pdf>
Package pdftex.def Info: CSSRforAfrica_logo_grey.pdf  used on input line 1812.
(pdftex.def)             Requested size: 71.13188pt x 18.25548pt.

Overfull \vbox (11.7075pt too high) has occurred while \output is active []


[36]

pdfTeX warning: pdflatex.exe (file ./System_Architecture_Nodes.pdf): PDF inclus
ion: found PDF version <1.7>, but at most version <1.5> allowed
<System_Architecture_Nodes.pdf, id=412, 1517.67pt x 1147.28625pt>
File: System_Architecture_Nodes.pdf Graphic file (type pdf)
<use System_Architecture_Nodes.pdf>
Package pdftex.def Info: System_Architecture_Nodes.pdf  used on input line 1822
.
(pdftex.def)             Requested size: 469.47046pt x 354.8848pt.

Overfull \hbox (17.51613pt too wide) in paragraph at lines 1821--1824
[]  [] 
 []



File: CSSRforAfrica_logo_grey.pdf Graphic file (type pdf)
<use CSSRforAfrica_logo_grey.pdf>
Package pdftex.def Info: CSSRforAfrica_logo_grey.pdf  used on input line 1829.
(pdftex.def)             Requested size: 71.13188pt x 18.25548pt.

Overfull \vbox (11.7075pt too high) has occurred while \output is active []


[37 <./System_Architecture_Nodes.pdf>] (CSSR4Africa_Deliverable_D3.1.bbl)

File: CSSRforAfrica_logo_grey.pdf Graphic file (type pdf)
<use CSSRforAfrica_logo_grey.pdf>
Package pdftex.def Info: CSSRforAfrica_logo_grey.pdf  used on input line 1840.
(pdftex.def)             Requested size: 71.13188pt x 18.25548pt.

Overfull \vbox (11.7075pt too high) has occurred while \output is active []


[38

]
Underfull \hbox (badness 10000) in paragraph at lines 1844--1851

 []


Underfull \hbox (badness 10000) in paragraph at lines 1844--1851

 []



File: CSSRforAfrica_logo_grey.pdf Graphic file (type pdf)
<use CSSRforAfrica_logo_grey.pdf>
Package pdftex.def Info: CSSRforAfrica_logo_grey.pdf  used on input line 1852.
(pdftex.def)             Requested size: 71.13188pt x 18.25548pt.

Overfull \vbox (11.7075pt too high) has occurred while \output is active []


[39]
Overfull \hbox (52.46997pt too wide) in paragraph at lines 1894--1900
[][]\OT1/pcr/m/n/10 geometry_msgs/Pose.msg []\OT1/ptm/m/n/10 with [][]\OT1/pcr/
m/n/10 <Point> <Quaternion> []\OT1/ptm/m/n/10 to a cus-tom mes-sage with [][]\O
T1/pcr/m/n/10 <x> <y> <theta>
 []


Overfull \hbox (52.81113pt too wide) in paragraph at lines 1909--1916
\OT1/ptm/m/n/10 Removed [][]\OT1/pcr/m/n/10 /naoqi_driver/camera/stereo/image_r
aw  []\OT1/ptm/m/n/10 from [][]\OT1/pcr/m/n/10 overtAttention[]\OT1/ptm/m/n/10 
, [][]\OT1/pcr/m/n/10 personDetection[]\OT1/ptm/m/n/10 ,
 []


Overfull \hbox (65.06125pt too wide) in paragraph at lines 1909--1916
\OT1/ptm/m/n/10 and [][]\OT1/pcr/m/n/10 robotLocalization []\OT1/ptm/m/n/10 . A
dded [][]\OT1/pcr/m/n/10 /camera/color/image_raw  []\OT1/ptm/m/n/10 and [][]\OT
1/pcr/m/n/10 /camera/depth/image_rect_raw
 []



File: CSSRforAfrica_logo_grey.pdf Graphic file (type pdf)
<use CSSRforAfrica_logo_grey.pdf>
Package pdftex.def Info: CSSRforAfrica_logo_grey.pdf  used on input line 1916.
(pdftex.def)             Requested size: 71.13188pt x 18.25548pt.

Overfull \vbox (11.7075pt too high) has occurred while \output is active []


[40]
Overfull \hbox (31.2089pt too wide) in paragraph at lines 1945--1949
\OT1/ptm/m/n/10 Fixed in-cor-rect ref-er-ence to [][]\OT1/pcr/m/n/10 personDete
ction []\OT1/ptm/m/n/10 in doc-u-ment-ing the top-ics to which the [][]\OT1/pcr
/m/n/10 robotNavigation
 []



File: CSSRforAfrica_logo_grey.pdf Graphic file (type pdf)
<use CSSRforAfrica_logo_grey.pdf>
Package pdftex.def Info: CSSRforAfrica_logo_grey.pdf  used on input line 1967.
(pdftex.def)             Requested size: 71.13188pt x 18.25548pt.

Overfull \vbox (11.7075pt too high) has occurred while \output is active []


[41]

File: CSSRforAfrica_logo_grey.pdf Graphic file (type pdf)
<use CSSRforAfrica_logo_grey.pdf>
Package pdftex.def Info: CSSRforAfrica_logo_grey.pdf  used on input line 1995.
(pdftex.def)             Requested size: 71.13188pt x 18.25548pt.

Overfull \vbox (11.7075pt too high) has occurred while \output is active []


[42] (CSSR4Africa_Deliverable_D3.1.aux)
 ***********
LaTeX2e <2024-11-01> patch level 1
L3 programming layer <2024-11-02>
 ***********


LaTeX Font Warning: Size substitutions with differences
(Font)              up to 0.90001pt have occurred.

Package rerunfilecheck Info: File `CSSR4Africa_Deliverable_D3.1.out' has not ch
anged.
(rerunfilecheck)             Checksum: 27927B5F2FBC61E45560208247115801;2773.
 )
(\end occurred inside a group at level 1)

### simple group (level 1) entered at line 444 ({)
### bottom level 
Here is how much of TeX's memory you used:
 10070 strings out of 473650
 159225 string characters out of 5717934
 561486 words of memory out of 5000000
 32810 multiletter control sequences out of 15000+600000
 603522 words of font info for 118 fonts, out of 8000000 for 9000
 1141 hyphenation exceptions out of 8191
 75i,18n,79p,1581b,705s stack positions out of 10000i,1000n,20000p,200000b,200000s
<C:/Users/yohat/AppData/Local/Programs/MiKTeX/fonts/type1/publi
c/amsfonts/cm/cmmi10.pfb><C:/Users/yohat/AppData/Local/Programs/MiKTeX/fonts/ty
pe1/urw/courier/ucrr8a.pfb><C:/Users/yohat/AppData/Local/Programs/MiKTeX/fonts/
type1/urw/helvetic/uhvb8a.pfb><C:/Users/yohat/AppData/Local/Programs/MiKTeX/fon
ts/type1/urw/helvetic/uhvr8a.pfb><C:/Users/yohat/AppData/Local/Programs/MiKTeX/
fonts/type1/urw/times/utmb8a.pfb><C:/Users/yohat/AppData/Local/Programs/MiKTeX/
fonts/type1/urw/times/utmr8a.pfb><C:/Users/yohat/AppData/Local/Programs/MiKTeX/
fonts/type1/urw/times/utmri8a.pfb>
Output written on CSSR4Africa_Deliverable_D3.1.pdf (42 pages, 426658 bytes).
PDF statistics:
 525 PDF objects out of 1000 (max. 8388607)
 189 named destinations out of 1000 (max. 500000)
 173 words of extra memory for PDF output out of 10000 (max. 10000000)

