This is pdfTeX, Version 3.141592653-2.6-1.40.25 (TeX Live 2023) (preloaded format=pdflatex 2023.5.16)  7 MAY 2025 03:55
entering extended mode
 restricted \write18 enabled.
 %&-line parsing enabled.
**CSSR4Africa_Deliverable_D5.4.1.tex
(./CSSR4Africa_Deliverable_D5.4.1.tex
LaTeX2e <2022-11-01> patch level 1
L3 programming layer <2023-02-22> (./CSSRforAfrica.cls
Document Class: CSSRforAfrica 2023/06/28 v1.0 
 
CSSRforAfrica Deliverable Style 

(/usr/local/texlive/2023/texmf-dist/tex/latex/base/article.cls
Document Class: article 2022/07/02 v1.4n Standard LaTeX document class
(/usr/local/texlive/2023/texmf-dist/tex/latex/base/size11.clo
File: size11.clo 2022/07/02 v1.4n Standard LaTeX file (size option)
)
\c@part=\count185
\c@section=\count186
\c@subsection=\count187
\c@subsubsection=\count188
\c@paragraph=\count189
\c@subparagraph=\count190
\c@figure=\count191
\c@table=\count192
\abovecaptionskip=\skip48
\belowcaptionskip=\skip49
\bibindent=\dimen140
)
(/usr/local/texlive/2023/texmf-dist/tex/latex/psnfss/times.sty
Package: times 2020/03/25 PSNFSS-v9.3 (SPQR) 
)
(/usr/local/texlive/2023/texmf-dist/tex/latex/a4wide/a4wide.sty
Package: a4wide 1994/08/30

(/usr/local/texlive/2023/texmf-dist/tex/latex/ntgclass/a4.sty
Package: a4 2023/01/10 v1.2g A4 based page layout
))
(/usr/local/texlive/2023/texmf-dist/tex/latex/tools/array.sty
Package: array 2022/09/04 v2.5g Tabular extension package (FMi)
\col@sep=\dimen141
\ar@mcellbox=\box51
\extrarowheight=\dimen142
\NC@list=\toks16
\extratabsurround=\skip50
\backup@length=\skip51
\ar@cellbox=\box52
)
(/usr/local/texlive/2023/texmf-dist/tex/latex/graphics/graphicx.sty
Package: graphicx 2021/09/16 v1.2d Enhanced LaTeX Graphics (DPC,SPQR)

(/usr/local/texlive/2023/texmf-dist/tex/latex/graphics/keyval.sty
Package: keyval 2022/05/29 v1.15 key=value parser (DPC)
\KV@toks@=\toks17
)
(/usr/local/texlive/2023/texmf-dist/tex/latex/graphics/graphics.sty
Package: graphics 2022/03/10 v1.4e Standard LaTeX Graphics (DPC,SPQR)

(/usr/local/texlive/2023/texmf-dist/tex/latex/graphics/trig.sty
Package: trig 2021/08/11 v1.11 sin cos tan (DPC)
)
(/usr/local/texlive/2023/texmf-dist/tex/latex/graphics-cfg/graphics.cfg
File: graphics.cfg 2016/06/04 v1.11 sample graphics configuration
)
Package graphics Info: Driver file: dvips.def on input line 107.

(/usr/local/texlive/2023/texmf-dist/tex/latex/graphics-def/dvips.def
File: dvips.def 2022/09/22 v3.1e Graphics/color driver for dvips
))
\Gin@req@height=\dimen143
\Gin@req@width=\dimen144
)
(/usr/local/texlive/2023/texmf-dist/tex/latex/graphics/color.sty
Package: color 2022/01/06 v1.3d Standard LaTeX Color (DPC)

(/usr/local/texlive/2023/texmf-dist/tex/latex/graphics-cfg/color.cfg
File: color.cfg 2016/01/02 v1.6 sample color configuration
)
Package color Info: Driver file: pdftex.def on input line 149.

(/usr/local/texlive/2023/texmf-dist/tex/latex/graphics-def/pdftex.def
File: pdftex.def 2022/09/22 v1.2b Graphics/color driver for pdftex
)
(/usr/local/texlive/2023/texmf-dist/tex/latex/graphics/mathcolor.ltx))
(/usr/local/texlive/2023/texmf-dist/tex/generic/ulem/ulem.sty
\UL@box=\box53
\UL@hyphenbox=\box54
\UL@skip=\skip52
\UL@hook=\toks18
\UL@height=\dimen145
\UL@pe=\count193
\UL@pixel=\dimen146
\ULC@box=\box55
Package: ulem 2019/11/18
\ULdepth=\dimen147
)
(/usr/local/texlive/2023/texmf-dist/tex/latex/tools/calc.sty
Package: calc 2017/05/25 v4.3 Infix arithmetic (KKT,FJ)
\calc@Acount=\count194
\calc@Bcount=\count195
\calc@Adimen=\dimen148
\calc@Bdimen=\dimen149
\calc@Askip=\skip53
\calc@Bskip=\skip54
LaTeX Info: Redefining \setlength on input line 80.
LaTeX Info: Redefining \addtolength on input line 81.
\calc@Ccount=\count196
\calc@Cskip=\skip55
)
\headrulewidth=\dimen150
\footrulewidth=\dimen151
\plainheadrulewidth=\dimen152
\plainfootrulewidth=\dimen153
\headwidth=\dimen154
\footruleskip=\dimen155
\@sbpartners=\box56
\contrib=\box57
)
(/usr/local/texlive/2023/texmf-dist/tex/latex/hyperref/hyperref.sty
Package: hyperref 2023-02-07 v7.00v Hypertext links for LaTeX

(/usr/local/texlive/2023/texmf-dist/tex/generic/ltxcmds/ltxcmds.sty
Package: ltxcmds 2020-05-10 v1.25 LaTeX kernel commands for general use (HO)
)
(/usr/local/texlive/2023/texmf-dist/tex/generic/iftex/iftex.sty
Package: iftex 2022/02/03 v1.0f TeX engine tests
)
(/usr/local/texlive/2023/texmf-dist/tex/generic/pdftexcmds/pdftexcmds.sty
Package: pdftexcmds 2020-06-27 v0.33 Utility functions of pdfTeX for LuaTeX (HO
)

(/usr/local/texlive/2023/texmf-dist/tex/generic/infwarerr/infwarerr.sty
Package: infwarerr 2019/12/03 v1.5 Providing info/warning/error messages (HO)
)
Package pdftexcmds Info: \pdf@primitive is available.
Package pdftexcmds Info: \pdf@ifprimitive is available.
Package pdftexcmds Info: \pdfdraftmode found.
)
(/usr/local/texlive/2023/texmf-dist/tex/latex/kvsetkeys/kvsetkeys.sty
Package: kvsetkeys 2022-10-05 v1.19 Key value parser (HO)
)
(/usr/local/texlive/2023/texmf-dist/tex/generic/kvdefinekeys/kvdefinekeys.sty
Package: kvdefinekeys 2019-12-19 v1.6 Define keys (HO)
)
(/usr/local/texlive/2023/texmf-dist/tex/generic/pdfescape/pdfescape.sty
Package: pdfescape 2019/12/09 v1.15 Implements pdfTeX's escape features (HO)
)
(/usr/local/texlive/2023/texmf-dist/tex/latex/hycolor/hycolor.sty
Package: hycolor 2020-01-27 v1.10 Color options for hyperref/bookmark (HO)
)
(/usr/local/texlive/2023/texmf-dist/tex/latex/letltxmacro/letltxmacro.sty
Package: letltxmacro 2019/12/03 v1.6 Let assignment for LaTeX macros (HO)
)
(/usr/local/texlive/2023/texmf-dist/tex/latex/auxhook/auxhook.sty
Package: auxhook 2019-12-17 v1.6 Hooks for auxiliary files (HO)
)
(/usr/local/texlive/2023/texmf-dist/tex/latex/hyperref/nameref.sty
Package: nameref 2022-05-17 v2.50 Cross-referencing by name of section

(/usr/local/texlive/2023/texmf-dist/tex/latex/refcount/refcount.sty
Package: refcount 2019/12/15 v3.6 Data extraction from label references (HO)
)
(/usr/local/texlive/2023/texmf-dist/tex/generic/gettitlestring/gettitlestring.s
ty
Package: gettitlestring 2019/12/15 v1.6 Cleanup title references (HO)
 (/usr/local/texlive/2023/texmf-dist/tex/latex/kvoptions/kvoptions.sty
Package: kvoptions 2022-06-15 v3.15 Key value format for package options (HO)
))
\c@section@level=\count197
)
\@linkdim=\dimen156
\Hy@linkcounter=\count198
\Hy@pagecounter=\count199

(/usr/local/texlive/2023/texmf-dist/tex/latex/hyperref/pd1enc.def
File: pd1enc.def 2023-02-07 v7.00v Hyperref: PDFDocEncoding definition (HO)
Now handling font encoding PD1 ...
... no UTF-8 mapping file for font encoding PD1
)
(/usr/local/texlive/2023/texmf-dist/tex/generic/intcalc/intcalc.sty
Package: intcalc 2019/12/15 v1.3 Expandable calculations with integers (HO)
)
(/usr/local/texlive/2023/texmf-dist/tex/generic/etexcmds/etexcmds.sty
Package: etexcmds 2019/12/15 v1.7 Avoid name clashes with e-TeX commands (HO)
)
\Hy@SavedSpaceFactor=\count266

(/usr/local/texlive/2023/texmf-dist/tex/latex/hyperref/puenc.def
File: puenc.def 2023-02-07 v7.00v Hyperref: PDF Unicode definition (HO)
Now handling font encoding PU ...
... no UTF-8 mapping file for font encoding PU
)
Package hyperref Info: Option `colorlinks' set `false' on input line 4060.
Package hyperref Info: Hyper figures OFF on input line 4177.
Package hyperref Info: Link nesting OFF on input line 4182.
Package hyperref Info: Hyper index ON on input line 4185.
Package hyperref Info: Plain pages OFF on input line 4192.
Package hyperref Info: Backreferencing OFF on input line 4197.
Package hyperref Info: Implicit mode ON; LaTeX internals redefined.
Package hyperref Info: Bookmarks ON on input line 4425.
\c@Hy@tempcnt=\count267

(/usr/local/texlive/2023/texmf-dist/tex/latex/url/url.sty
\Urlmuskip=\muskip16
Package: url 2013/09/16  ver 3.4  Verb mode for urls, etc.
)
LaTeX Info: Redefining \url on input line 4763.
\XeTeXLinkMargin=\dimen157

(/usr/local/texlive/2023/texmf-dist/tex/generic/bitset/bitset.sty
Package: bitset 2019/12/09 v1.3 Handle bit-vector datatype (HO)

(/usr/local/texlive/2023/texmf-dist/tex/generic/bigintcalc/bigintcalc.sty
Package: bigintcalc 2019/12/15 v1.5 Expandable calculations on big integers (HO
)
))
\Fld@menulength=\count268
\Field@Width=\dimen158
\Fld@charsize=\dimen159
Package hyperref Info: Hyper figures OFF on input line 6042.
Package hyperref Info: Link nesting OFF on input line 6047.
Package hyperref Info: Hyper index ON on input line 6050.
Package hyperref Info: backreferencing OFF on input line 6057.
Package hyperref Info: Link coloring OFF on input line 6062.
Package hyperref Info: Link coloring with OCG OFF on input line 6067.
Package hyperref Info: PDF/A mode OFF on input line 6072.

(/usr/local/texlive/2023/texmf-dist/tex/latex/base/atbegshi-ltx.sty
Package: atbegshi-ltx 2021/01/10 v1.0c Emulation of the original atbegshi
package with kernel methods
)
\Hy@abspage=\count269
\c@Item=\count270
\c@Hfootnote=\count271
)
Package hyperref Info: Driver (autodetected): hpdftex.

(/usr/local/texlive/2023/texmf-dist/tex/latex/hyperref/hpdftex.def
File: hpdftex.def 2023-02-07 v7.00v Hyperref driver for pdfTeX

(/usr/local/texlive/2023/texmf-dist/tex/latex/base/atveryend-ltx.sty
Package: atveryend-ltx 2020/08/19 v1.0a Emulation of the original atveryend pac
kage
with kernel methods
)
\Fld@listcount=\count272
\c@bookmark@seq@number=\count273

(/usr/local/texlive/2023/texmf-dist/tex/latex/rerunfilecheck/rerunfilecheck.sty
Package: rerunfilecheck 2022-07-10 v1.10 Rerun checks for auxiliary files (HO)

(/usr/local/texlive/2023/texmf-dist/tex/generic/uniquecounter/uniquecounter.sty
Package: uniquecounter 2019/12/15 v1.4 Provide unlimited unique counter (HO)
)
Package uniquecounter Info: New unique counter `rerunfilecheck' on input line 2
85.
)
\Hy@SectionHShift=\skip56
) (/usr/local/texlive/2023/texmf-dist/tex/latex/appendix/appendix.sty
Package: appendix 2020/02/08 v1.2c extra appendix facilities
\c@@pps=\count274
\c@@ppsavesec=\count275
\c@@ppsaveapp=\count276
)
(/usr/local/texlive/2023/texmf-dist/tex/latex/base/latexsym.sty
Package: latexsym 1998/08/17 v2.2e Standard LaTeX package (lasy symbols)
\symlasy=\mathgroup4
LaTeX Font Info:    Overwriting symbol font `lasy' in version `bold'
(Font)                  U/lasy/m/n --> U/lasy/b/n on input line 52.
)
(/usr/local/texlive/2023/texmf-dist/tex/generic/dirtree/dirtree.sty
Package: dirtree 2012/12/11 v0.32 package wrapper for dirtree

(/usr/local/texlive/2023/texmf-dist/tex/generic/dirtree/dirtree.tex
`dirtree' v0.32, 2012/12/11 (jcc)
\DT@offset=\dimen160
\DT@width=\dimen161
\DT@sep=\dimen162
\DT@all=\dimen163
\DT@rulewidth=\dimen164
\DT@dotwidth=\dimen165
\DTbaselineskip=\dimen166
\DT@counti=\count277
\DT@countii=\count278
\DT@countiii=\count279
\DT@countiv=\count280
\DT@indent=\dimen167
\DT@parskip=\dimen168
\DT@baselineskip=\dimen169
)
File: dirtree.tex 2012/12/11 v0.32 `dirtree' (jcc)
)
(/usr/local/texlive/2023/texmf-dist/tex/latex/listings/listings.sty
\lst@mode=\count281
\lst@gtempboxa=\box58
\lst@token=\toks19
\lst@length=\count282
\lst@currlwidth=\dimen170
\lst@column=\count283
\lst@pos=\count284
\lst@lostspace=\dimen171
\lst@width=\dimen172
\lst@newlines=\count285
\lst@lineno=\count286
\lst@maxwidth=\dimen173

(/usr/local/texlive/2023/texmf-dist/tex/latex/listings/lstmisc.sty
File: lstmisc.sty 2023/02/27 1.9 (Carsten Heinz)
\c@lstnumber=\count287
\lst@skipnumbers=\count288
\lst@framebox=\box59
)
(/usr/local/texlive/2023/texmf-dist/tex/latex/listings/listings.cfg
File: listings.cfg 2023/02/27 1.9 listings configuration
))
Package: listings 2023/02/27 1.9 (Carsten Heinz)
Package hyperref Info: Option `colorlinks' set `true' on input line 46.

(/usr/local/texlive/2023/texmf-dist/tex/latex/tools/tabularx.sty
Package: tabularx 2020/01/15 v2.11c `tabularx' package (DPC)
\TX@col@width=\dimen174
\TX@old@table=\dimen175
\TX@old@col=\dimen176
\TX@target=\dimen177
\TX@delta=\dimen178
\TX@cols=\count289
\TX@ftn=\toks20
)
(/usr/local/texlive/2023/texmf-dist/tex/latex/colortbl/colortbl.sty
Package: colortbl 2022/06/20 v1.0f Color table columns (DPC)
\everycr=\toks21
\minrowclearance=\skip57
\rownum=\count290
)
(/usr/local/texlive/2023/texmf-dist/tex/latex/tools/verbatim.sty
Package: verbatim 2022-07-02 v1.5u LaTeX2e package for verbatim enhancements
\every@verbatim=\toks22
\verbatim@line=\toks23
\verbatim@in@stream=\read2
)
(/usr/local/texlive/2023/texmf-dist/tex/latex/tools/longtable.sty
Package: longtable 2021-09-01 v4.17 Multi-page Table package (DPC)
\LTleft=\skip58
\LTright=\skip59
\LTpre=\skip60
\LTpost=\skip61
\LTchunksize=\count291
\LTcapwidth=\dimen179
\LT@head=\box60
\LT@firsthead=\box61
\LT@foot=\box62
\LT@lastfoot=\box63
\LT@gbox=\box64
\LT@cols=\count292
\LT@rows=\count293
\c@LT@tables=\count294
\c@LT@chunks=\count295
\LT@p@ftn=\toks24
)
(/usr/local/texlive/2023/texmf-dist/tex/latex/float/float.sty
Package: float 2001/11/08 v1.3d Float enhancements (AL)
\c@float@type=\count296
\float@exts=\toks25
\float@box=\box65
\@float@everytoks=\toks26
\@floatcapt=\box66
)
(/usr/local/texlive/2023/texmf-dist/tex/latex/xcolor/xcolor.sty
Package: xcolor 2022/06/12 v2.14 LaTeX color extensions (UK)

(/usr/local/texlive/2023/texmf-dist/tex/latex/graphics-cfg/color.cfg
File: color.cfg 2016/01/02 v1.6 sample color configuration
)
Package xcolor Info: Driver file: pdftex.def on input line 227.
LaTeX Info: Redefining \color on input line 711.

(/usr/local/texlive/2023/texmf-dist/tex/latex/graphics/mathcolor.ltx)
Package xcolor Info: Model `cmy' substituted by `cmy0' on input line 1353.
Package xcolor Info: Model `RGB' extended on input line 1369.
Package xcolor Info: Model `HTML' substituted by `rgb' on input line 1371.
Package xcolor Info: Model `Hsb' substituted by `hsb' on input line 1372.
Package xcolor Info: Model `tHsb' substituted by `hsb' on input line 1373.
Package xcolor Info: Model `HSB' substituted by `hsb' on input line 1374.
Package xcolor Info: Model `Gray' substituted by `gray' on input line 1375.
Package xcolor Info: Model `wave' substituted by `hsb' on input line 1376.
)
(/usr/local/texlive/2023/texmf-dist/tex/latex/caption/subcaption.sty
Package: subcaption 2023/02/19 v1.6 Sub-captions (AR)

(/usr/local/texlive/2023/texmf-dist/tex/latex/caption/caption.sty
Package: caption 2023/03/12 v3.6j Customizing captions (AR)

(/usr/local/texlive/2023/texmf-dist/tex/latex/caption/caption3.sty
Package: caption3 2023/03/12 v2.4 caption3 kernel (AR)
\caption@tempdima=\dimen180
\captionmargin=\dimen181
\caption@leftmargin=\dimen182
\caption@rightmargin=\dimen183
\caption@width=\dimen184
\caption@indent=\dimen185
\caption@parindent=\dimen186
\caption@hangindent=\dimen187
Package caption Info: Standard document class detected.
)
\c@caption@flags=\count297
\c@continuedfloat=\count298
Package caption Info: float package is loaded.
Package caption Info: hyperref package is loaded.
Package caption Info: listings package is loaded.
Package caption Info: longtable package is loaded.

(/usr/local/texlive/2023/texmf-dist/tex/latex/caption/ltcaption.sty
Package: ltcaption 2021/01/08 v1.4c longtable captions (AR)
))
Package caption Info: New subtype `subfigure' on input line 239.
\c@subfigure=\count299
Package caption Info: New subtype `subtable' on input line 239.
\c@subtable=\count300
)
(/usr/local/texlive/2023/texmf-dist/tex/latex/tools/multicol.sty
Package: multicol 2021/11/30 v1.9d multicolumn formatting (FMi)
\c@tracingmulticols=\count301
\mult@box=\box67
\multicol@leftmargin=\dimen188
\c@unbalance=\count302
\c@collectmore=\count303
\doublecol@number=\count304
\multicoltolerance=\count305
\multicolpretolerance=\count306
\full@width=\dimen189
\page@free=\dimen190
\premulticols=\dimen191
\postmulticols=\dimen192
\multicolsep=\skip62
\multicolbaselineskip=\skip63
\partial@page=\box68
\last@line=\box69
\maxbalancingoverflow=\dimen193
\mult@rightbox=\box70
\mult@grightbox=\box71
\mult@firstbox=\box72
\mult@gfirstbox=\box73
\@tempa=\box74
\@tempa=\box75
\@tempa=\box76
\@tempa=\box77
\@tempa=\box78
\@tempa=\box79
\@tempa=\box80
\@tempa=\box81
\@tempa=\box82
\@tempa=\box83
\@tempa=\box84
\@tempa=\box85
\@tempa=\box86
\@tempa=\box87
\@tempa=\box88
\@tempa=\box89
\@tempa=\box90
\@tempa=\box91
\@tempa=\box92
\@tempa=\box93
\@tempa=\box94
\@tempa=\box95
\@tempa=\box96
\@tempa=\box97
\@tempa=\box98
\@tempa=\box99
\@tempa=\box100
\@tempa=\box101
\@tempa=\box102
\@tempa=\box103
\@tempa=\box104
\@tempa=\box105
\@tempa=\box106
\@tempa=\box107
\@tempa=\box108
\@tempa=\box109
\c@minrows=\count307
\c@columnbadness=\count308
\c@finalcolumnbadness=\count309
\last@try=\dimen194
\multicolovershoot=\dimen195
\multicolundershoot=\dimen196
\mult@nat@firstbox=\box110
\colbreak@box=\box111
\mc@col@check@num=\count310
)
LaTeX Font Info:    Trying to load font information for OT1+ptm on input line 7
1.

(/usr/local/texlive/2023/texmf-dist/tex/latex/psnfss/ot1ptm.fd
File: ot1ptm.fd 2001/06/04 font definitions for OT1/ptm.
)
(/usr/local/texlive/2023/texmf-dist/tex/latex/l3backend/l3backend-pdftex.def
File: l3backend-pdftex.def 2023-01-16 L3 backend support: PDF output (pdfTeX)
\l__color_backend_stack_int=\count311
\l__pdf_internal_box=\box112
)
(./CSSR4Africa_Deliverable_D5.4.1.aux)
\openout1 = `CSSR4Africa_Deliverable_D5.4.1.aux'.

LaTeX Font Info:    Checking defaults for OML/cmm/m/it on input line 71.
LaTeX Font Info:    ... okay on input line 71.
LaTeX Font Info:    Checking defaults for OMS/cmsy/m/n on input line 71.
LaTeX Font Info:    ... okay on input line 71.
LaTeX Font Info:    Checking defaults for OT1/cmr/m/n on input line 71.
LaTeX Font Info:    ... okay on input line 71.
LaTeX Font Info:    Checking defaults for T1/cmr/m/n on input line 71.
LaTeX Font Info:    ... okay on input line 71.
LaTeX Font Info:    Checking defaults for TS1/cmr/m/n on input line 71.
LaTeX Font Info:    ... okay on input line 71.
LaTeX Font Info:    Checking defaults for OMX/cmex/m/n on input line 71.
LaTeX Font Info:    ... okay on input line 71.
LaTeX Font Info:    Checking defaults for U/cmr/m/n on input line 71.
LaTeX Font Info:    ... okay on input line 71.
LaTeX Font Info:    Checking defaults for PD1/pdf/m/n on input line 71.
LaTeX Font Info:    ... okay on input line 71.
LaTeX Font Info:    Checking defaults for PU/pdf/m/n on input line 71.
LaTeX Font Info:    ... okay on input line 71.

(/usr/local/texlive/2023/texmf-dist/tex/context/base/mkii/supp-pdf.mkii
[Loading MPS to PDF converter (version 2006.09.02).]
\scratchcounter=\count312
\scratchdimen=\dimen197
\scratchbox=\box113
\nofMPsegments=\count313
\nofMParguments=\count314
\everyMPshowfont=\toks27
\MPscratchCnt=\count315
\MPscratchDim=\dimen198
\MPnumerator=\count316
\makeMPintoPDFobject=\count317
\everyMPtoPDFconversion=\toks28
) (/usr/local/texlive/2023/texmf-dist/tex/latex/epstopdf-pkg/epstopdf-base.sty
Package: epstopdf-base 2020-01-24 v2.11 Base part for package epstopdf
Package epstopdf-base Info: Redefining graphics rule for `.eps' on input line 4
85.

(/usr/local/texlive/2023/texmf-dist/tex/latex/latexconfig/epstopdf-sys.cfg
File: epstopdf-sys.cfg 2010/07/13 v1.3 Configuration of (r)epstopdf for TeX Liv
e
))
Package hyperref Info: Link coloring ON on input line 71.

(./CSSR4Africa_Deliverable_D5.4.1.out) (./CSSR4Africa_Deliverable_D5.4.1.out)
\@outlinefile=\write3
\openout3 = `CSSR4Africa_Deliverable_D5.4.1.out'.

\c@lstlisting=\count318
Package caption Info: Begin \AtBeginDocument code.
Package caption Info: End \AtBeginDocument code.

(/usr/local/texlive/2023/texmf-dist/tex/generic/epsf/epsf.tex
This is `epsf.tex' v2.7.4 <14 February 2011>
\epsffilein=\read3
\epsfframemargin=\dimen199
\epsfframethickness=\dimen256
\epsfrsize=\dimen257
\epsftmp=\dimen258
\epsftsize=\dimen259
\epsfxsize=\dimen260
\epsfysize=\dimen261
\pspoints=\dimen262
)
<CSSRforAfrica_logo_red.pdf, id=92, 487.7245pt x 117.52507pt>
File: CSSRforAfrica_logo_red.pdf Graphic file (type pdf)
<use CSSRforAfrica_logo_red.pdf>
Package pdftex.def Info: CSSRforAfrica_logo_red.pdf  used on input line 98.
(pdftex.def)             Requested size: 99.58464pt x 23.99594pt.
LaTeX Font Info:    Trying to load font information for OT1+phv on input line 9
8.
 (/usr/local/texlive/2023/texmf-dist/tex/latex/psnfss/ot1phv.fd
File: ot1phv.fd 2020/03/25 scalable font definitions for OT1/phv.
)
LaTeX Font Info:    External font `cmex10' loaded for size
(Font)              <10.95> on input line 98.
LaTeX Font Info:    External font `cmex10' loaded for size
(Font)              <8> on input line 98.
LaTeX Font Info:    External font `cmex10' loaded for size
(Font)              <6> on input line 98.
LaTeX Font Info:    Trying to load font information for U+lasy on input line 98
.

(/usr/local/texlive/2023/texmf-dist/tex/latex/base/ulasy.fd
File: ulasy.fd 1998/08/17 v2.2e LaTeX symbol font definitions
)
LaTeX Font Info:    External font `cmex10' loaded for size
(Font)              <12> on input line 98.
 [1
Non-PDF special ignored!
<special> papersize=597.50787pt,845.04684pt

{/usr/local/texlive/2023/texmf-var/fonts/map/pdftex/updmap/pdftex.map}{/usr/loc
al/texlive/2023/texmf-dist/fonts/enc/dvips/base/8r.enc} <./CSSRforAfrica_logo_r
ed.pdf>]
<CSSRforAfrica_logo_grey.pdf, id=108, 487.63818pt x 125.159pt>
File: CSSRforAfrica_logo_grey.pdf Graphic file (type pdf)
<use CSSRforAfrica_logo_grey.pdf>
Package pdftex.def Info: CSSRforAfrica_logo_grey.pdf  used on input line 112.
(pdftex.def)             Requested size: 71.13188pt x 18.25548pt.
LaTeX Font Info:    External font `cmex10' loaded for size
(Font)              <9> on input line 112.
LaTeX Font Info:    External font `cmex10' loaded for size
(Font)              <5> on input line 112.


Package xcolor Warning: Incompatible color definition on input line 112.

LaTeX Font Info:    Calculating math sizes for size <14> on input line 112.
LaTeX Font Info:    External font `cmex10' loaded for size
(Font)              <14> on input line 112.
LaTeX Font Info:    External font `cmex10' loaded for size
(Font)              <9.79996> on input line 112.
LaTeX Font Info:    External font `cmex10' loaded for size
(Font)              <7> on input line 112.

Overfull \vbox (20.88498pt too high) has occurred while \output is active []



Package xcolor Warning: Incompatible color definition on input line 112.

[2 <./CSSRforAfrica_logo_grey.pdf>] (./CSSR4Africa_Deliverable_D5.4.1.toc)
\tf@toc=\write4
\openout4 = `CSSR4Africa_Deliverable_D5.4.1.toc'.

File: CSSRforAfrica_logo_grey.pdf Graphic file (type pdf)
<use CSSRforAfrica_logo_grey.pdf>
Package pdftex.def Info: CSSRforAfrica_logo_grey.pdf  used on input line 113.
(pdftex.def)             Requested size: 71.13188pt x 18.25548pt.


Package xcolor Warning: Incompatible color definition on input line 113.


Overfull \vbox (20.88498pt too high) has occurred while \output is active []



Package xcolor Warning: Incompatible color definition on input line 113.

[3]
LaTeX Font Info:    Trying to load font information for OT1+pcr on input line 1
31.
 (/usr/local/texlive/2023/texmf-dist/tex/latex/psnfss/ot1pcr.fd
File: ot1pcr.fd 2001/06/04 font definitions for OT1/pcr.
)
File: CSSRforAfrica_logo_grey.pdf Graphic file (type pdf)
<use CSSRforAfrica_logo_grey.pdf>
Package pdftex.def Info: CSSRforAfrica_logo_grey.pdf  used on input line 138.
(pdftex.def)             Requested size: 71.13188pt x 18.25548pt.


Package xcolor Warning: Incompatible color definition on input line 138.


Overfull \vbox (20.88498pt too high) has occurred while \output is active []



Package xcolor Warning: Incompatible color definition on input line 138.

[4]
<Knowledge_Representation_Architecture.png, id=177, 935.495pt x 713.66624pt>
File: Knowledge_Representation_Architecture.png Graphic file (type png)
<use Knowledge_Representation_Architecture.png>
Package pdftex.def Info: Knowledge_Representation_Architecture.png  used on inp
ut line 162.
(pdftex.def)             Requested size: 256.0748pt x 195.34953pt.
File: CSSRforAfrica_logo_grey.pdf Graphic file (type pdf)
<use CSSRforAfrica_logo_grey.pdf>
Package pdftex.def Info: CSSRforAfrica_logo_grey.pdf  used on input line 173.
(pdftex.def)             Requested size: 71.13188pt x 18.25548pt.


Package xcolor Warning: Incompatible color definition on input line 173.


Overfull \vbox (20.88498pt too high) has occurred while \output is active []



Package xcolor Warning: Incompatible color definition on input line 173.

[5

 <./Knowledge_Representation_Architecture.png>]
File: CSSRforAfrica_logo_grey.pdf Graphic file (type pdf)
<use CSSRforAfrica_logo_grey.pdf>
Package pdftex.def Info: CSSRforAfrica_logo_grey.pdf  used on input line 205.
(pdftex.def)             Requested size: 71.13188pt x 18.25548pt.


Package xcolor Warning: Incompatible color definition on input line 205.


Overfull \vbox (20.88498pt too high) has occurred while \output is active []



Package xcolor Warning: Incompatible color definition on input line 205.

[6]
File: CSSRforAfrica_logo_grey.pdf Graphic file (type pdf)
<use CSSRforAfrica_logo_grey.pdf>
Package pdftex.def Info: CSSRforAfrica_logo_grey.pdf  used on input line 323.
(pdftex.def)             Requested size: 71.13188pt x 18.25548pt.


Package xcolor Warning: Incompatible color definition on input line 323.


Overfull \vbox (20.88498pt too high) has occurred while \output is active []



Package xcolor Warning: Incompatible color definition on input line 323.

[7]
File: CSSRforAfrica_logo_grey.pdf Graphic file (type pdf)
<use CSSRforAfrica_logo_grey.pdf>
Package pdftex.def Info: CSSRforAfrica_logo_grey.pdf  used on input line 323.
(pdftex.def)             Requested size: 71.13188pt x 18.25548pt.


Package xcolor Warning: Incompatible color definition on input line 323.


Overfull \vbox (20.88498pt too high) has occurred while \output is active []



Package xcolor Warning: Incompatible color definition on input line 323.

[8]
File: CSSRforAfrica_logo_grey.pdf Graphic file (type pdf)
<use CSSRforAfrica_logo_grey.pdf>
Package pdftex.def Info: CSSRforAfrica_logo_grey.pdf  used on input line 377.
(pdftex.def)             Requested size: 71.13188pt x 18.25548pt.


Package xcolor Warning: Incompatible color definition on input line 377.


Overfull \vbox (20.88498pt too high) has occurred while \output is active []



Package xcolor Warning: Incompatible color definition on input line 377.

[9

]
File: CSSRforAfrica_logo_grey.pdf Graphic file (type pdf)
<use CSSRforAfrica_logo_grey.pdf>
Package pdftex.def Info: CSSRforAfrica_logo_grey.pdf  used on input line 419.
(pdftex.def)             Requested size: 71.13188pt x 18.25548pt.


Package xcolor Warning: Incompatible color definition on input line 419.


Overfull \vbox (20.88498pt too high) has occurred while \output is active []



Package xcolor Warning: Incompatible color definition on input line 419.

[10]
File: CSSRforAfrica_logo_grey.pdf Graphic file (type pdf)
<use CSSRforAfrica_logo_grey.pdf>
Package pdftex.def Info: CSSRforAfrica_logo_grey.pdf  used on input line 469.
(pdftex.def)             Requested size: 71.13188pt x 18.25548pt.


Package xcolor Warning: Incompatible color definition on input line 469.


Overfull \vbox (20.88498pt too high) has occurred while \output is active []



Package xcolor Warning: Incompatible color definition on input line 469.

[11]
File: CSSRforAfrica_logo_grey.pdf Graphic file (type pdf)
<use CSSRforAfrica_logo_grey.pdf>
Package pdftex.def Info: CSSRforAfrica_logo_grey.pdf  used on input line 470.
(pdftex.def)             Requested size: 71.13188pt x 18.25548pt.


Package xcolor Warning: Incompatible color definition on input line 470.


Overfull \vbox (20.88498pt too high) has occurred while \output is active []



Package xcolor Warning: Incompatible color definition on input line 470.

[12]
Overfull \vbox (9.65723pt too high) has occurred while \output is active []

File: CSSRforAfrica_logo_grey.pdf Graphic file (type pdf)
<use CSSRforAfrica_logo_grey.pdf>
Package pdftex.def Info: CSSRforAfrica_logo_grey.pdf  used on input line 560.
(pdftex.def)             Requested size: 71.13188pt x 18.25548pt.


Package xcolor Warning: Incompatible color definition on input line 560.


Overfull \vbox (20.88498pt too high) has occurred while \output is active []



Package xcolor Warning: Incompatible color definition on input line 560.

[13]
Overfull \hbox (8.57523pt too wide) in paragraph at lines 649--649
[]|\OT1/pcr/b/n/9 Non-verbal Interaction| 
 []


Overfull \hbox (10.49518pt too wide) in paragraph at lines 725--725
[]|\OT1/pcr/b/n/9 Kinyarwanda| 
 []


Overfull \hbox (10.49518pt too wide) in paragraph at lines 725--725
[]|\OT1/pcr/b/n/9 Kinyarwanda| 
 []


Overfull \hbox (10.49518pt too wide) in paragraph at lines 725--725
[]|\OT1/pcr/b/n/9 Kinyarwanda| 
 []


Overfull \hbox (10.49518pt too wide) in paragraph at lines 725--725
[]|\OT1/pcr/b/n/9 Kinyarwanda| 
 []


Overfull \hbox (10.49518pt too wide) in paragraph at lines 725--725
[]|\OT1/pcr/b/n/9 Kinyarwanda| 
 []


Overfull \hbox (2.06525pt too wide) in paragraph at lines 725--725
[]|\OT1/pcr/b/n/9 AddressOlder| 
 []


Overfull \hbox (10.49518pt too wide) in paragraph at lines 725--725
[]|\OT1/pcr/b/n/9 Kinyarwanda| 
 []


Overfull \hbox (14.36528pt too wide) in paragraph at lines 725--725
[]|\OT1/pcr/b/n/9 AddressSameAge| 
 []


Overfull \hbox (10.49518pt too wide) in paragraph at lines 725--725
[]|\OT1/pcr/b/n/9 Kinyarwanda| 
 []


Overfull \hbox (12.86523pt too wide) in paragraph at lines 725--725
[]|\OT1/pcr/b/n/9 AddressYounger| 
 []


Overfull \hbox (10.49518pt too wide) in paragraph at lines 725--725
[]|\OT1/pcr/b/n/9 Kinyarwanda| 
 []


Overfull \hbox (10.49518pt too wide) in paragraph at lines 725--725
[]|\OT1/pcr/b/n/9 Kinyarwanda| 
 []


Overfull \hbox (10.49518pt too wide) in paragraph at lines 747--747
[]|\OT1/pcr/b/n/9 Kinyarwanda| 
 []


Overfull \hbox (2.93526pt too wide) in paragraph at lines 747--747
[]|\OT1/pcr/b/n/9 InitiationOrder| 
 []

File: CSSRforAfrica_logo_grey.pdf Graphic file (type pdf)
<use CSSRforAfrica_logo_grey.pdf>
Package pdftex.def Info: CSSRforAfrica_logo_grey.pdf  used on input line 753.
(pdftex.def)             Requested size: 71.13188pt x 18.25548pt.

Package xcolor Warning: Incompatible color definition on input line 753.


Overfull \vbox (20.88498pt too high) has occurred while \output is active []



Package xcolor Warning: Incompatible color definition on input line 753.

[14]
Overfull \vbox (7.14713pt too high) has occurred while \output is active []

File: CSSRforAfrica_logo_grey.pdf Graphic file (type pdf)
<use CSSRforAfrica_logo_grey.pdf>
Package pdftex.def Info: CSSRforAfrica_logo_grey.pdf  used on input line 753.
(pdftex.def)             Requested size: 71.13188pt x 18.25548pt.


Package xcolor Warning: Incompatible color definition on input line 753.


Overfull \vbox (20.88498pt too high) has occurred while \output is active []



Package xcolor Warning: Incompatible color definition on input line 753.

[15]
File: CSSRforAfrica_logo_grey.pdf Graphic file (type pdf)
<use CSSRforAfrica_logo_grey.pdf>
Package pdftex.def Info: CSSRforAfrica_logo_grey.pdf  used on input line 876.
(pdftex.def)             Requested size: 71.13188pt x 18.25548pt.


Package xcolor Warning: Incompatible color definition on input line 876.


Overfull \vbox (20.88498pt too high) has occurred while \output is active []



Package xcolor Warning: Incompatible color definition on input line 876.

[16]
File: CSSRforAfrica_logo_grey.pdf Graphic file (type pdf)
<use CSSRforAfrica_logo_grey.pdf>
Package pdftex.def Info: CSSRforAfrica_logo_grey.pdf  used on input line 931.
(pdftex.def)             Requested size: 71.13188pt x 18.25548pt.


Package xcolor Warning: Incompatible color definition on input line 931.


Overfull \vbox (20.88498pt too high) has occurred while \output is active []



Package xcolor Warning: Incompatible color definition on input line 931.

[17]
File: CSSRforAfrica_logo_grey.pdf Graphic file (type pdf)
<use CSSRforAfrica_logo_grey.pdf>
Package pdftex.def Info: CSSRforAfrica_logo_grey.pdf  used on input line 1006.
(pdftex.def)             Requested size: 71.13188pt x 18.25548pt.


Package xcolor Warning: Incompatible color definition on input line 1006.


Overfull \vbox (20.88498pt too high) has occurred while \output is active []



Package xcolor Warning: Incompatible color definition on input line 1006.

[18]
File: CSSRforAfrica_logo_grey.pdf Graphic file (type pdf)
<use CSSRforAfrica_logo_grey.pdf>
Package pdftex.def Info: CSSRforAfrica_logo_grey.pdf  used on input line 1015.
(pdftex.def)             Requested size: 71.13188pt x 18.25548pt.


Package xcolor Warning: Incompatible color definition on input line 1015.


Overfull \vbox (20.88498pt too high) has occurred while \output is active []



Package xcolor Warning: Incompatible color definition on input line 1015.

[19]
File: CSSRforAfrica_logo_grey.pdf Graphic file (type pdf)
<use CSSRforAfrica_logo_grey.pdf>
Package pdftex.def Info: CSSRforAfrica_logo_grey.pdf  used on input line 1110.
(pdftex.def)             Requested size: 71.13188pt x 18.25548pt.


Package xcolor Warning: Incompatible color definition on input line 1110.


Overfull \vbox (20.88498pt too high) has occurred while \output is active []



Package xcolor Warning: Incompatible color definition on input line 1110.

[20]
Overfull \hbox (3.25421pt too wide) in paragraph at lines 1115--1185
 [] 
 []

File: CSSRforAfrica_logo_grey.pdf Graphic file (type pdf)
<use CSSRforAfrica_logo_grey.pdf>
Package pdftex.def Info: CSSRforAfrica_logo_grey.pdf  used on input line 1190.
(pdftex.def)             Requested size: 71.13188pt x 18.25548pt.

Package xcolor Warning: Incompatible color definition on input line 1190.


Overfull \vbox (20.88498pt too high) has occurred while \output is active []



Package xcolor Warning: Incompatible color definition on input line 1190.

[21]
File: CSSRforAfrica_logo_grey.pdf Graphic file (type pdf)
<use CSSRforAfrica_logo_grey.pdf>
Package pdftex.def Info: CSSRforAfrica_logo_grey.pdf  used on input line 1190.
(pdftex.def)             Requested size: 71.13188pt x 18.25548pt.


Package xcolor Warning: Incompatible color definition on input line 1190.


Overfull \vbox (20.88498pt too high) has occurred while \output is active []



Package xcolor Warning: Incompatible color definition on input line 1190.

[22]
File: CSSRforAfrica_logo_grey.pdf Graphic file (type pdf)
<use CSSRforAfrica_logo_grey.pdf>
Package pdftex.def Info: CSSRforAfrica_logo_grey.pdf  used on input line 1281.
(pdftex.def)             Requested size: 71.13188pt x 18.25548pt.


Package xcolor Warning: Incompatible color definition on input line 1281.


Overfull \vbox (20.88498pt too high) has occurred while \output is active []



Package xcolor Warning: Incompatible color definition on input line 1281.

[23

]
File: CSSRforAfrica_logo_grey.pdf Graphic file (type pdf)
<use CSSRforAfrica_logo_grey.pdf>
Package pdftex.def Info: CSSRforAfrica_logo_grey.pdf  used on input line 1360.
(pdftex.def)             Requested size: 71.13188pt x 18.25548pt.


Package xcolor Warning: Incompatible color definition on input line 1360.


Overfull \vbox (20.88498pt too high) has occurred while \output is active []



Package xcolor Warning: Incompatible color definition on input line 1360.

[24]
File: CSSRforAfrica_logo_grey.pdf Graphic file (type pdf)
<use CSSRforAfrica_logo_grey.pdf>
Package pdftex.def Info: CSSRforAfrica_logo_grey.pdf  used on input line 1360.
(pdftex.def)             Requested size: 71.13188pt x 18.25548pt.


Package xcolor Warning: Incompatible color definition on input line 1360.


Overfull \vbox (20.88498pt too high) has occurred while \output is active []



Package xcolor Warning: Incompatible color definition on input line 1360.

[25]
File: CSSRforAfrica_logo_grey.pdf Graphic file (type pdf)
<use CSSRforAfrica_logo_grey.pdf>
Package pdftex.def Info: CSSRforAfrica_logo_grey.pdf  used on input line 1404.
(pdftex.def)             Requested size: 71.13188pt x 18.25548pt.


Package xcolor Warning: Incompatible color definition on input line 1404.


Overfull \vbox (20.88498pt too high) has occurred while \output is active []



Package xcolor Warning: Incompatible color definition on input line 1404.

[26

]
File: CSSRforAfrica_logo_grey.pdf Graphic file (type pdf)
<use CSSRforAfrica_logo_grey.pdf>
Package pdftex.def Info: CSSRforAfrica_logo_grey.pdf  used on input line 1455.
(pdftex.def)             Requested size: 71.13188pt x 18.25548pt.


Package xcolor Warning: Incompatible color definition on input line 1455.


Overfull \vbox (20.88498pt too high) has occurred while \output is active []



Package xcolor Warning: Incompatible color definition on input line 1455.

[27]
Underfull \hbox (badness 10000) in paragraph at lines 1459--1461

 []

(/usr/local/texlive/2023/texmf-dist/tex/latex/listings/lstlang1.sty
File: lstlang1.sty 2023/02/27 1.9 listings language file
)
(/usr/local/texlive/2023/texmf-dist/tex/latex/listings/lstlang1.sty
File: lstlang1.sty 2023/02/27 1.9 listings language file
)

Package xcolor Warning: Incompatible color definition on input line 1488.


Package xcolor Warning: Incompatible color definition on input line 1488.


Package xcolor Warning: Incompatible color definition on input line 1488.


Package xcolor Warning: Incompatible color definition on input line 1489.


Package xcolor Warning: Incompatible color definition on input line 1489.


Package xcolor Warning: Incompatible color definition on input line 1489.


Package xcolor Warning: Incompatible color definition on input line 1489.


Package xcolor Warning: Incompatible color definition on input line 1489.


Package xcolor Warning: Incompatible color definition on input line 1489.


Package xcolor Warning: Incompatible color definition on input line 1489.


Package xcolor Warning: Incompatible color definition on input line 1490.


Package xcolor Warning: Incompatible color definition on input line 1490.


Package xcolor Warning: Incompatible color definition on input line 1490.


Package xcolor Warning: Incompatible color definition on input line 1490.


Package xcolor Warning: Incompatible color definition on input line 1490.


Package xcolor Warning: Incompatible color definition on input line 1490.


Package xcolor Warning: Incompatible color definition on input line 1490.


Package xcolor Warning: Incompatible color definition on input line 1490.


Package xcolor Warning: Incompatible color definition on input line 1490.


Package xcolor Warning: Incompatible color definition on input line 1490.


Package xcolor Warning: Incompatible color definition on input line 1490.


Package xcolor Warning: Incompatible color definition on input line 1490.


Package xcolor Warning: Incompatible color definition on input line 1490.


Package xcolor Warning: Incompatible color definition on input line 1490.


Package xcolor Warning: Incompatible color definition on input line 1490.


Package xcolor Warning: Incompatible color definition on input line 1490.


Package xcolor Warning: Incompatible color definition on input line 1490.


Package xcolor Warning: Incompatible color definition on input line 1491.


Package xcolor Warning: Incompatible color definition on input line 1491.


Package xcolor Warning: Incompatible color definition on input line 1491.


Package xcolor Warning: Incompatible color definition on input line 1491.


Package xcolor Warning: Incompatible color definition on input line 1491.


Package xcolor Warning: Incompatible color definition on input line 1491.


Package xcolor Warning: Incompatible color definition on input line 1491.


Package xcolor Warning: Incompatible color definition on input line 1491.


Package xcolor Warning: Incompatible color definition on input line 1491.


Package xcolor Warning: Incompatible color definition on input line 1491.


Package xcolor Warning: Incompatible color definition on input line 1491.


Package xcolor Warning: Incompatible color definition on input line 1491.


Package xcolor Warning: Incompatible color definition on input line 1491.


Package xcolor Warning: Incompatible color definition on input line 1491.


Package xcolor Warning: Incompatible color definition on input line 1491.


Package xcolor Warning: Incompatible color definition on input line 1491.


Package xcolor Warning: Incompatible color definition on input line 1491.


Package xcolor Warning: Incompatible color definition on input line 1491.


Package xcolor Warning: Incompatible color definition on input line 1491.


Package xcolor Warning: Incompatible color definition on input line 1492.


Package xcolor Warning: Incompatible color definition on input line 1492.


Package xcolor Warning: Incompatible color definition on input line 1492.


Package xcolor Warning: Incompatible color definition on input line 1492.


Package xcolor Warning: Incompatible color definition on input line 1492.


Package xcolor Warning: Incompatible color definition on input line 1492.


Package xcolor Warning: Incompatible color definition on input line 1492.


Package xcolor Warning: Incompatible color definition on input line 1492.


Package xcolor Warning: Incompatible color definition on input line 1492.


Package xcolor Warning: Incompatible color definition on input line 1492.


Package xcolor Warning: Incompatible color definition on input line 1492.


Package xcolor Warning: Incompatible color definition on input line 1492.


Package xcolor Warning: Incompatible color definition on input line 1492.


Package xcolor Warning: Incompatible color definition on input line 1492.


Package xcolor Warning: Incompatible color definition on input line 1492.


Package xcolor Warning: Incompatible color definition on input line 1492.


Package xcolor Warning: Incompatible color definition on input line 1492.


Package xcolor Warning: Incompatible color definition on input line 1492.


Package xcolor Warning: Incompatible color definition on input line 1492.

File: CSSRforAfrica_logo_grey.pdf Graphic file (type pdf)
<use CSSRforAfrica_logo_grey.pdf>
Package pdftex.def Info: CSSRforAfrica_logo_grey.pdf  used on input line 1496.
(pdftex.def)             Requested size: 71.13188pt x 18.25548pt.

Package xcolor Warning: Incompatible color definition on input line 1496.


Overfull \vbox (20.88498pt too high) has occurred while \output is active []



Package xcolor Warning: Incompatible color definition on input line 1496.

[28]
File: CSSRforAfrica_logo_grey.pdf Graphic file (type pdf)
<use CSSRforAfrica_logo_grey.pdf>
Package pdftex.def Info: CSSRforAfrica_logo_grey.pdf  used on input line 1563.
(pdftex.def)             Requested size: 71.13188pt x 18.25548pt.


Package xcolor Warning: Incompatible color definition on input line 1563.


Overfull \vbox (20.88498pt too high) has occurred while \output is active []



Package xcolor Warning: Incompatible color definition on input line 1563.

[29]
File: CSSRforAfrica_logo_grey.pdf Graphic file (type pdf)
<use CSSRforAfrica_logo_grey.pdf>
Package pdftex.def Info: CSSRforAfrica_logo_grey.pdf  used on input line 1621.
(pdftex.def)             Requested size: 71.13188pt x 18.25548pt.


Package xcolor Warning: Incompatible color definition on input line 1621.


Overfull \vbox (20.88498pt too high) has occurred while \output is active []



Package xcolor Warning: Incompatible color definition on input line 1621.

[30]
File: CSSRforAfrica_logo_grey.pdf Graphic file (type pdf)
<use CSSRforAfrica_logo_grey.pdf>
Package pdftex.def Info: CSSRforAfrica_logo_grey.pdf  used on input line 1735.
(pdftex.def)             Requested size: 71.13188pt x 18.25548pt.


Package xcolor Warning: Incompatible color definition on input line 1735.


Overfull \vbox (20.88498pt too high) has occurred while \output is active []



Package xcolor Warning: Incompatible color definition on input line 1735.

[31]
File: CSSRforAfrica_logo_grey.pdf Graphic file (type pdf)
<use CSSRforAfrica_logo_grey.pdf>
Package pdftex.def Info: CSSRforAfrica_logo_grey.pdf  used on input line 1762.
(pdftex.def)             Requested size: 71.13188pt x 18.25548pt.


Package xcolor Warning: Incompatible color definition on input line 1762.


Overfull \vbox (20.88498pt too high) has occurred while \output is active []



Package xcolor Warning: Incompatible color definition on input line 1762.

[32]

Package xcolor Warning: Incompatible color definition on input line 1790.


Package xcolor Warning: Incompatible color definition on input line 1790.


Package xcolor Warning: Incompatible color definition on input line 1790.

File: CSSRforAfrica_logo_grey.pdf Graphic file (type pdf)
<use CSSRforAfrica_logo_grey.pdf>
Package pdftex.def Info: CSSRforAfrica_logo_grey.pdf  used on input line 1804.
(pdftex.def)             Requested size: 71.13188pt x 18.25548pt.

Package xcolor Warning: Incompatible color definition on input line 1804.


Overfull \vbox (20.88498pt too high) has occurred while \output is active []



Package xcolor Warning: Incompatible color definition on input line 1804.

[33]
File: CSSRforAfrica_logo_grey.pdf Graphic file (type pdf)
<use CSSRforAfrica_logo_grey.pdf>
Package pdftex.def Info: CSSRforAfrica_logo_grey.pdf  used on input line 1814.
(pdftex.def)             Requested size: 71.13188pt x 18.25548pt.


Package xcolor Warning: Incompatible color definition on input line 1814.


Overfull \vbox (20.88498pt too high) has occurred while \output is active []



Package xcolor Warning: Incompatible color definition on input line 1814.

[34]
Underfull \hbox (badness 10000) in paragraph at lines 1818--1824

 []


Underfull \hbox (badness 10000) in paragraph at lines 1818--1824

 []


Underfull \hbox (badness 10000) in paragraph at lines 1818--1824

 []


Package xcolor Warning: Incompatible color definition on input line 1824.


Package xcolor Warning: Incompatible color definition on input line 1824.


Package xcolor Warning: Incompatible color definition on input line 1824.

File: CSSRforAfrica_logo_grey.pdf Graphic file (type pdf)
<use CSSRforAfrica_logo_grey.pdf>
Package pdftex.def Info: CSSRforAfrica_logo_grey.pdf  used on input line 1830.
(pdftex.def)             Requested size: 71.13188pt x 18.25548pt.

Package xcolor Warning: Incompatible color definition on input line 1830.


Overfull \vbox (20.88498pt too high) has occurred while \output is active []



Package xcolor Warning: Incompatible color definition on input line 1830.

[35]

Package xcolor Warning: Incompatible color definition on input line 1853.


Package xcolor Warning: Incompatible color definition on input line 1853.


Package xcolor Warning: Incompatible color definition on input line 1853.


Package xcolor Warning: Incompatible color definition on input line 1854.


Package xcolor Warning: Incompatible color definition on input line 1854.


Package xcolor Warning: Incompatible color definition on input line 1854.


Package xcolor Warning: Incompatible color definition on input line 1854.


Package xcolor Warning: Incompatible color definition on input line 1854.


Package xcolor Warning: Incompatible color definition on input line 1854.


Package xcolor Warning: Incompatible color definition on input line 1854.


Package xcolor Warning: Incompatible color definition on input line 1854.


Package xcolor Warning: Incompatible color definition on input line 1854.


Package xcolor Warning: Incompatible color definition on input line 1854.


Package xcolor Warning: Incompatible color definition on input line 1937.


Package xcolor Warning: Incompatible color definition on input line 1937.


Package xcolor Warning: Incompatible color definition on input line 1937.

<screenshot1.png, id=463, 834.11626pt x 926.46124pt>
File: screenshot1.png Graphic file (type png)
<use screenshot1.png>
Package pdftex.def Info: screenshot1.png  used on input line 1946.
(pdftex.def)             Requested size: 355.65944pt x 395.03432pt.
<screenshot2.png, id=464, 833.1125pt x 583.17876pt>
File: screenshot2.png Graphic file (type png)
<use screenshot2.png>
Package pdftex.def Info: screenshot2.png  used on input line 1946.
(pdftex.def)             Requested size: 355.65944pt x 248.96446pt.
File: CSSRforAfrica_logo_grey.pdf Graphic file (type pdf)
<use CSSRforAfrica_logo_grey.pdf>
Package pdftex.def Info: CSSRforAfrica_logo_grey.pdf  used on input line 1952.
(pdftex.def)             Requested size: 71.13188pt x 18.25548pt.

Package xcolor Warning: Incompatible color definition on input line 1952.


Overfull \vbox (20.88498pt too high) has occurred while \output is active []



Package xcolor Warning: Incompatible color definition on input line 1952.

[36]
Overfull \vbox (43.99849pt too high) has occurred while \output is active []

File: CSSRforAfrica_logo_grey.pdf Graphic file (type pdf)
<use CSSRforAfrica_logo_grey.pdf>
Package pdftex.def Info: CSSRforAfrica_logo_grey.pdf  used on input line 1952.
(pdftex.def)             Requested size: 71.13188pt x 18.25548pt.


Package xcolor Warning: Incompatible color definition on input line 1952.


Overfull \vbox (20.88498pt too high) has occurred while \output is active []



Package xcolor Warning: Incompatible color definition on input line 1952.

[37 <./screenshot1.png> <./screenshot2.png>]

Package xcolor Warning: Incompatible color definition on input line 1982.


Package xcolor Warning: Incompatible color definition on input line 1982.


Package xcolor Warning: Incompatible color definition on input line 1982.


Package xcolor Warning: Incompatible color definition on input line 1984.


Package xcolor Warning: Incompatible color definition on input line 1984.


Package xcolor Warning: Incompatible color definition on input line 1984.


Package xcolor Warning: Incompatible color definition on input line 1984.


Package xcolor Warning: Incompatible color definition on input line 1984.


Package xcolor Warning: Incompatible color definition on input line 1984.


Package xcolor Warning: Incompatible color definition on input line 1984.


Package xcolor Warning: Incompatible color definition on input line 1984.


Package xcolor Warning: Incompatible color definition on input line 1985.


Package xcolor Warning: Incompatible color definition on input line 1985.


Package xcolor Warning: Incompatible color definition on input line 1985.


Package xcolor Warning: Incompatible color definition on input line 1985.


Package xcolor Warning: Incompatible color definition on input line 1985.


Package xcolor Warning: Incompatible color definition on input line 1985.


Package xcolor Warning: Incompatible color definition on input line 1985.


Package xcolor Warning: Incompatible color definition on input line 1985.


Package xcolor Warning: Incompatible color definition on input line 1985.


Package xcolor Warning: Incompatible color definition on input line 1985.


Package xcolor Warning: Incompatible color definition on input line 1985.


Package xcolor Warning: Incompatible color definition on input line 1985.


Package xcolor Warning: Incompatible color definition on input line 1985.


Package xcolor Warning: Incompatible color definition on input line 1985.


Package xcolor Warning: Incompatible color definition on input line 1985.


Package xcolor Warning: Incompatible color definition on input line 1989.


Package xcolor Warning: Incompatible color definition on input line 1989.


Package xcolor Warning: Incompatible color definition on input line 1989.


Package xcolor Warning: Incompatible color definition on input line 1989.


Package xcolor Warning: Incompatible color definition on input line 1989.


Package xcolor Warning: Incompatible color definition on input line 1989.


Package xcolor Warning: Incompatible color definition on input line 1989.


Package xcolor Warning: Incompatible color definition on input line 1989.


Package xcolor Warning: Incompatible color definition on input line 1989.


Package xcolor Warning: Incompatible color definition on input line 1989.


Package xcolor Warning: Incompatible color definition on input line 1989.


Package xcolor Warning: Incompatible color definition on input line 1989.


Package xcolor Warning: Incompatible color definition on input line 1989.


Package xcolor Warning: Incompatible color definition on input line 1989.


Package xcolor Warning: Incompatible color definition on input line 1989.


Package xcolor Warning: Incompatible color definition on input line 1989.


Package xcolor Warning: Incompatible color definition on input line 1989.


Package xcolor Warning: Incompatible color definition on input line 1989.


Package xcolor Warning: Incompatible color definition on input line 1990.


Package xcolor Warning: Incompatible color definition on input line 1990.


Package xcolor Warning: Incompatible color definition on input line 1990.


Package xcolor Warning: Incompatible color definition on input line 1990.


Package xcolor Warning: Incompatible color definition on input line 1990.


Package xcolor Warning: Incompatible color definition on input line 1990.


Package xcolor Warning: Incompatible color definition on input line 1990.


Package xcolor Warning: Incompatible color definition on input line 1990.


Package xcolor Warning: Incompatible color definition on input line 1990.


Package xcolor Warning: Incompatible color definition on input line 1990.


Package xcolor Warning: Incompatible color definition on input line 1990.


Package xcolor Warning: Incompatible color definition on input line 1990.


Package xcolor Warning: Incompatible color definition on input line 1990.


Package xcolor Warning: Incompatible color definition on input line 1990.


Package xcolor Warning: Incompatible color definition on input line 1990.


Package xcolor Warning: Incompatible color definition on input line 1990.


Package xcolor Warning: Incompatible color definition on input line 1990.


Package xcolor Warning: Incompatible color definition on input line 1991.


Package xcolor Warning: Incompatible color definition on input line 1991.


Package xcolor Warning: Incompatible color definition on input line 1991.


Package xcolor Warning: Incompatible color definition on input line 1991.


Package xcolor Warning: Incompatible color definition on input line 1991.


Package xcolor Warning: Incompatible color definition on input line 1991.


Package xcolor Warning: Incompatible color definition on input line 1991.


Package xcolor Warning: Incompatible color definition on input line 1991.


Package xcolor Warning: Incompatible color definition on input line 1991.


Package xcolor Warning: Incompatible color definition on input line 1991.


Package xcolor Warning: Incompatible color definition on input line 1991.


Package xcolor Warning: Incompatible color definition on input line 1991.


Package xcolor Warning: Incompatible color definition on input line 1991.


Package xcolor Warning: Incompatible color definition on input line 1991.


Package xcolor Warning: Incompatible color definition on input line 1991.


Package xcolor Warning: Incompatible color definition on input line 1991.


Package xcolor Warning: Incompatible color definition on input line 1991.


Package xcolor Warning: Incompatible color definition on input line 1991.


Package xcolor Warning: Incompatible color definition on input line 1991.


Package xcolor Warning: Incompatible color definition on input line 1991.


Package xcolor Warning: Incompatible color definition on input line 1991.


Package xcolor Warning: Incompatible color definition on input line 1991.


Package xcolor Warning: Incompatible color definition on input line 1991.


Package xcolor Warning: Incompatible color definition on input line 1991.


Package xcolor Warning: Incompatible color definition on input line 1991.


Package xcolor Warning: Incompatible color definition on input line 1991.


Package xcolor Warning: Incompatible color definition on input line 1991.


Package xcolor Warning: Incompatible color definition on input line 1992.


Package xcolor Warning: Incompatible color definition on input line 1992.


Package xcolor Warning: Incompatible color definition on input line 1992.


Package xcolor Warning: Incompatible color definition on input line 1992.


Package xcolor Warning: Incompatible color definition on input line 1992.


Package xcolor Warning: Incompatible color definition on input line 1992.


Package xcolor Warning: Incompatible color definition on input line 1992.


Package xcolor Warning: Incompatible color definition on input line 1992.


Package xcolor Warning: Incompatible color definition on input line 1992.


Package xcolor Warning: Incompatible color definition on input line 1992.


Package xcolor Warning: Incompatible color definition on input line 1992.


Package xcolor Warning: Incompatible color definition on input line 1992.


Package xcolor Warning: Incompatible color definition on input line 1992.


Package xcolor Warning: Incompatible color definition on input line 1992.


Package xcolor Warning: Incompatible color definition on input line 1992.


Package xcolor Warning: Incompatible color definition on input line 1992.


Package xcolor Warning: Incompatible color definition on input line 1992.


Package xcolor Warning: Incompatible color definition on input line 1992.


Package xcolor Warning: Incompatible color definition on input line 1992.


Package xcolor Warning: Incompatible color definition on input line 1992.


Package xcolor Warning: Incompatible color definition on input line 1992.


Package xcolor Warning: Incompatible color definition on input line 1992.


Package xcolor Warning: Incompatible color definition on input line 1992.


Package xcolor Warning: Incompatible color definition on input line 2036.


Package xcolor Warning: Incompatible color definition on input line 2036.


Package xcolor Warning: Incompatible color definition on input line 2036.


Package xcolor Warning: Incompatible color definition on input line 2036.


Package xcolor Warning: Incompatible color definition on input line 2036.

File: CSSRforAfrica_logo_grey.pdf Graphic file (type pdf)
<use CSSRforAfrica_logo_grey.pdf>
Package pdftex.def Info: CSSRforAfrica_logo_grey.pdf  used on input line 2077.
(pdftex.def)             Requested size: 71.13188pt x 18.25548pt.

Package xcolor Warning: Incompatible color definition on input line 2077.


Overfull \vbox (20.88498pt too high) has occurred while \output is active []



Package xcolor Warning: Incompatible color definition on input line 2077.

[38] (./CSSR4Africa_Deliverable_D5.4.1.bbl)
File: CSSRforAfrica_logo_grey.pdf Graphic file (type pdf)
<use CSSRforAfrica_logo_grey.pdf>
Package pdftex.def Info: CSSRforAfrica_logo_grey.pdf  used on input line 2086.
(pdftex.def)             Requested size: 71.13188pt x 18.25548pt.


Package xcolor Warning: Incompatible color definition on input line 2086.


Overfull \vbox (20.88498pt too high) has occurred while \output is active []



Package xcolor Warning: Incompatible color definition on input line 2086.

[39]
Underfull \hbox (badness 10000) in paragraph at lines 2090--2097

 []


Underfull \hbox (badness 10000) in paragraph at lines 2090--2097

 []

File: CSSRforAfrica_logo_grey.pdf Graphic file (type pdf)
<use CSSRforAfrica_logo_grey.pdf>
Package pdftex.def Info: CSSRforAfrica_logo_grey.pdf  used on input line 2099.
(pdftex.def)             Requested size: 71.13188pt x 18.25548pt.

Package xcolor Warning: Incompatible color definition on input line 2099.


Overfull \vbox (20.88498pt too high) has occurred while \output is active []



Package xcolor Warning: Incompatible color definition on input line 2099.

[40]
Underfull \hbox (badness 10000) in paragraph at lines 2107--2111

 []


Underfull \hbox (badness 10000) in paragraph at lines 2112--2119

 []


Underfull \hbox (badness 10000) in paragraph at lines 2120--2124

 []


Overfull \hbox (10.89273pt too wide) in paragraph at lines 2125--2129
\OT1/ptm/m/n/10.95 to \OT1/pcr/m/n/10 cultureKnowledgeBaseInput.dat \OT1/ptm/m/
n/10.95 and \OT1/pcr/m/n/10 cultureKnowledgeBaseInput.dat \OT1/ptm/m/n/10.95 to
 be com-
 []


Underfull \hbox (badness 10000) in paragraph at lines 2125--2129

 []


Overfull \hbox (10.89273pt too wide) in paragraph at lines 2131--2135
\OT1/ptm/m/n/10.95 to \OT1/pcr/m/n/10 cultureKnowledgeBaseInput.dat \OT1/ptm/m/
n/10.95 and \OT1/pcr/m/n/10 cultureKnowledgeBaseInput.dat \OT1/ptm/m/n/10.95 to
 be com-
 []


Underfull \hbox (badness 10000) in paragraph at lines 2131--2135

 []


Underfull \hbox (badness 10000) in paragraph at lines 2136--2141

 []


Underfull \hbox (badness 10000) in paragraph at lines 2142--2146

 []

File: CSSRforAfrica_logo_grey.pdf Graphic file (type pdf)
<use CSSRforAfrica_logo_grey.pdf>
Package pdftex.def Info: CSSRforAfrica_logo_grey.pdf  used on input line 2146.
(pdftex.def)             Requested size: 71.13188pt x 18.25548pt.

Package xcolor Warning: Incompatible color definition on input line 2146.


Overfull \vbox (20.88498pt too high) has occurred while \output is active []



Package xcolor Warning: Incompatible color definition on input line 2146.

[41]
Underfull \hbox (badness 10000) in paragraph at lines 2147--2152

 []


Underfull \hbox (badness 10000) in paragraph at lines 2153--2157

 []

File: CSSRforAfrica_logo_grey.pdf Graphic file (type pdf)
<use CSSRforAfrica_logo_grey.pdf>
Package pdftex.def Info: CSSRforAfrica_logo_grey.pdf  used on input line 2161.
(pdftex.def)             Requested size: 71.13188pt x 18.25548pt.

Package xcolor Warning: Incompatible color definition on input line 2161.


Overfull \vbox (20.88498pt too high) has occurred while \output is active []



Package xcolor Warning: Incompatible color definition on input line 2161.

[42] (./CSSR4Africa_Deliverable_D5.4.1.aux)
Package rerunfilecheck Info: File `CSSR4Africa_Deliverable_D5.4.1.out' has not 
changed.
(rerunfilecheck)             Checksum: CA20E3F9E1AF0B5335C3A4F4E20D0CAE;3830.
 ) 
Here is how much of TeX's memory you used:
 13889 strings out of 476025
 222186 string characters out of 5790017
 2548388 words of memory out of 5000000
 33826 multiletter control sequences out of 15000+600000
 555641 words of font info for 114 fonts, out of 8000000 for 9000
 1141 hyphenation exceptions out of 8191
 75i,18n,77p,1627b,1240s stack positions out of 10000i,1000n,20000p,200000b,200000s
</usr/local/texlive/2023/texmf-dist/fonts/type1/public/amsfonts/cm/cmsy9.pfb>
</usr/local/texlive/2023/texmf-dist/fonts/type1/urw/courier/ucrb8a.pfb></usr/lo
cal/texlive/2023/texmf-dist/fonts/type1/urw/courier/ucrr8a.pfb></usr/local/texl
ive/2023/texmf-dist/fonts/type1/urw/helvetic/uhvb8a.pfb></usr/local/texlive/202
3/texmf-dist/fonts/type1/urw/helvetic/uhvr8a.pfb></usr/local/texlive/2023/texmf
-dist/fonts/type1/urw/times/utmb8a.pfb></usr/local/texlive/2023/texmf-dist/font
s/type1/urw/times/utmr8a.pfb></usr/local/texlive/2023/texmf-dist/fonts/type1/ur
w/times/utmri8a.pfb>
Output written on CSSR4Africa_Deliverable_D5.4.1.pdf (42 pages, 3183063 bytes).

PDF statistics:
 755 PDF objects out of 1000 (max. 8388607)
 648 compressed objects within 7 object streams
 277 named destinations out of 1000 (max. 500000)
 202 words of extra memory for PDF output out of 10000 (max. 10000000)

