This is pdfTeX, Version 3.141592653-2.6-1.40.26 (MiKTeX 24.4) (preloaded format=pdflatex 2024.12.23)  25 JUN 2025 22:02
entering extended mode
 restricted \write18 enabled.
 file:line:error style messages enabled.
 %&-line parsing enabled.
**"c:/Users/yohat/Desktop/Pepper Related/Deliverables/Deliverables/D5.5.2.3 Kinyarwanda Text to Speech Conversion/CSSR4Africa_Deliverable_D5.5.2.3.tex"
(c:/Users/yohat/Desktop/Pepper Related/Deliverables/Deliverables/D5.5.2.3 Kinyarwanda Text to Speech Conversion/CSSR4Africa_Deliverable_D5.5.2.3.tex
LaTeX2e <2024-11-01> patch level 1
L3 programming layer <2024-11-02>
(CSSRforAfrica.cls
Document Class: CSSRforAfrica 2023/06/28 v1.0 
 
CSSRforAfrica Deliverable Style 

(C:\Users\yohat\AppData\Local\Programs\MiKTeX\tex/latex/base\article.cls
Document Class: article 2024/06/29 v1.4n Standard LaTeX document class
(C:\Users\yohat\AppData\Local\Programs\MiKTeX\tex/latex/base\size11.clo
File: size11.clo 2024/06/29 v1.4n Standard LaTeX file (size option)
)
\c@part=\count196
\c@section=\count197
\c@subsection=\count198
\c@subsubsection=\count199
\c@paragraph=\count266
\c@subparagraph=\count267
\c@figure=\count268
\c@table=\count269
\abovecaptionskip=\skip49
\belowcaptionskip=\skip50
\bibindent=\dimen141
) (C:\Users\yohat\AppData\Local\Programs\MiKTeX\tex/latex/psnfss\times.sty
Package: times 2020/03/25 PSNFSS-v9.3 (SPQR) 
) (C:\Users\yohat\AppData\Local\Programs\MiKTeX\tex/latex/a4wide\a4wide.sty
Package: a4wide 1994/08/30
 (C:\Users\yohat\AppData\Local\Programs\MiKTeX\tex/latex/ntgclass\a4.sty
Package: a4 2023/01/10 v1.2g A4 based page layout
)) (C:\Users\yohat\AppData\Local\Programs\MiKTeX\tex/latex/tools\array.sty
Package: array 2024/10/17 v2.6g Tabular extension package (FMi)
\col@sep=\dimen142
\ar@mcellbox=\box52
\extrarowheight=\dimen143
\NC@list=\toks17
\extratabsurround=\skip51
\backup@length=\skip52
\ar@cellbox=\box53
) (C:\Users\yohat\AppData\Local\Programs\MiKTeX\tex/latex/graphics\graphicx.sty
Package: graphicx 2021/09/16 v1.2d Enhanced LaTeX Graphics (DPC,SPQR)
 (C:\Users\yohat\AppData\Local\Programs\MiKTeX\tex/latex/graphics\keyval.sty
Package: keyval 2022/05/29 v1.15 key=value parser (DPC)
\KV@toks@=\toks18
) (C:\Users\yohat\AppData\Local\Programs\MiKTeX\tex/latex/graphics\graphics.sty
Package: graphics 2024/08/06 v1.4g Standard LaTeX Graphics (DPC,SPQR)
 (C:\Users\yohat\AppData\Local\Programs\MiKTeX\tex/latex/graphics\trig.sty
Package: trig 2023/12/02 v1.11 sin cos tan (DPC)
) (C:\Users\yohat\AppData\Local\Programs\MiKTeX\tex/latex/graphics-cfg\graphics.cfg
File: graphics.cfg 2016/06/04 v1.11 sample graphics configuration
)
Package graphics Info: Driver file: dvips.def on input line 106.
 (C:\Users\yohat\AppData\Local\Programs\MiKTeX\tex/latex/graphics-def\dvips.def
File: dvips.def 2022/09/22 v3.1e Graphics/color driver for dvips
))
\Gin@req@height=\dimen144
\Gin@req@width=\dimen145
) (C:\Users\yohat\AppData\Local\Programs\MiKTeX\tex/latex/graphics\color.sty
Package: color 2024/06/23 v1.3e Standard LaTeX Color (DPC)
 (C:\Users\yohat\AppData\Local\Programs\MiKTeX\tex/latex/graphics-cfg\color.cfg
File: color.cfg 2016/01/02 v1.6 sample color configuration
)
Package color Info: Driver file: pdftex.def on input line 149.
 (C:\Users\yohat\AppData\Local\Programs\MiKTeX\tex/latex/graphics-def\pdftex.def
File: pdftex.def 2024/04/13 v1.2c Graphics/color driver for pdftex
) (C:\Users\yohat\AppData\Local\Programs\MiKTeX\tex/latex/graphics\mathcolor.ltx)) (C:\Users\yohat\AppData\Local\Programs\MiKTeX\tex/latex/ulem\ulem.sty
\UL@box=\box54
\UL@hyphenbox=\box55
\UL@skip=\skip53
\UL@hook=\toks19
\UL@height=\dimen146
\UL@pe=\count270
\UL@pixel=\dimen147
\ULC@box=\box56
Package: ulem 2019/11/18
\ULdepth=\dimen148
) (C:\Users\yohat\AppData\Local\Programs\MiKTeX\tex/latex/tools\calc.sty
Package: calc 2023/07/08 v4.3 Infix arithmetic (KKT,FJ)
\calc@Acount=\count271
\calc@Bcount=\count272
\calc@Adimen=\dimen149
\calc@Bdimen=\dimen150
\calc@Askip=\skip54
\calc@Bskip=\skip55
LaTeX Info: Redefining \setlength on input line 80.
LaTeX Info: Redefining \addtolength on input line 81.
\calc@Ccount=\count273
\calc@Cskip=\skip56
) (C:\Users\yohat\AppData\Local\Programs\MiKTeX\tex/latex/base\ifthen.sty
Package: ifthen 2024/03/16 v1.1e Standard LaTeX ifthen package (DPC)
)
\headrulewidth=\dimen151
\footrulewidth=\dimen152
\plainheadrulewidth=\dimen153
\plainfootrulewidth=\dimen154
\headwidth=\dimen155
\footruleskip=\dimen156
\@sbpartners=\box57
\contrib=\box58
) (C:\Users\yohat\AppData\Local\Programs\MiKTeX\tex/latex/hyperref\hyperref.sty
Package: hyperref 2024-11-05 v7.01l Hypertext links for LaTeX
 (C:\Users\yohat\AppData\Local\Programs\MiKTeX\tex/generic/iftex\iftex.sty
Package: iftex 2024/12/12 v1.0g TeX engine tests
) (C:\Users\yohat\AppData\Local\Programs\MiKTeX\tex/latex/kvsetkeys\kvsetkeys.sty
Package: kvsetkeys 2022-10-05 v1.19 Key value parser (HO)
) (C:\Users\yohat\AppData\Local\Programs\MiKTeX\tex/generic/kvdefinekeys\kvdefinekeys.sty
Package: kvdefinekeys 2019-12-19 v1.6 Define keys (HO)
) (C:\Users\yohat\AppData\Local\Programs\MiKTeX\tex/generic/pdfescape\pdfescape.sty
Package: pdfescape 2019/12/09 v1.15 Implements pdfTeX's escape features (HO)
 (C:\Users\yohat\AppData\Local\Programs\MiKTeX\tex/generic/ltxcmds\ltxcmds.sty
Package: ltxcmds 2023-12-04 v1.26 LaTeX kernel commands for general use (HO)
) (C:\Users\yohat\AppData\Local\Programs\MiKTeX\tex/generic/pdftexcmds\pdftexcmds.sty
Package: pdftexcmds 2020-06-27 v0.33 Utility functions of pdfTeX for LuaTeX (HO)
 (C:\Users\yohat\AppData\Local\Programs\MiKTeX\tex/generic/infwarerr\infwarerr.sty
Package: infwarerr 2019/12/03 v1.5 Providing info/warning/error messages (HO)
)
Package pdftexcmds Info: \pdf@primitive is available.
Package pdftexcmds Info: \pdf@ifprimitive is available.
Package pdftexcmds Info: \pdfdraftmode found.
)) (C:\Users\yohat\AppData\Local\Programs\MiKTeX\tex/latex/hycolor\hycolor.sty
Package: hycolor 2020-01-27 v1.10 Color options for hyperref/bookmark (HO)
) (C:\Users\yohat\AppData\Local\Programs\MiKTeX\tex/latex/hyperref\nameref.sty
Package: nameref 2023-11-26 v2.56 Cross-referencing by name of section
 (C:\Users\yohat\AppData\Local\Programs\MiKTeX\tex/latex/refcount\refcount.sty
Package: refcount 2019/12/15 v3.6 Data extraction from label references (HO)
) (C:\Users\yohat\AppData\Local\Programs\MiKTeX\tex/generic/gettitlestring\gettitlestring.sty
Package: gettitlestring 2019/12/15 v1.6 Cleanup title references (HO)
 (C:\Users\yohat\AppData\Local\Programs\MiKTeX\tex/latex/kvoptions\kvoptions.sty
Package: kvoptions 2022-06-15 v3.15 Key value format for package options (HO)
))
\c@section@level=\count274
) (C:\Users\yohat\AppData\Local\Programs\MiKTeX\tex/latex/etoolbox\etoolbox.sty
Package: etoolbox 2020/10/05 v2.5k e-TeX tools for LaTeX (JAW)
\etb@tempcnta=\count275
) (C:\Users\yohat\AppData\Local\Programs\MiKTeX\tex/generic/stringenc\stringenc.sty
Package: stringenc 2019/11/29 v1.12 Convert strings between diff. encodings (HO)
)
\@linkdim=\dimen157
\Hy@linkcounter=\count276
\Hy@pagecounter=\count277
 (C:\Users\yohat\AppData\Local\Programs\MiKTeX\tex/latex/hyperref\pd1enc.def
File: pd1enc.def 2024-11-05 v7.01l Hyperref: PDFDocEncoding definition (HO)
Now handling font encoding PD1 ...
... no UTF-8 mapping file for font encoding PD1
) (C:\Users\yohat\AppData\Local\Programs\MiKTeX\tex/generic/intcalc\intcalc.sty
Package: intcalc 2019/12/15 v1.3 Expandable calculations with integers (HO)
)
\Hy@SavedSpaceFactor=\count278
 (C:\Users\yohat\AppData\Local\Programs\MiKTeX\tex/latex/hyperref\puenc.def
File: puenc.def 2024-11-05 v7.01l Hyperref: PDF Unicode definition (HO)
Now handling font encoding PU ...
... no UTF-8 mapping file for font encoding PU
)
Package hyperref Info: Option `colorlinks' set `false' on input line 4040.
Package hyperref Info: Hyper figures OFF on input line 4157.
Package hyperref Info: Link nesting OFF on input line 4162.
Package hyperref Info: Hyper index ON on input line 4165.
Package hyperref Info: Plain pages OFF on input line 4172.
Package hyperref Info: Backreferencing OFF on input line 4177.
Package hyperref Info: Implicit mode ON; LaTeX internals redefined.
Package hyperref Info: Bookmarks ON on input line 4424.
\c@Hy@tempcnt=\count279
 (C:\Users\yohat\AppData\Local\Programs\MiKTeX\tex/latex/url\url.sty
\Urlmuskip=\muskip17
Package: url 2013/09/16  ver 3.4  Verb mode for urls, etc.
)
LaTeX Info: Redefining \url on input line 4763.
\XeTeXLinkMargin=\dimen158
 (C:\Users\yohat\AppData\Local\Programs\MiKTeX\tex/generic/bitset\bitset.sty
Package: bitset 2019/12/09 v1.3 Handle bit-vector datatype (HO)
 (C:\Users\yohat\AppData\Local\Programs\MiKTeX\tex/generic/bigintcalc\bigintcalc.sty
Package: bigintcalc 2019/12/15 v1.5 Expandable calculations on big integers (HO)
))
\Fld@menulength=\count280
\Field@Width=\dimen159
\Fld@charsize=\dimen160
Package hyperref Info: Hyper figures OFF on input line 6042.
Package hyperref Info: Link nesting OFF on input line 6047.
Package hyperref Info: Hyper index ON on input line 6050.
Package hyperref Info: backreferencing OFF on input line 6057.
Package hyperref Info: Link coloring OFF on input line 6062.
Package hyperref Info: Link coloring with OCG OFF on input line 6067.
Package hyperref Info: PDF/A mode OFF on input line 6072.
 (C:\Users\yohat\AppData\Local\Programs\MiKTeX\tex/latex/base\atbegshi-ltx.sty
Package: atbegshi-ltx 2021/01/10 v1.0c Emulation of the original atbegshi
package with kernel methods
)
\Hy@abspage=\count281
\c@Item=\count282
\c@Hfootnote=\count283
)
Package hyperref Info: Driver (autodetected): hpdftex.
 (C:\Users\yohat\AppData\Local\Programs\MiKTeX\tex/latex/hyperref\hpdftex.def
File: hpdftex.def 2024-11-05 v7.01l Hyperref driver for pdfTeX
 (C:\Users\yohat\AppData\Local\Programs\MiKTeX\tex/latex/base\atveryend-ltx.sty
Package: atveryend-ltx 2020/08/19 v1.0a Emulation of the original atveryend package
with kernel methods
)
\Fld@listcount=\count284
\c@bookmark@seq@number=\count285
 (C:\Users\yohat\AppData\Local\Programs\MiKTeX\tex/latex/rerunfilecheck\rerunfilecheck.sty
Package: rerunfilecheck 2022-07-10 v1.10 Rerun checks for auxiliary files (HO)
 (C:\Users\yohat\AppData\Local\Programs\MiKTeX\tex/generic/uniquecounter\uniquecounter.sty
Package: uniquecounter 2019/12/15 v1.4 Provide unlimited unique counter (HO)
)
Package uniquecounter Info: New unique counter `rerunfilecheck' on input line 285.
)
\Hy@SectionHShift=\skip57
) (C:\Users\yohat\AppData\Local\Programs\MiKTeX\tex/latex/appendix\appendix.sty
Package: appendix 2020/02/08 v1.2c extra appendix facilities
\c@@pps=\count286
\c@@ppsavesec=\count287
\c@@ppsaveapp=\count288
) (C:\Users\yohat\AppData\Local\Programs\MiKTeX\tex/latex/base\latexsym.sty
Package: latexsym 1998/08/17 v2.2e Standard LaTeX package (lasy symbols)
\symlasy=\mathgroup4
LaTeX Font Info:    Overwriting symbol font `lasy' in version `bold'
(Font)                  U/lasy/m/n --> U/lasy/b/n on input line 52.
) (C:\Users\yohat\AppData\Local\Programs\MiKTeX\tex/latex/dirtree\dirtree.sty
Package: dirtree 2012/12/11 v0.32 package wrapper for dirtree
 (C:\Users\yohat\AppData\Local\Programs\MiKTeX\tex/generic/dirtree\dirtree.tex `dirtree' v0.32, 2012/12/11 (jcc)
\DT@offset=\dimen161
\DT@width=\dimen162
\DT@sep=\dimen163
\DT@all=\dimen164
\DT@rulewidth=\dimen165
\DT@dotwidth=\dimen166
\DTbaselineskip=\dimen167
\DT@counti=\count289
\DT@countii=\count290
\DT@countiii=\count291
\DT@countiv=\count292
\DT@indent=\dimen168
\DT@parskip=\dimen169
\DT@baselineskip=\dimen170
)
File: dirtree.tex 2012/12/11 v0.32 `dirtree' (jcc)
) (C:\Users\yohat\AppData\Local\Programs\MiKTeX\tex/latex/base\inputenc.sty
Package: inputenc 2024/02/08 v1.3d Input encoding file
\inpenc@prehook=\toks20
\inpenc@posthook=\toks21
) (C:\Users\yohat\AppData\Local\Programs\MiKTeX\tex/latex/listings\listings.sty
\lst@mode=\count293
\lst@gtempboxa=\box59
\lst@token=\toks22
\lst@length=\count294
\lst@currlwidth=\dimen171
\lst@column=\count295
\lst@pos=\count296
\lst@lostspace=\dimen172
\lst@width=\dimen173
\lst@newlines=\count297
\lst@lineno=\count298
\lst@maxwidth=\dimen174
 (C:\Users\yohat\AppData\Local\Programs\MiKTeX\tex/latex/listings\lstpatch.sty
File: lstpatch.sty 2024/09/23 1.10c (Carsten Heinz)
) (C:\Users\yohat\AppData\Local\Programs\MiKTeX\tex/latex/listings\lstmisc.sty
File: lstmisc.sty 2024/09/23 1.10c (Carsten Heinz)
\c@lstnumber=\count299
\lst@skipnumbers=\count300
\lst@framebox=\box60
) (C:\Users\yohat\AppData\Local\Programs\MiKTeX\tex/latex/listings\listings.cfg
File: listings.cfg 2024/09/23 1.10c listings configuration
))
Package: listings 2024/09/23 1.10c (Carsten Heinz)
 (C:\Users\yohat\AppData\Local\Programs\MiKTeX\tex/latex/pgf/frontendlayer\tikz.sty (C:\Users\yohat\AppData\Local\Programs\MiKTeX\tex/latex/pgf/basiclayer\pgf.sty (C:\Users\yohat\AppData\Local\Programs\MiKTeX\tex/latex/pgf/utilities\pgfrcs.sty (C:\Users\yohat\AppData\Local\Programs\MiKTeX\tex/generic/pgf/utilities\pgfutil-common.tex
\pgfutil@everybye=\toks23
\pgfutil@tempdima=\dimen175
\pgfutil@tempdimb=\dimen176
) (C:\Users\yohat\AppData\Local\Programs\MiKTeX\tex/generic/pgf/utilities\pgfutil-latex.def
\pgfutil@abb=\box61
) (C:\Users\yohat\AppData\Local\Programs\MiKTeX\tex/generic/pgf/utilities\pgfrcs.code.tex (C:\Users\yohat\AppData\Local\Programs\MiKTeX\tex/generic/pgf\pgf.revision.tex)
Package: pgfrcs 2023-01-15 v3.1.10 (3.1.10)
))
Package: pgf 2023-01-15 v3.1.10 (3.1.10)
 (C:\Users\yohat\AppData\Local\Programs\MiKTeX\tex/latex/pgf/basiclayer\pgfcore.sty (C:\Users\yohat\AppData\Local\Programs\MiKTeX\tex/latex/pgf/systemlayer\pgfsys.sty (C:\Users\yohat\AppData\Local\Programs\MiKTeX\tex/generic/pgf/systemlayer\pgfsys.code.tex
Package: pgfsys 2023-01-15 v3.1.10 (3.1.10)
 (C:\Users\yohat\AppData\Local\Programs\MiKTeX\tex/generic/pgf/utilities\pgfkeys.code.tex
\pgfkeys@pathtoks=\toks24
\pgfkeys@temptoks=\toks25
 (C:\Users\yohat\AppData\Local\Programs\MiKTeX\tex/generic/pgf/utilities\pgfkeyslibraryfiltered.code.tex
\pgfkeys@tmptoks=\toks26
))
\pgf@x=\dimen177
\pgf@y=\dimen178
\pgf@xa=\dimen179
\pgf@ya=\dimen180
\pgf@xb=\dimen181
\pgf@yb=\dimen182
\pgf@xc=\dimen183
\pgf@yc=\dimen184
\pgf@xd=\dimen185
\pgf@yd=\dimen186
\w@pgf@writea=\write3
\r@pgf@reada=\read2
\c@pgf@counta=\count301
\c@pgf@countb=\count302
\c@pgf@countc=\count303
\c@pgf@countd=\count304
\t@pgf@toka=\toks27
\t@pgf@tokb=\toks28
\t@pgf@tokc=\toks29
\pgf@sys@id@count=\count305
 (C:\Users\yohat\AppData\Local\Programs\MiKTeX\tex/generic/pgf/systemlayer\pgf.cfg
File: pgf.cfg 2023-01-15 v3.1.10 (3.1.10)
)
Driver file for pgf: pgfsys-pdftex.def
 (C:\Users\yohat\AppData\Local\Programs\MiKTeX\tex/generic/pgf/systemlayer\pgfsys-pdftex.def
File: pgfsys-pdftex.def 2023-01-15 v3.1.10 (3.1.10)
 (C:\Users\yohat\AppData\Local\Programs\MiKTeX\tex/generic/pgf/systemlayer\pgfsys-common-pdf.def
File: pgfsys-common-pdf.def 2023-01-15 v3.1.10 (3.1.10)
))) (C:\Users\yohat\AppData\Local\Programs\MiKTeX\tex/generic/pgf/systemlayer\pgfsyssoftpath.code.tex
File: pgfsyssoftpath.code.tex 2023-01-15 v3.1.10 (3.1.10)
\pgfsyssoftpath@smallbuffer@items=\count306
\pgfsyssoftpath@bigbuffer@items=\count307
) (C:\Users\yohat\AppData\Local\Programs\MiKTeX\tex/generic/pgf/systemlayer\pgfsysprotocol.code.tex
File: pgfsysprotocol.code.tex 2023-01-15 v3.1.10 (3.1.10)
)) (C:\Users\yohat\AppData\Local\Programs\MiKTeX\tex/latex/xcolor\xcolor.sty
Package: xcolor 2024/09/29 v3.02 LaTeX color extensions (UK)
 (C:\Users\yohat\AppData\Local\Programs\MiKTeX\tex/latex/graphics-cfg\color.cfg
File: color.cfg 2016/01/02 v1.6 sample color configuration
)
Package xcolor Info: Driver file: pdftex.def on input line 274.
LaTeX Info: Redefining \color on input line 762.
 (C:\Users\yohat\AppData\Local\Programs\MiKTeX\tex/latex/graphics\mathcolor.ltx)
Package xcolor Info: Model `cmy' substituted by `cmy0' on input line 1349.
Package xcolor Info: Model `RGB' extended on input line 1365.
Package xcolor Info: Model `HTML' substituted by `rgb' on input line 1367.
Package xcolor Info: Model `Hsb' substituted by `hsb' on input line 1368.
Package xcolor Info: Model `tHsb' substituted by `hsb' on input line 1369.
Package xcolor Info: Model `HSB' substituted by `hsb' on input line 1370.
Package xcolor Info: Model `Gray' substituted by `gray' on input line 1371.
Package xcolor Info: Model `wave' substituted by `hsb' on input line 1372.
) (C:\Users\yohat\AppData\Local\Programs\MiKTeX\tex/generic/pgf/basiclayer\pgfcore.code.tex
Package: pgfcore 2023-01-15 v3.1.10 (3.1.10)
 (C:\Users\yohat\AppData\Local\Programs\MiKTeX\tex/generic/pgf/math\pgfmath.code.tex (C:\Users\yohat\AppData\Local\Programs\MiKTeX\tex/generic/pgf/math\pgfmathutil.code.tex) (C:\Users\yohat\AppData\Local\Programs\MiKTeX\tex/generic/pgf/math\pgfmathparser.code.tex
\pgfmath@dimen=\dimen187
\pgfmath@count=\count308
\pgfmath@box=\box62
\pgfmath@toks=\toks30
\pgfmath@stack@operand=\toks31
\pgfmath@stack@operation=\toks32
) (C:\Users\yohat\AppData\Local\Programs\MiKTeX\tex/generic/pgf/math\pgfmathfunctions.code.tex) (C:\Users\yohat\AppData\Local\Programs\MiKTeX\tex/generic/pgf/math\pgfmathfunctions.basic.code.tex) (C:\Users\yohat\AppData\Local\Programs\MiKTeX\tex/generic/pgf/math\pgfmathfunctions.trigonometric.code.tex) (C:\Users\yohat\AppData\Local\Programs\MiKTeX\tex/generic/pgf/math\pgfmathfunctions.random.code.tex) (C:\Users\yohat\AppData\Local\Programs\MiKTeX\tex/generic/pgf/math\pgfmathfunctions.comparison.code.tex) (C:\Users\yohat\AppData\Local\Programs\MiKTeX\tex/generic/pgf/math\pgfmathfunctions.base.code.tex) (C:\Users\yohat\AppData\Local\Programs\MiKTeX\tex/generic/pgf/math\pgfmathfunctions.round.code.tex) (C:\Users\yohat\AppData\Local\Programs\MiKTeX\tex/generic/pgf/math\pgfmathfunctions.misc.code.tex) (C:\Users\yohat\AppData\Local\Programs\MiKTeX\tex/generic/pgf/math\pgfmathfunctions.integerarithmetics.code.tex) (C:\Users\yohat\AppData\Local\Programs\MiKTeX\tex/generic/pgf/math\pgfmathcalc.code.tex) (C:\Users\yohat\AppData\Local\Programs\MiKTeX\tex/generic/pgf/math\pgfmathfloat.code.tex
\c@pgfmathroundto@lastzeros=\count309
)) (C:\Users\yohat\AppData\Local\Programs\MiKTeX\tex/generic/pgf/math\pgfint.code.tex) (C:\Users\yohat\AppData\Local\Programs\MiKTeX\tex/generic/pgf/basiclayer\pgfcorepoints.code.tex
File: pgfcorepoints.code.tex 2023-01-15 v3.1.10 (3.1.10)
\pgf@picminx=\dimen188
\pgf@picmaxx=\dimen189
\pgf@picminy=\dimen190
\pgf@picmaxy=\dimen191
\pgf@pathminx=\dimen192
\pgf@pathmaxx=\dimen193
\pgf@pathminy=\dimen194
\pgf@pathmaxy=\dimen195
\pgf@xx=\dimen196
\pgf@xy=\dimen197
\pgf@yx=\dimen198
\pgf@yy=\dimen199
\pgf@zx=\dimen256
\pgf@zy=\dimen257
) (C:\Users\yohat\AppData\Local\Programs\MiKTeX\tex/generic/pgf/basiclayer\pgfcorepathconstruct.code.tex
File: pgfcorepathconstruct.code.tex 2023-01-15 v3.1.10 (3.1.10)
\pgf@path@lastx=\dimen258
\pgf@path@lasty=\dimen259
) (C:\Users\yohat\AppData\Local\Programs\MiKTeX\tex/generic/pgf/basiclayer\pgfcorepathusage.code.tex
File: pgfcorepathusage.code.tex 2023-01-15 v3.1.10 (3.1.10)
\pgf@shorten@end@additional=\dimen260
\pgf@shorten@start@additional=\dimen261
) (C:\Users\yohat\AppData\Local\Programs\MiKTeX\tex/generic/pgf/basiclayer\pgfcorescopes.code.tex
File: pgfcorescopes.code.tex 2023-01-15 v3.1.10 (3.1.10)
\pgfpic=\box63
\pgf@hbox=\box64
\pgf@layerbox@main=\box65
\pgf@picture@serial@count=\count310
) (C:\Users\yohat\AppData\Local\Programs\MiKTeX\tex/generic/pgf/basiclayer\pgfcoregraphicstate.code.tex
File: pgfcoregraphicstate.code.tex 2023-01-15 v3.1.10 (3.1.10)
\pgflinewidth=\dimen262
) (C:\Users\yohat\AppData\Local\Programs\MiKTeX\tex/generic/pgf/basiclayer\pgfcoretransformations.code.tex
File: pgfcoretransformations.code.tex 2023-01-15 v3.1.10 (3.1.10)
\pgf@pt@x=\dimen263
\pgf@pt@y=\dimen264
\pgf@pt@temp=\dimen265
) (C:\Users\yohat\AppData\Local\Programs\MiKTeX\tex/generic/pgf/basiclayer\pgfcorequick.code.tex
File: pgfcorequick.code.tex 2023-01-15 v3.1.10 (3.1.10)
) (C:\Users\yohat\AppData\Local\Programs\MiKTeX\tex/generic/pgf/basiclayer\pgfcoreobjects.code.tex
File: pgfcoreobjects.code.tex 2023-01-15 v3.1.10 (3.1.10)
) (C:\Users\yohat\AppData\Local\Programs\MiKTeX\tex/generic/pgf/basiclayer\pgfcorepathprocessing.code.tex
File: pgfcorepathprocessing.code.tex 2023-01-15 v3.1.10 (3.1.10)
) (C:\Users\yohat\AppData\Local\Programs\MiKTeX\tex/generic/pgf/basiclayer\pgfcorearrows.code.tex
File: pgfcorearrows.code.tex 2023-01-15 v3.1.10 (3.1.10)
\pgfarrowsep=\dimen266
) (C:\Users\yohat\AppData\Local\Programs\MiKTeX\tex/generic/pgf/basiclayer\pgfcoreshade.code.tex
File: pgfcoreshade.code.tex 2023-01-15 v3.1.10 (3.1.10)
\pgf@max=\dimen267
\pgf@sys@shading@range@num=\count311
\pgf@shadingcount=\count312
) (C:\Users\yohat\AppData\Local\Programs\MiKTeX\tex/generic/pgf/basiclayer\pgfcoreimage.code.tex
File: pgfcoreimage.code.tex 2023-01-15 v3.1.10 (3.1.10)
) (C:\Users\yohat\AppData\Local\Programs\MiKTeX\tex/generic/pgf/basiclayer\pgfcoreexternal.code.tex
File: pgfcoreexternal.code.tex 2023-01-15 v3.1.10 (3.1.10)
\pgfexternal@startupbox=\box66
) (C:\Users\yohat\AppData\Local\Programs\MiKTeX\tex/generic/pgf/basiclayer\pgfcorelayers.code.tex
File: pgfcorelayers.code.tex 2023-01-15 v3.1.10 (3.1.10)
) (C:\Users\yohat\AppData\Local\Programs\MiKTeX\tex/generic/pgf/basiclayer\pgfcoretransparency.code.tex
File: pgfcoretransparency.code.tex 2023-01-15 v3.1.10 (3.1.10)
) (C:\Users\yohat\AppData\Local\Programs\MiKTeX\tex/generic/pgf/basiclayer\pgfcorepatterns.code.tex
File: pgfcorepatterns.code.tex 2023-01-15 v3.1.10 (3.1.10)
) (C:\Users\yohat\AppData\Local\Programs\MiKTeX\tex/generic/pgf/basiclayer\pgfcorerdf.code.tex
File: pgfcorerdf.code.tex 2023-01-15 v3.1.10 (3.1.10)
))) (C:\Users\yohat\AppData\Local\Programs\MiKTeX\tex/generic/pgf/modules\pgfmoduleshapes.code.tex
File: pgfmoduleshapes.code.tex 2023-01-15 v3.1.10 (3.1.10)
\pgfnodeparttextbox=\box67
) (C:\Users\yohat\AppData\Local\Programs\MiKTeX\tex/generic/pgf/modules\pgfmoduleplot.code.tex
File: pgfmoduleplot.code.tex 2023-01-15 v3.1.10 (3.1.10)
) (C:\Users\yohat\AppData\Local\Programs\MiKTeX\tex/latex/pgf/compatibility\pgfcomp-version-0-65.sty
Package: pgfcomp-version-0-65 2023-01-15 v3.1.10 (3.1.10)
\pgf@nodesepstart=\dimen268
\pgf@nodesepend=\dimen269
) (C:\Users\yohat\AppData\Local\Programs\MiKTeX\tex/latex/pgf/compatibility\pgfcomp-version-1-18.sty
Package: pgfcomp-version-1-18 2023-01-15 v3.1.10 (3.1.10)
)) (C:\Users\yohat\AppData\Local\Programs\MiKTeX\tex/latex/pgf/utilities\pgffor.sty (C:\Users\yohat\AppData\Local\Programs\MiKTeX\tex/latex/pgf/utilities\pgfkeys.sty (C:\Users\yohat\AppData\Local\Programs\MiKTeX\tex/generic/pgf/utilities\pgfkeys.code.tex)) (C:\Users\yohat\AppData\Local\Programs\MiKTeX\tex/latex/pgf/math\pgfmath.sty
(C:\Users\yohat\AppData\Local\Programs\MiKTeX\tex/generic/pgf/math\pgfmath.code.tex)) (C:\Users\yohat\AppData\Local\Programs\MiKTeX\tex/generic/pgf/utilities\pgffor.code.tex
Package: pgffor 2023-01-15 v3.1.10 (3.1.10)
\pgffor@iter=\dimen270
\pgffor@skip=\dimen271
\pgffor@stack=\toks33
\pgffor@toks=\toks34
)) (C:\Users\yohat\AppData\Local\Programs\MiKTeX\tex/generic/pgf/frontendlayer/tikz\tikz.code.tex
Package: tikz 2023-01-15 v3.1.10 (3.1.10)
 (C:\Users\yohat\AppData\Local\Programs\MiKTeX\tex/generic/pgf/libraries\pgflibraryplothandlers.code.tex
File: pgflibraryplothandlers.code.tex 2023-01-15 v3.1.10 (3.1.10)
\pgf@plot@mark@count=\count313
\pgfplotmarksize=\dimen272
)
\tikz@lastx=\dimen273
\tikz@lasty=\dimen274
\tikz@lastxsaved=\dimen275
\tikz@lastysaved=\dimen276
\tikz@lastmovetox=\dimen277
\tikz@lastmovetoy=\dimen278
\tikzleveldistance=\dimen279
\tikzsiblingdistance=\dimen280
\tikz@figbox=\box68
\tikz@figbox@bg=\box69
\tikz@tempbox=\box70
\tikz@tempbox@bg=\box71
\tikztreelevel=\count314
\tikznumberofchildren=\count315
\tikznumberofcurrentchild=\count316
\tikz@fig@count=\count317
 (C:\Users\yohat\AppData\Local\Programs\MiKTeX\tex/generic/pgf/modules\pgfmodulematrix.code.tex
File: pgfmodulematrix.code.tex 2023-01-15 v3.1.10 (3.1.10)
\pgfmatrixcurrentrow=\count318
\pgfmatrixcurrentcolumn=\count319
\pgf@matrix@numberofcolumns=\count320
)
\tikz@expandcount=\count321
 (C:\Users\yohat\AppData\Local\Programs\MiKTeX\tex/generic/pgf/frontendlayer/tikz/libraries\tikzlibrarytopaths.code.tex
File: tikzlibrarytopaths.code.tex 2023-01-15 v3.1.10 (3.1.10)
))) (C:\Users\yohat\AppData\Local\Programs\MiKTeX\tex/latex/amsmath\amsmath.sty
Package: amsmath 2024/11/05 v2.17t AMS math features
\@mathmargin=\skip58

For additional information on amsmath, use the `?' option.
(C:\Users\yohat\AppData\Local\Programs\MiKTeX\tex/latex/amsmath\amstext.sty
Package: amstext 2021/08/26 v2.01 AMS text
 (C:\Users\yohat\AppData\Local\Programs\MiKTeX\tex/latex/amsmath\amsgen.sty
File: amsgen.sty 1999/11/30 v2.0 generic functions
\@emptytoks=\toks35
\ex@=\dimen281
)) (C:\Users\yohat\AppData\Local\Programs\MiKTeX\tex/latex/amsmath\amsbsy.sty
Package: amsbsy 1999/11/29 v1.2d Bold Symbols
\pmbraise@=\dimen282
) (C:\Users\yohat\AppData\Local\Programs\MiKTeX\tex/latex/amsmath\amsopn.sty
Package: amsopn 2022/04/08 v2.04 operator names
)
\inf@bad=\count322
LaTeX Info: Redefining \frac on input line 233.
\uproot@=\count323
\leftroot@=\count324
LaTeX Info: Redefining \overline on input line 398.
LaTeX Info: Redefining \colon on input line 409.
\classnum@=\count325
\DOTSCASE@=\count326
LaTeX Info: Redefining \ldots on input line 495.
LaTeX Info: Redefining \dots on input line 498.
LaTeX Info: Redefining \cdots on input line 619.
\Mathstrutbox@=\box72
\strutbox@=\box73
LaTeX Info: Redefining \big on input line 721.
LaTeX Info: Redefining \Big on input line 722.
LaTeX Info: Redefining \bigg on input line 723.
LaTeX Info: Redefining \Bigg on input line 724.
\big@size=\dimen283
LaTeX Font Info:    Redeclaring font encoding OML on input line 742.
LaTeX Font Info:    Redeclaring font encoding OMS on input line 743.
\macc@depth=\count327
LaTeX Info: Redefining \bmod on input line 904.
LaTeX Info: Redefining \pmod on input line 909.
LaTeX Info: Redefining \smash on input line 939.
LaTeX Info: Redefining \relbar on input line 969.
LaTeX Info: Redefining \Relbar on input line 970.
\c@MaxMatrixCols=\count328
\dotsspace@=\muskip18
\c@parentequation=\count329
\dspbrk@lvl=\count330
\tag@help=\toks36
\row@=\count331
\column@=\count332
\maxfields@=\count333
\andhelp@=\toks37
\eqnshift@=\dimen284
\alignsep@=\dimen285
\tagshift@=\dimen286
\tagwidth@=\dimen287
\totwidth@=\dimen288
\lineht@=\dimen289
\@envbody=\toks38
\multlinegap=\skip59
\multlinetaggap=\skip60
\mathdisplay@stack=\toks39
LaTeX Info: Redefining \[ on input line 2953.
LaTeX Info: Redefining \] on input line 2954.
) (C:\Users\yohat\AppData\Local\Programs\MiKTeX\tex/generic/pgf/frontendlayer/tikz/libraries\tikzlibraryshapes.geometric.code.tex
File: tikzlibraryshapes.geometric.code.tex 2023-01-15 v3.1.10 (3.1.10)
 (C:\Users\yohat\AppData\Local\Programs\MiKTeX\tex/generic/pgf/libraries/shapes\pgflibraryshapes.geometric.code.tex
File: pgflibraryshapes.geometric.code.tex 2023-01-15 v3.1.10 (3.1.10)
)) (C:\Users\yohat\AppData\Local\Programs\MiKTeX\tex/generic/pgf/frontendlayer/tikz/libraries\tikzlibraryarrows.code.tex
File: tikzlibraryarrows.code.tex 2023-01-15 v3.1.10 (3.1.10)
 (C:\Users\yohat\AppData\Local\Programs\MiKTeX\tex/generic/pgf/libraries\pgflibraryarrows.code.tex
File: pgflibraryarrows.code.tex 2023-01-15 v3.1.10 (3.1.10)
\arrowsize=\dimen290
)) (C:\Users\yohat\AppData\Local\Programs\MiKTeX\tex/generic/pgf/frontendlayer/tikz/libraries\tikzlibrarypositioning.code.tex
File: tikzlibrarypositioning.code.tex 2023-01-15 v3.1.10 (3.1.10)
) (C:\Users\yohat\AppData\Local\Programs\MiKTeX\tex/generic/pgf/frontendlayer/tikz/libraries\tikzlibraryfit.code.tex
File: tikzlibraryfit.code.tex 2023-01-15 v3.1.10 (3.1.10)
) (C:\Users\yohat\AppData\Local\Programs\MiKTeX\tex/generic/pgf/libraries\pgflibraryarrows.meta.code.tex
File: pgflibraryarrows.meta.code.tex 2023-01-15 v3.1.10 (3.1.10)
\pgfarrowinset=\dimen291
\pgfarrowlength=\dimen292
\pgfarrowwidth=\dimen293
\pgfarrowlinewidth=\dimen294
) (C:\Users\yohat\AppData\Local\Programs\MiKTeX\tex/generic/pgf/frontendlayer/tikz/libraries\tikzlibrarycalc.code.tex
File: tikzlibrarycalc.code.tex 2023-01-15 v3.1.10 (3.1.10)
) (C:\Users\yohat\AppData\Local\Programs\MiKTeX\tex/generic/pgf/frontendlayer/tikz/libraries\tikzlibrarybackgrounds.code.tex
File: tikzlibrarybackgrounds.code.tex 2023-01-15 v3.1.10 (3.1.10)
\pgf@layerbox@background=\box74
\pgf@layerboxsaved@background=\box75
)
LaTeX Font Info:    Trying to load font information for OT1+ptm on input line 25.
 (C:\Users\yohat\AppData\Local\Programs\MiKTeX\tex/latex/psnfss\ot1ptm.fd
File: ot1ptm.fd 2001/06/04 font definitions for OT1/ptm.
) (C:\Users\yohat\AppData\Local\Programs\MiKTeX\tex/latex/l3backend\l3backend-pdftex.def
File: l3backend-pdftex.def 2024-05-08 L3 backend support: PDF output (pdfTeX)
\l__color_backend_stack_int=\count334
\l__pdf_internal_box=\box76
) (CSSR4Africa_Deliverable_D5.5.2.3.aux)
\openout1 = `CSSR4Africa_Deliverable_D5.5.2.3.aux'.

LaTeX Font Info:    Checking defaults for OML/cmm/m/it on input line 25.
LaTeX Font Info:    ... okay on input line 25.
LaTeX Font Info:    Checking defaults for OMS/cmsy/m/n on input line 25.
LaTeX Font Info:    ... okay on input line 25.
LaTeX Font Info:    Checking defaults for OT1/cmr/m/n on input line 25.
LaTeX Font Info:    ... okay on input line 25.
LaTeX Font Info:    Checking defaults for T1/cmr/m/n on input line 25.
LaTeX Font Info:    ... okay on input line 25.
LaTeX Font Info:    Checking defaults for TS1/cmr/m/n on input line 25.
LaTeX Font Info:    ... okay on input line 25.
LaTeX Font Info:    Checking defaults for OMX/cmex/m/n on input line 25.
LaTeX Font Info:    ... okay on input line 25.
LaTeX Font Info:    Checking defaults for U/cmr/m/n on input line 25.
LaTeX Font Info:    ... okay on input line 25.
LaTeX Font Info:    Checking defaults for PD1/pdf/m/n on input line 25.
LaTeX Font Info:    ... okay on input line 25.
LaTeX Font Info:    Checking defaults for PU/pdf/m/n on input line 25.
LaTeX Font Info:    ... okay on input line 25.
 (C:\Users\yohat\AppData\Local\Programs\MiKTeX\tex/context/base/mkii\supp-pdf.mkii
[Loading MPS to PDF converter (version 2006.09.02).]
\scratchcounter=\count335
\scratchdimen=\dimen295
\scratchbox=\box77
\nofMPsegments=\count336
\nofMParguments=\count337
\everyMPshowfont=\toks40
\MPscratchCnt=\count338
\MPscratchDim=\dimen296
\MPnumerator=\count339
\makeMPintoPDFobject=\count340
\everyMPtoPDFconversion=\toks41
) (C:\Users\yohat\AppData\Local\Programs\MiKTeX\tex/latex/epstopdf-pkg\epstopdf-base.sty
Package: epstopdf-base 2020-01-24 v2.11 Base part for package epstopdf
 (C:\Users\yohat\AppData\Local\Programs\MiKTeX\tex/latex/grfext\grfext.sty
Package: grfext 2019/12/03 v1.3 Manage graphics extensions (HO)
)
Package epstopdf-base Info: Redefining graphics rule for `.eps' on input line 485.
Package grfext Info: Graphics extension search list:
(grfext)             [.pdf,.png,.jpg,.mps,.jpeg,.jbig2,.jb2,.PDF,.PNG,.JPG,.JPEG,.JBIG2,.JB2,.eps]
(grfext)             \AppendGraphicsExtensions on input line 504.
 (C:\Users\yohat\AppData\Local\Programs\MiKTeX\tex/latex/00miktex\epstopdf-sys.cfg
File: epstopdf-sys.cfg 2021/03/18 v2.0 Configuration of epstopdf for MiKTeX
))
Package hyperref Info: Link coloring OFF on input line 25.
 (CSSR4Africa_Deliverable_D5.5.2.3.out) (CSSR4Africa_Deliverable_D5.5.2.3.out)
\@outlinefile=\write4
\openout4 = `CSSR4Africa_Deliverable_D5.5.2.3.out'.

\c@lstlisting=\count341
 (C:\Users\yohat\AppData\Local\Programs\MiKTeX\tex/generic/epsf\epsf.tex
This is `epsf.tex' v2.7.4 <14 February 2011>
\epsffilein=\read3
\epsfframemargin=\dimen297
\epsfframethickness=\dimen298
\epsfrsize=\dimen299
\epsftmp=\dimen300
\epsftsize=\dimen301
\epsfxsize=\dimen302
\epsfysize=\dimen303
\pspoints=\dimen304
)
<CSSRforAfrica_logo_red.pdf, id=250, 487.7245pt x 117.52507pt>
File: CSSRforAfrica_logo_red.pdf Graphic file (type pdf)
<use CSSRforAfrica_logo_red.pdf>
Package pdftex.def Info: CSSRforAfrica_logo_red.pdf  used on input line 51.
(pdftex.def)             Requested size: 99.58464pt x 23.99594pt.
LaTeX Font Info:    Trying to load font information for OT1+phv on input line 51.
 (C:\Users\yohat\AppData\Local\Programs\MiKTeX\tex/latex/psnfss\ot1phv.fd
File: ot1phv.fd 2020/03/25 scalable font definitions for OT1/phv.
)
LaTeX Font Info:    Trying to load font information for U+lasy on input line 51.
 (C:\Users\yohat\AppData\Local\Programs\MiKTeX\tex/latex/base\ulasy.fd
File: ulasy.fd 1998/08/17 v2.2e LaTeX symbol font definitions
)

[1
Non-PDF special ignored!
<special> papersize=597.50787pt,845.04684pt

{C:/Users/yohat/AppData/Local/MiKTeX/fonts/map/pdftex/pdftex.map}{C:/Users/yohat/AppData/Local/Programs/MiKTeX/fonts/enc/dvips/base/8r.enc} <./CSSRforAfrica_logo_red.pdf>]

<CSSRforAfrica_logo_grey.pdf, id=266, 487.63818pt x 125.159pt>
File: CSSRforAfrica_logo_grey.pdf Graphic file (type pdf)
<use CSSRforAfrica_logo_grey.pdf>
Package pdftex.def Info: CSSRforAfrica_logo_grey.pdf  used on input line 63.
(pdftex.def)             Requested size: 71.13188pt x 18.25548pt.

Package xcolor Warning: Incompatible color definition on input line 63.

LaTeX Font Info:    Calculating math sizes for size <14> on input line 63.

Overfull \vbox (18.0009pt too high) has occurred while \output is active []



Package xcolor Warning: Incompatible color definition on input line 63.

[2 <./CSSRforAfrica_logo_grey.pdf>] (CSSR4Africa_Deliverable_D5.5.2.3.toc

File: CSSRforAfrica_logo_grey.pdf Graphic file (type pdf)
<use CSSRforAfrica_logo_grey.pdf>
Package pdftex.def Info: CSSRforAfrica_logo_grey.pdf  used on input line 42.
(pdftex.def)             Requested size: 71.13188pt x 18.25548pt.

Package xcolor Warning: Incompatible color definition on input line 42.


Overfull \vbox (18.0009pt too high) has occurred while \output is active []



Package xcolor Warning: Incompatible color definition on input line 42.

[3])
\tf@toc=\write5
\openout5 = `CSSR4Africa_Deliverable_D5.5.2.3.toc'.



File: CSSRforAfrica_logo_grey.pdf Graphic file (type pdf)
<use CSSRforAfrica_logo_grey.pdf>
Package pdftex.def Info: CSSRforAfrica_logo_grey.pdf  used on input line 69.
(pdftex.def)             Requested size: 71.13188pt x 18.25548pt.

Package xcolor Warning: Incompatible color definition on input line 69.


Overfull \vbox (18.0009pt too high) has occurred while \output is active []



Package xcolor Warning: Incompatible color definition on input line 69.

[4]
Underfull \hbox (badness 10000) in paragraph at lines 74--75

 []



File: CSSRforAfrica_logo_grey.pdf Graphic file (type pdf)
<use CSSRforAfrica_logo_grey.pdf>
Package pdftex.def Info: CSSRforAfrica_logo_grey.pdf  used on input line 97.
(pdftex.def)             Requested size: 71.13188pt x 18.25548pt.

Package xcolor Warning: Incompatible color definition on input line 97.


Overfull \vbox (18.0009pt too high) has occurred while \output is active []



Package xcolor Warning: Incompatible color definition on input line 97.

[5]
Overfull \hbox (2.3937pt too wide) in paragraph at lines 111--114
\OT1/ptm/m/n/10.95 du-ra-tion, and stress pat-terns, to mimic the nat-u-ral in-to-na-tion and rhythm of spo-ken Kin-yarwanda. 
 []



File: CSSRforAfrica_logo_grey.pdf Graphic file (type pdf)
<use CSSRforAfrica_logo_grey.pdf>
Package pdftex.def Info: CSSRforAfrica_logo_grey.pdf  used on input line 128.
(pdftex.def)             Requested size: 71.13188pt x 18.25548pt.

Package xcolor Warning: Incompatible color definition on input line 128.


Overfull \vbox (18.0009pt too high) has occurred while \output is active []



Package xcolor Warning: Incompatible color definition on input line 128.

[6]
LaTeX Font Info:    Trying to load font information for TS1+ptm on input line 137.
 (C:\Users\yohat\AppData\Local\Programs\MiKTeX\tex/latex/psnfss\ts1ptm.fd
File: ts1ptm.fd 2001/06/04 font definitions for TS1/ptm.
)
LaTeX Font Info:    Trying to load font information for OT1+pcr on input line 140.
 (C:\Users\yohat\AppData\Local\Programs\MiKTeX\tex/latex/psnfss\ot1pcr.fd
File: ot1pcr.fd 2001/06/04 font definitions for OT1/pcr.
)

File: CSSRforAfrica_logo_grey.pdf Graphic file (type pdf)
<use CSSRforAfrica_logo_grey.pdf>
Package pdftex.def Info: CSSRforAfrica_logo_grey.pdf  used on input line 177.
(pdftex.def)             Requested size: 71.13188pt x 18.25548pt.

Package xcolor Warning: Incompatible color definition on input line 177.


Overfull \vbox (18.0009pt too high) has occurred while \output is active []



Package xcolor Warning: Incompatible color definition on input line 177.

[7]
LaTeX Font Info:    Trying to load font information for TS1+pcr on input line 192.
 (C:\Users\yohat\AppData\Local\Programs\MiKTeX\tex/latex/psnfss\ts1pcr.fd
File: ts1pcr.fd 2001/06/04 font definitions for TS1/pcr.
)
Overfull \hbox (24.04085pt too wide) in paragraph at lines 213--214
\OT1/ptm/m/n/10.95 The ROS node \OT1/pcr/m/n/10.95 kinyarwandaTTS \OT1/ptm/m/n/10.95 ini-tial-izes and sets up the Co-qui TTS syn-the-sizer. The \OT1/pcr/m/n/10.95 /text[]to[]say
 []



File: CSSRforAfrica_logo_grey.pdf Graphic file (type pdf)
<use CSSRforAfrica_logo_grey.pdf>
Package pdftex.def Info: CSSRforAfrica_logo_grey.pdf  used on input line 221.
(pdftex.def)             Requested size: 71.13188pt x 18.25548pt.

Package xcolor Warning: Incompatible color definition on input line 221.


Overfull \vbox (18.0009pt too high) has occurred while \output is active []



Package xcolor Warning: Incompatible color definition on input line 221.

[8]
Overfull \hbox (47.20126pt too wide) in paragraph at lines 222--223
\OT1/ptm/m/n/10.95 The gen-er-ated au-dio file is se-curely trans-ferred to the robot. The play-back script (\OT1/pcr/m/n/10.95 send[]and[]play[]audio.py\OT1/ptm/m/n/10.95 )
 []



File: CSSRforAfrica_logo_grey.pdf Graphic file (type pdf)
<use CSSRforAfrica_logo_grey.pdf>
Package pdftex.def Info: CSSRforAfrica_logo_grey.pdf  used on input line 240.
(pdftex.def)             Requested size: 71.13188pt x 18.25548pt.

Package xcolor Warning: Incompatible color definition on input line 240.


Overfull \vbox (18.0009pt too high) has occurred while \output is active []



Package xcolor Warning: Incompatible color definition on input line 240.

[9]

File: CSSRforAfrica_logo_grey.pdf Graphic file (type pdf)
<use CSSRforAfrica_logo_grey.pdf>
Package pdftex.def Info: CSSRforAfrica_logo_grey.pdf  used on input line 295.
(pdftex.def)             Requested size: 71.13188pt x 18.25548pt.

Package xcolor Warning: Incompatible color definition on input line 295.


Overfull \vbox (18.0009pt too high) has occurred while \output is active []



Package xcolor Warning: Incompatible color definition on input line 295.

[10]

File: CSSRforAfrica_logo_grey.pdf Graphic file (type pdf)
<use CSSRforAfrica_logo_grey.pdf>
Package pdftex.def Info: CSSRforAfrica_logo_grey.pdf  used on input line 333.
(pdftex.def)             Requested size: 71.13188pt x 18.25548pt.

Package xcolor Warning: Incompatible color definition on input line 333.


Overfull \vbox (18.0009pt too high) has occurred while \output is active []



Package xcolor Warning: Incompatible color definition on input line 333.

[11] (C:\Users\yohat\AppData\Local\Programs\MiKTeX\tex/generic/pgf/frontendlayer/tikz/libraries\tikzlibraryshapes.code.tex
File: tikzlibraryshapes.code.tex 2023-01-15 v3.1.10 (3.1.10)
 (C:\Users\yohat\AppData\Local\Programs\MiKTeX\tex/generic/pgf/frontendlayer/tikz/libraries\tikzlibraryshapes.misc.code.tex
File: tikzlibraryshapes.misc.code.tex 2023-01-15 v3.1.10 (3.1.10)
 (C:\Users\yohat\AppData\Local\Programs\MiKTeX\tex/generic/pgf/libraries/shapes\pgflibraryshapes.misc.code.tex
File: pgflibraryshapes.misc.code.tex 2023-01-15 v3.1.10 (3.1.10)
)) (C:\Users\yohat\AppData\Local\Programs\MiKTeX\tex/generic/pgf/frontendlayer/tikz/libraries\tikzlibraryshapes.symbols.code.tex
File: tikzlibraryshapes.symbols.code.tex 2023-01-15 v3.1.10 (3.1.10)
 (C:\Users\yohat\AppData\Local\Programs\MiKTeX\tex/generic/pgf/libraries/shapes\pgflibraryshapes.symbols.code.tex
File: pgflibraryshapes.symbols.code.tex 2023-01-15 v3.1.10 (3.1.10)
)) (C:\Users\yohat\AppData\Local\Programs\MiKTeX\tex/generic/pgf/frontendlayer/tikz/libraries\tikzlibraryshapes.arrows.code.tex
File: tikzlibraryshapes.arrows.code.tex 2023-01-15 v3.1.10 (3.1.10)
 (C:\Users\yohat\AppData\Local\Programs\MiKTeX\tex/generic/pgf/libraries/shapes\pgflibraryshapes.arrows.code.tex
File: pgflibraryshapes.arrows.code.tex 2023-01-15 v3.1.10 (3.1.10)
)) (C:\Users\yohat\AppData\Local\Programs\MiKTeX\tex/generic/pgf/frontendlayer/tikz/libraries\tikzlibraryshapes.callouts.code.tex (C:\Users\yohat\AppData\Local\Programs\MiKTeX\tex/generic/pgf/libraries/shapes\pgflibraryshapes.callouts.code.tex)) (C:\Users\yohat\AppData\Local\Programs\MiKTeX\tex/generic/pgf/frontendlayer/tikz/libraries\tikzlibraryshapes.multipart.code.tex
File: tikzlibraryshapes.multipart.code.tex 2023-01-15 v3.1.10 (3.1.10)
 (C:\Users\yohat\AppData\Local\Programs\MiKTeX\tex/generic/pgf/libraries/shapes\pgflibraryshapes.multipart.code.tex
File: pgflibraryshapes.multipart.code.tex 2023-01-15 v3.1.10 (3.1.10)
\pgfnodepartlowerbox=\box78
\pgfnodeparttwobox=\box79
\pgfnodepartthreebox=\box80
\pgfnodepartfourbox=\box81
\pgfnodeparttwentybox=\box82
\pgfnodepartnineteenbox=\box83
\pgfnodeparteighteenbox=\box84
\pgfnodepartseventeenbox=\box85
\pgfnodepartsixteenbox=\box86
\pgfnodepartfifteenbox=\box87
\pgfnodepartfourteenbox=\box88
\pgfnodepartthirteenbox=\box89
\pgfnodeparttwelvebox=\box90
\pgfnodepartelevenbox=\box91
\pgfnodeparttenbox=\box92
\pgfnodepartninebox=\box93
\pgfnodeparteightbox=\box94
\pgfnodepartsevenbox=\box95
\pgfnodepartsixbox=\box96
\pgfnodepartfivebox=\box97
)))
<example-image.pdf, id=400, 321.2pt x 240.9pt>
File: example-image.pdf Graphic file (type pdf)
<use example-image.pdf>
Package pdftex.def Info: example-image.pdf  used on input line 403.
(pdftex.def)             Requested size: 28.45274pt x 21.33821pt.
File: example-image.pdf Graphic file (type pdf)
<use example-image.pdf>
Package pdftex.def Info: example-image.pdf  used on input line 502.
(pdftex.def)             Requested size: 28.45274pt x 21.33821pt.


File: CSSRforAfrica_logo_grey.pdf Graphic file (type pdf)
<use CSSRforAfrica_logo_grey.pdf>
Package pdftex.def Info: CSSRforAfrica_logo_grey.pdf  used on input line 564.
(pdftex.def)             Requested size: 71.13188pt x 18.25548pt.

Package xcolor Warning: Incompatible color definition on input line 564.


Overfull \vbox (18.0009pt too high) has occurred while \output is active []



Package xcolor Warning: Incompatible color definition on input line 564.

[12]

File: CSSRforAfrica_logo_grey.pdf Graphic file (type pdf)
<use CSSRforAfrica_logo_grey.pdf>
Package pdftex.def Info: CSSRforAfrica_logo_grey.pdf  used on input line 564.
(pdftex.def)             Requested size: 71.13188pt x 18.25548pt.

Package xcolor Warning: Incompatible color definition on input line 564.


Overfull \vbox (18.0009pt too high) has occurred while \output is active []



Package xcolor Warning: Incompatible color definition on input line 564.

[13 <C:/Users/yohat/AppData/Local/Programs/MiKTeX/tex/latex/mwe/example-image.pdf>]

File: CSSRforAfrica_logo_grey.pdf Graphic file (type pdf)
<use CSSRforAfrica_logo_grey.pdf>
Package pdftex.def Info: CSSRforAfrica_logo_grey.pdf  used on input line 564.
(pdftex.def)             Requested size: 71.13188pt x 18.25548pt.

Package xcolor Warning: Incompatible color definition on input line 564.


Overfull \vbox (18.0009pt too high) has occurred while \output is active []



Package xcolor Warning: Incompatible color definition on input line 564.

[14]
Underfull \hbox (badness 10000) in paragraph at lines 569--572

 []



File: CSSRforAfrica_logo_grey.pdf Graphic file (type pdf)
<use CSSRforAfrica_logo_grey.pdf>
Package pdftex.def Info: CSSRforAfrica_logo_grey.pdf  used on input line 585.
(pdftex.def)             Requested size: 71.13188pt x 18.25548pt.

Package xcolor Warning: Incompatible color definition on input line 585.


Overfull \vbox (18.0009pt too high) has occurred while \output is active []



Package xcolor Warning: Incompatible color definition on input line 585.

[15]

File: CSSRforAfrica_logo_grey.pdf Graphic file (type pdf)
<use CSSRforAfrica_logo_grey.pdf>
Package pdftex.def Info: CSSRforAfrica_logo_grey.pdf  used on input line 683.
(pdftex.def)             Requested size: 71.13188pt x 18.25548pt.

Package xcolor Warning: Incompatible color definition on input line 683.


Overfull \vbox (18.0009pt too high) has occurred while \output is active []



Package xcolor Warning: Incompatible color definition on input line 683.

[16]

File: CSSRforAfrica_logo_grey.pdf Graphic file (type pdf)
<use CSSRforAfrica_logo_grey.pdf>
Package pdftex.def Info: CSSRforAfrica_logo_grey.pdf  used on input line 694.
(pdftex.def)             Requested size: 71.13188pt x 18.25548pt.

Package xcolor Warning: Incompatible color definition on input line 694.


Overfull \vbox (18.0009pt too high) has occurred while \output is active []



Package xcolor Warning: Incompatible color definition on input line 694.

[17]

File: CSSRforAfrica_logo_grey.pdf Graphic file (type pdf)
<use CSSRforAfrica_logo_grey.pdf>
Package pdftex.def Info: CSSRforAfrica_logo_grey.pdf  used on input line 754.
(pdftex.def)             Requested size: 71.13188pt x 18.25548pt.

Package xcolor Warning: Incompatible color definition on input line 754.


Overfull \vbox (18.0009pt too high) has occurred while \output is active []



Package xcolor Warning: Incompatible color definition on input line 754.

[18]
Underfull \hbox (badness 1194) in paragraph at lines 769--769
[]|\OT1/ptm/m/n/10.95 Tests ba-sic func-tion-al-ity
 []


Underfull \hbox (badness 3250) in paragraph at lines 773--773
[]|\OT1/ptm/m/n/10.95 Tests han-dling of non-
 []



File: CSSRforAfrica_logo_grey.pdf Graphic file (type pdf)
<use CSSRforAfrica_logo_grey.pdf>
Package pdftex.def Info: CSSRforAfrica_logo_grey.pdf  used on input line 811.
(pdftex.def)             Requested size: 71.13188pt x 18.25548pt.

Package xcolor Warning: Incompatible color definition on input line 811.


Overfull \vbox (18.0009pt too high) has occurred while \output is active []



Package xcolor Warning: Incompatible color definition on input line 811.

[19]

File: CSSRforAfrica_logo_grey.pdf Graphic file (type pdf)
<use CSSRforAfrica_logo_grey.pdf>
Package pdftex.def Info: CSSRforAfrica_logo_grey.pdf  used on input line 869.
(pdftex.def)             Requested size: 71.13188pt x 18.25548pt.

Package xcolor Warning: Incompatible color definition on input line 869.


Overfull \vbox (18.0009pt too high) has occurred while \output is active []



Package xcolor Warning: Incompatible color definition on input line 869.

[20]
Overfull \hbox (21.73753pt too wide) in paragraph at lines 929--948
 [][] 
 []


LaTeX Warning: `h' float specifier changed to `ht'.



File: CSSRforAfrica_logo_grey.pdf Graphic file (type pdf)
<use CSSRforAfrica_logo_grey.pdf>
Package pdftex.def Info: CSSRforAfrica_logo_grey.pdf  used on input line 956.
(pdftex.def)             Requested size: 71.13188pt x 18.25548pt.

Package xcolor Warning: Incompatible color definition on input line 956.


Overfull \vbox (18.0009pt too high) has occurred while \output is active []



Package xcolor Warning: Incompatible color definition on input line 956.

[21]

File: CSSRforAfrica_logo_grey.pdf Graphic file (type pdf)
<use CSSRforAfrica_logo_grey.pdf>
Package pdftex.def Info: CSSRforAfrica_logo_grey.pdf  used on input line 961.
(pdftex.def)             Requested size: 71.13188pt x 18.25548pt.

Package xcolor Warning: Incompatible color definition on input line 961.


Overfull \vbox (18.0009pt too high) has occurred while \output is active []



Package xcolor Warning: Incompatible color definition on input line 961.

[22] (CSSR4Africa_Deliverable_D5.5.2.3.bbl)

File: CSSRforAfrica_logo_grey.pdf Graphic file (type pdf)
<use CSSRforAfrica_logo_grey.pdf>
Package pdftex.def Info: CSSRforAfrica_logo_grey.pdf  used on input line 979.
(pdftex.def)             Requested size: 71.13188pt x 18.25548pt.

Package xcolor Warning: Incompatible color definition on input line 979.


Overfull \vbox (18.0009pt too high) has occurred while \output is active []



Package xcolor Warning: Incompatible color definition on input line 979.

[23]
Underfull \hbox (badness 10000) in paragraph at lines 983--990

 []


Underfull \hbox (badness 10000) in paragraph at lines 983--990

 []



File: CSSRforAfrica_logo_grey.pdf Graphic file (type pdf)
<use CSSRforAfrica_logo_grey.pdf>
Package pdftex.def Info: CSSRforAfrica_logo_grey.pdf  used on input line 993.
(pdftex.def)             Requested size: 71.13188pt x 18.25548pt.

Package xcolor Warning: Incompatible color definition on input line 993.


Overfull \vbox (18.0009pt too high) has occurred while \output is active []



Package xcolor Warning: Incompatible color definition on input line 993.

[24]

File: CSSRforAfrica_logo_grey.pdf Graphic file (type pdf)
<use CSSRforAfrica_logo_grey.pdf>
Package pdftex.def Info: CSSRforAfrica_logo_grey.pdf  used on input line 1020.
(pdftex.def)             Requested size: 71.13188pt x 18.25548pt.

Package xcolor Warning: Incompatible color definition on input line 1020.


Overfull \vbox (18.0009pt too high) has occurred while \output is active []



Package xcolor Warning: Incompatible color definition on input line 1020.

[25] (CSSR4Africa_Deliverable_D5.5.2.3.aux)
 ***********
LaTeX2e <2024-11-01> patch level 1
L3 programming layer <2024-11-02>
 ***********
Package rerunfilecheck Info: File `CSSR4Africa_Deliverable_D5.5.2.3.out' has not changed.
(rerunfilecheck)             Checksum: 2E8BCE80487A5594F489FF8302447D9E;9687.
 ) 
Here is how much of TeX's memory you used:
 25871 strings out of 473650
 506948 string characters out of 5717934
 983496 words of memory out of 5000000
 48278 multiletter control sequences out of 15000+600000
 595856 words of font info for 113 fonts, out of 8000000 for 9000
 1141 hyphenation exceptions out of 8191
 84i,18n,93p,1364b,1385s stack positions out of 10000i,1000n,20000p,200000b,200000s
<C:/Users/yohat/AppData/Local/Programs/MiKTeX/fonts/type1/public/amsfonts/cm/cmmi10.pfb><C:/Users/yohat/AppData/Local/Programs/MiKTeX/fonts/type1/public/amsfonts/cm/cmmi8.pfb><C:/Users/yohat/AppData/Local/Programs/MiKTeX/fonts/type1/public/amsfonts/cm/cmr10.pfb><C:/Users/yohat/AppData/Local/Programs/MiKTeX/fonts/type1/public/lm/lmss17.pfb><C:/Users/yohat/AppData/Local/Programs/MiKTeX/fonts/type1/urw/courier/ucrr8a.pfb><C:/Users/yohat/AppData/Local/Programs/MiKTeX/fonts/type1/urw/helvetic/uhvb8a.pfb><C:/Users/yohat/AppData/Local/Programs/MiKTeX/fonts/type1/urw/helvetic/uhvr8a.pfb><C:/Users/yohat/AppData/Local/Programs/MiKTeX/fonts/type1/urw/times/utmb8a.pfb><C:/Users/yohat/AppData/Local/Programs/MiKTeX/fonts/type1/urw/times/utmr8a.pfb><C:/Users/yohat/AppData/Local/Programs/MiKTeX/fonts/type1/urw/times/utmri8a.pfb>
Output written on CSSR4Africa_Deliverable_D5.5.2.3.pdf (25 pages, 327378 bytes).
PDF statistics:
 671 PDF objects out of 1000 (max. 8388607)
 212 named destinations out of 1000 (max. 500000)
 516 words of extra memory for PDF output out of 10000 (max. 10000000)

