This is pdfTeX, Version 3.141592653-2.6-1.40.26 (MiKTeX 24.4) (preloaded format=pdflatex 2024.12.23)  25 JUN 2025 17:16
entering extended mode
 restricted \write18 enabled.
 %&-line parsing enabled.
**./CSSR4Africa_Deliverable_D3.3.tex
(CSSR4Africa_Deliverable_D3.3.tex
LaTeX2e <2024-11-01> patch level 1
L3 programming layer <2024-11-02>
(CSSRforAfrica.cls
Document Class: CSSRforAfrica 2023/06/28 v1.0 
 
CSSRforAfrica Deliverable Style 

(C:\Users\yohat\AppData\Local\Programs\MiKTeX\tex/latex/base\article.cls
Document Class: article 2024/06/29 v1.4n Standard LaTeX document class
(C:\Users\yohat\AppData\Local\Programs\MiKTeX\tex/latex/base\size11.clo
File: size11.clo 2024/06/29 v1.4n Standard LaTeX file (size option)
)
\c@part=\count196
\c@section=\count197
\c@subsection=\count198
\c@subsubsection=\count199
\c@paragraph=\count266
\c@subparagraph=\count267
\c@figure=\count268
\c@table=\count269
\abovecaptionskip=\skip49
\belowcaptionskip=\skip50
\bibindent=\dimen141
)
(C:\Users\yohat\AppData\Local\Programs\MiKTeX\tex/latex/psnfss\times.sty
Package: times 2020/03/25 PSNFSS-v9.3 (SPQR) 
)
(C:\Users\yohat\AppData\Local\Programs\MiKTeX\tex/latex/a4wide\a4wide.sty
Package: a4wide 1994/08/30

(C:\Users\yohat\AppData\Local\Programs\MiKTeX\tex/latex/ntgclass\a4.sty
Package: a4 2023/01/10 v1.2g A4 based page layout
))
(C:\Users\yohat\AppData\Local\Programs\MiKTeX\tex/latex/tools\array.sty
Package: array 2024/10/17 v2.6g Tabular extension package (FMi)
\col@sep=\dimen142
\ar@mcellbox=\box52
\extrarowheight=\dimen143
\NC@list=\toks17
\extratabsurround=\skip51
\backup@length=\skip52
\ar@cellbox=\box53
)
(C:\Users\yohat\AppData\Local\Programs\MiKTeX\tex/latex/graphics\graphicx.sty
Package: graphicx 2021/09/16 v1.2d Enhanced LaTeX Graphics (DPC,SPQR)

(C:\Users\yohat\AppData\Local\Programs\MiKTeX\tex/latex/graphics\keyval.sty
Package: keyval 2022/05/29 v1.15 key=value parser (DPC)
\KV@toks@=\toks18
)
(C:\Users\yohat\AppData\Local\Programs\MiKTeX\tex/latex/graphics\graphics.sty
Package: graphics 2024/08/06 v1.4g Standard LaTeX Graphics (DPC,SPQR)

(C:\Users\yohat\AppData\Local\Programs\MiKTeX\tex/latex/graphics\trig.sty
Package: trig 2023/12/02 v1.11 sin cos tan (DPC)
)
(C:\Users\yohat\AppData\Local\Programs\MiKTeX\tex/latex/graphics-cfg\graphics.c
fg
File: graphics.cfg 2016/06/04 v1.11 sample graphics configuration
)
Package graphics Info: Driver file: dvips.def on input line 106.

(C:\Users\yohat\AppData\Local\Programs\MiKTeX\tex/latex/graphics-def\dvips.def
File: dvips.def 2022/09/22 v3.1e Graphics/color driver for dvips
))
\Gin@req@height=\dimen144
\Gin@req@width=\dimen145
) (C:\Users\yohat\AppData\Local\Programs\MiKTeX\tex/latex/graphics\color.sty
Package: color 2024/06/23 v1.3e Standard LaTeX Color (DPC)

(C:\Users\yohat\AppData\Local\Programs\MiKTeX\tex/latex/graphics-cfg\color.cfg
File: color.cfg 2016/01/02 v1.6 sample color configuration
)
Package color Info: Driver file: pdftex.def on input line 149.

(C:\Users\yohat\AppData\Local\Programs\MiKTeX\tex/latex/graphics-def\pdftex.def
File: pdftex.def 2024/04/13 v1.2c Graphics/color driver for pdftex
)
(C:\Users\yohat\AppData\Local\Programs\MiKTeX\tex/latex/graphics\mathcolor.ltx)
) (C:\Users\yohat\AppData\Local\Programs\MiKTeX\tex/latex/ulem\ulem.sty
\UL@box=\box54
\UL@hyphenbox=\box55
\UL@skip=\skip53
\UL@hook=\toks19
\UL@height=\dimen146
\UL@pe=\count270
\UL@pixel=\dimen147
\ULC@box=\box56
Package: ulem 2019/11/18
\ULdepth=\dimen148
)
(C:\Users\yohat\AppData\Local\Programs\MiKTeX\tex/latex/tools\calc.sty
Package: calc 2023/07/08 v4.3 Infix arithmetic (KKT,FJ)
\calc@Acount=\count271
\calc@Bcount=\count272
\calc@Adimen=\dimen149
\calc@Bdimen=\dimen150
\calc@Askip=\skip54
\calc@Bskip=\skip55
LaTeX Info: Redefining \setlength on input line 80.
LaTeX Info: Redefining \addtolength on input line 81.
\calc@Ccount=\count273
\calc@Cskip=\skip56
)
(C:\Users\yohat\AppData\Local\Programs\MiKTeX\tex/latex/base\ifthen.sty
Package: ifthen 2024/03/16 v1.1e Standard LaTeX ifthen package (DPC)
)
\headrulewidth=\dimen151
\footrulewidth=\dimen152
\plainheadrulewidth=\dimen153
\plainfootrulewidth=\dimen154
\headwidth=\dimen155
\footruleskip=\dimen156
\@sbpartners=\box57
\contrib=\box58
)
(C:\Users\yohat\AppData\Local\Programs\MiKTeX\tex/latex/appendix\appendix.sty
Package: appendix 2020/02/08 v1.2c extra appendix facilities
\c@@pps=\count274
\c@@ppsavesec=\count275
\c@@ppsaveapp=\count276
)
(C:\Users\yohat\AppData\Local\Programs\MiKTeX\tex/latex/base\latexsym.sty
Package: latexsym 1998/08/17 v2.2e Standard LaTeX package (lasy symbols)
\symlasy=\mathgroup4
LaTeX Font Info:    Overwriting symbol font `lasy' in version `bold'
(Font)                  U/lasy/m/n --> U/lasy/b/n on input line 52.
)
(C:\Users\yohat\AppData\Local\Programs\MiKTeX\tex/latex/comment\comment.sty
\CommentStream=\write3

Excluding comment 'comment')
(C:\Users\yohat\AppData\Local\Programs\MiKTeX\tex/latex/multirow\multirow.sty
Package: multirow 2024/11/12 v2.9 Span multiple rows of a table
\multirow@colwidth=\skip57
\multirow@cntb=\count277
\multirow@dima=\skip58
\bigstrutjot=\dimen157
)
(C:\Users\yohat\AppData\Local\Programs\MiKTeX\tex/latex/caption\subcaption.sty
Package: subcaption 2023/07/28 v1.6b Sub-captions (AR)

(C:\Users\yohat\AppData\Local\Programs\MiKTeX\tex/latex/caption\caption.sty
Package: caption 2023/08/05 v3.6o Customizing captions (AR)

(C:\Users\yohat\AppData\Local\Programs\MiKTeX\tex/latex/caption\caption3.sty
Package: caption3 2023/07/31 v2.4d caption3 kernel (AR)
\caption@tempdima=\dimen158
\captionmargin=\dimen159
\caption@leftmargin=\dimen160
\caption@rightmargin=\dimen161
\caption@width=\dimen162
\caption@indent=\dimen163
\caption@parindent=\dimen164
\caption@hangindent=\dimen165
Package caption Info: Standard document class detected.
)
\c@caption@flags=\count278
\c@continuedfloat=\count279
)
Package caption Info: New subtype `subfigure' on input line 238.
\c@subfigure=\count280
Package caption Info: New subtype `subtable' on input line 238.
\c@subtable=\count281
)
(C:\Users\yohat\AppData\Local\Programs\MiKTeX\tex/latex/tcolorbox\tcolorbox.sty
Package: tcolorbox 2024/10/22 version 6.4.1 text color boxes

(C:\Users\yohat\AppData\Local\Programs\MiKTeX\tex/latex/pgf/frontendlayer\tikz.
sty
(C:\Users\yohat\AppData\Local\Programs\MiKTeX\tex/latex/pgf/basiclayer\pgf.sty
(C:\Users\yohat\AppData\Local\Programs\MiKTeX\tex/latex/pgf/utilities\pgfrcs.st
y
(C:\Users\yohat\AppData\Local\Programs\MiKTeX\tex/generic/pgf/utilities\pgfutil
-common.tex
\pgfutil@everybye=\toks20
\pgfutil@tempdima=\dimen166
\pgfutil@tempdimb=\dimen167
)
(C:\Users\yohat\AppData\Local\Programs\MiKTeX\tex/generic/pgf/utilities\pgfutil
-latex.def
\pgfutil@abb=\box59
)
(C:\Users\yohat\AppData\Local\Programs\MiKTeX\tex/generic/pgf/utilities\pgfrcs.
code.tex
(C:\Users\yohat\AppData\Local\Programs\MiKTeX\tex/generic/pgf\pgf.revision.tex)
Package: pgfrcs 2023-01-15 v3.1.10 (3.1.10)
))
Package: pgf 2023-01-15 v3.1.10 (3.1.10)

(C:\Users\yohat\AppData\Local\Programs\MiKTeX\tex/latex/pgf/basiclayer\pgfcore.
sty
(C:\Users\yohat\AppData\Local\Programs\MiKTeX\tex/latex/pgf/systemlayer\pgfsys.
sty
(C:\Users\yohat\AppData\Local\Programs\MiKTeX\tex/generic/pgf/systemlayer\pgfsy
s.code.tex
Package: pgfsys 2023-01-15 v3.1.10 (3.1.10)

(C:\Users\yohat\AppData\Local\Programs\MiKTeX\tex/generic/pgf/utilities\pgfkeys
.code.tex
\pgfkeys@pathtoks=\toks21
\pgfkeys@temptoks=\toks22

(C:\Users\yohat\AppData\Local\Programs\MiKTeX\tex/generic/pgf/utilities\pgfkeys
libraryfiltered.code.tex
\pgfkeys@tmptoks=\toks23
))
\pgf@x=\dimen168
\pgf@y=\dimen169
\pgf@xa=\dimen170
\pgf@ya=\dimen171
\pgf@xb=\dimen172
\pgf@yb=\dimen173
\pgf@xc=\dimen174
\pgf@yc=\dimen175
\pgf@xd=\dimen176
\pgf@yd=\dimen177
\w@pgf@writea=\write4
\r@pgf@reada=\read2
\c@pgf@counta=\count282
\c@pgf@countb=\count283
\c@pgf@countc=\count284
\c@pgf@countd=\count285
\t@pgf@toka=\toks24
\t@pgf@tokb=\toks25
\t@pgf@tokc=\toks26
\pgf@sys@id@count=\count286

(C:\Users\yohat\AppData\Local\Programs\MiKTeX\tex/generic/pgf/systemlayer\pgf.c
fg
File: pgf.cfg 2023-01-15 v3.1.10 (3.1.10)
)
Driver file for pgf: pgfsys-pdftex.def

(C:\Users\yohat\AppData\Local\Programs\MiKTeX\tex/generic/pgf/systemlayer\pgfsy
s-pdftex.def
File: pgfsys-pdftex.def 2023-01-15 v3.1.10 (3.1.10)

(C:\Users\yohat\AppData\Local\Programs\MiKTeX\tex/generic/pgf/systemlayer\pgfsy
s-common-pdf.def
File: pgfsys-common-pdf.def 2023-01-15 v3.1.10 (3.1.10)
)))
(C:\Users\yohat\AppData\Local\Programs\MiKTeX\tex/generic/pgf/systemlayer\pgfsy
ssoftpath.code.tex
File: pgfsyssoftpath.code.tex 2023-01-15 v3.1.10 (3.1.10)
\pgfsyssoftpath@smallbuffer@items=\count287
\pgfsyssoftpath@bigbuffer@items=\count288
)
(C:\Users\yohat\AppData\Local\Programs\MiKTeX\tex/generic/pgf/systemlayer\pgfsy
sprotocol.code.tex
File: pgfsysprotocol.code.tex 2023-01-15 v3.1.10 (3.1.10)
))
(C:\Users\yohat\AppData\Local\Programs\MiKTeX\tex/latex/xcolor\xcolor.sty
Package: xcolor 2024/09/29 v3.02 LaTeX color extensions (UK)

(C:\Users\yohat\AppData\Local\Programs\MiKTeX\tex/latex/graphics-cfg\color.cfg
File: color.cfg 2016/01/02 v1.6 sample color configuration
)
Package xcolor Info: Driver file: pdftex.def on input line 274.
LaTeX Info: Redefining \color on input line 762.
(C:\Users\yohat\AppData\Local\Programs\MiKTeX\tex/latex/graphics\mathcolor.ltx)
Package xcolor Info: Model `cmy' substituted by `cmy0' on input line 1349.
Package xcolor Info: Model `RGB' extended on input line 1365.
Package xcolor Info: Model `HTML' substituted by `rgb' on input line 1367.
Package xcolor Info: Model `Hsb' substituted by `hsb' on input line 1368.
Package xcolor Info: Model `tHsb' substituted by `hsb' on input line 1369.
Package xcolor Info: Model `HSB' substituted by `hsb' on input line 1370.
Package xcolor Info: Model `Gray' substituted by `gray' on input line 1371.
Package xcolor Info: Model `wave' substituted by `hsb' on input line 1372.
)
(C:\Users\yohat\AppData\Local\Programs\MiKTeX\tex/generic/pgf/basiclayer\pgfcor
e.code.tex
Package: pgfcore 2023-01-15 v3.1.10 (3.1.10)

(C:\Users\yohat\AppData\Local\Programs\MiKTeX\tex/generic/pgf/math\pgfmath.code
.tex
(C:\Users\yohat\AppData\Local\Programs\MiKTeX\tex/generic/pgf/math\pgfmathutil.
code.tex)
(C:\Users\yohat\AppData\Local\Programs\MiKTeX\tex/generic/pgf/math\pgfmathparse
r.code.tex
\pgfmath@dimen=\dimen178
\pgfmath@count=\count289
\pgfmath@box=\box60
\pgfmath@toks=\toks27
\pgfmath@stack@operand=\toks28
\pgfmath@stack@operation=\toks29
)
(C:\Users\yohat\AppData\Local\Programs\MiKTeX\tex/generic/pgf/math\pgfmathfunct
ions.code.tex)
(C:\Users\yohat\AppData\Local\Programs\MiKTeX\tex/generic/pgf/math\pgfmathfunct
ions.basic.code.tex)
(C:\Users\yohat\AppData\Local\Programs\MiKTeX\tex/generic/pgf/math\pgfmathfunct
ions.trigonometric.code.tex)
(C:\Users\yohat\AppData\Local\Programs\MiKTeX\tex/generic/pgf/math\pgfmathfunct
ions.random.code.tex)
(C:\Users\yohat\AppData\Local\Programs\MiKTeX\tex/generic/pgf/math\pgfmathfunct
ions.comparison.code.tex)
(C:\Users\yohat\AppData\Local\Programs\MiKTeX\tex/generic/pgf/math\pgfmathfunct
ions.base.code.tex)
(C:\Users\yohat\AppData\Local\Programs\MiKTeX\tex/generic/pgf/math\pgfmathfunct
ions.round.code.tex)
(C:\Users\yohat\AppData\Local\Programs\MiKTeX\tex/generic/pgf/math\pgfmathfunct
ions.misc.code.tex)
(C:\Users\yohat\AppData\Local\Programs\MiKTeX\tex/generic/pgf/math\pgfmathfunct
ions.integerarithmetics.code.tex)
(C:\Users\yohat\AppData\Local\Programs\MiKTeX\tex/generic/pgf/math\pgfmathcalc.
code.tex)
(C:\Users\yohat\AppData\Local\Programs\MiKTeX\tex/generic/pgf/math\pgfmathfloat
.code.tex
\c@pgfmathroundto@lastzeros=\count290
))
(C:\Users\yohat\AppData\Local\Programs\MiKTeX\tex/generic/pgf/math\pgfint.code.
tex)
(C:\Users\yohat\AppData\Local\Programs\MiKTeX\tex/generic/pgf/basiclayer\pgfcor
epoints.code.tex
File: pgfcorepoints.code.tex 2023-01-15 v3.1.10 (3.1.10)
\pgf@picminx=\dimen179
\pgf@picmaxx=\dimen180
\pgf@picminy=\dimen181
\pgf@picmaxy=\dimen182
\pgf@pathminx=\dimen183
\pgf@pathmaxx=\dimen184
\pgf@pathminy=\dimen185
\pgf@pathmaxy=\dimen186
\pgf@xx=\dimen187
\pgf@xy=\dimen188
\pgf@yx=\dimen189
\pgf@yy=\dimen190
\pgf@zx=\dimen191
\pgf@zy=\dimen192
)
(C:\Users\yohat\AppData\Local\Programs\MiKTeX\tex/generic/pgf/basiclayer\pgfcor
epathconstruct.code.tex
File: pgfcorepathconstruct.code.tex 2023-01-15 v3.1.10 (3.1.10)
\pgf@path@lastx=\dimen193
\pgf@path@lasty=\dimen194
)
(C:\Users\yohat\AppData\Local\Programs\MiKTeX\tex/generic/pgf/basiclayer\pgfcor
epathusage.code.tex
File: pgfcorepathusage.code.tex 2023-01-15 v3.1.10 (3.1.10)
\pgf@shorten@end@additional=\dimen195
\pgf@shorten@start@additional=\dimen196
)
(C:\Users\yohat\AppData\Local\Programs\MiKTeX\tex/generic/pgf/basiclayer\pgfcor
escopes.code.tex
File: pgfcorescopes.code.tex 2023-01-15 v3.1.10 (3.1.10)
\pgfpic=\box61
\pgf@hbox=\box62
\pgf@layerbox@main=\box63
\pgf@picture@serial@count=\count291
)
(C:\Users\yohat\AppData\Local\Programs\MiKTeX\tex/generic/pgf/basiclayer\pgfcor
egraphicstate.code.tex
File: pgfcoregraphicstate.code.tex 2023-01-15 v3.1.10 (3.1.10)
\pgflinewidth=\dimen197
)
(C:\Users\yohat\AppData\Local\Programs\MiKTeX\tex/generic/pgf/basiclayer\pgfcor
etransformations.code.tex
File: pgfcoretransformations.code.tex 2023-01-15 v3.1.10 (3.1.10)
\pgf@pt@x=\dimen198
\pgf@pt@y=\dimen199
\pgf@pt@temp=\dimen256
)
(C:\Users\yohat\AppData\Local\Programs\MiKTeX\tex/generic/pgf/basiclayer\pgfcor
equick.code.tex
File: pgfcorequick.code.tex 2023-01-15 v3.1.10 (3.1.10)
)
(C:\Users\yohat\AppData\Local\Programs\MiKTeX\tex/generic/pgf/basiclayer\pgfcor
eobjects.code.tex
File: pgfcoreobjects.code.tex 2023-01-15 v3.1.10 (3.1.10)
)
(C:\Users\yohat\AppData\Local\Programs\MiKTeX\tex/generic/pgf/basiclayer\pgfcor
epathprocessing.code.tex
File: pgfcorepathprocessing.code.tex 2023-01-15 v3.1.10 (3.1.10)
)
(C:\Users\yohat\AppData\Local\Programs\MiKTeX\tex/generic/pgf/basiclayer\pgfcor
earrows.code.tex
File: pgfcorearrows.code.tex 2023-01-15 v3.1.10 (3.1.10)
\pgfarrowsep=\dimen257
)
(C:\Users\yohat\AppData\Local\Programs\MiKTeX\tex/generic/pgf/basiclayer\pgfcor
eshade.code.tex
File: pgfcoreshade.code.tex 2023-01-15 v3.1.10 (3.1.10)
\pgf@max=\dimen258
\pgf@sys@shading@range@num=\count292
\pgf@shadingcount=\count293
)
(C:\Users\yohat\AppData\Local\Programs\MiKTeX\tex/generic/pgf/basiclayer\pgfcor
eimage.code.tex
File: pgfcoreimage.code.tex 2023-01-15 v3.1.10 (3.1.10)
)
(C:\Users\yohat\AppData\Local\Programs\MiKTeX\tex/generic/pgf/basiclayer\pgfcor
eexternal.code.tex
File: pgfcoreexternal.code.tex 2023-01-15 v3.1.10 (3.1.10)
\pgfexternal@startupbox=\box64
)
(C:\Users\yohat\AppData\Local\Programs\MiKTeX\tex/generic/pgf/basiclayer\pgfcor
elayers.code.tex
File: pgfcorelayers.code.tex 2023-01-15 v3.1.10 (3.1.10)
)
(C:\Users\yohat\AppData\Local\Programs\MiKTeX\tex/generic/pgf/basiclayer\pgfcor
etransparency.code.tex
File: pgfcoretransparency.code.tex 2023-01-15 v3.1.10 (3.1.10)
)
(C:\Users\yohat\AppData\Local\Programs\MiKTeX\tex/generic/pgf/basiclayer\pgfcor
epatterns.code.tex
File: pgfcorepatterns.code.tex 2023-01-15 v3.1.10 (3.1.10)
)
(C:\Users\yohat\AppData\Local\Programs\MiKTeX\tex/generic/pgf/basiclayer\pgfcor
erdf.code.tex
File: pgfcorerdf.code.tex 2023-01-15 v3.1.10 (3.1.10)
)))
(C:\Users\yohat\AppData\Local\Programs\MiKTeX\tex/generic/pgf/modules\pgfmodule
shapes.code.tex
File: pgfmoduleshapes.code.tex 2023-01-15 v3.1.10 (3.1.10)
\pgfnodeparttextbox=\box65
)
(C:\Users\yohat\AppData\Local\Programs\MiKTeX\tex/generic/pgf/modules\pgfmodule
plot.code.tex
File: pgfmoduleplot.code.tex 2023-01-15 v3.1.10 (3.1.10)
)
(C:\Users\yohat\AppData\Local\Programs\MiKTeX\tex/latex/pgf/compatibility\pgfco
mp-version-0-65.sty
Package: pgfcomp-version-0-65 2023-01-15 v3.1.10 (3.1.10)
\pgf@nodesepstart=\dimen259
\pgf@nodesepend=\dimen260
)
(C:\Users\yohat\AppData\Local\Programs\MiKTeX\tex/latex/pgf/compatibility\pgfco
mp-version-1-18.sty
Package: pgfcomp-version-1-18 2023-01-15 v3.1.10 (3.1.10)
))
(C:\Users\yohat\AppData\Local\Programs\MiKTeX\tex/latex/pgf/utilities\pgffor.st
y
(C:\Users\yohat\AppData\Local\Programs\MiKTeX\tex/latex/pgf/utilities\pgfkeys.s
ty
(C:\Users\yohat\AppData\Local\Programs\MiKTeX\tex/generic/pgf/utilities\pgfkeys
.code.tex))
(C:\Users\yohat\AppData\Local\Programs\MiKTeX\tex/latex/pgf/math\pgfmath.sty
(C:\Users\yohat\AppData\Local\Programs\MiKTeX\tex/generic/pgf/math\pgfmath.code
.tex))
(C:\Users\yohat\AppData\Local\Programs\MiKTeX\tex/generic/pgf/utilities\pgffor.
code.tex
Package: pgffor 2023-01-15 v3.1.10 (3.1.10)
\pgffor@iter=\dimen261
\pgffor@skip=\dimen262
\pgffor@stack=\toks30
\pgffor@toks=\toks31
))
(C:\Users\yohat\AppData\Local\Programs\MiKTeX\tex/generic/pgf/frontendlayer/tik
z\tikz.code.tex
Package: tikz 2023-01-15 v3.1.10 (3.1.10)

(C:\Users\yohat\AppData\Local\Programs\MiKTeX\tex/generic/pgf/libraries\pgflibr
aryplothandlers.code.tex
File: pgflibraryplothandlers.code.tex 2023-01-15 v3.1.10 (3.1.10)
\pgf@plot@mark@count=\count294
\pgfplotmarksize=\dimen263
)
\tikz@lastx=\dimen264
\tikz@lasty=\dimen265
\tikz@lastxsaved=\dimen266
\tikz@lastysaved=\dimen267
\tikz@lastmovetox=\dimen268
\tikz@lastmovetoy=\dimen269
\tikzleveldistance=\dimen270
\tikzsiblingdistance=\dimen271
\tikz@figbox=\box66
\tikz@figbox@bg=\box67
\tikz@tempbox=\box68
\tikz@tempbox@bg=\box69
\tikztreelevel=\count295
\tikznumberofchildren=\count296
\tikznumberofcurrentchild=\count297
\tikz@fig@count=\count298

(C:\Users\yohat\AppData\Local\Programs\MiKTeX\tex/generic/pgf/modules\pgfmodule
matrix.code.tex
File: pgfmodulematrix.code.tex 2023-01-15 v3.1.10 (3.1.10)
\pgfmatrixcurrentrow=\count299
\pgfmatrixcurrentcolumn=\count300
\pgf@matrix@numberofcolumns=\count301
)
\tikz@expandcount=\count302

(C:\Users\yohat\AppData\Local\Programs\MiKTeX\tex/generic/pgf/frontendlayer/tik
z/libraries\tikzlibrarytopaths.code.tex
File: tikzlibrarytopaths.code.tex 2023-01-15 v3.1.10 (3.1.10)
)))
(C:\Users\yohat\AppData\Local\Programs\MiKTeX\tex/latex/tools\verbatim.sty
Package: verbatim 2024-01-22 v1.5x LaTeX2e package for verbatim enhancements
\every@verbatim=\toks32
\verbatim@line=\toks33
\verbatim@in@stream=\read3
)
(C:\Users\yohat\AppData\Local\Programs\MiKTeX\tex/latex/environ\environ.sty
Package: environ 2014/05/04 v0.3 A new way to define environments

(C:\Users\yohat\AppData\Local\Programs\MiKTeX\tex/latex/trimspaces\trimspaces.s
ty
Package: trimspaces 2009/09/17 v1.1 Trim spaces around a token list
)
\@envbody=\toks34
)
(C:\Users\yohat\AppData\Local\Programs\MiKTeX\tex/latex/etoolbox\etoolbox.sty
Package: etoolbox 2020/10/05 v2.5k e-TeX tools for LaTeX (JAW)
\etb@tempcnta=\count303
)
\tcb@titlebox=\box70
\tcb@upperbox=\box71
\tcb@lowerbox=\box72
\tcb@phantombox=\box73
\c@tcbbreakpart=\count304
\c@tcblayer=\count305
\c@tcolorbox@number=\count306
\l__tcobox_tmpa_box=\box74
\l__tcobox_tmpa_dim=\dimen272
\tcb@temp=\box75
\tcb@temp=\box76
\tcb@temp=\box77
\tcb@temp=\box78

(C:\Users\yohat\AppData\Local\Programs\MiKTeX\tex/latex/tcolorbox\tcbbreakable.
code.tex
Library (tcolorbox): 'tcbbreakable.code.tex' version '6.4.1'
(C:\Users\yohat\AppData\Local\Programs\MiKTeX\tex/latex/pdfcol\pdfcol.sty
Package: pdfcol 2022-09-21 v1.7 Handle new color stacks for pdfTeX (HO)

(C:\Users\yohat\AppData\Local\Programs\MiKTeX\tex/generic/ltxcmds\ltxcmds.sty
Package: ltxcmds 2023-12-04 v1.26 LaTeX kernel commands for general use (HO)
)
(C:\Users\yohat\AppData\Local\Programs\MiKTeX\tex/generic/infwarerr\infwarerr.s
ty
Package: infwarerr 2019/12/03 v1.5 Providing info/warning/error messages (HO)
) (C:\Users\yohat\AppData\Local\Programs\MiKTeX\tex/generic/iftex\iftex.sty
Package: iftex 2024/12/12 v1.0g TeX engine tests
))
Package pdfcol Info: New color stack `tcb@breakable' = 1 on input line 23.
\tcb@testbox=\box79
\tcb@totalupperbox=\box80
\tcb@totallowerbox=\box81
)
(C:\Users\yohat\AppData\Local\Programs\MiKTeX\tex/latex/tcolorbox\tcbskins.code
.tex
Library (tcolorbox): 'tcbskins.code.tex' version '6.4.1'

(C:\Users\yohat\AppData\Local\Programs\MiKTeX\tex/latex/tikzfill\tikzfill.image
.sty
Package: tikzfill.image 2023/08/08 v1.0.1 Image filling library for TikZ

(C:\Users\yohat\AppData\Local\Programs\MiKTeX\tex/latex/tikzfill\tikzfill-commo
n.sty
Package: tikzfill-common 2023/08/08 v1.0.1 Auxiliary code for tikzfill
)
(C:\Users\yohat\AppData\Local\Programs\MiKTeX\tex/latex/tikzfill\tikzlibraryfil
l.image.code.tex
File: tikzlibraryfill.image.code.tex 2023/08/08 v1.0.1 Image filling library
\l__tikzfill_img_box=\box82
))
(C:\Users\yohat\AppData\Local\Programs\MiKTeX\tex/latex/tcolorbox\tcbskinsjigsa
w.code.tex
Library (tcolorbox): 'tcbskinsjigsaw.code.tex' version '6.4.1'
))
(C:\Users\yohat\AppData\Local\Programs\MiKTeX\tex/latex/tcolorbox\tcbraster.cod
e.tex
Library (tcolorbox): 'tcbraster.code.tex' version '6.4.1'
\c@tcbrastercolumn=\count307
\c@tcbrasterrow=\count308
\c@tcbrasternum=\count309
\c@tcbraster=\count310
)
(C:\Users\yohat\AppData\Local\Programs\MiKTeX\tex/latex/tcolorbox\tcbhooks.code
.tex
Library (tcolorbox): 'tcbhooks.code.tex' version '6.4.1'
)
(C:\Users\yohat\AppData\Local\Programs\MiKTeX\tex/latex/tcolorbox\tcbtheorems.c
ode.tex
Library (tcolorbox): 'tcbtheorems.code.tex' version '6.4.1'
(C:\Users\yohat\AppData\Local\Programs\MiKTeX\tex/latex/amsmath\amsmath.sty
Package: amsmath 2024/11/05 v2.17t AMS math features
\@mathmargin=\skip59

For additional information on amsmath, use the `?' option.
(C:\Users\yohat\AppData\Local\Programs\MiKTeX\tex/latex/amsmath\amstext.sty
Package: amstext 2021/08/26 v2.01 AMS text

(C:\Users\yohat\AppData\Local\Programs\MiKTeX\tex/latex/amsmath\amsgen.sty
File: amsgen.sty 1999/11/30 v2.0 generic functions
\@emptytoks=\toks35
\ex@=\dimen273
))
(C:\Users\yohat\AppData\Local\Programs\MiKTeX\tex/latex/amsmath\amsbsy.sty
Package: amsbsy 1999/11/29 v1.2d Bold Symbols
\pmbraise@=\dimen274
)
(C:\Users\yohat\AppData\Local\Programs\MiKTeX\tex/latex/amsmath\amsopn.sty
Package: amsopn 2022/04/08 v2.04 operator names
)
\inf@bad=\count311
LaTeX Info: Redefining \frac on input line 233.
\uproot@=\count312
\leftroot@=\count313
LaTeX Info: Redefining \overline on input line 398.
LaTeX Info: Redefining \colon on input line 409.
\classnum@=\count314
\DOTSCASE@=\count315
LaTeX Info: Redefining \ldots on input line 495.
LaTeX Info: Redefining \dots on input line 498.
LaTeX Info: Redefining \cdots on input line 619.
\Mathstrutbox@=\box83
\strutbox@=\box84
LaTeX Info: Redefining \big on input line 721.
LaTeX Info: Redefining \Big on input line 722.
LaTeX Info: Redefining \bigg on input line 723.
LaTeX Info: Redefining \Bigg on input line 724.
\big@size=\dimen275
LaTeX Font Info:    Redeclaring font encoding OML on input line 742.
LaTeX Font Info:    Redeclaring font encoding OMS on input line 743.
\macc@depth=\count316
LaTeX Info: Redefining \bmod on input line 904.
LaTeX Info: Redefining \pmod on input line 909.
LaTeX Info: Redefining \smash on input line 939.
LaTeX Info: Redefining \relbar on input line 969.
LaTeX Info: Redefining \Relbar on input line 970.
\c@MaxMatrixCols=\count317
\dotsspace@=\muskip17
\c@parentequation=\count318
\dspbrk@lvl=\count319
\tag@help=\toks36
\row@=\count320
\column@=\count321
\maxfields@=\count322
\andhelp@=\toks37
\eqnshift@=\dimen276
\alignsep@=\dimen277
\tagshift@=\dimen278
\tagwidth@=\dimen279
\totwidth@=\dimen280
\lineht@=\dimen281
\@envbody=\toks38
\multlinegap=\skip60
\multlinetaggap=\skip61
\mathdisplay@stack=\toks39
LaTeX Info: Redefining \[ on input line 2953.
LaTeX Info: Redefining \] on input line 2954.
))
(C:\Users\yohat\AppData\Local\Programs\MiKTeX\tex/latex/tcolorbox\tcbfitting.co
de.tex
Library (tcolorbox): 'tcbfitting.code.tex' version '6.4.1'
\tcbfitdim=\dimen282
\tcb@lowerfitdim=\dimen283
\tcb@upperfitdim=\dimen284
\tcb@cur@hbadness=\count323
)
(C:\Users\yohat\AppData\Local\Programs\MiKTeX\tex/latex/tcolorbox\tcblistingsut
f8.code.tex
Library (tcolorbox): 'tcblistingsutf8.code.tex' version '6.4.1'

(C:\Users\yohat\AppData\Local\Programs\MiKTeX\tex/latex/tcolorbox\tcblistings.c
ode.tex
Library (tcolorbox): 'tcblistings.code.tex' version '6.4.1'
(C:\Users\yohat\AppData\Local\Programs\MiKTeX\tex/latex/listings\listings.sty
\lst@mode=\count324
\lst@gtempboxa=\box85
\lst@token=\toks40
\lst@length=\count325
\lst@currlwidth=\dimen285
\lst@column=\count326
\lst@pos=\count327
\lst@lostspace=\dimen286
\lst@width=\dimen287
\lst@newlines=\count328
\lst@lineno=\count329
\lst@maxwidth=\dimen288

(C:\Users\yohat\AppData\Local\Programs\MiKTeX\tex/latex/listings\lstpatch.sty
File: lstpatch.sty 2024/09/23 1.10c (Carsten Heinz)
)
(C:\Users\yohat\AppData\Local\Programs\MiKTeX\tex/latex/listings\lstmisc.sty
File: lstmisc.sty 2024/09/23 1.10c (Carsten Heinz)
\c@lstnumber=\count330
\lst@skipnumbers=\count331
\lst@framebox=\box86
)
(C:\Users\yohat\AppData\Local\Programs\MiKTeX\tex/latex/listings\listings.cfg
File: listings.cfg 2024/09/23 1.10c listings configuration
))
Package: listings 2024/09/23 1.10c (Carsten Heinz)

(C:\Users\yohat\AppData\Local\Programs\MiKTeX\tex/latex/tcolorbox\tcblistingsco
re.code.tex
Library (tcolorbox): 'tcblistingscore.code.tex' version '6.4.1'

(C:\Users\yohat\AppData\Local\Programs\MiKTeX\tex/latex/tcolorbox\tcbprocessing
.code.tex
Library (tcolorbox): 'tcbprocessing.code.tex' version '6.4.1'
)
\c@tcblisting=\count332
))
(C:\Users\yohat\AppData\Local\Programs\MiKTeX\tex/latex/listingsutf8\listingsut
f8.sty
Package: listingsutf8 2019-12-10 v1.5 Allow UTF-8 in listings input (HO)

(C:\Users\yohat\AppData\Local\Programs\MiKTeX\tex/generic/pdftexcmds\pdftexcmds
.sty
Package: pdftexcmds 2020-06-27 v0.33 Utility functions of pdfTeX for LuaTeX (HO
)
Package pdftexcmds Info: \pdf@primitive is available.
Package pdftexcmds Info: \pdf@ifprimitive is available.
Package pdftexcmds Info: \pdfdraftmode found.
)
(C:\Users\yohat\AppData\Local\Programs\MiKTeX\tex/generic/stringenc\stringenc.s
ty
Package: stringenc 2019/11/29 v1.12 Convert strings between diff. encodings (HO
)

(C:\Users\yohat\AppData\Local\Programs\MiKTeX\tex/generic/pdfescape\pdfescape.s
ty
Package: pdfescape 2019/12/09 v1.15 Implements pdfTeX's escape features (HO)
))))
(C:\Users\yohat\AppData\Local\Programs\MiKTeX\tex/latex/tcolorbox\tcbexternal.c
ode.tex
Library (tcolorbox): 'tcbexternal.code.tex' version '6.4.1'
)
(C:\Users\yohat\AppData\Local\Programs\MiKTeX\tex/latex/tcolorbox\tcbmagazine.c
ode.tex
Library (tcolorbox): 'tcbmagazine.code.tex' version '6.4.1'
)
(C:\Users\yohat\AppData\Local\Programs\MiKTeX\tex/latex/tcolorbox\tcbvignette.c
ode.tex
Library (tcolorbox): 'tcbvignette.code.tex' version '6.4.1'

(C:\Users\yohat\AppData\Local\Programs\MiKTeX\tex/generic/pgf/frontendlayer/tik
z/libraries\tikzlibraryfadings.code.tex
File: tikzlibraryfadings.code.tex 2023-01-15 v3.1.10 (3.1.10)

(C:\Users\yohat\AppData\Local\Programs\MiKTeX\tex/generic/pgf/libraries\pgflibr
aryfadings.code.tex
File: pgflibraryfadings.code.tex 2023-01-15 v3.1.10 (3.1.10)
)))
(C:\Users\yohat\AppData\Local\Programs\MiKTeX\tex/latex/tcolorbox\tcbposter.cod
e.tex
Library (tcolorbox): 'tcbposter.code.tex' version '6.4.1'
)) (C:\Users\yohat\AppData\Local\Programs\MiKTeX\tex/latex/tools\tabularx.sty
Package: tabularx 2023/12/11 v2.12a `tabularx' package (DPC)
\TX@col@width=\dimen289
\TX@old@table=\dimen290
\TX@old@col=\dimen291
\TX@target=\dimen292
\TX@delta=\dimen293
\TX@cols=\count333
\TX@ftn=\toks41
)
(C:\Users\yohat\AppData\Local\Programs\MiKTeX\tex/latex/colortbl\colortbl.sty
Package: colortbl 2024/07/06 v1.0i Color table columns (DPC)
\everycr=\toks42
\minrowclearance=\skip62
\rownum=\count334
)
(C:\Users\yohat\AppData\Local\Programs\MiKTeX\tex/latex/bclogo\bclogo.sty
Package: bclogo 2024/01/23 v3.15

(C:\Users\yohat\AppData\Local\Programs\MiKTeX\tex/latex/xkeyval\xkeyval.sty
Package: xkeyval 2022/06/16 v2.9 package option processing (HA)

(C:\Users\yohat\AppData\Local\Programs\MiKTeX\tex/generic/xkeyval\xkeyval.tex
(C:\Users\yohat\AppData\Local\Programs\MiKTeX\tex/generic/xkeyval\xkvutils.tex
\XKV@toks=\toks43
\XKV@tempa@toks=\toks44
)
\XKV@depth=\count335
File: xkeyval.tex 2014/12/03 v2.7a key=value parser (HA)
))
\bc@invboxh=\skip63
\bc@invboxd=\skip64
\bc@titleLength=\skip65
\logowidth=\skip66

(C:\Users\yohat\AppData\Local\Programs\MiKTeX\tex/latex/mdframed\mdframed.sty
Package: mdframed 2013/07/01 1.9b: mdframed

(C:\Users\yohat\AppData\Local\Programs\MiKTeX\tex/latex/kvoptions\kvoptions.sty
Package: kvoptions 2022-06-15 v3.15 Key value format for package options (HO)

(C:\Users\yohat\AppData\Local\Programs\MiKTeX\tex/latex/kvsetkeys\kvsetkeys.sty
Package: kvsetkeys 2022-10-05 v1.19 Key value parser (HO)
))
(C:\Users\yohat\AppData\Local\Programs\MiKTeX\tex/latex/l3packages/xparse\xpars
e.sty
(C:\Users\yohat\AppData\Local\Programs\MiKTeX\tex/latex/l3kernel\expl3.sty
Package: expl3 2024-11-02 L3 programming layer (loader) 

(C:\Users\yohat\AppData\Local\Programs\MiKTeX\tex/latex/l3backend\l3backend-pdf
tex.def
File: l3backend-pdftex.def 2024-05-08 L3 backend support: PDF output (pdfTeX)
\l__color_backend_stack_int=\count336
\l__pdf_internal_box=\box87
))
Package: xparse 2024-08-16 L3 Experimental document command parser
)
(C:\Users\yohat\AppData\Local\Programs\MiKTeX\tex/latex/zref\zref-abspage.sty
Package: zref-abspage 2023-09-14 v2.35 Module abspage for zref (HO)

(C:\Users\yohat\AppData\Local\Programs\MiKTeX\tex/latex/zref\zref-base.sty
Package: zref-base 2023-09-14 v2.35 Module base for zref (HO)

(C:\Users\yohat\AppData\Local\Programs\MiKTeX\tex/generic/kvdefinekeys\kvdefine
keys.sty
Package: kvdefinekeys 2019-12-19 v1.6 Define keys (HO)
)
(C:\Users\yohat\AppData\Local\Programs\MiKTeX\tex/generic/etexcmds\etexcmds.sty
Package: etexcmds 2019/12/15 v1.7 Avoid name clashes with e-TeX commands (HO)
) (C:\Users\yohat\AppData\Local\Programs\MiKTeX\tex/latex/auxhook\auxhook.sty
Package: auxhook 2019-12-17 v1.6 Hooks for auxiliary files (HO)
)
Package zref Info: New property list: main on input line 767.
Package zref Info: New property: default on input line 768.
Package zref Info: New property: page on input line 769.
)
\c@abspage=\count337
Package zref Info: New property: abspage on input line 67.
)
(C:\Users\yohat\AppData\Local\Programs\MiKTeX\tex/latex/needspace\needspace.sty
Package: needspace 2010/09/12 v1.3d reserve vertical space
)
\mdf@templength=\skip67
\c@mdf@globalstyle@cnt=\count338
\mdf@skipabove@length=\skip68
\mdf@skipbelow@length=\skip69
\mdf@leftmargin@length=\skip70
\mdf@rightmargin@length=\skip71
\mdf@innerleftmargin@length=\skip72
\mdf@innerrightmargin@length=\skip73
\mdf@innertopmargin@length=\skip74
\mdf@innerbottommargin@length=\skip75
\mdf@splittopskip@length=\skip76
\mdf@splitbottomskip@length=\skip77
\mdf@outermargin@length=\skip78
\mdf@innermargin@length=\skip79
\mdf@linewidth@length=\skip80
\mdf@innerlinewidth@length=\skip81
\mdf@middlelinewidth@length=\skip82
\mdf@outerlinewidth@length=\skip83
\mdf@roundcorner@length=\skip84
\mdf@footenotedistance@length=\skip85
\mdf@userdefinedwidth@length=\skip86
\mdf@needspace@length=\skip87
\mdf@frametitleaboveskip@length=\skip88
\mdf@frametitlebelowskip@length=\skip89
\mdf@frametitlerulewidth@length=\skip90
\mdf@frametitleleftmargin@length=\skip91
\mdf@frametitlerightmargin@length=\skip92
\mdf@shadowsize@length=\skip93
\mdf@extratopheight@length=\skip94
\mdf@subtitleabovelinewidth@length=\skip95
\mdf@subtitlebelowlinewidth@length=\skip96
\mdf@subtitleaboveskip@length=\skip97
\mdf@subtitlebelowskip@length=\skip98
\mdf@subtitleinneraboveskip@length=\skip99
\mdf@subtitleinnerbelowskip@length=\skip100
\mdf@subsubtitleabovelinewidth@length=\skip101
\mdf@subsubtitlebelowlinewidth@length=\skip102
\mdf@subsubtitleaboveskip@length=\skip103
\mdf@subsubtitlebelowskip@length=\skip104
\mdf@subsubtitleinneraboveskip@length=\skip105
\mdf@subsubtitleinnerbelowskip@length=\skip106

(C:\Users\yohat\AppData\Local\Programs\MiKTeX\tex/latex/mdframed\md-frame-1.mdf
File: md-frame-1.mdf 2013/07/01\ 1.9b: md-frame-1
)
\mdf@frametitlebox=\box88
\mdf@footnotebox=\box89
\mdf@splitbox@one=\box90
\mdf@splitbox@two=\box91
\mdf@splitbox@save=\box92
\mdfsplitboxwidth=\skip107
\mdfsplitboxtotalwidth=\skip108
\mdfsplitboxheight=\skip109
\mdfsplitboxdepth=\skip110
\mdfsplitboxtotalheight=\skip111
\mdfframetitleboxwidth=\skip112
\mdfframetitleboxtotalwidth=\skip113
\mdfframetitleboxheight=\skip114
\mdfframetitleboxdepth=\skip115
\mdfframetitleboxtotalheight=\skip116
\mdffootnoteboxwidth=\skip117
\mdffootnoteboxtotalwidth=\skip118
\mdffootnoteboxheight=\skip119
\mdffootnoteboxdepth=\skip120
\mdffootnoteboxtotalheight=\skip121
\mdftotallinewidth=\skip122
\mdfboundingboxwidth=\skip123
\mdfboundingboxtotalwidth=\skip124
\mdfboundingboxheight=\skip125
\mdfboundingboxdepth=\skip126
\mdfboundingboxtotalheight=\skip127
\mdf@freevspace@length=\skip128
\mdf@horizontalwidthofbox@length=\skip129
\mdf@verticalmarginwhole@length=\skip130
\mdf@horizontalspaceofbox=\skip131
\mdfsubtitleheight=\skip132
\mdfsubsubtitleheight=\skip133
\c@mdfcountframes=\count339

****** mdframed patching \endmdf@trivlist

****** -- success******

\mdf@envdepth=\count340
\c@mdf@env@i=\count341
\c@mdf@env@ii=\count342
\c@mdf@zref@counter=\count343
Package zref Info: New property: mdf@pagevalue on input line 895.
)
(C:\Users\yohat\AppData\Local\Programs\MiKTeX\tex/generic/pgf/frontendlayer/tik
z/libraries\tikzlibraryshadows.code.tex
File: tikzlibraryshadows.code.tex 2023-01-15 v3.1.10 (3.1.10)
)
(C:\Users\yohat\AppData\Local\Programs\MiKTeX\tex/generic/pgf/frontendlayer/tik
z/libraries\tikzlibrarydecorations.pathmorphing.code.tex
(C:\Users\yohat\AppData\Local\Programs\MiKTeX\tex/generic/pgf/frontendlayer/tik
z/libraries\tikzlibrarydecorations.code.tex
(C:\Users\yohat\AppData\Local\Programs\MiKTeX\tex/generic/pgf/modules\pgfmodule
decorations.code.tex
\pgfdecoratedcompleteddistance=\dimen294
\pgfdecoratedremainingdistance=\dimen295
\pgfdecoratedinputsegmentcompleteddistance=\dimen296
\pgfdecoratedinputsegmentremainingdistance=\dimen297
\pgf@decorate@distancetomove=\dimen298
\pgf@decorate@repeatstate=\count344
\pgfdecorationsegmentamplitude=\dimen299
\pgfdecorationsegmentlength=\dimen300
)
\tikz@lib@dec@box=\box93
)
(C:\Users\yohat\AppData\Local\Programs\MiKTeX\tex/generic/pgf/libraries/decorat
ions\pgflibrarydecorations.pathmorphing.code.tex))
(C:\Users\yohat\AppData\Local\Programs\MiKTeX\tex/generic/iftex\ifpdf.sty
Package: ifpdf 2019/10/25 v3.4 ifpdf legacy package. Use iftex instead.
)
\c@bclogocompteur=\count345
\bcval@epBarre=\skip134
\bcval@framesep=\skip135
\bcval@tailleOndu=\skip136
\bcval@borderWidth=\skip137
\bcval@margeG=\skip138
\bcval@margeD=\skip139
\bc@envbox=\box94
)
(C:\Users\yohat\AppData\Local\Programs\MiKTeX\tex/latex/ragged2e\ragged2e.sty
Package: ragged2e 2023/06/22 v3.6 ragged2e Package
\CenteringLeftskip=\skip140
\RaggedLeftLeftskip=\skip141
\RaggedRightLeftskip=\skip142
\CenteringRightskip=\skip143
\RaggedLeftRightskip=\skip144
\RaggedRightRightskip=\skip145
\CenteringParfillskip=\skip146
\RaggedLeftParfillskip=\skip147
\RaggedRightParfillskip=\skip148
\JustifyingParfillskip=\skip149
\CenteringParindent=\skip150
\RaggedLeftParindent=\skip151
\RaggedRightParindent=\skip152
\JustifyingParindent=\skip153
)
(C:\Users\yohat\AppData\Local\Programs\MiKTeX\tex/latex/dirtree\dirtree.sty
Package: dirtree 2012/12/11 v0.32 package wrapper for dirtree

(C:\Users\yohat\AppData\Local\Programs\MiKTeX\tex/generic/dirtree\dirtree.tex
`dirtree' v0.32, 2012/12/11 (jcc)
\DT@offset=\dimen301
\DT@width=\dimen302
\DT@sep=\dimen303
\DT@all=\dimen304
\DT@rulewidth=\dimen305
\DT@dotwidth=\dimen306
\DTbaselineskip=\dimen307
\DT@counti=\count346
\DT@countii=\count347
\DT@countiii=\count348
\DT@countiv=\count349
\DT@indent=\dimen308
\DT@parskip=\dimen309
\DT@baselineskip=\dimen310
)
File: dirtree.tex 2012/12/11 v0.32 `dirtree' (jcc)
)
(C:\Users\yohat\AppData\Local\Programs\MiKTeX\tex/latex/base\textcomp.sty
Package: textcomp 2024/04/24 v2.1b Standard LaTeX package
)
(C:\Users\yohat\AppData\Local\Programs\MiKTeX\tex/latex/hyperref\hyperref.sty
Package: hyperref 2024-11-05 v7.01l Hypertext links for LaTeX

(C:\Users\yohat\AppData\Local\Programs\MiKTeX\tex/latex/hycolor\hycolor.sty
Package: hycolor 2020-01-27 v1.10 Color options for hyperref/bookmark (HO)
)
(C:\Users\yohat\AppData\Local\Programs\MiKTeX\tex/latex/hyperref\nameref.sty
Package: nameref 2023-11-26 v2.56 Cross-referencing by name of section

(C:\Users\yohat\AppData\Local\Programs\MiKTeX\tex/latex/refcount\refcount.sty
Package: refcount 2019/12/15 v3.6 Data extraction from label references (HO)
)
(C:\Users\yohat\AppData\Local\Programs\MiKTeX\tex/generic/gettitlestring\gettit
lestring.sty
Package: gettitlestring 2019/12/15 v1.6 Cleanup title references (HO)
)
\c@section@level=\count350
)
\@linkdim=\dimen311
\Hy@linkcounter=\count351
\Hy@pagecounter=\count352

(C:\Users\yohat\AppData\Local\Programs\MiKTeX\tex/latex/hyperref\pd1enc.def
File: pd1enc.def 2024-11-05 v7.01l Hyperref: PDFDocEncoding definition (HO)
Now handling font encoding PD1 ...
... no UTF-8 mapping file for font encoding PD1
)
(C:\Users\yohat\AppData\Local\Programs\MiKTeX\tex/generic/intcalc\intcalc.sty
Package: intcalc 2019/12/15 v1.3 Expandable calculations with integers (HO)
)
\Hy@SavedSpaceFactor=\count353

(C:\Users\yohat\AppData\Local\Programs\MiKTeX\tex/latex/hyperref\puenc.def
File: puenc.def 2024-11-05 v7.01l Hyperref: PDF Unicode definition (HO)
Now handling font encoding PU ...
... no UTF-8 mapping file for font encoding PU
)
Package hyperref Info: Option `colorlinks' set `true' on input line 4040.
Package hyperref Info: Hyper figures OFF on input line 4157.
Package hyperref Info: Link nesting OFF on input line 4162.
Package hyperref Info: Hyper index ON on input line 4165.
Package hyperref Info: Plain pages OFF on input line 4172.
Package hyperref Info: Backreferencing OFF on input line 4177.
Package hyperref Info: Implicit mode ON; LaTeX internals redefined.
Package hyperref Info: Bookmarks ON on input line 4424.
\c@Hy@tempcnt=\count354

(C:\Users\yohat\AppData\Local\Programs\MiKTeX\tex/latex/url\url.sty
\Urlmuskip=\muskip18
Package: url 2013/09/16  ver 3.4  Verb mode for urls, etc.
)
LaTeX Info: Redefining \url on input line 4763.
\XeTeXLinkMargin=\dimen312

(C:\Users\yohat\AppData\Local\Programs\MiKTeX\tex/generic/bitset\bitset.sty
Package: bitset 2019/12/09 v1.3 Handle bit-vector datatype (HO)

(C:\Users\yohat\AppData\Local\Programs\MiKTeX\tex/generic/bigintcalc\bigintcalc
.sty
Package: bigintcalc 2019/12/15 v1.5 Expandable calculations on big integers (HO
)
))
\Fld@menulength=\count355
\Field@Width=\dimen313
\Fld@charsize=\dimen314
Package hyperref Info: Hyper figures OFF on input line 6042.
Package hyperref Info: Link nesting OFF on input line 6047.
Package hyperref Info: Hyper index ON on input line 6050.
Package hyperref Info: backreferencing OFF on input line 6057.
Package hyperref Info: Link coloring ON on input line 6060.
Package hyperref Info: Link coloring with OCG OFF on input line 6067.
Package hyperref Info: PDF/A mode OFF on input line 6072.

(C:\Users\yohat\AppData\Local\Programs\MiKTeX\tex/latex/base\atbegshi-ltx.sty
Package: atbegshi-ltx 2021/01/10 v1.0c Emulation of the original atbegshi
package with kernel methods
)
\Hy@abspage=\count356
\c@Item=\count357
\c@Hfootnote=\count358
)
Package hyperref Info: Driver (autodetected): hpdftex.
(C:\Users\yohat\AppData\Local\Programs\MiKTeX\tex/latex/hyperref\hpdftex.def
File: hpdftex.def 2024-11-05 v7.01l Hyperref driver for pdfTeX

(C:\Users\yohat\AppData\Local\Programs\MiKTeX\tex/latex/base\atveryend-ltx.sty
Package: atveryend-ltx 2020/08/19 v1.0a Emulation of the original atveryend pac
kage
with kernel methods
)
\HyAnn@Count=\count359
\Fld@listcount=\count360
\c@bookmark@seq@number=\count361

(C:\Users\yohat\AppData\Local\Programs\MiKTeX\tex/latex/rerunfilecheck\rerunfil
echeck.sty
Package: rerunfilecheck 2022-07-10 v1.10 Rerun checks for auxiliary files (HO)

(C:\Users\yohat\AppData\Local\Programs\MiKTeX\tex/generic/uniquecounter\uniquec
ounter.sty
Package: uniquecounter 2019/12/15 v1.4 Provide unlimited unique counter (HO)
)
Package uniquecounter Info: New unique counter `rerunfilecheck' on input line 2
85.
)
\Hy@SectionHShift=\skip154
)
(C:\Users\yohat\AppData\Local\Programs\MiKTeX\tex/latex/blindtext\blindtext.sty
Package: blindtext 2012/01/06 V2.0 blindtext-Package
(C:\Users\yohat\AppData\Local\Programs\MiKTeX\tex/latex/tools\xspace.sty
Package: xspace 2014/10/28 v1.13 Space after command names (DPC,MH)
)
\c@blindtext=\count362
\c@Blindtext=\count363
\c@blind@countparstart=\count364
\blind@countxx=\count365
\blindtext@numBlindtext=\count366
\blind@countyy=\count367
\c@blindlist=\count368
\c@blindlistlevel=\count369
\c@blindlist@level=\count370
\blind@listitem=\count371
\c@blind@listcount=\count372
\c@blind@levelcount=\count373
\blind@mathformula=\count374
\blind@Mathformula=\count375
\c@blind@randomcount=\count376
\c@blind@randommax=\count377
\c@blind@pangramcount=\count378
\c@blind@pangrammax=\count379
)
(C:\Users\yohat\AppData\Local\Programs\MiKTeX\tex/latex/base\fontenc.sty
Package: fontenc 2021/04/29 v2.0v Standard LaTeX package
LaTeX Font Info:    Trying to load font information for T1+ptm on input line 11
6.

(C:\Users\yohat\AppData\Local\Programs\MiKTeX\tex/latex/psnfss\t1ptm.fd
File: t1ptm.fd 2001/06/04 font definitions for T1/ptm.
))
(C:\Users\yohat\AppData\Local\Programs\MiKTeX\tex/latex/enumitem\enumitem.sty
Package: enumitem 2019/06/20 v3.9 Customized lists
\labelindent=\skip155
\enit@outerparindent=\dimen315
\enit@toks=\toks45
\enit@inbox=\box95
\enit@count@id=\count380
\enitdp@description=\count381
)
(CSSR4Africa_Deliverable_D3.3.aux)
\openout1 = `CSSR4Africa_Deliverable_D3.3.aux'.

LaTeX Font Info:    Checking defaults for OML/cmm/m/it on input line 64.
LaTeX Font Info:    ... okay on input line 64.
LaTeX Font Info:    Checking defaults for OMS/cmsy/m/n on input line 64.
LaTeX Font Info:    ... okay on input line 64.
LaTeX Font Info:    Checking defaults for OT1/cmr/m/n on input line 64.
LaTeX Font Info:    ... okay on input line 64.
LaTeX Font Info:    Checking defaults for T1/cmr/m/n on input line 64.
LaTeX Font Info:    ... okay on input line 64.
LaTeX Font Info:    Checking defaults for TS1/cmr/m/n on input line 64.
LaTeX Font Info:    ... okay on input line 64.
LaTeX Font Info:    Checking defaults for OMX/cmex/m/n on input line 64.
LaTeX Font Info:    ... okay on input line 64.
LaTeX Font Info:    Checking defaults for U/cmr/m/n on input line 64.
LaTeX Font Info:    ... okay on input line 64.
LaTeX Font Info:    Checking defaults for PD1/pdf/m/n on input line 64.
LaTeX Font Info:    ... okay on input line 64.
LaTeX Font Info:    Checking defaults for PU/pdf/m/n on input line 64.
LaTeX Font Info:    ... okay on input line 64.

(C:\Users\yohat\AppData\Local\Programs\MiKTeX\tex/context/base/mkii\supp-pdf.mk
ii
[Loading MPS to PDF converter (version 2006.09.02).]
\scratchcounter=\count382
\scratchdimen=\dimen316
\scratchbox=\box96
\nofMPsegments=\count383
\nofMParguments=\count384
\everyMPshowfont=\toks46
\MPscratchCnt=\count385
\MPscratchDim=\dimen317
\MPnumerator=\count386
\makeMPintoPDFobject=\count387
\everyMPtoPDFconversion=\toks47
)
(C:\Users\yohat\AppData\Local\Programs\MiKTeX\tex/latex/epstopdf-pkg\epstopdf-b
ase.sty
Package: epstopdf-base 2020-01-24 v2.11 Base part for package epstopdf
Package epstopdf-base Info: Redefining graphics rule for `.eps' on input line 4
85.

(C:\Users\yohat\AppData\Local\Programs\MiKTeX\tex/latex/00miktex\epstopdf-sys.c
fg
File: epstopdf-sys.cfg 2021/03/18 v2.0 Configuration of epstopdf for MiKTeX
))
Package caption Info: Begin \AtBeginDocument code.
Package caption Info: hyperref package is loaded.
Package caption Info: listings package is loaded.
Package caption Info: End \AtBeginDocument code.
\c@lstlisting=\count388
 (C:\Users\yohat\AppData\Local\Programs\MiKTeX\tex/latex/base\inputenc.sty
Package: inputenc 2024/02/08 v1.3d Input encoding file
\inpenc@prehook=\toks48
\inpenc@posthook=\toks49
)
Package hyperref Info: Link coloring ON on input line 64.
(CSSR4Africa_Deliverable_D3.3.out) (CSSR4Africa_Deliverable_D3.3.out)
\@outlinefile=\write5
\openout5 = `CSSR4Africa_Deliverable_D3.3.out'.


(C:\Users\yohat\AppData\Local\Programs\MiKTeX\tex/generic/epsf\epsf.tex
This is `epsf.tex' v2.7.4 <14 February 2011>
\epsffilein=\read4
\epsfframemargin=\dimen318
\epsfframethickness=\dimen319
\epsfrsize=\dimen320
\epsftmp=\dimen321
\epsftsize=\dimen322
\epsfxsize=\dimen323
\epsfysize=\dimen324
\pspoints=\dimen325
)
<CSSRforAfrica_logo_red.pdf, id=122, 487.7245pt x 117.52507pt>
File: CSSRforAfrica_logo_red.pdf Graphic file (type pdf)
<use CSSRforAfrica_logo_red.pdf>
Package pdftex.def Info: CSSRforAfrica_logo_red.pdf  used on input line 90.
(pdftex.def)             Requested size: 99.58464pt x 23.99594pt.
LaTeX Font Info:    Trying to load font information for T1+phv on input line 90
.
 (C:\Users\yohat\AppData\Local\Programs\MiKTeX\tex/latex/psnfss\t1phv.fd
File: t1phv.fd 2020/03/25 scalable font definitions for T1/phv.
)
LaTeX Font Info:    Trying to load font information for U+lasy on input line 90
.

(C:\Users\yohat\AppData\Local\Programs\MiKTeX\tex/latex/base\ulasy.fd
File: ulasy.fd 1998/08/17 v2.2e LaTeX symbol font definitions
)

[1
Non-PDF special ignored!
<special> papersize=597.50787pt,845.04684pt

{C:/Users/yohat/AppData/Local/MiKTeX/fonts/map/pdftex/pdftex.map}{C:/Users/yoha
t/AppData/Local/Programs/MiKTeX/fonts/enc/dvips/base/8r.enc} <./CSSRforAfrica_l
ogo_red.pdf>]

<CSSRforAfrica_logo_grey.pdf, id=139, 487.63818pt x 125.159pt>
File: CSSRforAfrica_logo_grey.pdf Graphic file (type pdf)
<use CSSRforAfrica_logo_grey.pdf>
Package pdftex.def Info: CSSRforAfrica_logo_grey.pdf  used on input line 99.
(pdftex.def)             Requested size: 71.13188pt x 18.25548pt.

Package xcolor Warning: Incompatible color definition on input line 99.

LaTeX Font Info:    Calculating math sizes for size <14> on input line 99.

Overfull \vbox (11.75128pt too high) has occurred while \output is active []



Package xcolor Warning: Incompatible color definition on input line 99.

[2 <./CSSRforAfrica_logo_grey.pdf>] (CSSR4Africa_Deliverable_D3.3.toc)
\tf@toc=\write6
\openout6 = `CSSR4Africa_Deliverable_D3.3.toc'.



File: CSSRforAfrica_logo_grey.pdf Graphic file (type pdf)
<use CSSRforAfrica_logo_grey.pdf>
Package pdftex.def Info: CSSRforAfrica_logo_grey.pdf  used on input line 101.
(pdftex.def)             Requested size: 71.13188pt x 18.25548pt.

Package xcolor Warning: Incompatible color definition on input line 101.


Overfull \vbox (11.75128pt too high) has occurred while \output is active []



Package xcolor Warning: Incompatible color definition on input line 101.

[3]

File: CSSRforAfrica_logo_grey.pdf Graphic file (type pdf)
<use CSSRforAfrica_logo_grey.pdf>
Package pdftex.def Info: CSSRforAfrica_logo_grey.pdf  used on input line 116.
(pdftex.def)             Requested size: 71.13188pt x 18.25548pt.

Package xcolor Warning: Incompatible color definition on input line 116.


Overfull \vbox (11.75128pt too high) has occurred while \output is active []



Package xcolor Warning: Incompatible color definition on input line 116.

[4]
<images/Pepper-Web-page.png, id=187, 1444.64719pt x 709.90219pt>
File: images/Pepper-Web-page.png Graphic file (type png)
<use images/Pepper-Web-page.png>
Package pdftex.def Info: images/Pepper-Web-page.png  used on input line 129.
(pdftex.def)             Requested size: 433.3975pt x 212.97229pt.


File: CSSRforAfrica_logo_grey.pdf Graphic file (type pdf)
<use CSSRforAfrica_logo_grey.pdf>
Package pdftex.def Info: CSSRforAfrica_logo_grey.pdf  used on input line 139.
(pdftex.def)             Requested size: 71.13188pt x 18.25548pt.

Package xcolor Warning: Incompatible color definition on input line 139.


Overfull \vbox (11.75128pt too high) has occurred while \output is active []



Package xcolor Warning: Incompatible color definition on input line 139.

[5 <./images/Pepper-Web-page.png>]
(C:\Users\yohat\AppData\Local\Programs\MiKTeX\tex/latex/listings\lstlang1.sty
File: lstlang1.sty 2024/09/23 1.10c listings language file
)
(C:\Users\yohat\AppData\Local\Programs\MiKTeX\tex/latex/listings\lstlang1.sty
File: lstlang1.sty 2024/09/23 1.10c listings language file
)
LaTeX Font Info:    Trying to load font information for T1+pcr on input line 15
6.

(C:\Users\yohat\AppData\Local\Programs\MiKTeX\tex/latex/psnfss\t1pcr.fd
File: t1pcr.fd 2001/06/04 font definitions for T1/pcr.
)
Overfull \hbox (44.76831pt too wide) in paragraph at lines 185--205
[]   [] 
 []



File: CSSRforAfrica_logo_grey.pdf Graphic file (type pdf)
<use CSSRforAfrica_logo_grey.pdf>
Package pdftex.def Info: CSSRforAfrica_logo_grey.pdf  used on input line 218.
(pdftex.def)             Requested size: 71.13188pt x 18.25548pt.

Package xcolor Warning: Incompatible color definition on input line 218.


Overfull \vbox (11.75128pt too high) has occurred while \output is active []



Package xcolor Warning: Incompatible color definition on input line 218.

[6]
LaTeX Font Info:    Trying to load font information for TS1+pcr on input line 2
22.
 (C:\Users\yohat\AppData\Local\Programs\MiKTeX\tex/latex/psnfss\ts1pcr.fd
File: ts1pcr.fd 2001/06/04 font definitions for TS1/pcr.
)
Overfull \hbox (1.67126pt too wide) in paragraph at lines 270--271
\T1/ptm/m/n/10.95 per po-si-tion, en-abling ROS to call part of the NAOqi API. 
The driver is de-pen-dent on \T1/pcr/m/n/10.95 naoqi_libqi,
 []



File: CSSRforAfrica_logo_grey.pdf Graphic file (type pdf)
<use CSSRforAfrica_logo_grey.pdf>
Package pdftex.def Info: CSSRforAfrica_logo_grey.pdf  used on input line 280.
(pdftex.def)             Requested size: 71.13188pt x 18.25548pt.

Package xcolor Warning: Incompatible color definition on input line 280.


Overfull \vbox (11.75128pt too high) has occurred while \output is active []



Package xcolor Warning: Incompatible color definition on input line 280.

[7]

File: CSSRforAfrica_logo_grey.pdf Graphic file (type pdf)
<use CSSRforAfrica_logo_grey.pdf>
Package pdftex.def Info: CSSRforAfrica_logo_grey.pdf  used on input line 321.
(pdftex.def)             Requested size: 71.13188pt x 18.25548pt.

Package xcolor Warning: Incompatible color definition on input line 321.


Overfull \vbox (11.75128pt too high) has occurred while \output is active []



Package xcolor Warning: Incompatible color definition on input line 321.

[8]

File: CSSRforAfrica_logo_grey.pdf Graphic file (type pdf)
<use CSSRforAfrica_logo_grey.pdf>
Package pdftex.def Info: CSSRforAfrica_logo_grey.pdf  used on input line 372.
(pdftex.def)             Requested size: 71.13188pt x 18.25548pt.

Package xcolor Warning: Incompatible color definition on input line 372.


Overfull \vbox (11.75128pt too high) has occurred while \output is active []



Package xcolor Warning: Incompatible color definition on input line 372.

[9]
<images/Ifconfig.png, id=346, 523.20468pt x 399.74344pt>
File: images/Ifconfig.png Graphic file (type png)
<use images/Ifconfig.png>
Package pdftex.def Info: images/Ifconfig.png  used on input line 405.
(pdftex.def)             Requested size: 340.07901pt x 259.83014pt.


File: CSSRforAfrica_logo_grey.pdf Graphic file (type pdf)
<use CSSRforAfrica_logo_grey.pdf>
Package pdftex.def Info: CSSRforAfrica_logo_grey.pdf  used on input line 412.
(pdftex.def)             Requested size: 71.13188pt x 18.25548pt.

Package xcolor Warning: Incompatible color definition on input line 412.


Overfull \vbox (11.75128pt too high) has occurred while \output is active []



Package xcolor Warning: Incompatible color definition on input line 412.

[10 <./images/Ifconfig.png>]

File: CSSRforAfrica_logo_grey.pdf Graphic file (type pdf)
<use CSSRforAfrica_logo_grey.pdf>
Package pdftex.def Info: CSSRforAfrica_logo_grey.pdf  used on input line 466.
(pdftex.def)             Requested size: 71.13188pt x 18.25548pt.

Package xcolor Warning: Incompatible color definition on input line 466.


Overfull \vbox (11.75128pt too high) has occurred while \output is active []



Package xcolor Warning: Incompatible color definition on input line 466.

[11]
<./images/gazebo-screenshot.png, id=399, 1641.13126pt x 1001.7425pt>
File: ./images/gazebo-screenshot.png Graphic file (type png)
<use ./images/gazebo-screenshot.png>
Package pdftex.def Info: ./images/gazebo-screenshot.png  used on input line 525
.
(pdftex.def)             Requested size: 410.28181pt x 250.43501pt.
LaTeX Info: Symbol \textasciigrave not provided by
            font family pcr in TS1 encoding.
            Default family used instead on input line 533.
LaTeX Info: Symbol \textasciigrave not provided by
            font family pcr in TS1 encoding.
            Default family used instead on input line 533.


File: CSSRforAfrica_logo_grey.pdf Graphic file (type pdf)
<use CSSRforAfrica_logo_grey.pdf>
Package pdftex.def Info: CSSRforAfrica_logo_grey.pdf  used on input line 538.
(pdftex.def)             Requested size: 71.13188pt x 18.25548pt.

Package xcolor Warning: Incompatible color definition on input line 538.


Overfull \vbox (11.75128pt too high) has occurred while \output is active []



Package xcolor Warning: Incompatible color definition on input line 538.

[12{C:/Users/yohat/AppData/Local/Programs/MiKTeX/fonts/enc/dvips/cm-super/cm-su
per-ts1.enc}]
<./images/rviz.png, id=436, 1028.34187pt x 565.36218pt>
File: ./images/rviz.png Graphic file (type png)
<use ./images/rviz.png>
Package pdftex.def Info: ./images/rviz.png  used on input line 543.
(pdftex.def)             Requested size: 411.32947pt x 226.14085pt.


File: CSSRforAfrica_logo_grey.pdf Graphic file (type pdf)
<use CSSRforAfrica_logo_grey.pdf>
Package pdftex.def Info: CSSRforAfrica_logo_grey.pdf  used on input line 550.
(pdftex.def)             Requested size: 71.13188pt x 18.25548pt.

Package xcolor Warning: Incompatible color definition on input line 550.


Overfull \vbox (11.75128pt too high) has occurred while \output is active []



Package xcolor Warning: Incompatible color definition on input line 550.

[13 <./images/gazebo-screenshot.png> <./images/rviz.png>]
Overfull \hbox (29.76831pt too wide) in paragraph at lines 556--576
   [] 
 []



File: CSSRforAfrica_logo_grey.pdf Graphic file (type pdf)
<use CSSRforAfrica_logo_grey.pdf>
Package pdftex.def Info: CSSRforAfrica_logo_grey.pdf  used on input line 619.
(pdftex.def)             Requested size: 71.13188pt x 18.25548pt.

Package xcolor Warning: Incompatible color definition on input line 619.


Overfull \vbox (11.75128pt too high) has occurred while \output is active []



Package xcolor Warning: Incompatible color definition on input line 619.

[14

]
Overfull \hbox (6.40115pt too wide) in paragraph at lines 636--637
\T1/ptm/m/n/10.95 Upon com-plet-ing the in-stal-la-tion above, the \T1/ptm/b/n/
10.95 src \T1/ptm/m/n/10.95 folder within the de-vel-op-ment en-vi-ron-ment's w
orkspace
 []



File: CSSRforAfrica_logo_grey.pdf Graphic file (type pdf)
<use CSSRforAfrica_logo_grey.pdf>
Package pdftex.def Info: CSSRforAfrica_logo_grey.pdf  used on input line 665.
(pdftex.def)             Requested size: 71.13188pt x 18.25548pt.

Package xcolor Warning: Incompatible color definition on input line 665.


Overfull \vbox (11.75128pt too high) has occurred while \output is active []



Package xcolor Warning: Incompatible color definition on input line 665.

[15]

File: CSSRforAfrica_logo_grey.pdf Graphic file (type pdf)
<use CSSRforAfrica_logo_grey.pdf>
Package pdftex.def Info: CSSRforAfrica_logo_grey.pdf  used on input line 717.
(pdftex.def)             Requested size: 71.13188pt x 18.25548pt.

Package xcolor Warning: Incompatible color definition on input line 717.


Overfull \vbox (11.75128pt too high) has occurred while \output is active []



Package xcolor Warning: Incompatible color definition on input line 717.

[16]

File: CSSRforAfrica_logo_grey.pdf Graphic file (type pdf)
<use CSSRforAfrica_logo_grey.pdf>
Package pdftex.def Info: CSSRforAfrica_logo_grey.pdf  used on input line 750.
(pdftex.def)             Requested size: 71.13188pt x 18.25548pt.

Package xcolor Warning: Incompatible color definition on input line 750.


Overfull \vbox (11.75128pt too high) has occurred while \output is active []



Package xcolor Warning: Incompatible color definition on input line 750.

[17]

File: CSSRforAfrica_logo_grey.pdf Graphic file (type pdf)
<use CSSRforAfrica_logo_grey.pdf>
Package pdftex.def Info: CSSRforAfrica_logo_grey.pdf  used on input line 807.
(pdftex.def)             Requested size: 71.13188pt x 18.25548pt.

Package xcolor Warning: Incompatible color definition on input line 807.


Overfull \vbox (11.75128pt too high) has occurred while \output is active []



Package xcolor Warning: Incompatible color definition on input line 807.

[18]
Overfull \hbox (2.66824pt too wide) in paragraph at lines 820--821
\T1/ptm/m/n/10.95 Before start-ing the test on the phys-i-cal robot, run the la
unch file of the \T1/pcr/m/n/10.95 pepper_interface_tests
 []


Underfull \hbox (badness 10000) in paragraph at lines 820--821

 []


Underfull \hbox (badness 10000) in paragraph at lines 827--828

 []


Overfull \hbox (15.0pt too wide) in paragraph at lines 846--848
[][] 
 []


Underfull \hbox (badness 1852) in paragraph at lines 910--911
[]\T1/ptm/m/n/10.95 The launch file can be up-dated to in-cor-po-rate de-fault 
val-ues for each pa-
 []


Underfull \hbox (badness 5817) in paragraph at lines 910--911
\T1/ptm/m/n/10.95 ram-e-ter, sim-pli-fy-ing the ini-ti-a-tion pro-cess for the 
phys-i-cal robot. To
 []


Overfull \hbox (15.0pt too wide) in paragraph at lines 911--913
[][] 
 []



File: CSSRforAfrica_logo_grey.pdf Graphic file (type pdf)
<use CSSRforAfrica_logo_grey.pdf>
Package pdftex.def Info: CSSRforAfrica_logo_grey.pdf  used on input line 915.
(pdftex.def)             Requested size: 71.13188pt x 18.25548pt.

Package xcolor Warning: Incompatible color definition on input line 915.


Overfull \vbox (11.75128pt too high) has occurred while \output is active []



Package xcolor Warning: Incompatible color definition on input line 915.

[19]
Underfull \hbox (badness 10000) in paragraph at lines 933--934

 []



File: CSSRforAfrica_logo_grey.pdf Graphic file (type pdf)
<use CSSRforAfrica_logo_grey.pdf>
Package pdftex.def Info: CSSRforAfrica_logo_grey.pdf  used on input line 934.
(pdftex.def)             Requested size: 71.13188pt x 18.25548pt.

Package xcolor Warning: Incompatible color definition on input line 934.


Overfull \vbox (11.75128pt too high) has occurred while \output is active []



Package xcolor Warning: Incompatible color definition on input line 934.

[20]

File: CSSRforAfrica_logo_grey.pdf Graphic file (type pdf)
<use CSSRforAfrica_logo_grey.pdf>
Package pdftex.def Info: CSSRforAfrica_logo_grey.pdf  used on input line 950.
(pdftex.def)             Requested size: 71.13188pt x 18.25548pt.

Package xcolor Warning: Incompatible color definition on input line 950.


Overfull \vbox (11.75128pt too high) has occurred while \output is active []



Package xcolor Warning: Incompatible color definition on input line 950.

[21] (CSSR4Africa_Deliverable_D3.3.bbl)

File: CSSRforAfrica_logo_grey.pdf Graphic file (type pdf)
<use CSSRforAfrica_logo_grey.pdf>
Package pdftex.def Info: CSSRforAfrica_logo_grey.pdf  used on input line 957.
(pdftex.def)             Requested size: 71.13188pt x 18.25548pt.

Package xcolor Warning: Incompatible color definition on input line 957.


Overfull \vbox (11.75128pt too high) has occurred while \output is active []



Package xcolor Warning: Incompatible color definition on input line 957.

[22]
Underfull \hbox (badness 10000) in paragraph at lines 963--975

 []


Underfull \hbox (badness 10000) in paragraph at lines 963--975

 []



File: CSSRforAfrica_logo_grey.pdf Graphic file (type pdf)
<use CSSRforAfrica_logo_grey.pdf>
Package pdftex.def Info: CSSRforAfrica_logo_grey.pdf  used on input line 977.
(pdftex.def)             Requested size: 71.13188pt x 18.25548pt.

Package xcolor Warning: Incompatible color definition on input line 977.


Overfull \vbox (11.75128pt too high) has occurred while \output is active []



Package xcolor Warning: Incompatible color definition on input line 977.

[23]

File: CSSRforAfrica_logo_grey.pdf Graphic file (type pdf)
<use CSSRforAfrica_logo_grey.pdf>
Package pdftex.def Info: CSSRforAfrica_logo_grey.pdf  used on input line 1025.
(pdftex.def)             Requested size: 71.13188pt x 18.25548pt.

Package xcolor Warning: Incompatible color definition on input line 1025.


Overfull \vbox (11.75128pt too high) has occurred while \output is active []



Package xcolor Warning: Incompatible color definition on input line 1025.

[24]

File: CSSRforAfrica_logo_grey.pdf Graphic file (type pdf)
<use CSSRforAfrica_logo_grey.pdf>
Package pdftex.def Info: CSSRforAfrica_logo_grey.pdf  used on input line 1070.
(pdftex.def)             Requested size: 71.13188pt x 18.25548pt.

Package xcolor Warning: Incompatible color definition on input line 1070.


Overfull \vbox (11.75128pt too high) has occurred while \output is active []



Package xcolor Warning: Incompatible color definition on input line 1070.

[25]

File: CSSRforAfrica_logo_grey.pdf Graphic file (type pdf)
<use CSSRforAfrica_logo_grey.pdf>
Package pdftex.def Info: CSSRforAfrica_logo_grey.pdf  used on input line 1095.
(pdftex.def)             Requested size: 71.13188pt x 18.25548pt.

Package xcolor Warning: Incompatible color definition on input line 1095.


Overfull \vbox (11.75128pt too high) has occurred while \output is active []



Package xcolor Warning: Incompatible color definition on input line 1095.

[26] (CSSR4Africa_Deliverable_D3.3.aux)
 ***********
LaTeX2e <2024-11-01> patch level 1
L3 programming layer <2024-11-02>
 ***********
Package rerunfilecheck Info: File `CSSR4Africa_Deliverable_D3.3.out' has not ch
anged.
(rerunfilecheck)             Checksum: CBE0F2985370735D8C1C100573CFA6EC;5215.
 )
(\end occurred inside a group at level 2)

### semi simple group (level 2) entered at line 146 (\begingroup)
### simple group (level 1) entered at line 136 ({)
### bottom level 
Here is how much of TeX's memory you used:
 32799 strings out of 473650
 662628 string characters out of 5717934
 1447213 words of memory out of 5000000
 54884 multiletter control sequences out of 15000+600000
 632842 words of font info for 124 fonts, out of 8000000 for 9000
 1141 hyphenation exceptions out of 8191
 98i,18n,107p,888b,2334s stack positions out of 10000i,1000n,20000p,200000b,200000s
<C:/Users/yohat/AppData/Local/Programs/MiKTeX/fonts/type1/publi
c/amsfonts/cm/cmmi10.pfb><C:/Users/yohat/AppData/Local/Programs/MiKTeX/fonts/ty
pe1/public/cm-super/sftt1000.pfb><C:/Users/yohat/AppData/Local/Programs/MiKTeX/
fonts/type1/urw/courier/ucrr8a.pfb><C:/Users/yohat/AppData/Local/Programs/MiKTe
X/fonts/type1/urw/helvetic/uhvb8a.pfb><C:/Users/yohat/AppData/Local/Programs/Mi
KTeX/fonts/type1/urw/helvetic/uhvr8a.pfb><C:/Users/yohat/AppData/Local/Programs
/MiKTeX/fonts/type1/urw/times/utmb8a.pfb><C:/Users/yohat/AppData/Local/Programs
/MiKTeX/fonts/type1/urw/times/utmbi8a.pfb><C:/Users/yohat/AppData/Local/Program
s/MiKTeX/fonts/type1/urw/times/utmr8a.pfb>
Output written on CSSR4Africa_Deliverable_D3.3.pdf (26 pages, 1292974 bytes).
PDF statistics:
 781 PDF objects out of 1000 (max. 8388607)
 402 named destinations out of 1000 (max. 500000)
 347 words of extra memory for PDF output out of 10000 (max. 10000000)

